-- The C compiler identification is GNU 11.4.0
-- The CXX compiler identification is GNU 11.4.0
-- Detecting C compiler ABI info
-- Detecting C compiler ABI info - done
-- Check for working C compiler: /usr/bin/cc - skipped
-- Detecting C compile features
-- Detecting C compile features - done
-- Detecting CXX compiler ABI info
-- Detecting CXX compiler ABI info - done
-- Check for working CXX compiler: /usr/bin/c++ - skipped
-- Detecting CXX compile features
-- Detecting CXX compile features - done
-- Found ament_cmake: 1.3.11 (/opt/ros/humble/share/ament_cmake/cmake)
-- Found Python3: /usr/bin/python3 (found version "3.10.12") found components: Interpreter 
-- Found geometry_msgs: 4.2.4 (/opt/ros/humble/share/geometry_msgs/cmake)
-- Found rosidl_generator_c: 3.1.6 (/opt/ros/humble/share/rosidl_generator_c/cmake)
-- Found rosidl_adapter: 3.1.6 (/opt/ros/humble/share/rosidl_adapter/cmake)
-- Found rosidl_generator_cpp: 3.1.6 (/opt/ros/humble/share/rosidl_generator_cpp/cmake)
-- Using all available rosidl_typesupport_c: rosidl_typesupport_fastrtps_c;rosidl_typesupport_introspection_c
-- Using all available rosidl_typesupport_cpp: rosidl_typesupport_fastrtps_cpp;rosidl_typesupport_introspection_cpp
-- Found rosidl_default_generators: 1.2.0 (/opt/ros/humble/share/rosidl_default_generators/cmake)
-- Found ament_cmake_ros: 0.10.0 (/opt/ros/humble/share/ament_cmake_ros/cmake)
-- Using all available rosidl_typesupport_c: rosidl_typesupport_fastrtps_c;rosidl_typesupport_introspection_c
-- Using all available rosidl_typesupport_cpp: rosidl_typesupport_fastrtps_cpp;rosidl_typesupport_introspection_cpp
-- Found PythonInterp: /usr/bin/python3 (found suitable version "3.10.12", minimum required is "3.6") 
-- Found python_cmake_module: 0.10.0 (/opt/ros/humble/share/python_cmake_module/cmake)
-- Found PythonLibs: /usr/lib/x86_64-linux-gnu/libpython3.10.so (found suitable version "3.10.12", minimum required is "3.5") 
-- Using PYTHON_EXECUTABLE: /usr/bin/python3
-- Using PYTHON_INCLUDE_DIRS: /usr/include/python3.10
-- Using PYTHON_LIBRARIES: /usr/lib/x86_64-linux-gnu/libpython3.10.so
-- Found PythonExtra: .so  
-- Found ament_lint_auto: 0.12.11 (/opt/ros/humble/share/ament_lint_auto/cmake)
-- Added test 'lint_cmake' to check CMake code style
-- Added test 'xmllint' to check XML markup files
-- Configuring done
-- Generating done
-- Build files have been written to: /home/matt/Documents/GitHub/Rover-Unity/ros2_ws/build/custom_msg
[  2%] [34m[1mGenerating C code for ROS interfaces[0m
[  4%] [34m[1mGenerating C++ code for ROS interfaces[0m
[  4%] Built target ament_cmake_python_copy_custom_msg
running egg_info
creating custom_msg.egg-info
writing custom_msg.egg-info/PKG-INFO
writing dependency_links to custom_msg.egg-info/dependency_links.txt
writing top-level names to custom_msg.egg-info/top_level.txt
writing manifest file 'custom_msg.egg-info/SOURCES.txt'
reading manifest file 'custom_msg.egg-info/SOURCES.txt'
writing manifest file 'custom_msg.egg-info/SOURCES.txt'
[  4%] Built target ament_cmake_python_build_custom_msg_egg
[  8%] [32mBuilding C object CMakeFiles/custom_msg__rosidl_generator_c.dir/rosidl_generator_c/custom_msg/srv/detail/add_three_ints__functions.c.o[0m
[  8%] [32mBuilding C object CMakeFiles/custom_msg__rosidl_generator_c.dir/rosidl_generator_c/custom_msg/msg/detail/sphere__functions.c.o[0m
[  8%] Built target custom_msg__cpp
[ 10%] [32mBuilding C object CMakeFiles/custom_msg__rosidl_generator_c.dir/rosidl_generator_c/custom_msg/msg/detail/num__functions.c.o[0m
[ 14%] [34m[1mGenerating C++ type support dispatch for ROS interfaces[0m
[ 14%] [34m[1mGenerating C++ introspection for ROS interfaces[0m
[ 17%] [34m[1mGenerating C++ type support for eProsima Fast-RTPS[0m
[ 19%] [32m[1mLinking C shared library libcustom_msg__rosidl_generator_c.so[0m
[ 19%] Built target custom_msg__rosidl_generator_c
[ 21%] [34m[1mGenerating C type support for eProsima Fast-RTPS[0m
[ 23%] [34m[1mGenerating C introspection for ROS interfaces[0m
[ 25%] [34m[1mGenerating C type support dispatch for ROS interfaces[0m
[ 27%] [32mBuilding CXX object CMakeFiles/custom_msg__rosidl_typesupport_cpp.dir/rosidl_typesupport_cpp/custom_msg/srv/add_three_ints__type_support.cpp.o[0m
[ 31%] [32mBuilding CXX object CMakeFiles/custom_msg__rosidl_typesupport_cpp.dir/rosidl_typesupport_cpp/custom_msg/msg/num__type_support.cpp.o[0m
[ 31%] [32mBuilding CXX object CMakeFiles/custom_msg__rosidl_typesupport_cpp.dir/rosidl_typesupport_cpp/custom_msg/msg/sphere__type_support.cpp.o[0m
[ 34%] [32mBuilding CXX object CMakeFiles/custom_msg__rosidl_typesupport_introspection_cpp.dir/rosidl_typesupport_introspection_cpp/custom_msg/srv/detail/add_three_ints__type_support.cpp.o[0m
[ 36%] [32mBuilding CXX object CMakeFiles/custom_msg__rosidl_typesupport_introspection_cpp.dir/rosidl_typesupport_introspection_cpp/custom_msg/msg/detail/num__type_support.cpp.o[0m
[ 38%] [32mBuilding CXX object CMakeFiles/custom_msg__rosidl_typesupport_introspection_cpp.dir/rosidl_typesupport_introspection_cpp/custom_msg/msg/detail/sphere__type_support.cpp.o[0m
[ 40%] [32mBuilding CXX object CMakeFiles/custom_msg__rosidl_typesupport_fastrtps_cpp.dir/rosidl_typesupport_fastrtps_cpp/custom_msg/msg/detail/dds_fastrtps/sphere__type_support.cpp.o[0m
[ 42%] [32mBuilding CXX object CMakeFiles/custom_msg__rosidl_typesupport_fastrtps_cpp.dir/rosidl_typesupport_fastrtps_cpp/custom_msg/srv/detail/dds_fastrtps/add_three_ints__type_support.cpp.o[0m
[ 44%] [32mBuilding CXX object CMakeFiles/custom_msg__rosidl_typesupport_fastrtps_cpp.dir/rosidl_typesupport_fastrtps_cpp/custom_msg/msg/detail/dds_fastrtps/num__type_support.cpp.o[0m
[ 46%] [32mBuilding CXX object CMakeFiles/custom_msg__rosidl_typesupport_c.dir/rosidl_typesupport_c/custom_msg/msg/num__type_support.cpp.o[0m
[ 51%] [32mBuilding CXX object CMakeFiles/custom_msg__rosidl_typesupport_c.dir/rosidl_typesupport_c/custom_msg/srv/add_three_ints__type_support.cpp.o[0m
[ 51%] [32mBuilding CXX object CMakeFiles/custom_msg__rosidl_typesupport_c.dir/rosidl_typesupport_c/custom_msg/msg/sphere__type_support.cpp.o[0m
[ 53%] [32m[1mLinking CXX shared library libcustom_msg__rosidl_typesupport_c.so[0m
[ 55%] [32mBuilding C object CMakeFiles/custom_msg__rosidl_typesupport_introspection_c.dir/rosidl_typesupport_introspection_c/custom_msg/msg/detail/num__type_support.c.o[0m
[ 57%] [32mBuilding C object CMakeFiles/custom_msg__rosidl_typesupport_introspection_c.dir/rosidl_typesupport_introspection_c/custom_msg/msg/detail/sphere__type_support.c.o[0m
[ 59%] [32mBuilding C object CMakeFiles/custom_msg__rosidl_typesupport_introspection_c.dir/rosidl_typesupport_introspection_c/custom_msg/srv/detail/add_three_ints__type_support.c.o[0m
[ 63%] [32mBuilding CXX object CMakeFiles/custom_msg__rosidl_typesupport_fastrtps_c.dir/rosidl_typesupport_fastrtps_c/custom_msg/msg/detail/sphere__type_support_c.cpp.o[0m
[ 63%] [32mBuilding CXX object CMakeFiles/custom_msg__rosidl_typesupport_fastrtps_c.dir/rosidl_typesupport_fastrtps_c/custom_msg/srv/detail/add_three_ints__type_support_c.cpp.o[0m
[ 65%] [32mBuilding CXX object CMakeFiles/custom_msg__rosidl_typesupport_fastrtps_c.dir/rosidl_typesupport_fastrtps_c/custom_msg/msg/detail/num__type_support_c.cpp.o[0m
[ 65%] Built target custom_msg__rosidl_typesupport_c
[ 68%] [32m[1mLinking C shared library libcustom_msg__rosidl_typesupport_introspection_c.so[0m
[ 68%] Built target custom_msg__rosidl_typesupport_introspection_c
[ 70%] [32m[1mLinking CXX shared library libcustom_msg__rosidl_typesupport_cpp.so[0m
[ 72%] [32m[1mLinking CXX shared library libcustom_msg__rosidl_typesupport_introspection_cpp.so[0m
[ 72%] Built target custom_msg__rosidl_typesupport_cpp
[ 72%] Built target custom_msg__rosidl_typesupport_introspection_cpp
[ 74%] [32m[1mLinking CXX shared library libcustom_msg__rosidl_typesupport_fastrtps_c.so[0m
[ 76%] [32m[1mLinking CXX shared library libcustom_msg__rosidl_typesupport_fastrtps_cpp.so[0m
[ 76%] Built target custom_msg__rosidl_typesupport_fastrtps_c
[ 76%] Built target custom_msg__rosidl_typesupport_fastrtps_cpp
[ 76%] Built target custom_msg
[ 78%] [34m[1mGenerating Python code for ROS interfaces[0m
[ 78%] Built target custom_msg__py
[ 82%] [32mBuilding C object CMakeFiles/custom_msg__rosidl_generator_py.dir/rosidl_generator_py/custom_msg/msg/_sphere_s.c.o[0m
[ 82%] [32mBuilding C object CMakeFiles/custom_msg__rosidl_generator_py.dir/rosidl_generator_py/custom_msg/srv/_add_three_ints_s.c.o[0m
[ 85%] [32mBuilding C object CMakeFiles/custom_msg__rosidl_generator_py.dir/rosidl_generator_py/custom_msg/msg/_num_s.c.o[0m
[ 87%] [32m[1mLinking C shared library rosidl_generator_py/custom_msg/libcustom_msg__rosidl_generator_py.so[0m
[ 87%] Built target custom_msg__rosidl_generator_py
[ 89%] [32mBuilding C object CMakeFiles/custom_msg__rosidl_typesupport_fastrtps_c__pyext.dir/rosidl_generator_py/custom_msg/_custom_msg_s.ep.rosidl_typesupport_fastrtps_c.c.o[0m
[ 91%] [32mBuilding C object CMakeFiles/custom_msg__rosidl_typesupport_c__pyext.dir/rosidl_generator_py/custom_msg/_custom_msg_s.ep.rosidl_typesupport_c.c.o[0m
[ 93%] [32mBuilding C object CMakeFiles/custom_msg__rosidl_typesupport_introspection_c__pyext.dir/rosidl_generator_py/custom_msg/_custom_msg_s.ep.rosidl_typesupport_introspection_c.c.o[0m
[ 95%] [32m[1mLinking C shared library rosidl_generator_py/custom_msg/custom_msg_s__rosidl_typesupport_fastrtps_c.cpython-310-x86_64-linux-gnu.so[0m
[ 97%] [32m[1mLinking C shared library rosidl_generator_py/custom_msg/custom_msg_s__rosidl_typesupport_c.cpython-310-x86_64-linux-gnu.so[0m
[100%] [32m[1mLinking C shared library rosidl_generator_py/custom_msg/custom_msg_s__rosidl_typesupport_introspection_c.cpython-310-x86_64-linux-gnu.so[0m
[100%] Built target custom_msg__rosidl_typesupport_c__pyext
[100%] Built target custom_msg__rosidl_typesupport_fastrtps_c__pyext
[100%] Built target custom_msg__rosidl_typesupport_introspection_c__pyext
-- Install configuration: ""
-- Installing: /home/matt/Documents/GitHub/Rover-Unity/ros2_ws/install/custom_msg/share/ament_index/resource_index/rosidl_interfaces/custom_msg
-- Installing: /home/matt/Documents/GitHub/Rover-Unity/ros2_ws/install/custom_msg/include/custom_msg/custom_msg
-- Installing: /home/matt/Documents/GitHub/Rover-Unity/ros2_ws/install/custom_msg/include/custom_msg/custom_msg/srv
-- Installing: /home/matt/Documents/GitHub/Rover-Unity/ros2_ws/install/custom_msg/include/custom_msg/custom_msg/srv/detail
-- Installing: /home/matt/Documents/GitHub/Rover-Unity/ros2_ws/install/custom_msg/include/custom_msg/custom_msg/srv/detail/add_three_ints__functions.h
-- Installing: /home/matt/Documents/GitHub/Rover-Unity/ros2_ws/install/custom_msg/include/custom_msg/custom_msg/srv/detail/add_three_ints__type_support.h
-- Installing: /home/matt/Documents/GitHub/Rover-Unity/ros2_ws/install/custom_msg/include/custom_msg/custom_msg/srv/detail/add_three_ints__struct.h
-- Installing: /home/matt/Documents/GitHub/Rover-Unity/ros2_ws/install/custom_msg/include/custom_msg/custom_msg/srv/detail/add_three_ints__functions.c
-- Installing: /home/matt/Documents/GitHub/Rover-Unity/ros2_ws/install/custom_msg/include/custom_msg/custom_msg/srv/add_three_ints.h
-- Installing: /home/matt/Documents/GitHub/Rover-Unity/ros2_ws/install/custom_msg/include/custom_msg/custom_msg/msg
-- Installing: /home/matt/Documents/GitHub/Rover-Unity/ros2_ws/install/custom_msg/include/custom_msg/custom_msg/msg/rosidl_generator_c__visibility_control.h
-- Installing: /home/matt/Documents/GitHub/Rover-Unity/ros2_ws/install/custom_msg/include/custom_msg/custom_msg/msg/detail
-- Installing: /home/matt/Documents/GitHub/Rover-Unity/ros2_ws/install/custom_msg/include/custom_msg/custom_msg/msg/detail/num__functions.h
-- Installing: /home/matt/Documents/GitHub/Rover-Unity/ros2_ws/install/custom_msg/include/custom_msg/custom_msg/msg/detail/sphere__struct.h
-- Installing: /home/matt/Documents/GitHub/Rover-Unity/ros2_ws/install/custom_msg/include/custom_msg/custom_msg/msg/detail/sphere__type_support.h
-- Installing: /home/matt/Documents/GitHub/Rover-Unity/ros2_ws/install/custom_msg/include/custom_msg/custom_msg/msg/detail/num__struct.h
-- Installing: /home/matt/Documents/GitHub/Rover-Unity/ros2_ws/install/custom_msg/include/custom_msg/custom_msg/msg/detail/num__type_support.h
-- Installing: /home/matt/Documents/GitHub/Rover-Unity/ros2_ws/install/custom_msg/include/custom_msg/custom_msg/msg/detail/num__functions.c
-- Installing: /home/matt/Documents/GitHub/Rover-Unity/ros2_ws/install/custom_msg/include/custom_msg/custom_msg/msg/detail/sphere__functions.h
-- Installing: /home/matt/Documents/GitHub/Rover-Unity/ros2_ws/install/custom_msg/include/custom_msg/custom_msg/msg/detail/sphere__functions.c
-- Installing: /home/matt/Documents/GitHub/Rover-Unity/ros2_ws/install/custom_msg/include/custom_msg/custom_msg/msg/sphere.h
-- Installing: /home/matt/Documents/GitHub/Rover-Unity/ros2_ws/install/custom_msg/include/custom_msg/custom_msg/msg/num.h
-- Installing: /home/matt/Documents/GitHub/Rover-Unity/ros2_ws/install/custom_msg/share/custom_msg/environment/library_path.sh
-- Installing: /home/matt/Documents/GitHub/Rover-Unity/ros2_ws/install/custom_msg/share/custom_msg/environment/library_path.dsv
-- Installing: /home/matt/Documents/GitHub/Rover-Unity/ros2_ws/install/custom_msg/lib/libcustom_msg__rosidl_generator_c.so
-- Set runtime path of "/home/matt/Documents/GitHub/Rover-Unity/ros2_ws/install/custom_msg/lib/libcustom_msg__rosidl_generator_c.so" to ""
-- Up-to-date: /home/matt/Documents/GitHub/Rover-Unity/ros2_ws/install/custom_msg/include/custom_msg/custom_msg
-- Up-to-date: /home/matt/Documents/GitHub/Rover-Unity/ros2_ws/install/custom_msg/include/custom_msg/custom_msg/srv
-- Up-to-date: /home/matt/Documents/GitHub/Rover-Unity/ros2_ws/install/custom_msg/include/custom_msg/custom_msg/srv/detail
-- Installing: /home/matt/Documents/GitHub/Rover-Unity/ros2_ws/install/custom_msg/include/custom_msg/custom_msg/srv/detail/add_three_ints__rosidl_typesupport_fastrtps_c.h
-- Up-to-date: /home/matt/Documents/GitHub/Rover-Unity/ros2_ws/install/custom_msg/include/custom_msg/custom_msg/msg
-- Up-to-date: /home/matt/Documents/GitHub/Rover-Unity/ros2_ws/install/custom_msg/include/custom_msg/custom_msg/msg/detail
-- Installing: /home/matt/Documents/GitHub/Rover-Unity/ros2_ws/install/custom_msg/include/custom_msg/custom_msg/msg/detail/sphere__rosidl_typesupport_fastrtps_c.h
-- Installing: /home/matt/Documents/GitHub/Rover-Unity/ros2_ws/install/custom_msg/include/custom_msg/custom_msg/msg/detail/num__rosidl_typesupport_fastrtps_c.h
-- Installing: /home/matt/Documents/GitHub/Rover-Unity/ros2_ws/install/custom_msg/include/custom_msg/custom_msg/msg/rosidl_typesupport_fastrtps_c__visibility_control.h
-- Installing: /home/matt/Documents/GitHub/Rover-Unity/ros2_ws/install/custom_msg/lib/libcustom_msg__rosidl_typesupport_fastrtps_c.so
-- Set runtime path of "/home/matt/Documents/GitHub/Rover-Unity/ros2_ws/install/custom_msg/lib/libcustom_msg__rosidl_typesupport_fastrtps_c.so" to ""
-- Up-to-date: /home/matt/Documents/GitHub/Rover-Unity/ros2_ws/install/custom_msg/include/custom_msg/custom_msg
-- Up-to-date: /home/matt/Documents/GitHub/Rover-Unity/ros2_ws/install/custom_msg/include/custom_msg/custom_msg/srv
-- Up-to-date: /home/matt/Documents/GitHub/Rover-Unity/ros2_ws/install/custom_msg/include/custom_msg/custom_msg/srv/detail
-- Installing: /home/matt/Documents/GitHub/Rover-Unity/ros2_ws/install/custom_msg/include/custom_msg/custom_msg/srv/detail/add_three_ints__struct.hpp
-- Installing: /home/matt/Documents/GitHub/Rover-Unity/ros2_ws/install/custom_msg/include/custom_msg/custom_msg/srv/detail/add_three_ints__type_support.hpp
-- Installing: /home/matt/Documents/GitHub/Rover-Unity/ros2_ws/install/custom_msg/include/custom_msg/custom_msg/srv/detail/add_three_ints__traits.hpp
-- Installing: /home/matt/Documents/GitHub/Rover-Unity/ros2_ws/install/custom_msg/include/custom_msg/custom_msg/srv/detail/add_three_ints__builder.hpp
-- Installing: /home/matt/Documents/GitHub/Rover-Unity/ros2_ws/install/custom_msg/include/custom_msg/custom_msg/srv/add_three_ints.hpp
-- Up-to-date: /home/matt/Documents/GitHub/Rover-Unity/ros2_ws/install/custom_msg/include/custom_msg/custom_msg/msg
-- Installing: /home/matt/Documents/GitHub/Rover-Unity/ros2_ws/install/custom_msg/include/custom_msg/custom_msg/msg/num.hpp
-- Installing: /home/matt/Documents/GitHub/Rover-Unity/ros2_ws/install/custom_msg/include/custom_msg/custom_msg/msg/sphere.hpp
-- Up-to-date: /home/matt/Documents/GitHub/Rover-Unity/ros2_ws/install/custom_msg/include/custom_msg/custom_msg/msg/detail
-- Installing: /home/matt/Documents/GitHub/Rover-Unity/ros2_ws/install/custom_msg/include/custom_msg/custom_msg/msg/detail/sphere__traits.hpp
-- Installing: /home/matt/Documents/GitHub/Rover-Unity/ros2_ws/install/custom_msg/include/custom_msg/custom_msg/msg/detail/num__struct.hpp
-- Installing: /home/matt/Documents/GitHub/Rover-Unity/ros2_ws/install/custom_msg/include/custom_msg/custom_msg/msg/detail/num__builder.hpp
-- Installing: /home/matt/Documents/GitHub/Rover-Unity/ros2_ws/install/custom_msg/include/custom_msg/custom_msg/msg/detail/sphere__type_support.hpp
-- Installing: /home/matt/Documents/GitHub/Rover-Unity/ros2_ws/install/custom_msg/include/custom_msg/custom_msg/msg/detail/sphere__struct.hpp
-- Installing: /home/matt/Documents/GitHub/Rover-Unity/ros2_ws/install/custom_msg/include/custom_msg/custom_msg/msg/detail/sphere__builder.hpp
-- Installing: /home/matt/Documents/GitHub/Rover-Unity/ros2_ws/install/custom_msg/include/custom_msg/custom_msg/msg/detail/num__type_support.hpp
-- Installing: /home/matt/Documents/GitHub/Rover-Unity/ros2_ws/install/custom_msg/include/custom_msg/custom_msg/msg/detail/num__traits.hpp
-- Installing: /home/matt/Documents/GitHub/Rover-Unity/ros2_ws/install/custom_msg/include/custom_msg/custom_msg/msg/rosidl_generator_cpp__visibility_control.hpp
-- Up-to-date: /home/matt/Documents/GitHub/Rover-Unity/ros2_ws/install/custom_msg/include/custom_msg/custom_msg
-- Up-to-date: /home/matt/Documents/GitHub/Rover-Unity/ros2_ws/install/custom_msg/include/custom_msg/custom_msg/srv
-- Up-to-date: /home/matt/Documents/GitHub/Rover-Unity/ros2_ws/install/custom_msg/include/custom_msg/custom_msg/srv/detail
-- Installing: /home/matt/Documents/GitHub/Rover-Unity/ros2_ws/install/custom_msg/include/custom_msg/custom_msg/srv/detail/add_three_ints__rosidl_typesupport_fastrtps_cpp.hpp
-- Installing: /home/matt/Documents/GitHub/Rover-Unity/ros2_ws/install/custom_msg/include/custom_msg/custom_msg/srv/detail/dds_fastrtps
-- Up-to-date: /home/matt/Documents/GitHub/Rover-Unity/ros2_ws/install/custom_msg/include/custom_msg/custom_msg/msg
-- Installing: /home/matt/Documents/GitHub/Rover-Unity/ros2_ws/install/custom_msg/include/custom_msg/custom_msg/msg/rosidl_typesupport_fastrtps_cpp__visibility_control.h
-- Up-to-date: /home/matt/Documents/GitHub/Rover-Unity/ros2_ws/install/custom_msg/include/custom_msg/custom_msg/msg/detail
-- Installing: /home/matt/Documents/GitHub/Rover-Unity/ros2_ws/install/custom_msg/include/custom_msg/custom_msg/msg/detail/num__rosidl_typesupport_fastrtps_cpp.hpp
-- Installing: /home/matt/Documents/GitHub/Rover-Unity/ros2_ws/install/custom_msg/include/custom_msg/custom_msg/msg/detail/dds_fastrtps
-- Installing: /home/matt/Documents/GitHub/Rover-Unity/ros2_ws/install/custom_msg/include/custom_msg/custom_msg/msg/detail/sphere__rosidl_typesupport_fastrtps_cpp.hpp
-- Installing: /home/matt/Documents/GitHub/Rover-Unity/ros2_ws/install/custom_msg/lib/libcustom_msg__rosidl_typesupport_fastrtps_cpp.so
-- Set runtime path of "/home/matt/Documents/GitHub/Rover-Unity/ros2_ws/install/custom_msg/lib/libcustom_msg__rosidl_typesupport_fastrtps_cpp.so" to ""
-- Up-to-date: /home/matt/Documents/GitHub/Rover-Unity/ros2_ws/install/custom_msg/include/custom_msg/custom_msg
-- Up-to-date: /home/matt/Documents/GitHub/Rover-Unity/ros2_ws/install/custom_msg/include/custom_msg/custom_msg/srv
-- Up-to-date: /home/matt/Documents/GitHub/Rover-Unity/ros2_ws/install/custom_msg/include/custom_msg/custom_msg/srv/detail
-- Installing: /home/matt/Documents/GitHub/Rover-Unity/ros2_ws/install/custom_msg/include/custom_msg/custom_msg/srv/detail/add_three_ints__type_support.c
-- Installing: /home/matt/Documents/GitHub/Rover-Unity/ros2_ws/install/custom_msg/include/custom_msg/custom_msg/srv/detail/add_three_ints__rosidl_typesupport_introspection_c.h
-- Up-to-date: /home/matt/Documents/GitHub/Rover-Unity/ros2_ws/install/custom_msg/include/custom_msg/custom_msg/msg
-- Up-to-date: /home/matt/Documents/GitHub/Rover-Unity/ros2_ws/install/custom_msg/include/custom_msg/custom_msg/msg/detail
-- Installing: /home/matt/Documents/GitHub/Rover-Unity/ros2_ws/install/custom_msg/include/custom_msg/custom_msg/msg/detail/num__type_support.c
-- Installing: /home/matt/Documents/GitHub/Rover-Unity/ros2_ws/install/custom_msg/include/custom_msg/custom_msg/msg/detail/sphere__rosidl_typesupport_introspection_c.h
-- Installing: /home/matt/Documents/GitHub/Rover-Unity/ros2_ws/install/custom_msg/include/custom_msg/custom_msg/msg/detail/sphere__type_support.c
-- Installing: /home/matt/Documents/GitHub/Rover-Unity/ros2_ws/install/custom_msg/include/custom_msg/custom_msg/msg/detail/num__rosidl_typesupport_introspection_c.h
-- Installing: /home/matt/Documents/GitHub/Rover-Unity/ros2_ws/install/custom_msg/include/custom_msg/custom_msg/msg/rosidl_typesupport_introspection_c__visibility_control.h
-- Installing: /home/matt/Documents/GitHub/Rover-Unity/ros2_ws/install/custom_msg/lib/libcustom_msg__rosidl_typesupport_introspection_c.so
-- Set runtime path of "/home/matt/Documents/GitHub/Rover-Unity/ros2_ws/install/custom_msg/lib/libcustom_msg__rosidl_typesupport_introspection_c.so" to ""
-- Installing: /home/matt/Documents/GitHub/Rover-Unity/ros2_ws/install/custom_msg/lib/libcustom_msg__rosidl_typesupport_c.so
-- Set runtime path of "/home/matt/Documents/GitHub/Rover-Unity/ros2_ws/install/custom_msg/lib/libcustom_msg__rosidl_typesupport_c.so" to ""
-- Up-to-date: /home/matt/Documents/GitHub/Rover-Unity/ros2_ws/install/custom_msg/include/custom_msg/custom_msg
-- Up-to-date: /home/matt/Documents/GitHub/Rover-Unity/ros2_ws/install/custom_msg/include/custom_msg/custom_msg/srv
-- Up-to-date: /home/matt/Documents/GitHub/Rover-Unity/ros2_ws/install/custom_msg/include/custom_msg/custom_msg/srv/detail
-- Installing: /home/matt/Documents/GitHub/Rover-Unity/ros2_ws/install/custom_msg/include/custom_msg/custom_msg/srv/detail/add_three_ints__rosidl_typesupport_introspection_cpp.hpp
-- Installing: /home/matt/Documents/GitHub/Rover-Unity/ros2_ws/install/custom_msg/include/custom_msg/custom_msg/srv/detail/add_three_ints__type_support.cpp
-- Up-to-date: /home/matt/Documents/GitHub/Rover-Unity/ros2_ws/install/custom_msg/include/custom_msg/custom_msg/msg
-- Up-to-date: /home/matt/Documents/GitHub/Rover-Unity/ros2_ws/install/custom_msg/include/custom_msg/custom_msg/msg/detail
-- Installing: /home/matt/Documents/GitHub/Rover-Unity/ros2_ws/install/custom_msg/include/custom_msg/custom_msg/msg/detail/num__rosidl_typesupport_introspection_cpp.hpp
-- Installing: /home/matt/Documents/GitHub/Rover-Unity/ros2_ws/install/custom_msg/include/custom_msg/custom_msg/msg/detail/sphere__type_support.cpp
-- Installing: /home/matt/Documents/GitHub/Rover-Unity/ros2_ws/install/custom_msg/include/custom_msg/custom_msg/msg/detail/num__type_support.cpp
-- Installing: /home/matt/Documents/GitHub/Rover-Unity/ros2_ws/install/custom_msg/include/custom_msg/custom_msg/msg/detail/sphere__rosidl_typesupport_introspection_cpp.hpp
-- Installing: /home/matt/Documents/GitHub/Rover-Unity/ros2_ws/install/custom_msg/lib/libcustom_msg__rosidl_typesupport_introspection_cpp.so
-- Set runtime path of "/home/matt/Documents/GitHub/Rover-Unity/ros2_ws/install/custom_msg/lib/libcustom_msg__rosidl_typesupport_introspection_cpp.so" to ""
-- Installing: /home/matt/Documents/GitHub/Rover-Unity/ros2_ws/install/custom_msg/lib/libcustom_msg__rosidl_typesupport_cpp.so
-- Set runtime path of "/home/matt/Documents/GitHub/Rover-Unity/ros2_ws/install/custom_msg/lib/libcustom_msg__rosidl_typesupport_cpp.so" to ""
-- Installing: /home/matt/Documents/GitHub/Rover-Unity/ros2_ws/install/custom_msg/share/custom_msg/environment/pythonpath.sh
-- Installing: /home/matt/Documents/GitHub/Rover-Unity/ros2_ws/install/custom_msg/share/custom_msg/environment/pythonpath.dsv
-- Installing: /home/matt/Documents/GitHub/Rover-Unity/ros2_ws/install/custom_msg/local/lib/python3.10/dist-packages/custom_msg-0.0.0-py3.10.egg-info
-- Installing: /home/matt/Documents/GitHub/Rover-Unity/ros2_ws/install/custom_msg/local/lib/python3.10/dist-packages/custom_msg-0.0.0-py3.10.egg-info/top_level.txt
-- Installing: /home/matt/Documents/GitHub/Rover-Unity/ros2_ws/install/custom_msg/local/lib/python3.10/dist-packages/custom_msg-0.0.0-py3.10.egg-info/PKG-INFO
-- Installing: /home/matt/Documents/GitHub/Rover-Unity/ros2_ws/install/custom_msg/local/lib/python3.10/dist-packages/custom_msg-0.0.0-py3.10.egg-info/SOURCES.txt
-- Installing: /home/matt/Documents/GitHub/Rover-Unity/ros2_ws/install/custom_msg/local/lib/python3.10/dist-packages/custom_msg-0.0.0-py3.10.egg-info/dependency_links.txt
-- Installing: /home/matt/Documents/GitHub/Rover-Unity/ros2_ws/install/custom_msg/local/lib/python3.10/dist-packages/custom_msg
-- Installing: /home/matt/Documents/GitHub/Rover-Unity/ros2_ws/install/custom_msg/local/lib/python3.10/dist-packages/custom_msg/__init__.py
-- Installing: /home/matt/Documents/GitHub/Rover-Unity/ros2_ws/install/custom_msg/local/lib/python3.10/dist-packages/custom_msg/custom_msg_s__rosidl_typesupport_introspection_c.cpython-310-x86_64-linux-gnu.so
-- Installing: /home/matt/Documents/GitHub/Rover-Unity/ros2_ws/install/custom_msg/local/lib/python3.10/dist-packages/custom_msg/libcustom_msg__rosidl_generator_py.so
-- Installing: /home/matt/Documents/GitHub/Rover-Unity/ros2_ws/install/custom_msg/local/lib/python3.10/dist-packages/custom_msg/_custom_msg_s.ep.rosidl_typesupport_fastrtps_c.c
-- Installing: /home/matt/Documents/GitHub/Rover-Unity/ros2_ws/install/custom_msg/local/lib/python3.10/dist-packages/custom_msg/srv
-- Installing: /home/matt/Documents/GitHub/Rover-Unity/ros2_ws/install/custom_msg/local/lib/python3.10/dist-packages/custom_msg/srv/__init__.py
-- Installing: /home/matt/Documents/GitHub/Rover-Unity/ros2_ws/install/custom_msg/local/lib/python3.10/dist-packages/custom_msg/srv/_add_three_ints_s.c
-- Installing: /home/matt/Documents/GitHub/Rover-Unity/ros2_ws/install/custom_msg/local/lib/python3.10/dist-packages/custom_msg/srv/_add_three_ints.py
-- Installing: /home/matt/Documents/GitHub/Rover-Unity/ros2_ws/install/custom_msg/local/lib/python3.10/dist-packages/custom_msg/_custom_msg_s.ep.rosidl_typesupport_introspection_c.c
-- Installing: /home/matt/Documents/GitHub/Rover-Unity/ros2_ws/install/custom_msg/local/lib/python3.10/dist-packages/custom_msg/custom_msg_s__rosidl_typesupport_c.cpython-310-x86_64-linux-gnu.so
-- Installing: /home/matt/Documents/GitHub/Rover-Unity/ros2_ws/install/custom_msg/local/lib/python3.10/dist-packages/custom_msg/custom_msg_s__rosidl_typesupport_fastrtps_c.cpython-310-x86_64-linux-gnu.so
-- Installing: /home/matt/Documents/GitHub/Rover-Unity/ros2_ws/install/custom_msg/local/lib/python3.10/dist-packages/custom_msg/msg
-- Installing: /home/matt/Documents/GitHub/Rover-Unity/ros2_ws/install/custom_msg/local/lib/python3.10/dist-packages/custom_msg/msg/__init__.py
-- Installing: /home/matt/Documents/GitHub/Rover-Unity/ros2_ws/install/custom_msg/local/lib/python3.10/dist-packages/custom_msg/msg/_num_s.c
-- Installing: /home/matt/Documents/GitHub/Rover-Unity/ros2_ws/install/custom_msg/local/lib/python3.10/dist-packages/custom_msg/msg/_sphere.py
-- Installing: /home/matt/Documents/GitHub/Rover-Unity/ros2_ws/install/custom_msg/local/lib/python3.10/dist-packages/custom_msg/msg/_num.py
-- Installing: /home/matt/Documents/GitHub/Rover-Unity/ros2_ws/install/custom_msg/local/lib/python3.10/dist-packages/custom_msg/msg/_sphere_s.c
-- Installing: /home/matt/Documents/GitHub/Rover-Unity/ros2_ws/install/custom_msg/local/lib/python3.10/dist-packages/custom_msg/_custom_msg_s.ep.rosidl_typesupport_c.c
Listing '/home/matt/Documents/GitHub/Rover-Unity/ros2_ws/install/custom_msg/local/lib/python3.10/dist-packages/custom_msg'...
Compiling '/home/matt/Documents/GitHub/Rover-Unity/ros2_ws/install/custom_msg/local/lib/python3.10/dist-packages/custom_msg/__init__.py'...
Listing '/home/matt/Documents/GitHub/Rover-Unity/ros2_ws/install/custom_msg/local/lib/python3.10/dist-packages/custom_msg/msg'...
Compiling '/home/matt/Documents/GitHub/Rover-Unity/ros2_ws/install/custom_msg/local/lib/python3.10/dist-packages/custom_msg/msg/__init__.py'...
Compiling '/home/matt/Documents/GitHub/Rover-Unity/ros2_ws/install/custom_msg/local/lib/python3.10/dist-packages/custom_msg/msg/_num.py'...
Compiling '/home/matt/Documents/GitHub/Rover-Unity/ros2_ws/install/custom_msg/local/lib/python3.10/dist-packages/custom_msg/msg/_sphere.py'...
Listing '/home/matt/Documents/GitHub/Rover-Unity/ros2_ws/install/custom_msg/local/lib/python3.10/dist-packages/custom_msg/srv'...
Compiling '/home/matt/Documents/GitHub/Rover-Unity/ros2_ws/install/custom_msg/local/lib/python3.10/dist-packages/custom_msg/srv/__init__.py'...
Compiling '/home/matt/Documents/GitHub/Rover-Unity/ros2_ws/install/custom_msg/local/lib/python3.10/dist-packages/custom_msg/srv/_add_three_ints.py'...
-- Installing: /home/matt/Documents/GitHub/Rover-Unity/ros2_ws/install/custom_msg/local/lib/python3.10/dist-packages/custom_msg/custom_msg_s__rosidl_typesupport_fastrtps_c.cpython-310-x86_64-linux-gnu.so
-- Set runtime path of "/home/matt/Documents/GitHub/Rover-Unity/ros2_ws/install/custom_msg/local/lib/python3.10/dist-packages/custom_msg/custom_msg_s__rosidl_typesupport_fastrtps_c.cpython-310-x86_64-linux-gnu.so" to ""
-- Installing: /home/matt/Documents/GitHub/Rover-Unity/ros2_ws/install/custom_msg/local/lib/python3.10/dist-packages/custom_msg/custom_msg_s__rosidl_typesupport_introspection_c.cpython-310-x86_64-linux-gnu.so
-- Set runtime path of "/home/matt/Documents/GitHub/Rover-Unity/ros2_ws/install/custom_msg/local/lib/python3.10/dist-packages/custom_msg/custom_msg_s__rosidl_typesupport_introspection_c.cpython-310-x86_64-linux-gnu.so" to ""
-- Installing: /home/matt/Documents/GitHub/Rover-Unity/ros2_ws/install/custom_msg/local/lib/python3.10/dist-packages/custom_msg/custom_msg_s__rosidl_typesupport_c.cpython-310-x86_64-linux-gnu.so
-- Set runtime path of "/home/matt/Documents/GitHub/Rover-Unity/ros2_ws/install/custom_msg/local/lib/python3.10/dist-packages/custom_msg/custom_msg_s__rosidl_typesupport_c.cpython-310-x86_64-linux-gnu.so" to ""
-- Installing: /home/matt/Documents/GitHub/Rover-Unity/ros2_ws/install/custom_msg/lib/libcustom_msg__rosidl_generator_py.so
-- Set runtime path of "/home/matt/Documents/GitHub/Rover-Unity/ros2_ws/install/custom_msg/lib/libcustom_msg__rosidl_generator_py.so" to ""
-- Installing: /home/matt/Documents/GitHub/Rover-Unity/ros2_ws/install/custom_msg/share/custom_msg/msg/Num.idl
-- Installing: /home/matt/Documents/GitHub/Rover-Unity/ros2_ws/install/custom_msg/share/custom_msg/msg/Sphere.idl
-- Installing: /home/matt/Documents/GitHub/Rover-Unity/ros2_ws/install/custom_msg/share/custom_msg/srv/AddThreeInts.idl
-- Installing: /home/matt/Documents/GitHub/Rover-Unity/ros2_ws/install/custom_msg/share/custom_msg/msg/Num.msg
-- Installing: /home/matt/Documents/GitHub/Rover-Unity/ros2_ws/install/custom_msg/share/custom_msg/msg/Sphere.msg
-- Installing: /home/matt/Documents/GitHub/Rover-Unity/ros2_ws/install/custom_msg/share/custom_msg/srv/AddThreeInts.srv
-- Installing: /home/matt/Documents/GitHub/Rover-Unity/ros2_ws/install/custom_msg/share/custom_msg/srv/AddThreeInts_Request.msg
-- Installing: /home/matt/Documents/GitHub/Rover-Unity/ros2_ws/install/custom_msg/share/custom_msg/srv/AddThreeInts_Response.msg
-- Installing: /home/matt/Documents/GitHub/Rover-Unity/ros2_ws/install/custom_msg/share/ament_index/resource_index/package_run_dependencies/custom_msg
-- Installing: /home/matt/Documents/GitHub/Rover-Unity/ros2_ws/install/custom_msg/share/ament_index/resource_index/parent_prefix_path/custom_msg
-- Installing: /home/matt/Documents/GitHub/Rover-Unity/ros2_ws/install/custom_msg/share/custom_msg/environment/ament_prefix_path.sh
-- Installing: /home/matt/Documents/GitHub/Rover-Unity/ros2_ws/install/custom_msg/share/custom_msg/environment/ament_prefix_path.dsv
-- Installing: /home/matt/Documents/GitHub/Rover-Unity/ros2_ws/install/custom_msg/share/custom_msg/environment/path.sh
-- Installing: /home/matt/Documents/GitHub/Rover-Unity/ros2_ws/install/custom_msg/share/custom_msg/environment/path.dsv
-- Installing: /home/matt/Documents/GitHub/Rover-Unity/ros2_ws/install/custom_msg/share/custom_msg/local_setup.bash
-- Installing: /home/matt/Documents/GitHub/Rover-Unity/ros2_ws/install/custom_msg/share/custom_msg/local_setup.sh
-- Installing: /home/matt/Documents/GitHub/Rover-Unity/ros2_ws/install/custom_msg/share/custom_msg/local_setup.zsh
-- Installing: /home/matt/Documents/GitHub/Rover-Unity/ros2_ws/install/custom_msg/share/custom_msg/local_setup.dsv
-- Installing: /home/matt/Documents/GitHub/Rover-Unity/ros2_ws/install/custom_msg/share/custom_msg/package.dsv
-- Installing: /home/matt/Documents/GitHub/Rover-Unity/ros2_ws/install/custom_msg/share/ament_index/resource_index/packages/custom_msg
-- Installing: /home/matt/Documents/GitHub/Rover-Unity/ros2_ws/install/custom_msg/share/custom_msg/cmake/export_custom_msg__rosidl_generator_cExport.cmake
-- Installing: /home/matt/Documents/GitHub/Rover-Unity/ros2_ws/install/custom_msg/share/custom_msg/cmake/export_custom_msg__rosidl_generator_cExport-noconfig.cmake
-- Installing: /home/matt/Documents/GitHub/Rover-Unity/ros2_ws/install/custom_msg/share/custom_msg/cmake/export_custom_msg__rosidl_typesupport_fastrtps_cExport.cmake
-- Installing: /home/matt/Documents/GitHub/Rover-Unity/ros2_ws/install/custom_msg/share/custom_msg/cmake/export_custom_msg__rosidl_typesupport_fastrtps_cExport-noconfig.cmake
-- Installing: /home/matt/Documents/GitHub/Rover-Unity/ros2_ws/install/custom_msg/share/custom_msg/cmake/export_custom_msg__rosidl_generator_cppExport.cmake
-- Installing: /home/matt/Documents/GitHub/Rover-Unity/ros2_ws/install/custom_msg/share/custom_msg/cmake/export_custom_msg__rosidl_typesupport_fastrtps_cppExport.cmake
-- Installing: /home/matt/Documents/GitHub/Rover-Unity/ros2_ws/install/custom_msg/share/custom_msg/cmake/export_custom_msg__rosidl_typesupport_fastrtps_cppExport-noconfig.cmake
-- Installing: /home/matt/Documents/GitHub/Rover-Unity/ros2_ws/install/custom_msg/share/custom_msg/cmake/custom_msg__rosidl_typesupport_introspection_cExport.cmake
-- Installing: /home/matt/Documents/GitHub/Rover-Unity/ros2_ws/install/custom_msg/share/custom_msg/cmake/custom_msg__rosidl_typesupport_introspection_cExport-noconfig.cmake
-- Installing: /home/matt/Documents/GitHub/Rover-Unity/ros2_ws/install/custom_msg/share/custom_msg/cmake/custom_msg__rosidl_typesupport_cExport.cmake
-- Installing: /home/matt/Documents/GitHub/Rover-Unity/ros2_ws/install/custom_msg/share/custom_msg/cmake/custom_msg__rosidl_typesupport_cExport-noconfig.cmake
-- Installing: /home/matt/Documents/GitHub/Rover-Unity/ros2_ws/install/custom_msg/share/custom_msg/cmake/custom_msg__rosidl_typesupport_introspection_cppExport.cmake
-- Installing: /home/matt/Documents/GitHub/Rover-Unity/ros2_ws/install/custom_msg/share/custom_msg/cmake/custom_msg__rosidl_typesupport_introspection_cppExport-noconfig.cmake
-- Installing: /home/matt/Documents/GitHub/Rover-Unity/ros2_ws/install/custom_msg/share/custom_msg/cmake/custom_msg__rosidl_typesupport_cppExport.cmake
-- Installing: /home/matt/Documents/GitHub/Rover-Unity/ros2_ws/install/custom_msg/share/custom_msg/cmake/custom_msg__rosidl_typesupport_cppExport-noconfig.cmake
-- Installing: /home/matt/Documents/GitHub/Rover-Unity/ros2_ws/install/custom_msg/share/custom_msg/cmake/export_custom_msg__rosidl_generator_pyExport.cmake
-- Installing: /home/matt/Documents/GitHub/Rover-Unity/ros2_ws/install/custom_msg/share/custom_msg/cmake/export_custom_msg__rosidl_generator_pyExport-noconfig.cmake
-- Installing: /home/matt/Documents/GitHub/Rover-Unity/ros2_ws/install/custom_msg/share/custom_msg/cmake/rosidl_cmake-extras.cmake
-- Installing: /home/matt/Documents/GitHub/Rover-Unity/ros2_ws/install/custom_msg/share/custom_msg/cmake/ament_cmake_export_dependencies-extras.cmake
-- Installing: /home/matt/Documents/GitHub/Rover-Unity/ros2_ws/install/custom_msg/share/custom_msg/cmake/ament_cmake_export_include_directories-extras.cmake
-- Installing: /home/matt/Documents/GitHub/Rover-Unity/ros2_ws/install/custom_msg/share/custom_msg/cmake/ament_cmake_export_libraries-extras.cmake
-- Installing: /home/matt/Documents/GitHub/Rover-Unity/ros2_ws/install/custom_msg/share/custom_msg/cmake/ament_cmake_export_targets-extras.cmake
-- Installing: /home/matt/Documents/GitHub/Rover-Unity/ros2_ws/install/custom_msg/share/custom_msg/cmake/rosidl_cmake_export_typesupport_targets-extras.cmake
-- Installing: /home/matt/Documents/GitHub/Rover-Unity/ros2_ws/install/custom_msg/share/custom_msg/cmake/rosidl_cmake_export_typesupport_libraries-extras.cmake
-- Installing: /home/matt/Documents/GitHub/Rover-Unity/ros2_ws/install/custom_msg/share/custom_msg/cmake/custom_msgConfig.cmake
-- Installing: /home/matt/Documents/GitHub/Rover-Unity/ros2_ws/install/custom_msg/share/custom_msg/cmake/custom_msgConfig-version.cmake
-- Installing: /home/matt/Documents/GitHub/Rover-Unity/ros2_ws/install/custom_msg/share/custom_msg/package.xml
