[0.659s] Invoking command in '/home/henry/Rover-Unity/ros2_ws/src/AutonControlNode': PYTHONPATH=/home/henry/Rover-Unity/ros2_ws/build/AutonControlNode/prefix_override:/usr/lib/python3/dist-packages/colcon_core/task/python/colcon_distutils_commands:/home/henry/Rover-Unity/ros2_ws/install/AutonControlNode/lib/python3.10/site-packages:${PYTHONPATH} /usr/bin/python3 -W ignore:setup.py install is deprecated -W ignore:easy_install command is deprecated setup.py egg_info --egg-base ../../build/AutonControlNode build --build-base /home/henry/Rover-Unity/ros2_ws/build/AutonControlNode/build install --record /home/henry/Rover-Unity/ros2_ws/build/AutonControlNode/install.log --single-version-externally-managed install_data
[0.825s] running egg_info
[0.825s] writing ../../build/AutonControlNode/AutonControlNode.egg-info/PKG-INFO
[0.825s] writing dependency_links to ../../build/AutonControlNode/AutonControlNode.egg-info/dependency_links.txt
[0.825s] writing entry points to ../../build/AutonControlNode/AutonControlNode.egg-info/entry_points.txt
[0.826s] writing requirements to ../../build/AutonControlNode/AutonControlNode.egg-info/requires.txt
[0.826s] writing top-level names to ../../build/AutonControlNode/AutonControlNode.egg-info/top_level.txt
[0.827s] reading manifest file '../../build/AutonControlNode/AutonControlNode.egg-info/SOURCES.txt'
[0.828s] writing manifest file '../../build/AutonControlNode/AutonControlNode.egg-info/SOURCES.txt'
[0.828s] running build
[0.828s] running build_py
[0.828s] running install
[0.828s] running install_lib
[0.829s] running install_data
[0.830s] running install_egg_info
[0.831s] removing '/home/henry/Rover-Unity/ros2_ws/install/AutonControlNode/lib/python3.10/site-packages/AutonControlNode-0.0.0-py3.10.egg-info' (and everything under it)
[0.831s] Copying ../../build/AutonControlNode/AutonControlNode.egg-info to /home/henry/Rover-Unity/ros2_ws/install/AutonControlNode/lib/python3.10/site-packages/AutonControlNode-0.0.0-py3.10.egg-info
[0.831s] running install_scripts
[0.850s] Installing auton_control_node script to /home/henry/Rover-Unity/ros2_ws/install/AutonControlNode/lib/AutonControlNode
[0.850s] writing list of installed files to '/home/henry/Rover-Unity/ros2_ws/build/AutonControlNode/install.log'
[0.879s] Invoked command in '/home/henry/Rover-Unity/ros2_ws/src/AutonControlNode' returned '0': PYTHONPATH=/home/henry/Rover-Unity/ros2_ws/build/AutonControlNode/prefix_override:/usr/lib/python3/dist-packages/colcon_core/task/python/colcon_distutils_commands:/home/henry/Rover-Unity/ros2_ws/install/AutonControlNode/lib/python3.10/site-packages:${PYTHONPATH} /usr/bin/python3 -W ignore:setup.py install is deprecated -W ignore:easy_install command is deprecated setup.py egg_info --egg-base ../../build/AutonControlNode build --build-base /home/henry/Rover-Unity/ros2_ws/build/AutonControlNode/build install --record /home/henry/Rover-Unity/ros2_ws/build/AutonControlNode/install.log --single-version-externally-managed install_data
