[1.208s] Invoking command in '/home/matt/Documents/GitHub/Rover-Unity/ros2_ws/src/py_pubsub': AMENT_PREFIX_PATH=/home/matt/Documents/GitHub/Rover-Unity/ros2_ws/install/custom_msg:${AMENT_PREFIX_PATH} CMAKE_PREFIX_PATH=/home/matt/Documents/GitHub/Rover-Unity/ros2_ws/install/custom_msg LD_LIBRARY_PATH=/home/matt/Documents/GitHub/Rover-Unity/ros2_ws/install/custom_msg/lib:${LD_LIBRARY_PATH} PYTHONPATH=/home/matt/Documents/GitHub/Rover-Unity/ros2_ws/build/py_pubsub/prefix_override:/usr/lib/python3/dist-packages/colcon_core/task/python/colcon_distutils_commands:/home/matt/Documents/GitHub/Rover-Unity/ros2_ws/install/py_pubsub/lib/python3.10/site-packages:/home/matt/Documents/GitHub/Rover-Unity/ros2_ws/install/custom_msg/local/lib/python3.10/dist-packages:${PYTHONPATH} /usr/bin/python3 -W ignore:setup.py install is deprecated -W ignore:easy_install command is deprecated setup.py egg_info --egg-base ../../build/py_pubsub build --build-base /home/matt/Documents/GitHub/Rover-Unity/ros2_ws/build/py_pubsub/build install --record /home/matt/Documents/GitHub/Rover-Unity/ros2_ws/build/py_pubsub/install.log --single-version-externally-managed install_data
[1.316s] running egg_info
[1.317s] creating ../../build/py_pubsub/py_pubsub.egg-info
[1.317s] writing ../../build/py_pubsub/py_pubsub.egg-info/PKG-INFO
[1.317s] writing dependency_links to ../../build/py_pubsub/py_pubsub.egg-info/dependency_links.txt
[1.317s] writing entry points to ../../build/py_pubsub/py_pubsub.egg-info/entry_points.txt
[1.317s] writing requirements to ../../build/py_pubsub/py_pubsub.egg-info/requires.txt
[1.317s] writing top-level names to ../../build/py_pubsub/py_pubsub.egg-info/top_level.txt
[1.317s] writing manifest file '../../build/py_pubsub/py_pubsub.egg-info/SOURCES.txt'
[1.318s] reading manifest file '../../build/py_pubsub/py_pubsub.egg-info/SOURCES.txt'
[1.318s] writing manifest file '../../build/py_pubsub/py_pubsub.egg-info/SOURCES.txt'
[1.318s] running build
[1.318s] running build_py
[1.318s] creating /home/matt/Documents/GitHub/Rover-Unity/ros2_ws/build/py_pubsub/build
[1.318s] creating /home/matt/Documents/GitHub/Rover-Unity/ros2_ws/build/py_pubsub/build/lib
[1.318s] creating /home/matt/Documents/GitHub/Rover-Unity/ros2_ws/build/py_pubsub/build/lib/py_pubsub
[1.318s] copying py_pubsub/__init__.py -> /home/matt/Documents/GitHub/Rover-Unity/ros2_ws/build/py_pubsub/build/lib/py_pubsub
[1.318s] running install
[1.319s] running install_lib
[1.319s] creating /home/matt/Documents/GitHub/Rover-Unity/ros2_ws/install/py_pubsub/lib/python3.10/site-packages/py_pubsub
[1.319s] copying /home/matt/Documents/GitHub/Rover-Unity/ros2_ws/build/py_pubsub/build/lib/py_pubsub/__init__.py -> /home/matt/Documents/GitHub/Rover-Unity/ros2_ws/install/py_pubsub/lib/python3.10/site-packages/py_pubsub
[1.319s] byte-compiling /home/matt/Documents/GitHub/Rover-Unity/ros2_ws/install/py_pubsub/lib/python3.10/site-packages/py_pubsub/__init__.py to __init__.cpython-310.pyc
[1.319s] running install_data
[1.319s] creating /home/matt/Documents/GitHub/Rover-Unity/ros2_ws/install/py_pubsub/share/ament_index
[1.319s] creating /home/matt/Documents/GitHub/Rover-Unity/ros2_ws/install/py_pubsub/share/ament_index/resource_index
[1.319s] creating /home/matt/Documents/GitHub/Rover-Unity/ros2_ws/install/py_pubsub/share/ament_index/resource_index/packages
[1.319s] copying resource/py_pubsub -> /home/matt/Documents/GitHub/Rover-Unity/ros2_ws/install/py_pubsub/share/ament_index/resource_index/packages
[1.319s] copying package.xml -> /home/matt/Documents/GitHub/Rover-Unity/ros2_ws/install/py_pubsub/share/py_pubsub
[1.319s] running install_egg_info
[1.320s] Copying ../../build/py_pubsub/py_pubsub.egg-info to /home/matt/Documents/GitHub/Rover-Unity/ros2_ws/install/py_pubsub/lib/python3.10/site-packages/py_pubsub-0.0.0-py3.10.egg-info
[1.320s] running install_scripts
[1.331s] Installing listener script to /home/matt/Documents/GitHub/Rover-Unity/ros2_ws/install/py_pubsub/lib/py_pubsub
[1.331s] Installing talker script to /home/matt/Documents/GitHub/Rover-Unity/ros2_ws/install/py_pubsub/lib/py_pubsub
[1.332s] writing list of installed files to '/home/matt/Documents/GitHub/Rover-Unity/ros2_ws/build/py_pubsub/install.log'
[1.343s] Invoked command in '/home/matt/Documents/GitHub/Rover-Unity/ros2_ws/src/py_pubsub' returned '0': AMENT_PREFIX_PATH=/home/matt/Documents/GitHub/Rover-Unity/ros2_ws/install/custom_msg:${AMENT_PREFIX_PATH} CMAKE_PREFIX_PATH=/home/matt/Documents/GitHub/Rover-Unity/ros2_ws/install/custom_msg LD_LIBRARY_PATH=/home/matt/Documents/GitHub/Rover-Unity/ros2_ws/install/custom_msg/lib:${LD_LIBRARY_PATH} PYTHONPATH=/home/matt/Documents/GitHub/Rover-Unity/ros2_ws/build/py_pubsub/prefix_override:/usr/lib/python3/dist-packages/colcon_core/task/python/colcon_distutils_commands:/home/matt/Documents/GitHub/Rover-Unity/ros2_ws/install/py_pubsub/lib/python3.10/site-packages:/home/matt/Documents/GitHub/Rover-Unity/ros2_ws/install/custom_msg/local/lib/python3.10/dist-packages:${PYTHONPATH} /usr/bin/python3 -W ignore:setup.py install is deprecated -W ignore:easy_install command is deprecated setup.py egg_info --egg-base ../../build/py_pubsub build --build-base /home/matt/Documents/GitHub/Rover-Unity/ros2_ws/build/py_pubsub/build install --record /home/matt/Documents/GitHub/Rover-Unity/ros2_ws/build/py_pubsub/install.log --single-version-externally-managed install_data
