[0.243s] Invoking command in '/home/matt/Documents/GitHub/Rover-Unity/ros2_ws/src/AutonControlNode': PYTHONPATH=/home/matt/Documents/GitHub/Rover-Unity/ros2_ws/build/AutonControlNode/prefix_override:/usr/lib/python3/dist-packages/colcon_core/task/python/colcon_distutils_commands:/home/matt/Documents/GitHub/Rover-Unity/ros2_ws/install/AutonControlNode/lib/python3.10/site-packages:${PYTHONPATH} /usr/bin/python3 -W ignore:setup.py install is deprecated -W ignore:easy_install command is deprecated setup.py egg_info --egg-base ../../build/AutonControlNode build --build-base /home/matt/Documents/GitHub/Rover-Unity/ros2_ws/build/AutonControlNode/build install --record /home/matt/Documents/GitHub/Rover-Unity/ros2_ws/build/AutonControlNode/install.log --single-version-externally-managed install_data
[0.335s] running egg_info
[0.336s] writing ../../build/AutonControlNode/AutonControlNode.egg-info/PKG-INFO
[0.336s] writing dependency_links to ../../build/AutonControlNode/AutonControlNode.egg-info/dependency_links.txt
[0.336s] writing entry points to ../../build/AutonControlNode/AutonControlNode.egg-info/entry_points.txt
[0.336s] writing requirements to ../../build/AutonControlNode/AutonControlNode.egg-info/requires.txt
[0.336s] writing top-level names to ../../build/AutonControlNode/AutonControlNode.egg-info/top_level.txt
[0.337s] reading manifest file '../../build/AutonControlNode/AutonControlNode.egg-info/SOURCES.txt'
[0.337s] writing manifest file '../../build/AutonControlNode/AutonControlNode.egg-info/SOURCES.txt'
[0.337s] running build
[0.337s] running build_py
[0.337s] copying AutonControlNode/auton_control_node.py -> /home/matt/Documents/GitHub/Rover-Unity/ros2_ws/build/AutonControlNode/build/lib/AutonControlNode
[0.337s] running install
[0.338s] running install_lib
[0.338s] copying /home/matt/Documents/GitHub/Rover-Unity/ros2_ws/build/AutonControlNode/build/lib/AutonControlNode/auton_control_node.py -> /home/matt/Documents/GitHub/Rover-Unity/ros2_ws/install/AutonControlNode/lib/python3.10/site-packages/AutonControlNode
[0.338s] byte-compiling /home/matt/Documents/GitHub/Rover-Unity/ros2_ws/install/AutonControlNode/lib/python3.10/site-packages/AutonControlNode/auton_control_node.py to auton_control_node.cpython-310.pyc
[0.338s] running install_data
[0.338s] copying package.xml -> /home/matt/Documents/GitHub/Rover-Unity/ros2_ws/install/AutonControlNode/share/AutonControlNode
[0.339s] creating /home/matt/Documents/GitHub/Rover-Unity/ros2_ws/install/AutonControlNode/share/AutonControlNode/msg
[0.339s] copying msg/MyCustomMessage.msg -> /home/matt/Documents/GitHub/Rover-Unity/ros2_ws/install/AutonControlNode/share/AutonControlNode/msg
[0.339s] running install_egg_info
[0.340s] removing '/home/matt/Documents/GitHub/Rover-Unity/ros2_ws/install/AutonControlNode/lib/python3.10/site-packages/AutonControlNode-0.0.0-py3.10.egg-info' (and everything under it)
[0.340s] Copying ../../build/AutonControlNode/AutonControlNode.egg-info to /home/matt/Documents/GitHub/Rover-Unity/ros2_ws/install/AutonControlNode/lib/python3.10/site-packages/AutonControlNode-0.0.0-py3.10.egg-info
[0.340s] running install_scripts
[0.351s] Installing auton_control_node script to /home/matt/Documents/GitHub/Rover-Unity/ros2_ws/install/AutonControlNode/lib/AutonControlNode
[0.351s] writing list of installed files to '/home/matt/Documents/GitHub/Rover-Unity/ros2_ws/build/AutonControlNode/install.log'
[0.362s] Invoked command in '/home/matt/Documents/GitHub/Rover-Unity/ros2_ws/src/AutonControlNode' returned '0': PYTHONPATH=/home/matt/Documents/GitHub/Rover-Unity/ros2_ws/build/AutonControlNode/prefix_override:/usr/lib/python3/dist-packages/colcon_core/task/python/colcon_distutils_commands:/home/matt/Documents/GitHub/Rover-Unity/ros2_ws/install/AutonControlNode/lib/python3.10/site-packages:${PYTHONPATH} /usr/bin/python3 -W ignore:setup.py install is deprecated -W ignore:easy_install command is deprecated setup.py egg_info --egg-base ../../build/AutonControlNode build --build-base /home/matt/Documents/GitHub/Rover-Unity/ros2_ws/build/AutonControlNode/build install --record /home/matt/Documents/GitHub/Rover-Unity/ros2_ws/build/AutonControlNode/install.log --single-version-externally-managed install_data
