[0.054s] DEBUG:colcon:Command line arguments: ['/usr/bin/colcon', 'build']
[0.054s] DEBUG:colcon:Parsed command line arguments: Namespace(log_base=None, log_level=None, verb_name='build', build_base='build', install_base='install', merge_install=False, symlink_install=False, test_result_base=None, continue_on_error=False, executor='parallel', parallel_workers=20, event_handlers=None, ignore_user_meta=False, metas=['./colcon.meta'], base_paths=['.'], packages_ignore=None, packages_ignore_regex=None, paths=None, packages_up_to=None, packages_up_to_regex=None, packages_above=None, packages_above_and_dependencies=None, packages_above_depth=None, packages_select_by_dep=None, packages_skip_by_dep=None, packages_skip_up_to=None, packages_select_build_failed=False, packages_skip_build_finished=False, packages_select_test_failures=False, packages_skip_test_passed=False, packages_select=None, packages_skip=None, packages_select_regex=None, packages_skip_regex=None, packages_start=None, packages_end=None, allow_overriding=[], cmake_args=None, cmake_target=None, cmake_target_skip_unavailable=False, cmake_clean_cache=False, cmake_clean_first=False, cmake_force_configure=False, ament_cmake_args=None, catkin_cmake_args=None, catkin_skip_building_tests=False, verb_parser=<colcon_defaults.argument_parser.defaults.DefaultArgumentsDecorator object at 0x799bca106320>, verb_extension=<colcon_core.verb.build.BuildVerb object at 0x799bca277940>, main=<bound method BuildVerb.main of <colcon_core.verb.build.BuildVerb object at 0x799bca277940>>)
[0.132s] Level 1:colcon.colcon_core.package_discovery:discover_packages(colcon_meta) check parameters
[0.132s] Level 1:colcon.colcon_core.package_discovery:discover_packages(recursive) check parameters
[0.132s] Level 1:colcon.colcon_core.package_discovery:discover_packages(ignore) check parameters
[0.132s] Level 1:colcon.colcon_core.package_discovery:discover_packages(path) check parameters
[0.132s] Level 1:colcon.colcon_core.package_discovery:discover_packages(colcon_meta) discover
[0.132s] Level 1:colcon.colcon_core.package_discovery:discover_packages(recursive) discover
[0.132s] INFO:colcon.colcon_core.package_discovery:Crawling recursively for packages in '/home/henry/Rover-Unity/ros2_ws'
[0.132s] Level 1:colcon.colcon_core.package_identification:_identify(.) by extensions ['ignore', 'ignore_ament_install']
[0.132s] Level 1:colcon.colcon_core.package_identification:_identify(.) by extension 'ignore'
[0.132s] Level 1:colcon.colcon_core.package_identification:_identify(.) by extension 'ignore_ament_install'
[0.132s] Level 1:colcon.colcon_core.package_identification:_identify(.) by extensions ['colcon_pkg']
[0.132s] Level 1:colcon.colcon_core.package_identification:_identify(.) by extension 'colcon_pkg'
[0.132s] Level 1:colcon.colcon_core.package_identification:_identify(.) by extensions ['colcon_meta']
[0.132s] Level 1:colcon.colcon_core.package_identification:_identify(.) by extension 'colcon_meta'
[0.132s] Level 1:colcon.colcon_core.package_identification:_identify(.) by extensions ['ros']
[0.132s] Level 1:colcon.colcon_core.package_identification:_identify(.) by extension 'ros'
[0.139s] Level 1:colcon.colcon_core.package_identification:_identify(.) by extensions ['cmake', 'python']
[0.139s] Level 1:colcon.colcon_core.package_identification:_identify(.) by extension 'cmake'
[0.139s] Level 1:colcon.colcon_core.package_identification:_identify(.) by extension 'python'
[0.139s] Level 1:colcon.colcon_core.package_identification:_identify(.) by extensions ['python_setup_py']
[0.139s] Level 1:colcon.colcon_core.package_identification:_identify(.) by extension 'python_setup_py'
[0.139s] Level 1:colcon.colcon_core.package_identification:_identify(build) by extensions ['ignore', 'ignore_ament_install']
[0.139s] Level 1:colcon.colcon_core.package_identification:_identify(build) by extension 'ignore'
[0.139s] Level 1:colcon.colcon_core.package_identification:_identify(build) ignored
[0.139s] Level 1:colcon.colcon_core.package_identification:_identify(install) by extensions ['ignore', 'ignore_ament_install']
[0.139s] Level 1:colcon.colcon_core.package_identification:_identify(install) by extension 'ignore'
[0.139s] Level 1:colcon.colcon_core.package_identification:_identify(install) ignored
[0.139s] Level 1:colcon.colcon_core.package_identification:_identify(log) by extensions ['ignore', 'ignore_ament_install']
[0.139s] Level 1:colcon.colcon_core.package_identification:_identify(log) by extension 'ignore'
[0.139s] Level 1:colcon.colcon_core.package_identification:_identify(log) ignored
[0.139s] Level 1:colcon.colcon_core.package_identification:_identify(src) by extensions ['ignore', 'ignore_ament_install']
[0.139s] Level 1:colcon.colcon_core.package_identification:_identify(src) by extension 'ignore'
[0.139s] Level 1:colcon.colcon_core.package_identification:_identify(src) by extension 'ignore_ament_install'
[0.139s] Level 1:colcon.colcon_core.package_identification:_identify(src) by extensions ['colcon_pkg']
[0.139s] Level 1:colcon.colcon_core.package_identification:_identify(src) by extension 'colcon_pkg'
[0.139s] Level 1:colcon.colcon_core.package_identification:_identify(src) by extensions ['colcon_meta']
[0.139s] Level 1:colcon.colcon_core.package_identification:_identify(src) by extension 'colcon_meta'
[0.139s] Level 1:colcon.colcon_core.package_identification:_identify(src) by extensions ['ros']
[0.139s] Level 1:colcon.colcon_core.package_identification:_identify(src) by extension 'ros'
[0.139s] Level 1:colcon.colcon_core.package_identification:_identify(src) by extensions ['cmake', 'python']
[0.139s] Level 1:colcon.colcon_core.package_identification:_identify(src) by extension 'cmake'
[0.139s] Level 1:colcon.colcon_core.package_identification:_identify(src) by extension 'python'
[0.139s] Level 1:colcon.colcon_core.package_identification:_identify(src) by extensions ['python_setup_py']
[0.139s] Level 1:colcon.colcon_core.package_identification:_identify(src) by extension 'python_setup_py'
[0.139s] Level 1:colcon.colcon_core.package_identification:_identify(src/AutonControlNode) by extensions ['ignore', 'ignore_ament_install']
[0.139s] Level 1:colcon.colcon_core.package_identification:_identify(src/AutonControlNode) by extension 'ignore'
[0.139s] Level 1:colcon.colcon_core.package_identification:_identify(src/AutonControlNode) by extension 'ignore_ament_install'
[0.140s] Level 1:colcon.colcon_core.package_identification:_identify(src/AutonControlNode) by extensions ['colcon_pkg']
[0.140s] Level 1:colcon.colcon_core.package_identification:_identify(src/AutonControlNode) by extension 'colcon_pkg'
[0.140s] Level 1:colcon.colcon_core.package_identification:_identify(src/AutonControlNode) by extensions ['colcon_meta']
[0.140s] Level 1:colcon.colcon_core.package_identification:_identify(src/AutonControlNode) by extension 'colcon_meta'
[0.140s] Level 1:colcon.colcon_core.package_identification:_identify(src/AutonControlNode) by extensions ['ros']
[0.140s] Level 1:colcon.colcon_core.package_identification:_identify(src/AutonControlNode) by extension 'ros'
[0.141s] DEBUG:colcon.colcon_core.package_identification:Package 'src/AutonControlNode' with type 'ros.ament_python' and name 'AutonControlNode'
[0.141s] Level 1:colcon.colcon_core.package_identification:_identify(src/custom_msg) by extensions ['ignore', 'ignore_ament_install']
[0.141s] Level 1:colcon.colcon_core.package_identification:_identify(src/custom_msg) by extension 'ignore'
[0.141s] Level 1:colcon.colcon_core.package_identification:_identify(src/custom_msg) by extension 'ignore_ament_install'
[0.141s] Level 1:colcon.colcon_core.package_identification:_identify(src/custom_msg) by extensions ['colcon_pkg']
[0.141s] Level 1:colcon.colcon_core.package_identification:_identify(src/custom_msg) by extension 'colcon_pkg'
[0.141s] Level 1:colcon.colcon_core.package_identification:_identify(src/custom_msg) by extensions ['colcon_meta']
[0.141s] Level 1:colcon.colcon_core.package_identification:_identify(src/custom_msg) by extension 'colcon_meta'
[0.141s] Level 1:colcon.colcon_core.package_identification:_identify(src/custom_msg) by extensions ['ros']
[0.141s] Level 1:colcon.colcon_core.package_identification:_identify(src/custom_msg) by extension 'ros'
[0.141s] DEBUG:colcon.colcon_core.package_identification:Package 'src/custom_msg' with type 'ros.ament_cmake' and name 'custom_msg'
[0.142s] Level 1:colcon.colcon_core.package_identification:_identify(src/py_pubsub) by extensions ['ignore', 'ignore_ament_install']
[0.142s] Level 1:colcon.colcon_core.package_identification:_identify(src/py_pubsub) by extension 'ignore'
[0.142s] Level 1:colcon.colcon_core.package_identification:_identify(src/py_pubsub) by extension 'ignore_ament_install'
[0.142s] Level 1:colcon.colcon_core.package_identification:_identify(src/py_pubsub) by extensions ['colcon_pkg']
[0.142s] Level 1:colcon.colcon_core.package_identification:_identify(src/py_pubsub) by extension 'colcon_pkg'
[0.142s] Level 1:colcon.colcon_core.package_identification:_identify(src/py_pubsub) by extensions ['colcon_meta']
[0.142s] Level 1:colcon.colcon_core.package_identification:_identify(src/py_pubsub) by extension 'colcon_meta'
[0.142s] Level 1:colcon.colcon_core.package_identification:_identify(src/py_pubsub) by extensions ['ros']
[0.142s] Level 1:colcon.colcon_core.package_identification:_identify(src/py_pubsub) by extension 'ros'
[0.142s] DEBUG:colcon.colcon_core.package_identification:Package 'src/py_pubsub' with type 'ros.ament_python' and name 'py_pubsub'
[0.142s] Level 1:colcon.colcon_core.package_discovery:discover_packages(recursive) using defaults
[0.142s] Level 1:colcon.colcon_core.package_discovery:discover_packages(ignore) discover
[0.142s] Level 1:colcon.colcon_core.package_discovery:discover_packages(ignore) using defaults
[0.142s] Level 1:colcon.colcon_core.package_discovery:discover_packages(path) discover
[0.142s] Level 1:colcon.colcon_core.package_discovery:discover_packages(path) using defaults
[0.154s] Level 1:colcon.colcon_core.package_discovery:discover_packages(prefix_path) check parameters
[0.154s] Level 1:colcon.colcon_core.package_discovery:discover_packages(prefix_path) discover
[0.154s] WARNING:colcon.colcon_core.prefix_path.colcon:The path '/home/henry/Rover_2023_2024/install' in the environment variable COLCON_PREFIX_PATH doesn't exist
[0.154s] WARNING:colcon.colcon_ros.prefix_path.ament:The path '/home/henry/Rover_2023_2024/install/rover_arm_urdf' in the environment variable AMENT_PREFIX_PATH doesn't exist
[0.154s] WARNING:colcon.colcon_ros.prefix_path.ament:The path '/home/henry/Rover_2023_2024/install/rover2_odometry' in the environment variable AMENT_PREFIX_PATH doesn't exist
[0.154s] WARNING:colcon.colcon_ros.prefix_path.ament:The path '/home/henry/Rover_2023_2024/install/rover2_main' in the environment variable AMENT_PREFIX_PATH doesn't exist
[0.154s] WARNING:colcon.colcon_ros.prefix_path.ament:The path '/home/henry/Rover-Unity/ros2_ws/install/py_pubsub' in the environment variable AMENT_PREFIX_PATH doesn't exist
[0.154s] WARNING:colcon.colcon_ros.prefix_path.ament:The path '/home/henry/Rover-Unity/ros2_ws/install/AutonControlNode' in the environment variable AMENT_PREFIX_PATH doesn't exist
[0.154s] WARNING:colcon.colcon_ros.prefix_path.catkin:The path '/home/henry/Rover_2023_2024/install/rover_arm_urdf' in the environment variable CMAKE_PREFIX_PATH doesn't exist
[0.155s] DEBUG:colcon.colcon_installed_package_information.package_discovery:Found 0 installed packages in /home/henry/Rover-Unity/ros2_ws/install
[0.155s] DEBUG:colcon.colcon_installed_package_information.package_discovery:Found 12 installed packages in /home/henry/Rover_2023_2024/software/install
[0.155s] DEBUG:colcon.colcon_installed_package_information.package_discovery:Found 2 installed packages in /home/henry/rob499_rover_status_ui/install
[0.156s] DEBUG:colcon.colcon_installed_package_information.package_discovery:Found 271 installed packages in /opt/ros/humble
[0.162s] Level 1:colcon.colcon_core.package_discovery:discover_packages(prefix_path) using defaults
[0.179s] Level 5:colcon.colcon_core.verb:set package 'AutonControlNode' build argument 'cmake_args' from command line to 'None'
[0.180s] Level 5:colcon.colcon_core.verb:set package 'AutonControlNode' build argument 'cmake_target' from command line to 'None'
[0.180s] Level 5:colcon.colcon_core.verb:set package 'AutonControlNode' build argument 'cmake_target_skip_unavailable' from command line to 'False'
[0.180s] Level 5:colcon.colcon_core.verb:set package 'AutonControlNode' build argument 'cmake_clean_cache' from command line to 'False'
[0.180s] Level 5:colcon.colcon_core.verb:set package 'AutonControlNode' build argument 'cmake_clean_first' from command line to 'False'
[0.180s] Level 5:colcon.colcon_core.verb:set package 'AutonControlNode' build argument 'cmake_force_configure' from command line to 'False'
[0.180s] Level 5:colcon.colcon_core.verb:set package 'AutonControlNode' build argument 'ament_cmake_args' from command line to 'None'
[0.180s] Level 5:colcon.colcon_core.verb:set package 'AutonControlNode' build argument 'catkin_cmake_args' from command line to 'None'
[0.180s] Level 5:colcon.colcon_core.verb:set package 'AutonControlNode' build argument 'catkin_skip_building_tests' from command line to 'False'
[0.180s] DEBUG:colcon.colcon_core.verb:Building package 'AutonControlNode' with the following arguments: {'ament_cmake_args': None, 'build_base': '/home/henry/Rover-Unity/ros2_ws/build/AutonControlNode', 'catkin_cmake_args': None, 'catkin_skip_building_tests': False, 'cmake_args': None, 'cmake_clean_cache': False, 'cmake_clean_first': False, 'cmake_force_configure': False, 'cmake_target': None, 'cmake_target_skip_unavailable': False, 'install_base': '/home/henry/Rover-Unity/ros2_ws/install/AutonControlNode', 'merge_install': False, 'path': '/home/henry/Rover-Unity/ros2_ws/src/AutonControlNode', 'symlink_install': False, 'test_result_base': None}
[0.180s] Level 5:colcon.colcon_core.verb:set package 'custom_msg' build argument 'cmake_args' from command line to 'None'
[0.180s] Level 5:colcon.colcon_core.verb:set package 'custom_msg' build argument 'cmake_target' from command line to 'None'
[0.180s] Level 5:colcon.colcon_core.verb:set package 'custom_msg' build argument 'cmake_target_skip_unavailable' from command line to 'False'
[0.180s] Level 5:colcon.colcon_core.verb:set package 'custom_msg' build argument 'cmake_clean_cache' from command line to 'False'
[0.180s] Level 5:colcon.colcon_core.verb:set package 'custom_msg' build argument 'cmake_clean_first' from command line to 'False'
[0.180s] Level 5:colcon.colcon_core.verb:set package 'custom_msg' build argument 'cmake_force_configure' from command line to 'False'
[0.180s] Level 5:colcon.colcon_core.verb:set package 'custom_msg' build argument 'ament_cmake_args' from command line to 'None'
[0.180s] Level 5:colcon.colcon_core.verb:set package 'custom_msg' build argument 'catkin_cmake_args' from command line to 'None'
[0.180s] Level 5:colcon.colcon_core.verb:set package 'custom_msg' build argument 'catkin_skip_building_tests' from command line to 'False'
[0.180s] DEBUG:colcon.colcon_core.verb:Building package 'custom_msg' with the following arguments: {'ament_cmake_args': None, 'build_base': '/home/henry/Rover-Unity/ros2_ws/build/custom_msg', 'catkin_cmake_args': None, 'catkin_skip_building_tests': False, 'cmake_args': None, 'cmake_clean_cache': False, 'cmake_clean_first': False, 'cmake_force_configure': False, 'cmake_target': None, 'cmake_target_skip_unavailable': False, 'install_base': '/home/henry/Rover-Unity/ros2_ws/install/custom_msg', 'merge_install': False, 'path': '/home/henry/Rover-Unity/ros2_ws/src/custom_msg', 'symlink_install': False, 'test_result_base': None}
[0.180s] Level 5:colcon.colcon_core.verb:set package 'py_pubsub' build argument 'cmake_args' from command line to 'None'
[0.180s] Level 5:colcon.colcon_core.verb:set package 'py_pubsub' build argument 'cmake_target' from command line to 'None'
[0.180s] Level 5:colcon.colcon_core.verb:set package 'py_pubsub' build argument 'cmake_target_skip_unavailable' from command line to 'False'
[0.180s] Level 5:colcon.colcon_core.verb:set package 'py_pubsub' build argument 'cmake_clean_cache' from command line to 'False'
[0.180s] Level 5:colcon.colcon_core.verb:set package 'py_pubsub' build argument 'cmake_clean_first' from command line to 'False'
[0.180s] Level 5:colcon.colcon_core.verb:set package 'py_pubsub' build argument 'cmake_force_configure' from command line to 'False'
[0.180s] Level 5:colcon.colcon_core.verb:set package 'py_pubsub' build argument 'ament_cmake_args' from command line to 'None'
[0.180s] Level 5:colcon.colcon_core.verb:set package 'py_pubsub' build argument 'catkin_cmake_args' from command line to 'None'
[0.180s] Level 5:colcon.colcon_core.verb:set package 'py_pubsub' build argument 'catkin_skip_building_tests' from command line to 'False'
[0.180s] DEBUG:colcon.colcon_core.verb:Building package 'py_pubsub' with the following arguments: {'ament_cmake_args': None, 'build_base': '/home/henry/Rover-Unity/ros2_ws/build/py_pubsub', 'catkin_cmake_args': None, 'catkin_skip_building_tests': False, 'cmake_args': None, 'cmake_clean_cache': False, 'cmake_clean_first': False, 'cmake_force_configure': False, 'cmake_target': None, 'cmake_target_skip_unavailable': False, 'install_base': '/home/henry/Rover-Unity/ros2_ws/install/py_pubsub', 'merge_install': False, 'path': '/home/henry/Rover-Unity/ros2_ws/src/py_pubsub', 'symlink_install': False, 'test_result_base': None}
[0.180s] INFO:colcon.colcon_core.executor:Executing jobs using 'parallel' executor
[0.181s] DEBUG:colcon.colcon_parallel_executor.executor.parallel:run_until_complete
[0.181s] INFO:colcon.colcon_ros.task.ament_python.build:Building ROS package in '/home/henry/Rover-Unity/ros2_ws/src/AutonControlNode' with build type 'ament_python'
[0.181s] Level 1:colcon.colcon_core.shell:create_environment_hook('AutonControlNode', 'ament_prefix_path')
[0.183s] INFO:colcon.colcon_core.plugin_system:Skipping extension 'colcon_core.shell.bat': Not used on non-Windows systems
[0.183s] INFO:colcon.colcon_core.shell:Creating environment hook '/home/henry/Rover-Unity/ros2_ws/install/AutonControlNode/share/AutonControlNode/hook/ament_prefix_path.ps1'
[0.183s] INFO:colcon.colcon_core.shell:Creating environment descriptor '/home/henry/Rover-Unity/ros2_ws/install/AutonControlNode/share/AutonControlNode/hook/ament_prefix_path.dsv'
[0.183s] INFO:colcon.colcon_core.shell:Creating environment hook '/home/henry/Rover-Unity/ros2_ws/install/AutonControlNode/share/AutonControlNode/hook/ament_prefix_path.sh'
[0.184s] INFO:colcon.colcon_core.shell:Skip shell extension 'powershell' for command environment: Not usable outside of PowerShell
[0.184s] DEBUG:colcon.colcon_core.shell:Skip shell extension 'dsv' for command environment
[0.186s] INFO:colcon.colcon_ros.task.ament_cmake.build:Building ROS package in '/home/henry/Rover-Unity/ros2_ws/src/custom_msg' with build type 'ament_cmake'
[0.186s] INFO:colcon.colcon_cmake.task.cmake.build:Building CMake package in '/home/henry/Rover-Unity/ros2_ws/src/custom_msg'
[0.186s] INFO:colcon.colcon_core.shell:Skip shell extension 'powershell' for command environment: Not usable outside of PowerShell
[0.186s] DEBUG:colcon.colcon_core.shell:Skip shell extension 'dsv' for command environment
[0.188s] INFO:colcon.colcon_ros.task.ament_python.build:Building ROS package in '/home/henry/Rover-Unity/ros2_ws/src/py_pubsub' with build type 'ament_python'
[0.188s] Level 1:colcon.colcon_core.shell:create_environment_hook('py_pubsub', 'ament_prefix_path')
[0.189s] INFO:colcon.colcon_core.shell:Creating environment hook '/home/henry/Rover-Unity/ros2_ws/install/py_pubsub/share/py_pubsub/hook/ament_prefix_path.ps1'
[0.189s] INFO:colcon.colcon_core.shell:Creating environment descriptor '/home/henry/Rover-Unity/ros2_ws/install/py_pubsub/share/py_pubsub/hook/ament_prefix_path.dsv'
[0.189s] INFO:colcon.colcon_core.shell:Creating environment hook '/home/henry/Rover-Unity/ros2_ws/install/py_pubsub/share/py_pubsub/hook/ament_prefix_path.sh'
[0.189s] INFO:colcon.colcon_core.shell:Skip shell extension 'powershell' for command environment: Not usable outside of PowerShell
[0.189s] DEBUG:colcon.colcon_core.shell:Skip shell extension 'dsv' for command environment
[0.320s] INFO:colcon.colcon_core.task.python.build:Building Python package in '/home/henry/Rover-Unity/ros2_ws/src/AutonControlNode'
[0.320s] INFO:colcon.colcon_core.shell:Skip shell extension 'powershell' for command environment: Not usable outside of PowerShell
[0.320s] DEBUG:colcon.colcon_core.shell:Skip shell extension 'dsv' for command environment
[0.325s] DEBUG:colcon.colcon_core.event_handler.log_command:Invoking command in '/home/henry/Rover-Unity/ros2_ws/build/custom_msg': CMAKE_PREFIX_PATH=${CMAKE_PREFIX_PATH}:/home/henry/Rover_2023_2024/software/install/rover2_status:/home/henry/Rover_2023_2024/software/install/rover2_odometry:/home/henry/Rover_2023_2024/software/install/rover2_main:/home/henry/Rover_2023_2024/software/install/rover2_control:/home/henry/Rover_2023_2024/install/rover2_odometry:/home/henry/Rover_2023_2024/install/rover2_main:/home/henry/Rover-Unity/ros2_ws/install/py_pubsub:/home/henry/Rover-Unity/ros2_ws/install/AutonControlNode:/home/henry/rob499_rover_status_ui/install/rob499_rover_status_ui:/opt/ros/humble /usr/bin/cmake /home/henry/Rover-Unity/ros2_ws/src/custom_msg -DCMAKE_INSTALL_PREFIX=/home/henry/Rover-Unity/ros2_ws/install/custom_msg
[0.457s] INFO:colcon.colcon_core.task.python.build:Building Python package in '/home/henry/Rover-Unity/ros2_ws/src/py_pubsub'
[0.457s] INFO:colcon.colcon_core.shell:Skip shell extension 'powershell' for command environment: Not usable outside of PowerShell
[0.457s] DEBUG:colcon.colcon_core.shell:Skip shell extension 'dsv' for command environment
[0.643s] DEBUG:colcon.colcon_core.event_handler.log_command:Invoking command in '/home/henry/Rover-Unity/ros2_ws/src/AutonControlNode': PYTHONPATH=/home/henry/Rover-Unity/ros2_ws/build/AutonControlNode/prefix_override:/usr/lib/python3/dist-packages/colcon_core/task/python/colcon_distutils_commands:/home/henry/Rover-Unity/ros2_ws/install/AutonControlNode/lib/python3.10/site-packages:${PYTHONPATH} /usr/bin/python3 -W ignore:setup.py install is deprecated -W ignore:easy_install command is deprecated setup.py egg_info --egg-base ../../build/AutonControlNode build --build-base /home/henry/Rover-Unity/ros2_ws/build/AutonControlNode/build install --record /home/henry/Rover-Unity/ros2_ws/build/AutonControlNode/install.log --single-version-externally-managed install_data
[0.644s] DEBUG:colcon.colcon_core.event_handler.log_command:Invoking command in '/home/henry/Rover-Unity/ros2_ws/src/py_pubsub': PYTHONPATH=/home/henry/Rover-Unity/ros2_ws/build/py_pubsub/prefix_override:/usr/lib/python3/dist-packages/colcon_core/task/python/colcon_distutils_commands:/home/henry/Rover-Unity/ros2_ws/install/py_pubsub/lib/python3.10/site-packages:${PYTHONPATH} /usr/bin/python3 -W ignore:setup.py install is deprecated -W ignore:easy_install command is deprecated setup.py egg_info --egg-base ../../build/py_pubsub build --build-base /home/henry/Rover-Unity/ros2_ws/build/py_pubsub/build install --record /home/henry/Rover-Unity/ros2_ws/build/py_pubsub/install.log --single-version-externally-managed install_data
[0.799s] DEBUG:colcon.colcon_core.event_handler.log_command:Invoked command in '/home/henry/Rover-Unity/ros2_ws/src/AutonControlNode' returned '0': PYTHONPATH=/home/henry/Rover-Unity/ros2_ws/build/AutonControlNode/prefix_override:/usr/lib/python3/dist-packages/colcon_core/task/python/colcon_distutils_commands:/home/henry/Rover-Unity/ros2_ws/install/AutonControlNode/lib/python3.10/site-packages:${PYTHONPATH} /usr/bin/python3 -W ignore:setup.py install is deprecated -W ignore:easy_install command is deprecated setup.py egg_info --egg-base ../../build/AutonControlNode build --build-base /home/henry/Rover-Unity/ros2_ws/build/AutonControlNode/build install --record /home/henry/Rover-Unity/ros2_ws/build/AutonControlNode/install.log --single-version-externally-managed install_data
[0.801s] Level 1:colcon.colcon_core.environment:checking '/home/henry/Rover-Unity/ros2_ws/install/AutonControlNode' for CMake module files
[0.802s] Level 1:colcon.colcon_core.environment:checking '/home/henry/Rover-Unity/ros2_ws/install/AutonControlNode' for CMake config files
[0.803s] Level 1:colcon.colcon_core.environment:checking '/home/henry/Rover-Unity/ros2_ws/install/AutonControlNode/lib'
[0.803s] Level 1:colcon.colcon_core.environment:checking '/home/henry/Rover-Unity/ros2_ws/install/AutonControlNode/bin'
[0.803s] Level 1:colcon.colcon_core.environment:checking '/home/henry/Rover-Unity/ros2_ws/install/AutonControlNode/lib/pkgconfig/AutonControlNode.pc'
[0.803s] Level 1:colcon.colcon_core.environment:checking '/home/henry/Rover-Unity/ros2_ws/install/AutonControlNode/lib/python3.10/site-packages'
[0.803s] Level 1:colcon.colcon_core.shell:create_environment_hook('AutonControlNode', 'pythonpath')
[0.803s] INFO:colcon.colcon_core.shell:Creating environment hook '/home/henry/Rover-Unity/ros2_ws/install/AutonControlNode/share/AutonControlNode/hook/pythonpath.ps1'
[0.803s] INFO:colcon.colcon_core.shell:Creating environment descriptor '/home/henry/Rover-Unity/ros2_ws/install/AutonControlNode/share/AutonControlNode/hook/pythonpath.dsv'
[0.803s] INFO:colcon.colcon_core.shell:Creating environment hook '/home/henry/Rover-Unity/ros2_ws/install/AutonControlNode/share/AutonControlNode/hook/pythonpath.sh'
[0.804s] Level 1:colcon.colcon_core.environment:checking '/home/henry/Rover-Unity/ros2_ws/install/AutonControlNode/bin'
[0.804s] Level 1:colcon.colcon_core.environment:create_environment_scripts_only(AutonControlNode)
[0.804s] INFO:colcon.colcon_core.shell:Creating package script '/home/henry/Rover-Unity/ros2_ws/install/AutonControlNode/share/AutonControlNode/package.ps1'
[0.804s] INFO:colcon.colcon_core.shell:Creating package descriptor '/home/henry/Rover-Unity/ros2_ws/install/AutonControlNode/share/AutonControlNode/package.dsv'
[0.805s] INFO:colcon.colcon_core.shell:Creating package script '/home/henry/Rover-Unity/ros2_ws/install/AutonControlNode/share/AutonControlNode/package.sh'
[0.805s] INFO:colcon.colcon_core.shell:Creating package script '/home/henry/Rover-Unity/ros2_ws/install/AutonControlNode/share/AutonControlNode/package.bash'
[0.805s] INFO:colcon.colcon_core.shell:Creating package script '/home/henry/Rover-Unity/ros2_ws/install/AutonControlNode/share/AutonControlNode/package.zsh'
[0.806s] Level 1:colcon.colcon_core.environment:create_file_with_runtime_dependencies(/home/henry/Rover-Unity/ros2_ws/install/AutonControlNode/share/colcon-core/packages/AutonControlNode)
[0.808s] Level 1:colcon.colcon_core.environment:checking '/home/henry/Rover-Unity/ros2_ws/install/py_pubsub' for CMake module files
[0.808s] DEBUG:colcon.colcon_core.event_handler.log_command:Invoked command in '/home/henry/Rover-Unity/ros2_ws/src/py_pubsub' returned '0': PYTHONPATH=/home/henry/Rover-Unity/ros2_ws/build/py_pubsub/prefix_override:/usr/lib/python3/dist-packages/colcon_core/task/python/colcon_distutils_commands:/home/henry/Rover-Unity/ros2_ws/install/py_pubsub/lib/python3.10/site-packages:${PYTHONPATH} /usr/bin/python3 -W ignore:setup.py install is deprecated -W ignore:easy_install command is deprecated setup.py egg_info --egg-base ../../build/py_pubsub build --build-base /home/henry/Rover-Unity/ros2_ws/build/py_pubsub/build install --record /home/henry/Rover-Unity/ros2_ws/build/py_pubsub/install.log --single-version-externally-managed install_data
[0.808s] Level 1:colcon.colcon_core.environment:checking '/home/henry/Rover-Unity/ros2_ws/install/py_pubsub' for CMake config files
[0.809s] Level 1:colcon.colcon_core.environment:checking '/home/henry/Rover-Unity/ros2_ws/install/py_pubsub/lib'
[0.809s] Level 1:colcon.colcon_core.environment:checking '/home/henry/Rover-Unity/ros2_ws/install/py_pubsub/bin'
[0.809s] Level 1:colcon.colcon_core.environment:checking '/home/henry/Rover-Unity/ros2_ws/install/py_pubsub/lib/pkgconfig/py_pubsub.pc'
[0.809s] Level 1:colcon.colcon_core.environment:checking '/home/henry/Rover-Unity/ros2_ws/install/py_pubsub/lib/python3.10/site-packages'
[0.809s] Level 1:colcon.colcon_core.shell:create_environment_hook('py_pubsub', 'pythonpath')
[0.809s] INFO:colcon.colcon_core.shell:Creating environment hook '/home/henry/Rover-Unity/ros2_ws/install/py_pubsub/share/py_pubsub/hook/pythonpath.ps1'
[0.810s] INFO:colcon.colcon_core.shell:Creating environment descriptor '/home/henry/Rover-Unity/ros2_ws/install/py_pubsub/share/py_pubsub/hook/pythonpath.dsv'
[0.810s] INFO:colcon.colcon_core.shell:Creating environment hook '/home/henry/Rover-Unity/ros2_ws/install/py_pubsub/share/py_pubsub/hook/pythonpath.sh'
[0.811s] Level 1:colcon.colcon_core.environment:checking '/home/henry/Rover-Unity/ros2_ws/install/py_pubsub/bin'
[0.811s] Level 1:colcon.colcon_core.environment:create_environment_scripts_only(py_pubsub)
[0.811s] INFO:colcon.colcon_core.shell:Creating package script '/home/henry/Rover-Unity/ros2_ws/install/py_pubsub/share/py_pubsub/package.ps1'
[0.811s] INFO:colcon.colcon_core.shell:Creating package descriptor '/home/henry/Rover-Unity/ros2_ws/install/py_pubsub/share/py_pubsub/package.dsv'
[0.812s] INFO:colcon.colcon_core.shell:Creating package script '/home/henry/Rover-Unity/ros2_ws/install/py_pubsub/share/py_pubsub/package.sh'
[0.812s] INFO:colcon.colcon_core.shell:Creating package script '/home/henry/Rover-Unity/ros2_ws/install/py_pubsub/share/py_pubsub/package.bash'
[0.812s] INFO:colcon.colcon_core.shell:Creating package script '/home/henry/Rover-Unity/ros2_ws/install/py_pubsub/share/py_pubsub/package.zsh'
[0.813s] Level 1:colcon.colcon_core.environment:create_file_with_runtime_dependencies(/home/henry/Rover-Unity/ros2_ws/install/py_pubsub/share/colcon-core/packages/py_pubsub)
[1.740s] DEBUG:colcon.colcon_core.event_handler.log_command:Invoked command in '/home/henry/Rover-Unity/ros2_ws/build/custom_msg' returned '1': CMAKE_PREFIX_PATH=${CMAKE_PREFIX_PATH}:/home/henry/Rover_2023_2024/software/install/rover2_status:/home/henry/Rover_2023_2024/software/install/rover2_odometry:/home/henry/Rover_2023_2024/software/install/rover2_main:/home/henry/Rover_2023_2024/software/install/rover2_control:/home/henry/Rover_2023_2024/install/rover2_odometry:/home/henry/Rover_2023_2024/install/rover2_main:/home/henry/Rover-Unity/ros2_ws/install/py_pubsub:/home/henry/Rover-Unity/ros2_ws/install/AutonControlNode:/home/henry/rob499_rover_status_ui/install/rob499_rover_status_ui:/opt/ros/humble /usr/bin/cmake /home/henry/Rover-Unity/ros2_ws/src/custom_msg -DCMAKE_INSTALL_PREFIX=/home/henry/Rover-Unity/ros2_ws/install/custom_msg
[1.750s] Level 1:colcon.colcon_core.environment:create_environment_scripts_only(custom_msg)
[1.750s] Level 1:colcon.colcon_core.environment:checking '/home/henry/Rover-Unity/ros2_ws/install/custom_msg' for CMake module files
[1.751s] Level 1:colcon.colcon_core.environment:checking '/home/henry/Rover-Unity/ros2_ws/install/custom_msg' for CMake config files
[1.751s] Level 1:colcon.colcon_core.environment:checking '/home/henry/Rover-Unity/ros2_ws/install/custom_msg/bin'
[1.751s] Level 1:colcon.colcon_core.environment:checking '/home/henry/Rover-Unity/ros2_ws/install/custom_msg/lib/pkgconfig/custom_msg.pc'
[1.751s] Level 1:colcon.colcon_core.environment:checking '/home/henry/Rover-Unity/ros2_ws/install/custom_msg/lib/python3.10/site-packages'
[1.751s] Level 1:colcon.colcon_core.environment:checking '/home/henry/Rover-Unity/ros2_ws/install/custom_msg/bin'
[1.752s] INFO:colcon.colcon_core.shell:Creating package script '/home/henry/Rover-Unity/ros2_ws/install/custom_msg/share/custom_msg/package.ps1'
[1.752s] INFO:colcon.colcon_core.shell:Creating package descriptor '/home/henry/Rover-Unity/ros2_ws/install/custom_msg/share/custom_msg/package.dsv'
[1.752s] INFO:colcon.colcon_core.shell:Creating package script '/home/henry/Rover-Unity/ros2_ws/install/custom_msg/share/custom_msg/package.sh'
[1.753s] INFO:colcon.colcon_core.shell:Creating package script '/home/henry/Rover-Unity/ros2_ws/install/custom_msg/share/custom_msg/package.bash'
[1.753s] INFO:colcon.colcon_core.shell:Creating package script '/home/henry/Rover-Unity/ros2_ws/install/custom_msg/share/custom_msg/package.zsh'
[1.753s] Level 1:colcon.colcon_core.environment:create_file_with_runtime_dependencies(/home/henry/Rover-Unity/ros2_ws/install/custom_msg/share/colcon-core/packages/custom_msg)
[1.764s] DEBUG:colcon.colcon_parallel_executor.executor.parallel:closing loop
[1.764s] DEBUG:colcon.colcon_parallel_executor.executor.parallel:loop closed
[1.764s] DEBUG:colcon.colcon_parallel_executor.executor.parallel:run_until_complete finished with '1'
[1.764s] DEBUG:colcon.colcon_core.event_reactor:joining thread
[1.768s] INFO:colcon.colcon_core.plugin_system:Skipping extension 'colcon_notification.desktop_notification.terminal_notifier': Not used on non-Darwin systems
[1.768s] INFO:colcon.colcon_core.plugin_system:Skipping extension 'colcon_notification.desktop_notification.win32': Not used on non-Windows systems
[1.768s] INFO:colcon.colcon_notification.desktop_notification:Sending desktop notification using 'notify2'
[1.776s] DEBUG:colcon.colcon_core.event_reactor:joined thread
[1.777s] INFO:colcon.colcon_core.shell:Creating prefix script '/home/henry/Rover-Unity/ros2_ws/install/local_setup.ps1'
[1.778s] INFO:colcon.colcon_core.shell:Creating prefix util module '/home/henry/Rover-Unity/ros2_ws/install/_local_setup_util_ps1.py'
[1.779s] INFO:colcon.colcon_core.shell:Creating prefix chain script '/home/henry/Rover-Unity/ros2_ws/install/setup.ps1'
[1.780s] INFO:colcon.colcon_core.shell:Creating prefix script '/home/henry/Rover-Unity/ros2_ws/install/local_setup.sh'
[1.780s] INFO:colcon.colcon_core.shell:Creating prefix util module '/home/henry/Rover-Unity/ros2_ws/install/_local_setup_util_sh.py'
[1.780s] INFO:colcon.colcon_core.shell:Creating prefix chain script '/home/henry/Rover-Unity/ros2_ws/install/setup.sh'
[1.781s] INFO:colcon.colcon_core.shell:Creating prefix script '/home/henry/Rover-Unity/ros2_ws/install/local_setup.bash'
[1.781s] INFO:colcon.colcon_core.shell:Creating prefix chain script '/home/henry/Rover-Unity/ros2_ws/install/setup.bash'
[1.782s] INFO:colcon.colcon_core.shell:Creating prefix script '/home/henry/Rover-Unity/ros2_ws/install/local_setup.zsh'
[1.782s] INFO:colcon.colcon_core.shell:Creating prefix chain script '/home/henry/Rover-Unity/ros2_ws/install/setup.zsh'
