[0.303s] Invoking command in '/home/matt/Documents/GitHub/rover-auton/ros2_ws/src/AutonControlNode': PYTHONPATH=/home/matt/Documents/GitHub/rover-auton/ros2_ws/build/AutonControlNode/prefix_override:/usr/lib/python3/dist-packages/colcon_core/task/python/colcon_distutils_commands:/home/matt/Documents/GitHub/rover-auton/ros2_ws/install/AutonControlNode/lib/python3.10/site-packages:${PYTHONPATH} /usr/bin/python3 -W ignore:setup.py install is deprecated -W ignore:easy_install command is deprecated setup.py egg_info --egg-base ../../build/AutonControlNode build --build-base /home/matt/Documents/GitHub/rover-auton/ros2_ws/build/AutonControlNode/build install --record /home/matt/Documents/GitHub/rover-auton/ros2_ws/build/AutonControlNode/install.log --single-version-externally-managed install_data
[0.422s] running egg_info
[0.422s] creating ../../build/AutonControlNode/AutonControlNode.egg-info
[0.422s] writing ../../build/AutonControlNode/AutonControlNode.egg-info/PKG-INFO
[0.423s] writing dependency_links to ../../build/AutonControlNode/AutonControlNode.egg-info/dependency_links.txt
[0.423s] writing entry points to ../../build/AutonControlNode/AutonControlNode.egg-info/entry_points.txt
[0.423s] writing requirements to ../../build/AutonControlNode/AutonControlNode.egg-info/requires.txt
[0.423s] writing top-level names to ../../build/AutonControlNode/AutonControlNode.egg-info/top_level.txt
[0.423s] writing manifest file '../../build/AutonControlNode/AutonControlNode.egg-info/SOURCES.txt'
[0.424s] reading manifest file '../../build/AutonControlNode/AutonControlNode.egg-info/SOURCES.txt'
[0.424s] writing manifest file '../../build/AutonControlNode/AutonControlNode.egg-info/SOURCES.txt'
[0.424s] running build
[0.424s] running build_py
[0.424s] creating /home/matt/Documents/GitHub/rover-auton/ros2_ws/build/AutonControlNode/build
[0.424s] creating /home/matt/Documents/GitHub/rover-auton/ros2_ws/build/AutonControlNode/build/lib
[0.424s] creating /home/matt/Documents/GitHub/rover-auton/ros2_ws/build/AutonControlNode/build/lib/AutonControlNode
[0.424s] copying AutonControlNode/__init__.py -> /home/matt/Documents/GitHub/rover-auton/ros2_ws/build/AutonControlNode/build/lib/AutonControlNode
[0.424s] copying AutonControlNode/auton_control_node.py -> /home/matt/Documents/GitHub/rover-auton/ros2_ws/build/AutonControlNode/build/lib/AutonControlNode
[0.424s] running install
[0.425s] running install_lib
[0.425s] creating /home/matt/Documents/GitHub/rover-auton/ros2_ws/install/AutonControlNode/lib/python3.10/site-packages/AutonControlNode
[0.425s] copying /home/matt/Documents/GitHub/rover-auton/ros2_ws/build/AutonControlNode/build/lib/AutonControlNode/__init__.py -> /home/matt/Documents/GitHub/rover-auton/ros2_ws/install/AutonControlNode/lib/python3.10/site-packages/AutonControlNode
[0.425s] copying /home/matt/Documents/GitHub/rover-auton/ros2_ws/build/AutonControlNode/build/lib/AutonControlNode/auton_control_node.py -> /home/matt/Documents/GitHub/rover-auton/ros2_ws/install/AutonControlNode/lib/python3.10/site-packages/AutonControlNode
[0.425s] byte-compiling /home/matt/Documents/GitHub/rover-auton/ros2_ws/install/AutonControlNode/lib/python3.10/site-packages/AutonControlNode/__init__.py to __init__.cpython-310.pyc
[0.425s] byte-compiling /home/matt/Documents/GitHub/rover-auton/ros2_ws/install/AutonControlNode/lib/python3.10/site-packages/AutonControlNode/auton_control_node.py to auton_control_node.cpython-310.pyc
[0.426s] running install_data
[0.426s] creating /home/matt/Documents/GitHub/rover-auton/ros2_ws/install/AutonControlNode/share/ament_index
[0.426s] creating /home/matt/Documents/GitHub/rover-auton/ros2_ws/install/AutonControlNode/share/ament_index/resource_index
[0.426s] creating /home/matt/Documents/GitHub/rover-auton/ros2_ws/install/AutonControlNode/share/ament_index/resource_index/packages
[0.426s] copying resource/AutonControlNode -> /home/matt/Documents/GitHub/rover-auton/ros2_ws/install/AutonControlNode/share/ament_index/resource_index/packages
[0.426s] copying package.xml -> /home/matt/Documents/GitHub/rover-auton/ros2_ws/install/AutonControlNode/share/AutonControlNode
[0.426s] running install_egg_info
[0.427s] Copying ../../build/AutonControlNode/AutonControlNode.egg-info to /home/matt/Documents/GitHub/rover-auton/ros2_ws/install/AutonControlNode/lib/python3.10/site-packages/AutonControlNode-0.0.0-py3.10.egg-info
[0.427s] running install_scripts
[0.439s] Installing auton_control_node script to /home/matt/Documents/GitHub/rover-auton/ros2_ws/install/AutonControlNode/lib/AutonControlNode
[0.439s] writing list of installed files to '/home/matt/Documents/GitHub/rover-auton/ros2_ws/build/AutonControlNode/install.log'
[0.453s] Invoked command in '/home/matt/Documents/GitHub/rover-auton/ros2_ws/src/AutonControlNode' returned '0': PYTHONPATH=/home/matt/Documents/GitHub/rover-auton/ros2_ws/build/AutonControlNode/prefix_override:/usr/lib/python3/dist-packages/colcon_core/task/python/colcon_distutils_commands:/home/matt/Documents/GitHub/rover-auton/ros2_ws/install/AutonControlNode/lib/python3.10/site-packages:${PYTHONPATH} /usr/bin/python3 -W ignore:setup.py install is deprecated -W ignore:easy_install command is deprecated setup.py egg_info --egg-base ../../build/AutonControlNode build --build-base /home/matt/Documents/GitHub/rover-auton/ros2_ws/build/AutonControlNode/build install --record /home/matt/Documents/GitHub/rover-auton/ros2_ws/build/AutonControlNode/install.log --single-version-externally-managed install_data
