running egg_info
creating ../../build/AutonControlNode/AutonControlNode.egg-info
writing ../../build/AutonControlNode/AutonControlNode.egg-info/PKG-INFO
writing dependency_links to ../../build/AutonControlNode/AutonControlNode.egg-info/dependency_links.txt
writing entry points to ../../build/AutonControlNode/AutonControlNode.egg-info/entry_points.txt
writing requirements to ../../build/AutonControlNode/AutonControlNode.egg-info/requires.txt
writing top-level names to ../../build/AutonControlNode/AutonControlNode.egg-info/top_level.txt
writing manifest file '../../build/AutonControlNode/AutonControlNode.egg-info/SOURCES.txt'
reading manifest file '../../build/AutonControlNode/AutonControlNode.egg-info/SOURCES.txt'
writing manifest file '../../build/AutonControlNode/AutonControlNode.egg-info/SOURCES.txt'
running build
running build_py
creating /home/matt/Documents/GitHub/rover-auton/ros2_ws/build/AutonControlNode/build
creating /home/matt/Documents/GitHub/rover-auton/ros2_ws/build/AutonControlNode/build/lib
creating /home/matt/Documents/GitHub/rover-auton/ros2_ws/build/AutonControlNode/build/lib/AutonControlNode
copying AutonControlNode/__init__.py -> /home/matt/Documents/GitHub/rover-auton/ros2_ws/build/AutonControlNode/build/lib/AutonControlNode
copying AutonControlNode/auton_control_node.py -> /home/matt/Documents/GitHub/rover-auton/ros2_ws/build/AutonControlNode/build/lib/AutonControlNode
running install
running install_lib
creating /home/matt/Documents/GitHub/rover-auton/ros2_ws/install/AutonControlNode/lib/python3.10/site-packages/AutonControlNode
copying /home/matt/Documents/GitHub/rover-auton/ros2_ws/build/AutonControlNode/build/lib/AutonControlNode/__init__.py -> /home/matt/Documents/GitHub/rover-auton/ros2_ws/install/AutonControlNode/lib/python3.10/site-packages/AutonControlNode
copying /home/matt/Documents/GitHub/rover-auton/ros2_ws/build/AutonControlNode/build/lib/AutonControlNode/auton_control_node.py -> /home/matt/Documents/GitHub/rover-auton/ros2_ws/install/AutonControlNode/lib/python3.10/site-packages/AutonControlNode
byte-compiling /home/matt/Documents/GitHub/rover-auton/ros2_ws/install/AutonControlNode/lib/python3.10/site-packages/AutonControlNode/__init__.py to __init__.cpython-310.pyc
byte-compiling /home/matt/Documents/GitHub/rover-auton/ros2_ws/install/AutonControlNode/lib/python3.10/site-packages/AutonControlNode/auton_control_node.py to auton_control_node.cpython-310.pyc
running install_data
creating /home/matt/Documents/GitHub/rover-auton/ros2_ws/install/AutonControlNode/share/ament_index
creating /home/matt/Documents/GitHub/rover-auton/ros2_ws/install/AutonControlNode/share/ament_index/resource_index
creating /home/matt/Documents/GitHub/rover-auton/ros2_ws/install/AutonControlNode/share/ament_index/resource_index/packages
copying resource/AutonControlNode -> /home/matt/Documents/GitHub/rover-auton/ros2_ws/install/AutonControlNode/share/ament_index/resource_index/packages
copying package.xml -> /home/matt/Documents/GitHub/rover-auton/ros2_ws/install/AutonControlNode/share/AutonControlNode
running install_egg_info
Copying ../../build/AutonControlNode/AutonControlNode.egg-info to /home/matt/Documents/GitHub/rover-auton/ros2_ws/install/AutonControlNode/lib/python3.10/site-packages/AutonControlNode-0.0.0-py3.10.egg-info
running install_scripts
Installing auton_control_node script to /home/matt/Documents/GitHub/rover-auton/ros2_ws/install/AutonControlNode/lib/AutonControlNode
writing list of installed files to '/home/matt/Documents/GitHub/rover-auton/ros2_ws/build/AutonControlNode/install.log'
