[0.188s] Invoking command in '/home/henry/Rover-Unity/ros2_ws/build/custom_msg': CMAKE_PREFIX_PATH=${CMAKE_PREFIX_PATH}:/home/henry/Rover_2023_2024/software/install/rover2_status:/home/henry/Rover_2023_2024/software/install/rover2_odometry:/home/henry/Rover_2023_2024/software/install/rover2_main:/home/henry/Rover_2023_2024/software/install/rover2_control:/home/henry/Rover-Unity/ros2_ws/install/py_pubsub:/home/henry/Rover-Unity/ros2_ws/install/AutonControlNode:/home/henry/rob499_rover_status_ui/install/rob499_rover_status_ui:/opt/ros/humble /usr/bin/cmake /home/henry/Rover-Unity/ros2_ws/src/custom_msg -DCMAKE_INSTALL_PREFIX=/home/henry/Rover-Unity/ros2_ws/install/custom_msg
[0.212s] -- Found ament_cmake: 1.3.11 (/opt/ros/humble/share/ament_cmake/cmake)
[0.328s] -- Found geometry_msgs: 4.9.0 (/opt/ros/humble/share/geometry_msgs/cmake)
[0.351s] -- Found rosidl_generator_c: 3.1.6 (/opt/ros/humble/share/rosidl_generator_c/cmake)
[0.355s] -- Found rosidl_adapter: 3.1.6 (/opt/ros/humble/share/rosidl_adapter/cmake)
[0.361s] -- Found rosidl_generator_cpp: 3.1.6 (/opt/ros/humble/share/rosidl_generator_cpp/cmake)
[0.374s] -- Using all available rosidl_typesupport_c: rosidl_typesupport_fastrtps_c;rosidl_typesupport_introspection_c
[0.386s] -- Using all available rosidl_typesupport_cpp: rosidl_typesupport_fastrtps_cpp;rosidl_typesupport_introspection_cpp
[0.417s] -- Found rosidl_default_generators: 1.2.0 (/opt/ros/humble/share/rosidl_default_generators/cmake)
[0.666s] -- Found ament_cmake_ros: 0.10.0 (/opt/ros/humble/share/ament_cmake_ros/cmake)
[1.004s] -- Using all available rosidl_typesupport_c: rosidl_typesupport_fastrtps_c;rosidl_typesupport_introspection_c
[1.128s] -- Using all available rosidl_typesupport_cpp: rosidl_typesupport_fastrtps_cpp;rosidl_typesupport_introspection_cpp
[1.147s] -- Found python_cmake_module: 0.10.0 (/opt/ros/humble/share/python_cmake_module/cmake)
[1.167s] -- Using PYTHON_EXECUTABLE: /usr/bin/python3
[1.167s] -- Using PYTHON_INCLUDE_DIRS: /usr/include/python3.10
[1.167s] -- Using PYTHON_LIBRARIES: /usr/lib/x86_64-linux-gnu/libpython3.10.so
[1.195s] -- Found ament_lint_auto: 0.12.12 (/opt/ros/humble/share/ament_lint_auto/cmake)
[1.202s] -- Found rclcpp: 16.0.12 (/opt/ros/humble/share/rclcpp/cmake)
[1.230s] -- Found rmw_implementation_cmake: 6.1.2 (/opt/ros/humble/share/rmw_implementation_cmake/cmake)
[1.232s] -- Found rmw_fastrtps_cpp: 6.2.7 (/opt/ros/humble/share/rmw_fastrtps_cpp/cmake)
[1.316s] -- Using RMW implementation 'rmw_fastrtps_cpp' as default
[1.359s] [31mCMake Error at CMakeLists.txt:38 (find_package):
[1.359s]   By not providing "Findcustom_msg.cmake" in CMAKE_MODULE_PATH this project
[1.359s]   has asked CMake to find a package configuration file provided by
[1.359s]   "custom_msg", but CMake did not find one.
[1.359s] 
[1.359s]   Could not find a package configuration file provided by "custom_msg" with
[1.359s]   any of the following names:
[1.359s] 
[1.360s]     custom_msgConfig.cmake
[1.360s]     custom_msg-config.cmake
[1.360s] 
[1.360s]   Add the installation prefix of "custom_msg" to CMAKE_PREFIX_PATH or set
[1.360s]   "custom_msg_DIR" to a directory containing one of the above files.  If
[1.360s]   "custom_msg" provides a separate development package or SDK, be sure it has
[1.360s]   been installed.
[1.360s] 
[1.360s] [0m
[1.360s] -- Configuring incomplete, errors occurred!
[1.360s] See also "/home/henry/Rover-Unity/ros2_ws/build/custom_msg/CMakeFiles/CMakeOutput.log".
[1.366s] Invoked command in '/home/henry/Rover-Unity/ros2_ws/build/custom_msg' returned '1': CMAKE_PREFIX_PATH=${CMAKE_PREFIX_PATH}:/home/henry/Rover_2023_2024/software/install/rover2_status:/home/henry/Rover_2023_2024/software/install/rover2_odometry:/home/henry/Rover_2023_2024/software/install/rover2_main:/home/henry/Rover_2023_2024/software/install/rover2_control:/home/henry/Rover-Unity/ros2_ws/install/py_pubsub:/home/henry/Rover-Unity/ros2_ws/install/AutonControlNode:/home/henry/rob499_rover_status_ui/install/rob499_rover_status_ui:/opt/ros/humble /usr/bin/cmake /home/henry/Rover-Unity/ros2_ws/src/custom_msg -DCMAKE_INSTALL_PREFIX=/home/henry/Rover-Unity/ros2_ws/install/custom_msg
