-- Found ament_cmake: 1.3.11 (/opt/ros/humble/share/ament_cmake/cmake)
-- Found geometry_msgs: 4.2.4 (/opt/ros/humble/share/geometry_msgs/cmake)
-- Found rosidl_generator_c: 3.1.6 (/opt/ros/humble/share/rosidl_generator_c/cmake)
-- Found rosidl_adapter: 3.1.6 (/opt/ros/humble/share/rosidl_adapter/cmake)
-- Found rosidl_generator_cpp: 3.1.6 (/opt/ros/humble/share/rosidl_generator_cpp/cmake)
-- Using all available rosidl_typesupport_c: rosidl_typesupport_fastrtps_c;rosidl_typesupport_introspection_c
-- Using all available rosidl_typesupport_cpp: rosidl_typesupport_fastrtps_cpp;rosidl_typesupport_introspection_cpp
-- Found rosidl_default_generators: 1.2.0 (/opt/ros/humble/share/rosidl_default_generators/cmake)
-- Found ament_cmake_ros: 0.10.0 (/opt/ros/humble/share/ament_cmake_ros/cmake)
-- Using all available rosidl_typesupport_c: rosidl_typesupport_fastrtps_c;rosidl_typesupport_introspection_c
-- Using all available rosidl_typesupport_cpp: rosidl_typesupport_fastrtps_cpp;rosidl_typesupport_introspection_cpp
-- Found python_cmake_module: 0.10.0 (/opt/ros/humble/share/python_cmake_module/cmake)
-- Using PYTHON_EXECUTABLE: /usr/bin/python3
-- Using PYTHON_INCLUDE_DIRS: /usr/include/python3.10
-- Using PYTHON_LIBRARIES: /usr/lib/x86_64-linux-gnu/libpython3.10.so
-- Found ament_lint_auto: 0.12.11 (/opt/ros/humble/share/ament_lint_auto/cmake)
-- Found rclcpp: 16.0.11 (/opt/ros/humble/share/rclcpp/cmake)
-- Found rmw_implementation_cmake: 6.1.2 (/opt/ros/humble/share/rmw_implementation_cmake/cmake)
-- Found rmw_fastrtps_cpp: 6.2.7 (/opt/ros/humble/share/rmw_fastrtps_cpp/cmake)
-- Using RMW implementation 'rmw_fastrtps_cpp' as default
-- Found custom_msg: 0.0.0 (/home/matt/Documents/GitHub/Rover-Unity/ros2_ws/install/custom_msg/share/custom_msg/cmake)
-- Added test 'flake8' to check Python code syntax and style conventions
-- Added test 'lint_cmake' to check CMake code style
-- Added test 'pep257' to check Python code against some of the docstring style conventions in PEP 257
-- Added test 'xmllint' to check XML markup files
-- Configuring done
-- Generating done
-- Build files have been written to: /home/matt/Documents/GitHub/Rover-Unity/ros2_ws/build/custom_msg
[  2%] Built target custom_msg__cpp
[35m[1mConsolidate compiler generated dependencies of target custom_msg__rosidl_generator_c[0m
[ 12%] Built target custom_msg__rosidl_generator_c
[35m[1mConsolidate compiler generated dependencies of target custom_msg__rosidl_typesupport_cpp[0m
[35m[1mConsolidate compiler generated dependencies of target custom_msg__rosidl_typesupport_fastrtps_cpp[0m
[35m[1mConsolidate compiler generated dependencies of target custom_msg__rosidl_typesupport_introspection_cpp[0m
[35m[1mConsolidate compiler generated dependencies of target custom_msg__rosidl_typesupport_introspection_c[0m
[35m[1mConsolidate compiler generated dependencies of target custom_msg__rosidl_typesupport_c[0m
[35m[1mConsolidate compiler generated dependencies of target custom_msg__rosidl_typesupport_fastrtps_c[0m
[ 12%] Built target ament_cmake_python_copy_custom_msg
[ 23%] Built target custom_msg__rosidl_typesupport_c
[ 34%] Built target custom_msg__rosidl_typesupport_introspection_c
[ 44%] Built target custom_msg__rosidl_typesupport_cpp
[ 55%] Built target custom_msg__rosidl_typesupport_fastrtps_c
[ 65%] Built target custom_msg__rosidl_typesupport_introspection_cpp
[ 76%] Built target custom_msg__rosidl_typesupport_fastrtps_cpp
[ 76%] Built target custom_msg
[ 78%] Built target custom_msg__py
[35m[1mConsolidate compiler generated dependencies of target custom_msg__rosidl_generator_py[0m
[ 87%] Built target custom_msg__rosidl_generator_py
[35m[1mConsolidate compiler generated dependencies of target custom_msg__rosidl_typesupport_c__pyext[0m
[35m[1mConsolidate compiler generated dependencies of target custom_msg__rosidl_typesupport_fastrtps_c__pyext[0m
[35m[1mConsolidate compiler generated dependencies of target custom_msg__rosidl_typesupport_introspection_c__pyext[0m
[ 91%] Built target custom_msg__rosidl_typesupport_introspection_c__pyext
[ 95%] Built target custom_msg__rosidl_typesupport_c__pyext
[100%] Built target custom_msg__rosidl_typesupport_fastrtps_c__pyext
running egg_info
writing custom_msg.egg-info/PKG-INFO
writing dependency_links to custom_msg.egg-info/dependency_links.txt
writing top-level names to custom_msg.egg-info/top_level.txt
reading manifest file 'custom_msg.egg-info/SOURCES.txt'
writing manifest file 'custom_msg.egg-info/SOURCES.txt'
[100%] Built target ament_cmake_python_build_custom_msg_egg
-- Install configuration: ""
-- Up-to-date: /home/matt/Documents/GitHub/Rover-Unity/ros2_ws/install/custom_msg/share/ament_index/resource_index/rosidl_interfaces/custom_msg
-- Up-to-date: /home/matt/Documents/GitHub/Rover-Unity/ros2_ws/install/custom_msg/include/custom_msg/custom_msg
-- Up-to-date: /home/matt/Documents/GitHub/Rover-Unity/ros2_ws/install/custom_msg/include/custom_msg/custom_msg/srv
-- Up-to-date: /home/matt/Documents/GitHub/Rover-Unity/ros2_ws/install/custom_msg/include/custom_msg/custom_msg/srv/detail
-- Up-to-date: /home/matt/Documents/GitHub/Rover-Unity/ros2_ws/install/custom_msg/include/custom_msg/custom_msg/srv/detail/add_three_ints__functions.h
-- Up-to-date: /home/matt/Documents/GitHub/Rover-Unity/ros2_ws/install/custom_msg/include/custom_msg/custom_msg/srv/detail/add_three_ints__type_support.h
-- Up-to-date: /home/matt/Documents/GitHub/Rover-Unity/ros2_ws/install/custom_msg/include/custom_msg/custom_msg/srv/detail/add_three_ints__struct.h
-- Up-to-date: /home/matt/Documents/GitHub/Rover-Unity/ros2_ws/install/custom_msg/include/custom_msg/custom_msg/srv/detail/add_three_ints__functions.c
-- Up-to-date: /home/matt/Documents/GitHub/Rover-Unity/ros2_ws/install/custom_msg/include/custom_msg/custom_msg/srv/add_three_ints.h
-- Up-to-date: /home/matt/Documents/GitHub/Rover-Unity/ros2_ws/install/custom_msg/include/custom_msg/custom_msg/msg
-- Up-to-date: /home/matt/Documents/GitHub/Rover-Unity/ros2_ws/install/custom_msg/include/custom_msg/custom_msg/msg/rosidl_generator_c__visibility_control.h
-- Up-to-date: /home/matt/Documents/GitHub/Rover-Unity/ros2_ws/install/custom_msg/include/custom_msg/custom_msg/msg/detail
-- Up-to-date: /home/matt/Documents/GitHub/Rover-Unity/ros2_ws/install/custom_msg/include/custom_msg/custom_msg/msg/detail/num__functions.h
-- Up-to-date: /home/matt/Documents/GitHub/Rover-Unity/ros2_ws/install/custom_msg/include/custom_msg/custom_msg/msg/detail/sphere__struct.h
-- Up-to-date: /home/matt/Documents/GitHub/Rover-Unity/ros2_ws/install/custom_msg/include/custom_msg/custom_msg/msg/detail/sphere__type_support.h
-- Up-to-date: /home/matt/Documents/GitHub/Rover-Unity/ros2_ws/install/custom_msg/include/custom_msg/custom_msg/msg/detail/num__struct.h
-- Up-to-date: /home/matt/Documents/GitHub/Rover-Unity/ros2_ws/install/custom_msg/include/custom_msg/custom_msg/msg/detail/num__type_support.h
-- Up-to-date: /home/matt/Documents/GitHub/Rover-Unity/ros2_ws/install/custom_msg/include/custom_msg/custom_msg/msg/detail/num__functions.c
-- Up-to-date: /home/matt/Documents/GitHub/Rover-Unity/ros2_ws/install/custom_msg/include/custom_msg/custom_msg/msg/detail/sphere__functions.h
-- Up-to-date: /home/matt/Documents/GitHub/Rover-Unity/ros2_ws/install/custom_msg/include/custom_msg/custom_msg/msg/detail/sphere__functions.c
-- Up-to-date: /home/matt/Documents/GitHub/Rover-Unity/ros2_ws/install/custom_msg/include/custom_msg/custom_msg/msg/sphere.h
-- Up-to-date: /home/matt/Documents/GitHub/Rover-Unity/ros2_ws/install/custom_msg/include/custom_msg/custom_msg/msg/num.h
-- Up-to-date: /home/matt/Documents/GitHub/Rover-Unity/ros2_ws/install/custom_msg/share/custom_msg/environment/library_path.sh
-- Installing: /home/matt/Documents/GitHub/Rover-Unity/ros2_ws/install/custom_msg/share/custom_msg/environment/library_path.dsv
-- Up-to-date: /home/matt/Documents/GitHub/Rover-Unity/ros2_ws/install/custom_msg/lib/libcustom_msg__rosidl_generator_c.so
-- Up-to-date: /home/matt/Documents/GitHub/Rover-Unity/ros2_ws/install/custom_msg/include/custom_msg/custom_msg
-- Up-to-date: /home/matt/Documents/GitHub/Rover-Unity/ros2_ws/install/custom_msg/include/custom_msg/custom_msg/srv
-- Up-to-date: /home/matt/Documents/GitHub/Rover-Unity/ros2_ws/install/custom_msg/include/custom_msg/custom_msg/srv/detail
-- Up-to-date: /home/matt/Documents/GitHub/Rover-Unity/ros2_ws/install/custom_msg/include/custom_msg/custom_msg/srv/detail/add_three_ints__rosidl_typesupport_fastrtps_c.h
-- Up-to-date: /home/matt/Documents/GitHub/Rover-Unity/ros2_ws/install/custom_msg/include/custom_msg/custom_msg/msg
-- Up-to-date: /home/matt/Documents/GitHub/Rover-Unity/ros2_ws/install/custom_msg/include/custom_msg/custom_msg/msg/detail
-- Up-to-date: /home/matt/Documents/GitHub/Rover-Unity/ros2_ws/install/custom_msg/include/custom_msg/custom_msg/msg/detail/sphere__rosidl_typesupport_fastrtps_c.h
-- Up-to-date: /home/matt/Documents/GitHub/Rover-Unity/ros2_ws/install/custom_msg/include/custom_msg/custom_msg/msg/detail/num__rosidl_typesupport_fastrtps_c.h
-- Up-to-date: /home/matt/Documents/GitHub/Rover-Unity/ros2_ws/install/custom_msg/include/custom_msg/custom_msg/msg/rosidl_typesupport_fastrtps_c__visibility_control.h
-- Up-to-date: /home/matt/Documents/GitHub/Rover-Unity/ros2_ws/install/custom_msg/lib/libcustom_msg__rosidl_typesupport_fastrtps_c.so
-- Up-to-date: /home/matt/Documents/GitHub/Rover-Unity/ros2_ws/install/custom_msg/include/custom_msg/custom_msg
-- Up-to-date: /home/matt/Documents/GitHub/Rover-Unity/ros2_ws/install/custom_msg/include/custom_msg/custom_msg/srv
-- Up-to-date: /home/matt/Documents/GitHub/Rover-Unity/ros2_ws/install/custom_msg/include/custom_msg/custom_msg/srv/detail
-- Up-to-date: /home/matt/Documents/GitHub/Rover-Unity/ros2_ws/install/custom_msg/include/custom_msg/custom_msg/srv/detail/add_three_ints__struct.hpp
-- Up-to-date: /home/matt/Documents/GitHub/Rover-Unity/ros2_ws/install/custom_msg/include/custom_msg/custom_msg/srv/detail/add_three_ints__type_support.hpp
-- Up-to-date: /home/matt/Documents/GitHub/Rover-Unity/ros2_ws/install/custom_msg/include/custom_msg/custom_msg/srv/detail/add_three_ints__traits.hpp
-- Up-to-date: /home/matt/Documents/GitHub/Rover-Unity/ros2_ws/install/custom_msg/include/custom_msg/custom_msg/srv/detail/add_three_ints__builder.hpp
-- Up-to-date: /home/matt/Documents/GitHub/Rover-Unity/ros2_ws/install/custom_msg/include/custom_msg/custom_msg/srv/add_three_ints.hpp
-- Up-to-date: /home/matt/Documents/GitHub/Rover-Unity/ros2_ws/install/custom_msg/include/custom_msg/custom_msg/msg
-- Up-to-date: /home/matt/Documents/GitHub/Rover-Unity/ros2_ws/install/custom_msg/include/custom_msg/custom_msg/msg/num.hpp
-- Up-to-date: /home/matt/Documents/GitHub/Rover-Unity/ros2_ws/install/custom_msg/include/custom_msg/custom_msg/msg/sphere.hpp
-- Up-to-date: /home/matt/Documents/GitHub/Rover-Unity/ros2_ws/install/custom_msg/include/custom_msg/custom_msg/msg/detail
-- Up-to-date: /home/matt/Documents/GitHub/Rover-Unity/ros2_ws/install/custom_msg/include/custom_msg/custom_msg/msg/detail/sphere__traits.hpp
-- Up-to-date: /home/matt/Documents/GitHub/Rover-Unity/ros2_ws/install/custom_msg/include/custom_msg/custom_msg/msg/detail/num__struct.hpp
-- Up-to-date: /home/matt/Documents/GitHub/Rover-Unity/ros2_ws/install/custom_msg/include/custom_msg/custom_msg/msg/detail/num__builder.hpp
-- Up-to-date: /home/matt/Documents/GitHub/Rover-Unity/ros2_ws/install/custom_msg/include/custom_msg/custom_msg/msg/detail/sphere__type_support.hpp
-- Up-to-date: /home/matt/Documents/GitHub/Rover-Unity/ros2_ws/install/custom_msg/include/custom_msg/custom_msg/msg/detail/sphere__struct.hpp
-- Up-to-date: /home/matt/Documents/GitHub/Rover-Unity/ros2_ws/install/custom_msg/include/custom_msg/custom_msg/msg/detail/sphere__builder.hpp
-- Up-to-date: /home/matt/Documents/GitHub/Rover-Unity/ros2_ws/install/custom_msg/include/custom_msg/custom_msg/msg/detail/num__type_support.hpp
-- Up-to-date: /home/matt/Documents/GitHub/Rover-Unity/ros2_ws/install/custom_msg/include/custom_msg/custom_msg/msg/detail/num__traits.hpp
-- Up-to-date: /home/matt/Documents/GitHub/Rover-Unity/ros2_ws/install/custom_msg/include/custom_msg/custom_msg/msg/rosidl_generator_cpp__visibility_control.hpp
-- Up-to-date: /home/matt/Documents/GitHub/Rover-Unity/ros2_ws/install/custom_msg/include/custom_msg/custom_msg
-- Up-to-date: /home/matt/Documents/GitHub/Rover-Unity/ros2_ws/install/custom_msg/include/custom_msg/custom_msg/srv
-- Up-to-date: /home/matt/Documents/GitHub/Rover-Unity/ros2_ws/install/custom_msg/include/custom_msg/custom_msg/srv/detail
-- Up-to-date: /home/matt/Documents/GitHub/Rover-Unity/ros2_ws/install/custom_msg/include/custom_msg/custom_msg/srv/detail/add_three_ints__rosidl_typesupport_fastrtps_cpp.hpp
-- Up-to-date: /home/matt/Documents/GitHub/Rover-Unity/ros2_ws/install/custom_msg/include/custom_msg/custom_msg/srv/detail/dds_fastrtps
-- Up-to-date: /home/matt/Documents/GitHub/Rover-Unity/ros2_ws/install/custom_msg/include/custom_msg/custom_msg/msg
-- Up-to-date: /home/matt/Documents/GitHub/Rover-Unity/ros2_ws/install/custom_msg/include/custom_msg/custom_msg/msg/rosidl_typesupport_fastrtps_cpp__visibility_control.h
-- Up-to-date: /home/matt/Documents/GitHub/Rover-Unity/ros2_ws/install/custom_msg/include/custom_msg/custom_msg/msg/detail
-- Up-to-date: /home/matt/Documents/GitHub/Rover-Unity/ros2_ws/install/custom_msg/include/custom_msg/custom_msg/msg/detail/num__rosidl_typesupport_fastrtps_cpp.hpp
-- Up-to-date: /home/matt/Documents/GitHub/Rover-Unity/ros2_ws/install/custom_msg/include/custom_msg/custom_msg/msg/detail/dds_fastrtps
-- Up-to-date: /home/matt/Documents/GitHub/Rover-Unity/ros2_ws/install/custom_msg/include/custom_msg/custom_msg/msg/detail/sphere__rosidl_typesupport_fastrtps_cpp.hpp
-- Up-to-date: /home/matt/Documents/GitHub/Rover-Unity/ros2_ws/install/custom_msg/lib/libcustom_msg__rosidl_typesupport_fastrtps_cpp.so
-- Up-to-date: /home/matt/Documents/GitHub/Rover-Unity/ros2_ws/install/custom_msg/include/custom_msg/custom_msg
-- Up-to-date: /home/matt/Documents/GitHub/Rover-Unity/ros2_ws/install/custom_msg/include/custom_msg/custom_msg/srv
-- Up-to-date: /home/matt/Documents/GitHub/Rover-Unity/ros2_ws/install/custom_msg/include/custom_msg/custom_msg/srv/detail
-- Up-to-date: /home/matt/Documents/GitHub/Rover-Unity/ros2_ws/install/custom_msg/include/custom_msg/custom_msg/srv/detail/add_three_ints__type_support.c
-- Up-to-date: /home/matt/Documents/GitHub/Rover-Unity/ros2_ws/install/custom_msg/include/custom_msg/custom_msg/srv/detail/add_three_ints__rosidl_typesupport_introspection_c.h
-- Up-to-date: /home/matt/Documents/GitHub/Rover-Unity/ros2_ws/install/custom_msg/include/custom_msg/custom_msg/msg
-- Up-to-date: /home/matt/Documents/GitHub/Rover-Unity/ros2_ws/install/custom_msg/include/custom_msg/custom_msg/msg/detail
-- Up-to-date: /home/matt/Documents/GitHub/Rover-Unity/ros2_ws/install/custom_msg/include/custom_msg/custom_msg/msg/detail/num__type_support.c
-- Up-to-date: /home/matt/Documents/GitHub/Rover-Unity/ros2_ws/install/custom_msg/include/custom_msg/custom_msg/msg/detail/sphere__rosidl_typesupport_introspection_c.h
-- Up-to-date: /home/matt/Documents/GitHub/Rover-Unity/ros2_ws/install/custom_msg/include/custom_msg/custom_msg/msg/detail/sphere__type_support.c
-- Up-to-date: /home/matt/Documents/GitHub/Rover-Unity/ros2_ws/install/custom_msg/include/custom_msg/custom_msg/msg/detail/num__rosidl_typesupport_introspection_c.h
-- Up-to-date: /home/matt/Documents/GitHub/Rover-Unity/ros2_ws/install/custom_msg/include/custom_msg/custom_msg/msg/rosidl_typesupport_introspection_c__visibility_control.h
-- Up-to-date: /home/matt/Documents/GitHub/Rover-Unity/ros2_ws/install/custom_msg/lib/libcustom_msg__rosidl_typesupport_introspection_c.so
-- Up-to-date: /home/matt/Documents/GitHub/Rover-Unity/ros2_ws/install/custom_msg/lib/libcustom_msg__rosidl_typesupport_c.so
-- Up-to-date: /home/matt/Documents/GitHub/Rover-Unity/ros2_ws/install/custom_msg/include/custom_msg/custom_msg
-- Up-to-date: /home/matt/Documents/GitHub/Rover-Unity/ros2_ws/install/custom_msg/include/custom_msg/custom_msg/srv
-- Up-to-date: /home/matt/Documents/GitHub/Rover-Unity/ros2_ws/install/custom_msg/include/custom_msg/custom_msg/srv/detail
-- Up-to-date: /home/matt/Documents/GitHub/Rover-Unity/ros2_ws/install/custom_msg/include/custom_msg/custom_msg/srv/detail/add_three_ints__rosidl_typesupport_introspection_cpp.hpp
-- Up-to-date: /home/matt/Documents/GitHub/Rover-Unity/ros2_ws/install/custom_msg/include/custom_msg/custom_msg/srv/detail/add_three_ints__type_support.cpp
-- Up-to-date: /home/matt/Documents/GitHub/Rover-Unity/ros2_ws/install/custom_msg/include/custom_msg/custom_msg/msg
-- Up-to-date: /home/matt/Documents/GitHub/Rover-Unity/ros2_ws/install/custom_msg/include/custom_msg/custom_msg/msg/detail
-- Up-to-date: /home/matt/Documents/GitHub/Rover-Unity/ros2_ws/install/custom_msg/include/custom_msg/custom_msg/msg/detail/num__rosidl_typesupport_introspection_cpp.hpp
-- Up-to-date: /home/matt/Documents/GitHub/Rover-Unity/ros2_ws/install/custom_msg/include/custom_msg/custom_msg/msg/detail/sphere__type_support.cpp
-- Up-to-date: /home/matt/Documents/GitHub/Rover-Unity/ros2_ws/install/custom_msg/include/custom_msg/custom_msg/msg/detail/num__type_support.cpp
-- Up-to-date: /home/matt/Documents/GitHub/Rover-Unity/ros2_ws/install/custom_msg/include/custom_msg/custom_msg/msg/detail/sphere__rosidl_typesupport_introspection_cpp.hpp
-- Up-to-date: /home/matt/Documents/GitHub/Rover-Unity/ros2_ws/install/custom_msg/lib/libcustom_msg__rosidl_typesupport_introspection_cpp.so
-- Up-to-date: /home/matt/Documents/GitHub/Rover-Unity/ros2_ws/install/custom_msg/lib/libcustom_msg__rosidl_typesupport_cpp.so
-- Up-to-date: /home/matt/Documents/GitHub/Rover-Unity/ros2_ws/install/custom_msg/share/custom_msg/environment/pythonpath.sh
-- Installing: /home/matt/Documents/GitHub/Rover-Unity/ros2_ws/install/custom_msg/share/custom_msg/environment/pythonpath.dsv
-- Up-to-date: /home/matt/Documents/GitHub/Rover-Unity/ros2_ws/install/custom_msg/local/lib/python3.10/dist-packages/custom_msg-0.0.0-py3.10.egg-info
-- Installing: /home/matt/Documents/GitHub/Rover-Unity/ros2_ws/install/custom_msg/local/lib/python3.10/dist-packages/custom_msg-0.0.0-py3.10.egg-info/top_level.txt
-- Installing: /home/matt/Documents/GitHub/Rover-Unity/ros2_ws/install/custom_msg/local/lib/python3.10/dist-packages/custom_msg-0.0.0-py3.10.egg-info/PKG-INFO
-- Installing: /home/matt/Documents/GitHub/Rover-Unity/ros2_ws/install/custom_msg/local/lib/python3.10/dist-packages/custom_msg-0.0.0-py3.10.egg-info/SOURCES.txt
-- Installing: /home/matt/Documents/GitHub/Rover-Unity/ros2_ws/install/custom_msg/local/lib/python3.10/dist-packages/custom_msg-0.0.0-py3.10.egg-info/dependency_links.txt
-- Up-to-date: /home/matt/Documents/GitHub/Rover-Unity/ros2_ws/install/custom_msg/local/lib/python3.10/dist-packages/custom_msg
-- Installing: /home/matt/Documents/GitHub/Rover-Unity/ros2_ws/install/custom_msg/local/lib/python3.10/dist-packages/custom_msg/__init__.py
-- Up-to-date: /home/matt/Documents/GitHub/Rover-Unity/ros2_ws/install/custom_msg/local/lib/python3.10/dist-packages/custom_msg/custom_msg_s__rosidl_typesupport_introspection_c.cpython-310-x86_64-linux-gnu.so
-- Up-to-date: /home/matt/Documents/GitHub/Rover-Unity/ros2_ws/install/custom_msg/local/lib/python3.10/dist-packages/custom_msg/libcustom_msg__rosidl_generator_py.so
-- Up-to-date: /home/matt/Documents/GitHub/Rover-Unity/ros2_ws/install/custom_msg/local/lib/python3.10/dist-packages/custom_msg/_custom_msg_s.ep.rosidl_typesupport_fastrtps_c.c
-- Up-to-date: /home/matt/Documents/GitHub/Rover-Unity/ros2_ws/install/custom_msg/local/lib/python3.10/dist-packages/custom_msg/srv
-- Up-to-date: /home/matt/Documents/GitHub/Rover-Unity/ros2_ws/install/custom_msg/local/lib/python3.10/dist-packages/custom_msg/srv/__init__.py
-- Up-to-date: /home/matt/Documents/GitHub/Rover-Unity/ros2_ws/install/custom_msg/local/lib/python3.10/dist-packages/custom_msg/srv/_add_three_ints_s.c
-- Up-to-date: /home/matt/Documents/GitHub/Rover-Unity/ros2_ws/install/custom_msg/local/lib/python3.10/dist-packages/custom_msg/srv/_add_three_ints.py
-- Up-to-date: /home/matt/Documents/GitHub/Rover-Unity/ros2_ws/install/custom_msg/local/lib/python3.10/dist-packages/custom_msg/_custom_msg_s.ep.rosidl_typesupport_introspection_c.c
-- Up-to-date: /home/matt/Documents/GitHub/Rover-Unity/ros2_ws/install/custom_msg/local/lib/python3.10/dist-packages/custom_msg/custom_msg_s__rosidl_typesupport_c.cpython-310-x86_64-linux-gnu.so
-- Up-to-date: /home/matt/Documents/GitHub/Rover-Unity/ros2_ws/install/custom_msg/local/lib/python3.10/dist-packages/custom_msg/custom_msg_s__rosidl_typesupport_fastrtps_c.cpython-310-x86_64-linux-gnu.so
-- Up-to-date: /home/matt/Documents/GitHub/Rover-Unity/ros2_ws/install/custom_msg/local/lib/python3.10/dist-packages/custom_msg/msg
-- Up-to-date: /home/matt/Documents/GitHub/Rover-Unity/ros2_ws/install/custom_msg/local/lib/python3.10/dist-packages/custom_msg/msg/__init__.py
-- Up-to-date: /home/matt/Documents/GitHub/Rover-Unity/ros2_ws/install/custom_msg/local/lib/python3.10/dist-packages/custom_msg/msg/_num_s.c
-- Up-to-date: /home/matt/Documents/GitHub/Rover-Unity/ros2_ws/install/custom_msg/local/lib/python3.10/dist-packages/custom_msg/msg/_sphere.py
-- Up-to-date: /home/matt/Documents/GitHub/Rover-Unity/ros2_ws/install/custom_msg/local/lib/python3.10/dist-packages/custom_msg/msg/_num.py
-- Up-to-date: /home/matt/Documents/GitHub/Rover-Unity/ros2_ws/install/custom_msg/local/lib/python3.10/dist-packages/custom_msg/msg/_sphere_s.c
-- Up-to-date: /home/matt/Documents/GitHub/Rover-Unity/ros2_ws/install/custom_msg/local/lib/python3.10/dist-packages/custom_msg/_custom_msg_s.ep.rosidl_typesupport_c.c
Listing '/home/matt/Documents/GitHub/Rover-Unity/ros2_ws/install/custom_msg/local/lib/python3.10/dist-packages/custom_msg'...
Compiling '/home/matt/Documents/GitHub/Rover-Unity/ros2_ws/install/custom_msg/local/lib/python3.10/dist-packages/custom_msg/__init__.py'...
Listing '/home/matt/Documents/GitHub/Rover-Unity/ros2_ws/install/custom_msg/local/lib/python3.10/dist-packages/custom_msg/msg'...
Listing '/home/matt/Documents/GitHub/Rover-Unity/ros2_ws/install/custom_msg/local/lib/python3.10/dist-packages/custom_msg/srv'...
-- Up-to-date: /home/matt/Documents/GitHub/Rover-Unity/ros2_ws/install/custom_msg/local/lib/python3.10/dist-packages/custom_msg/custom_msg_s__rosidl_typesupport_fastrtps_c.cpython-310-x86_64-linux-gnu.so
-- Up-to-date: /home/matt/Documents/GitHub/Rover-Unity/ros2_ws/install/custom_msg/local/lib/python3.10/dist-packages/custom_msg/custom_msg_s__rosidl_typesupport_introspection_c.cpython-310-x86_64-linux-gnu.so
-- Up-to-date: /home/matt/Documents/GitHub/Rover-Unity/ros2_ws/install/custom_msg/local/lib/python3.10/dist-packages/custom_msg/custom_msg_s__rosidl_typesupport_c.cpython-310-x86_64-linux-gnu.so
-- Up-to-date: /home/matt/Documents/GitHub/Rover-Unity/ros2_ws/install/custom_msg/lib/libcustom_msg__rosidl_generator_py.so
-- Up-to-date: /home/matt/Documents/GitHub/Rover-Unity/ros2_ws/install/custom_msg/share/custom_msg/msg/Num.idl
-- Up-to-date: /home/matt/Documents/GitHub/Rover-Unity/ros2_ws/install/custom_msg/share/custom_msg/msg/Sphere.idl
-- Up-to-date: /home/matt/Documents/GitHub/Rover-Unity/ros2_ws/install/custom_msg/share/custom_msg/srv/AddThreeInts.idl
-- Up-to-date: /home/matt/Documents/GitHub/Rover-Unity/ros2_ws/install/custom_msg/share/custom_msg/msg/Num.msg
-- Up-to-date: /home/matt/Documents/GitHub/Rover-Unity/ros2_ws/install/custom_msg/share/custom_msg/msg/Sphere.msg
-- Up-to-date: /home/matt/Documents/GitHub/Rover-Unity/ros2_ws/install/custom_msg/share/custom_msg/srv/AddThreeInts.srv
-- Up-to-date: /home/matt/Documents/GitHub/Rover-Unity/ros2_ws/install/custom_msg/share/custom_msg/srv/AddThreeInts_Request.msg
-- Up-to-date: /home/matt/Documents/GitHub/Rover-Unity/ros2_ws/install/custom_msg/share/custom_msg/srv/AddThreeInts_Response.msg
-- Up-to-date: /home/matt/Documents/GitHub/Rover-Unity/ros2_ws/install/custom_msg/share/ament_index/resource_index/package_run_dependencies/custom_msg
-- Installing: /home/matt/Documents/GitHub/Rover-Unity/ros2_ws/install/custom_msg/share/ament_index/resource_index/parent_prefix_path/custom_msg
-- Up-to-date: /home/matt/Documents/GitHub/Rover-Unity/ros2_ws/install/custom_msg/share/custom_msg/environment/ament_prefix_path.sh
-- Installing: /home/matt/Documents/GitHub/Rover-Unity/ros2_ws/install/custom_msg/share/custom_msg/environment/ament_prefix_path.dsv
-- Up-to-date: /home/matt/Documents/GitHub/Rover-Unity/ros2_ws/install/custom_msg/share/custom_msg/environment/path.sh
-- Installing: /home/matt/Documents/GitHub/Rover-Unity/ros2_ws/install/custom_msg/share/custom_msg/environment/path.dsv
-- Up-to-date: /home/matt/Documents/GitHub/Rover-Unity/ros2_ws/install/custom_msg/share/custom_msg/local_setup.bash
-- Up-to-date: /home/matt/Documents/GitHub/Rover-Unity/ros2_ws/install/custom_msg/share/custom_msg/local_setup.sh
-- Up-to-date: /home/matt/Documents/GitHub/Rover-Unity/ros2_ws/install/custom_msg/share/custom_msg/local_setup.zsh
-- Installing: /home/matt/Documents/GitHub/Rover-Unity/ros2_ws/install/custom_msg/share/custom_msg/local_setup.dsv
-- Installing: /home/matt/Documents/GitHub/Rover-Unity/ros2_ws/install/custom_msg/share/custom_msg/package.dsv
-- Up-to-date: /home/matt/Documents/GitHub/Rover-Unity/ros2_ws/install/custom_msg/share/ament_index/resource_index/packages/custom_msg
-- Up-to-date: /home/matt/Documents/GitHub/Rover-Unity/ros2_ws/install/custom_msg/share/custom_msg/cmake/export_custom_msg__rosidl_generator_cExport.cmake
-- Up-to-date: /home/matt/Documents/GitHub/Rover-Unity/ros2_ws/install/custom_msg/share/custom_msg/cmake/export_custom_msg__rosidl_generator_cExport-noconfig.cmake
-- Up-to-date: /home/matt/Documents/GitHub/Rover-Unity/ros2_ws/install/custom_msg/share/custom_msg/cmake/export_custom_msg__rosidl_typesupport_fastrtps_cExport.cmake
-- Up-to-date: /home/matt/Documents/GitHub/Rover-Unity/ros2_ws/install/custom_msg/share/custom_msg/cmake/export_custom_msg__rosidl_typesupport_fastrtps_cExport-noconfig.cmake
-- Up-to-date: /home/matt/Documents/GitHub/Rover-Unity/ros2_ws/install/custom_msg/share/custom_msg/cmake/export_custom_msg__rosidl_generator_cppExport.cmake
-- Up-to-date: /home/matt/Documents/GitHub/Rover-Unity/ros2_ws/install/custom_msg/share/custom_msg/cmake/export_custom_msg__rosidl_typesupport_fastrtps_cppExport.cmake
-- Up-to-date: /home/matt/Documents/GitHub/Rover-Unity/ros2_ws/install/custom_msg/share/custom_msg/cmake/export_custom_msg__rosidl_typesupport_fastrtps_cppExport-noconfig.cmake
-- Up-to-date: /home/matt/Documents/GitHub/Rover-Unity/ros2_ws/install/custom_msg/share/custom_msg/cmake/custom_msg__rosidl_typesupport_introspection_cExport.cmake
-- Up-to-date: /home/matt/Documents/GitHub/Rover-Unity/ros2_ws/install/custom_msg/share/custom_msg/cmake/custom_msg__rosidl_typesupport_introspection_cExport-noconfig.cmake
-- Up-to-date: /home/matt/Documents/GitHub/Rover-Unity/ros2_ws/install/custom_msg/share/custom_msg/cmake/custom_msg__rosidl_typesupport_cExport.cmake
-- Up-to-date: /home/matt/Documents/GitHub/Rover-Unity/ros2_ws/install/custom_msg/share/custom_msg/cmake/custom_msg__rosidl_typesupport_cExport-noconfig.cmake
-- Up-to-date: /home/matt/Documents/GitHub/Rover-Unity/ros2_ws/install/custom_msg/share/custom_msg/cmake/custom_msg__rosidl_typesupport_introspection_cppExport.cmake
-- Up-to-date: /home/matt/Documents/GitHub/Rover-Unity/ros2_ws/install/custom_msg/share/custom_msg/cmake/custom_msg__rosidl_typesupport_introspection_cppExport-noconfig.cmake
-- Up-to-date: /home/matt/Documents/GitHub/Rover-Unity/ros2_ws/install/custom_msg/share/custom_msg/cmake/custom_msg__rosidl_typesupport_cppExport.cmake
-- Up-to-date: /home/matt/Documents/GitHub/Rover-Unity/ros2_ws/install/custom_msg/share/custom_msg/cmake/custom_msg__rosidl_typesupport_cppExport-noconfig.cmake
-- Up-to-date: /home/matt/Documents/GitHub/Rover-Unity/ros2_ws/install/custom_msg/share/custom_msg/cmake/export_custom_msg__rosidl_generator_pyExport.cmake
-- Up-to-date: /home/matt/Documents/GitHub/Rover-Unity/ros2_ws/install/custom_msg/share/custom_msg/cmake/export_custom_msg__rosidl_generator_pyExport-noconfig.cmake
-- Up-to-date: /home/matt/Documents/GitHub/Rover-Unity/ros2_ws/install/custom_msg/share/custom_msg/cmake/rosidl_cmake-extras.cmake
-- Up-to-date: /home/matt/Documents/GitHub/Rover-Unity/ros2_ws/install/custom_msg/share/custom_msg/cmake/ament_cmake_export_dependencies-extras.cmake
-- Up-to-date: /home/matt/Documents/GitHub/Rover-Unity/ros2_ws/install/custom_msg/share/custom_msg/cmake/ament_cmake_export_include_directories-extras.cmake
-- Up-to-date: /home/matt/Documents/GitHub/Rover-Unity/ros2_ws/install/custom_msg/share/custom_msg/cmake/ament_cmake_export_libraries-extras.cmake
-- Up-to-date: /home/matt/Documents/GitHub/Rover-Unity/ros2_ws/install/custom_msg/share/custom_msg/cmake/ament_cmake_export_targets-extras.cmake
-- Up-to-date: /home/matt/Documents/GitHub/Rover-Unity/ros2_ws/install/custom_msg/share/custom_msg/cmake/rosidl_cmake_export_typesupport_targets-extras.cmake
-- Up-to-date: /home/matt/Documents/GitHub/Rover-Unity/ros2_ws/install/custom_msg/share/custom_msg/cmake/rosidl_cmake_export_typesupport_libraries-extras.cmake
-- Up-to-date: /home/matt/Documents/GitHub/Rover-Unity/ros2_ws/install/custom_msg/share/custom_msg/cmake/custom_msgConfig.cmake
-- Up-to-date: /home/matt/Documents/GitHub/Rover-Unity/ros2_ws/install/custom_msg/share/custom_msg/cmake/custom_msgConfig-version.cmake
-- Installing: /home/matt/Documents/GitHub/Rover-Unity/ros2_ws/install/custom_msg/share/custom_msg/package.xml
