[0.006s] Invoking command in '/home/matt/Documents/GitHub/Rover-Unity/ros2_ws/build/custom_msg': CMAKE_PREFIX_PATH=/opt/ros/humble /usr/bin/cmake --build /home/matt/Documents/GitHub/Rover-Unity/ros2_ws/build/custom_msg -- -j20 -l20
[0.023s] -- Found ament_cmake: 1.3.11 (/opt/ros/humble/share/ament_cmake/cmake)
[0.093s] -- Found geometry_msgs: 4.2.4 (/opt/ros/humble/share/geometry_msgs/cmake)
[0.105s] -- Found rosidl_generator_c: 3.1.6 (/opt/ros/humble/share/rosidl_generator_c/cmake)
[0.106s] -- Found rosidl_adapter: 3.1.6 (/opt/ros/humble/share/rosidl_adapter/cmake)
[0.109s] -- Found rosidl_generator_cpp: 3.1.6 (/opt/ros/humble/share/rosidl_generator_cpp/cmake)
[0.115s] -- Using all available rosidl_typesupport_c: rosidl_typesupport_fastrtps_c;rosidl_typesupport_introspection_c
[0.121s] -- Using all available rosidl_typesupport_cpp: rosidl_typesupport_fastrtps_cpp;rosidl_typesupport_introspection_cpp
[0.140s] -- Found rosidl_default_generators: 1.2.0 (/opt/ros/humble/share/rosidl_default_generators/cmake)
[0.303s] -- Found ament_cmake_ros: 0.10.0 (/opt/ros/humble/share/ament_cmake_ros/cmake)
[0.525s] -- Using all available rosidl_typesupport_c: rosidl_typesupport_fastrtps_c;rosidl_typesupport_introspection_c
[0.620s] -- Using all available rosidl_typesupport_cpp: rosidl_typesupport_fastrtps_cpp;rosidl_typesupport_introspection_cpp
[0.632s] -- Found python_cmake_module: 0.10.0 (/opt/ros/humble/share/python_cmake_module/cmake)
[0.644s] -- Using PYTHON_EXECUTABLE: /usr/bin/python3
[0.644s] -- Using PYTHON_INCLUDE_DIRS: /usr/include/python3.10
[0.644s] -- Using PYTHON_LIBRARIES: /usr/lib/x86_64-linux-gnu/libpython3.10.so
[0.662s] -- Found ament_lint_auto: 0.12.11 (/opt/ros/humble/share/ament_lint_auto/cmake)
[0.664s] -- Found rclcpp: 16.0.11 (/opt/ros/humble/share/rclcpp/cmake)
[0.678s] -- Found rmw_implementation_cmake: 6.1.2 (/opt/ros/humble/share/rmw_implementation_cmake/cmake)
[0.679s] -- Found rmw_fastrtps_cpp: 6.2.7 (/opt/ros/humble/share/rmw_fastrtps_cpp/cmake)
[0.732s] -- Using RMW implementation 'rmw_fastrtps_cpp' as default
[0.753s] -- Found custom_msg: 0.0.0 (/home/matt/Documents/GitHub/Rover-Unity/ros2_ws/install/custom_msg/share/custom_msg/cmake)
[0.761s] -- Added test 'flake8' to check Python code syntax and style conventions
[0.762s] -- Added test 'lint_cmake' to check CMake code style
[0.762s] -- Added test 'pep257' to check Python code against some of the docstring style conventions in PEP 257
[0.763s] -- Added test 'xmllint' to check XML markup files
[0.764s] -- Configuring done
[0.811s] -- Generating done
[0.818s] -- Build files have been written to: /home/matt/Documents/GitHub/Rover-Unity/ros2_ws/build/custom_msg
[0.844s] [  2%] Built target custom_msg__cpp
[0.848s] [35m[1mConsolidate compiler generated dependencies of target custom_msg__rosidl_generator_c[0m
[0.856s] [ 12%] Built target custom_msg__rosidl_generator_c
[0.860s] [35m[1mConsolidate compiler generated dependencies of target custom_msg__rosidl_typesupport_cpp[0m
[0.860s] [35m[1mConsolidate compiler generated dependencies of target custom_msg__rosidl_typesupport_fastrtps_cpp[0m
[0.861s] [35m[1mConsolidate compiler generated dependencies of target custom_msg__rosidl_typesupport_introspection_cpp[0m
[0.867s] [35m[1mConsolidate compiler generated dependencies of target custom_msg__rosidl_typesupport_introspection_c[0m
[0.867s] [35m[1mConsolidate compiler generated dependencies of target custom_msg__rosidl_typesupport_c[0m
[0.868s] [35m[1mConsolidate compiler generated dependencies of target custom_msg__rosidl_typesupport_fastrtps_c[0m
[0.871s] [ 12%] Built target ament_cmake_python_copy_custom_msg
[0.875s] [ 23%] Built target custom_msg__rosidl_typesupport_c
[0.877s] [ 34%] Built target custom_msg__rosidl_typesupport_introspection_c
[0.885s] [ 44%] Built target custom_msg__rosidl_typesupport_cpp
[0.885s] [ 55%] Built target custom_msg__rosidl_typesupport_fastrtps_c
[0.885s] [ 65%] Built target custom_msg__rosidl_typesupport_introspection_cpp
[0.885s] [ 76%] Built target custom_msg__rosidl_typesupport_fastrtps_cpp
[0.899s] [ 76%] Built target custom_msg
[0.909s] [ 78%] Built target custom_msg__py
[0.960s] [35m[1mConsolidate compiler generated dependencies of target custom_msg__rosidl_generator_py[0m
[1.006s] [ 87%] Built target custom_msg__rosidl_generator_py
[1.012s] [35m[1mConsolidate compiler generated dependencies of target custom_msg__rosidl_typesupport_c__pyext[0m
[1.012s] [35m[1mConsolidate compiler generated dependencies of target custom_msg__rosidl_typesupport_fastrtps_c__pyext[0m
[1.012s] [35m[1mConsolidate compiler generated dependencies of target custom_msg__rosidl_typesupport_introspection_c__pyext[0m
[1.018s] [ 91%] Built target custom_msg__rosidl_typesupport_introspection_c__pyext
[1.021s] [ 95%] Built target custom_msg__rosidl_typesupport_c__pyext
[1.021s] [100%] Built target custom_msg__rosidl_typesupport_fastrtps_c__pyext
[1.044s] running egg_info
[1.045s] writing custom_msg.egg-info/PKG-INFO
[1.045s] writing dependency_links to custom_msg.egg-info/dependency_links.txt
[1.045s] writing top-level names to custom_msg.egg-info/top_level.txt
[1.061s] reading manifest file 'custom_msg.egg-info/SOURCES.txt'
[1.077s] writing manifest file 'custom_msg.egg-info/SOURCES.txt'
[1.092s] [100%] Built target ament_cmake_python_build_custom_msg_egg
[1.099s] Invoked command in '/home/matt/Documents/GitHub/Rover-Unity/ros2_ws/build/custom_msg' returned '0': CMAKE_PREFIX_PATH=/opt/ros/humble /usr/bin/cmake --build /home/matt/Documents/GitHub/Rover-Unity/ros2_ws/build/custom_msg -- -j20 -l20
[1.106s] Invoking command in '/home/matt/Documents/GitHub/Rover-Unity/ros2_ws/build/custom_msg': CMAKE_PREFIX_PATH=/opt/ros/humble /usr/bin/cmake --install /home/matt/Documents/GitHub/Rover-Unity/ros2_ws/build/custom_msg
[1.110s] -- Install configuration: ""
[1.110s] -- Up-to-date: /home/matt/Documents/GitHub/Rover-Unity/ros2_ws/install/custom_msg/share/ament_index/resource_index/rosidl_interfaces/custom_msg
[1.110s] -- Up-to-date: /home/matt/Documents/GitHub/Rover-Unity/ros2_ws/install/custom_msg/include/custom_msg/custom_msg
[1.111s] -- Up-to-date: /home/matt/Documents/GitHub/Rover-Unity/ros2_ws/install/custom_msg/include/custom_msg/custom_msg/srv
[1.111s] -- Up-to-date: /home/matt/Documents/GitHub/Rover-Unity/ros2_ws/install/custom_msg/include/custom_msg/custom_msg/srv/detail
[1.111s] -- Up-to-date: /home/matt/Documents/GitHub/Rover-Unity/ros2_ws/install/custom_msg/include/custom_msg/custom_msg/srv/detail/add_three_ints__functions.h
[1.111s] -- Up-to-date: /home/matt/Documents/GitHub/Rover-Unity/ros2_ws/install/custom_msg/include/custom_msg/custom_msg/srv/detail/add_three_ints__type_support.h
[1.111s] -- Up-to-date: /home/matt/Documents/GitHub/Rover-Unity/ros2_ws/install/custom_msg/include/custom_msg/custom_msg/srv/detail/add_three_ints__struct.h
[1.111s] -- Up-to-date: /home/matt/Documents/GitHub/Rover-Unity/ros2_ws/install/custom_msg/include/custom_msg/custom_msg/srv/detail/add_three_ints__functions.c
[1.111s] -- Up-to-date: /home/matt/Documents/GitHub/Rover-Unity/ros2_ws/install/custom_msg/include/custom_msg/custom_msg/srv/add_three_ints.h
[1.111s] -- Up-to-date: /home/matt/Documents/GitHub/Rover-Unity/ros2_ws/install/custom_msg/include/custom_msg/custom_msg/msg
[1.111s] -- Up-to-date: /home/matt/Documents/GitHub/Rover-Unity/ros2_ws/install/custom_msg/include/custom_msg/custom_msg/msg/rosidl_generator_c__visibility_control.h
[1.111s] -- Up-to-date: /home/matt/Documents/GitHub/Rover-Unity/ros2_ws/install/custom_msg/include/custom_msg/custom_msg/msg/detail
[1.111s] -- Up-to-date: /home/matt/Documents/GitHub/Rover-Unity/ros2_ws/install/custom_msg/include/custom_msg/custom_msg/msg/detail/num__functions.h
[1.111s] -- Up-to-date: /home/matt/Documents/GitHub/Rover-Unity/ros2_ws/install/custom_msg/include/custom_msg/custom_msg/msg/detail/sphere__struct.h
[1.111s] -- Up-to-date: /home/matt/Documents/GitHub/Rover-Unity/ros2_ws/install/custom_msg/include/custom_msg/custom_msg/msg/detail/sphere__type_support.h
[1.111s] -- Up-to-date: /home/matt/Documents/GitHub/Rover-Unity/ros2_ws/install/custom_msg/include/custom_msg/custom_msg/msg/detail/num__struct.h
[1.111s] -- Up-to-date: /home/matt/Documents/GitHub/Rover-Unity/ros2_ws/install/custom_msg/include/custom_msg/custom_msg/msg/detail/num__type_support.h
[1.111s] -- Up-to-date: /home/matt/Documents/GitHub/Rover-Unity/ros2_ws/install/custom_msg/include/custom_msg/custom_msg/msg/detail/num__functions.c
[1.111s] -- Up-to-date: /home/matt/Documents/GitHub/Rover-Unity/ros2_ws/install/custom_msg/include/custom_msg/custom_msg/msg/detail/sphere__functions.h
[1.111s] -- Up-to-date: /home/matt/Documents/GitHub/Rover-Unity/ros2_ws/install/custom_msg/include/custom_msg/custom_msg/msg/detail/sphere__functions.c
[1.111s] -- Up-to-date: /home/matt/Documents/GitHub/Rover-Unity/ros2_ws/install/custom_msg/include/custom_msg/custom_msg/msg/sphere.h
[1.111s] -- Up-to-date: /home/matt/Documents/GitHub/Rover-Unity/ros2_ws/install/custom_msg/include/custom_msg/custom_msg/msg/num.h
[1.111s] -- Up-to-date: /home/matt/Documents/GitHub/Rover-Unity/ros2_ws/install/custom_msg/share/custom_msg/environment/library_path.sh
[1.111s] -- Installing: /home/matt/Documents/GitHub/Rover-Unity/ros2_ws/install/custom_msg/share/custom_msg/environment/library_path.dsv
[1.111s] -- Up-to-date: /home/matt/Documents/GitHub/Rover-Unity/ros2_ws/install/custom_msg/lib/libcustom_msg__rosidl_generator_c.so
[1.112s] -- Up-to-date: /home/matt/Documents/GitHub/Rover-Unity/ros2_ws/install/custom_msg/include/custom_msg/custom_msg
[1.112s] -- Up-to-date: /home/matt/Documents/GitHub/Rover-Unity/ros2_ws/install/custom_msg/include/custom_msg/custom_msg/srv
[1.112s] -- Up-to-date: /home/matt/Documents/GitHub/Rover-Unity/ros2_ws/install/custom_msg/include/custom_msg/custom_msg/srv/detail
[1.112s] -- Up-to-date: /home/matt/Documents/GitHub/Rover-Unity/ros2_ws/install/custom_msg/include/custom_msg/custom_msg/srv/detail/add_three_ints__rosidl_typesupport_fastrtps_c.h
[1.112s] -- Up-to-date: /home/matt/Documents/GitHub/Rover-Unity/ros2_ws/install/custom_msg/include/custom_msg/custom_msg/msg
[1.112s] -- Up-to-date: /home/matt/Documents/GitHub/Rover-Unity/ros2_ws/install/custom_msg/include/custom_msg/custom_msg/msg/detail
[1.112s] -- Up-to-date: /home/matt/Documents/GitHub/Rover-Unity/ros2_ws/install/custom_msg/include/custom_msg/custom_msg/msg/detail/sphere__rosidl_typesupport_fastrtps_c.h
[1.112s] -- Up-to-date: /home/matt/Documents/GitHub/Rover-Unity/ros2_ws/install/custom_msg/include/custom_msg/custom_msg/msg/detail/num__rosidl_typesupport_fastrtps_c.h
[1.112s] -- Up-to-date: /home/matt/Documents/GitHub/Rover-Unity/ros2_ws/install/custom_msg/include/custom_msg/custom_msg/msg/rosidl_typesupport_fastrtps_c__visibility_control.h
[1.112s] -- Up-to-date: /home/matt/Documents/GitHub/Rover-Unity/ros2_ws/install/custom_msg/lib/libcustom_msg__rosidl_typesupport_fastrtps_c.so
[1.112s] -- Up-to-date: /home/matt/Documents/GitHub/Rover-Unity/ros2_ws/install/custom_msg/include/custom_msg/custom_msg
[1.112s] -- Up-to-date: /home/matt/Documents/GitHub/Rover-Unity/ros2_ws/install/custom_msg/include/custom_msg/custom_msg/srv
[1.112s] -- Up-to-date: /home/matt/Documents/GitHub/Rover-Unity/ros2_ws/install/custom_msg/include/custom_msg/custom_msg/srv/detail
[1.112s] -- Up-to-date: /home/matt/Documents/GitHub/Rover-Unity/ros2_ws/install/custom_msg/include/custom_msg/custom_msg/srv/detail/add_three_ints__struct.hpp
[1.112s] -- Up-to-date: /home/matt/Documents/GitHub/Rover-Unity/ros2_ws/install/custom_msg/include/custom_msg/custom_msg/srv/detail/add_three_ints__type_support.hpp
[1.112s] -- Up-to-date: /home/matt/Documents/GitHub/Rover-Unity/ros2_ws/install/custom_msg/include/custom_msg/custom_msg/srv/detail/add_three_ints__traits.hpp
[1.112s] -- Up-to-date: /home/matt/Documents/GitHub/Rover-Unity/ros2_ws/install/custom_msg/include/custom_msg/custom_msg/srv/detail/add_three_ints__builder.hpp
[1.112s] -- Up-to-date: /home/matt/Documents/GitHub/Rover-Unity/ros2_ws/install/custom_msg/include/custom_msg/custom_msg/srv/add_three_ints.hpp
[1.112s] -- Up-to-date: /home/matt/Documents/GitHub/Rover-Unity/ros2_ws/install/custom_msg/include/custom_msg/custom_msg/msg
[1.112s] -- Up-to-date: /home/matt/Documents/GitHub/Rover-Unity/ros2_ws/install/custom_msg/include/custom_msg/custom_msg/msg/num.hpp
[1.112s] -- Up-to-date: /home/matt/Documents/GitHub/Rover-Unity/ros2_ws/install/custom_msg/include/custom_msg/custom_msg/msg/sphere.hpp
[1.112s] -- Up-to-date: /home/matt/Documents/GitHub/Rover-Unity/ros2_ws/install/custom_msg/include/custom_msg/custom_msg/msg/detail
[1.112s] -- Up-to-date: /home/matt/Documents/GitHub/Rover-Unity/ros2_ws/install/custom_msg/include/custom_msg/custom_msg/msg/detail/sphere__traits.hpp
[1.112s] -- Up-to-date: /home/matt/Documents/GitHub/Rover-Unity/ros2_ws/install/custom_msg/include/custom_msg/custom_msg/msg/detail/num__struct.hpp
[1.112s] -- Up-to-date: /home/matt/Documents/GitHub/Rover-Unity/ros2_ws/install/custom_msg/include/custom_msg/custom_msg/msg/detail/num__builder.hpp
[1.112s] -- Up-to-date: /home/matt/Documents/GitHub/Rover-Unity/ros2_ws/install/custom_msg/include/custom_msg/custom_msg/msg/detail/sphere__type_support.hpp
[1.112s] -- Up-to-date: /home/matt/Documents/GitHub/Rover-Unity/ros2_ws/install/custom_msg/include/custom_msg/custom_msg/msg/detail/sphere__struct.hpp
[1.112s] -- Up-to-date: /home/matt/Documents/GitHub/Rover-Unity/ros2_ws/install/custom_msg/include/custom_msg/custom_msg/msg/detail/sphere__builder.hpp
[1.112s] -- Up-to-date: /home/matt/Documents/GitHub/Rover-Unity/ros2_ws/install/custom_msg/include/custom_msg/custom_msg/msg/detail/num__type_support.hpp
[1.112s] -- Up-to-date: /home/matt/Documents/GitHub/Rover-Unity/ros2_ws/install/custom_msg/include/custom_msg/custom_msg/msg/detail/num__traits.hpp
[1.113s] -- Up-to-date: /home/matt/Documents/GitHub/Rover-Unity/ros2_ws/install/custom_msg/include/custom_msg/custom_msg/msg/rosidl_generator_cpp__visibility_control.hpp
[1.113s] -- Up-to-date: /home/matt/Documents/GitHub/Rover-Unity/ros2_ws/install/custom_msg/include/custom_msg/custom_msg
[1.113s] -- Up-to-date: /home/matt/Documents/GitHub/Rover-Unity/ros2_ws/install/custom_msg/include/custom_msg/custom_msg/srv
[1.113s] -- Up-to-date: /home/matt/Documents/GitHub/Rover-Unity/ros2_ws/install/custom_msg/include/custom_msg/custom_msg/srv/detail
[1.113s] -- Up-to-date: /home/matt/Documents/GitHub/Rover-Unity/ros2_ws/install/custom_msg/include/custom_msg/custom_msg/srv/detail/add_three_ints__rosidl_typesupport_fastrtps_cpp.hpp
[1.113s] -- Up-to-date: /home/matt/Documents/GitHub/Rover-Unity/ros2_ws/install/custom_msg/include/custom_msg/custom_msg/srv/detail/dds_fastrtps
[1.113s] -- Up-to-date: /home/matt/Documents/GitHub/Rover-Unity/ros2_ws/install/custom_msg/include/custom_msg/custom_msg/msg
[1.113s] -- Up-to-date: /home/matt/Documents/GitHub/Rover-Unity/ros2_ws/install/custom_msg/include/custom_msg/custom_msg/msg/rosidl_typesupport_fastrtps_cpp__visibility_control.h
[1.113s] -- Up-to-date: /home/matt/Documents/GitHub/Rover-Unity/ros2_ws/install/custom_msg/include/custom_msg/custom_msg/msg/detail
[1.113s] -- Up-to-date: /home/matt/Documents/GitHub/Rover-Unity/ros2_ws/install/custom_msg/include/custom_msg/custom_msg/msg/detail/num__rosidl_typesupport_fastrtps_cpp.hpp
[1.113s] -- Up-to-date: /home/matt/Documents/GitHub/Rover-Unity/ros2_ws/install/custom_msg/include/custom_msg/custom_msg/msg/detail/dds_fastrtps
[1.113s] -- Up-to-date: /home/matt/Documents/GitHub/Rover-Unity/ros2_ws/install/custom_msg/include/custom_msg/custom_msg/msg/detail/sphere__rosidl_typesupport_fastrtps_cpp.hpp
[1.113s] -- Up-to-date: /home/matt/Documents/GitHub/Rover-Unity/ros2_ws/install/custom_msg/lib/libcustom_msg__rosidl_typesupport_fastrtps_cpp.so
[1.113s] -- Up-to-date: /home/matt/Documents/GitHub/Rover-Unity/ros2_ws/install/custom_msg/include/custom_msg/custom_msg
[1.113s] -- Up-to-date: /home/matt/Documents/GitHub/Rover-Unity/ros2_ws/install/custom_msg/include/custom_msg/custom_msg/srv
[1.113s] -- Up-to-date: /home/matt/Documents/GitHub/Rover-Unity/ros2_ws/install/custom_msg/include/custom_msg/custom_msg/srv/detail
[1.113s] -- Up-to-date: /home/matt/Documents/GitHub/Rover-Unity/ros2_ws/install/custom_msg/include/custom_msg/custom_msg/srv/detail/add_three_ints__type_support.c
[1.113s] -- Up-to-date: /home/matt/Documents/GitHub/Rover-Unity/ros2_ws/install/custom_msg/include/custom_msg/custom_msg/srv/detail/add_three_ints__rosidl_typesupport_introspection_c.h
[1.113s] -- Up-to-date: /home/matt/Documents/GitHub/Rover-Unity/ros2_ws/install/custom_msg/include/custom_msg/custom_msg/msg
[1.113s] -- Up-to-date: /home/matt/Documents/GitHub/Rover-Unity/ros2_ws/install/custom_msg/include/custom_msg/custom_msg/msg/detail
[1.113s] -- Up-to-date: /home/matt/Documents/GitHub/Rover-Unity/ros2_ws/install/custom_msg/include/custom_msg/custom_msg/msg/detail/num__type_support.c
[1.113s] -- Up-to-date: /home/matt/Documents/GitHub/Rover-Unity/ros2_ws/install/custom_msg/include/custom_msg/custom_msg/msg/detail/sphere__rosidl_typesupport_introspection_c.h
[1.113s] -- Up-to-date: /home/matt/Documents/GitHub/Rover-Unity/ros2_ws/install/custom_msg/include/custom_msg/custom_msg/msg/detail/sphere__type_support.c
[1.113s] -- Up-to-date: /home/matt/Documents/GitHub/Rover-Unity/ros2_ws/install/custom_msg/include/custom_msg/custom_msg/msg/detail/num__rosidl_typesupport_introspection_c.h
[1.113s] -- Up-to-date: /home/matt/Documents/GitHub/Rover-Unity/ros2_ws/install/custom_msg/include/custom_msg/custom_msg/msg/rosidl_typesupport_introspection_c__visibility_control.h
[1.120s] -- Up-to-date: /home/matt/Documents/GitHub/Rover-Unity/ros2_ws/install/custom_msg/lib/libcustom_msg__rosidl_typesupport_introspection_c.so
[1.121s] -- Up-to-date: /home/matt/Documents/GitHub/Rover-Unity/ros2_ws/install/custom_msg/lib/libcustom_msg__rosidl_typesupport_c.so
[1.121s] -- Up-to-date: /home/matt/Documents/GitHub/Rover-Unity/ros2_ws/install/custom_msg/include/custom_msg/custom_msg
[1.121s] -- Up-to-date: /home/matt/Documents/GitHub/Rover-Unity/ros2_ws/install/custom_msg/include/custom_msg/custom_msg/srv
[1.121s] -- Up-to-date: /home/matt/Documents/GitHub/Rover-Unity/ros2_ws/install/custom_msg/include/custom_msg/custom_msg/srv/detail
[1.121s] -- Up-to-date: /home/matt/Documents/GitHub/Rover-Unity/ros2_ws/install/custom_msg/include/custom_msg/custom_msg/srv/detail/add_three_ints__rosidl_typesupport_introspection_cpp.hpp
[1.121s] -- Up-to-date: /home/matt/Documents/GitHub/Rover-Unity/ros2_ws/install/custom_msg/include/custom_msg/custom_msg/srv/detail/add_three_ints__type_support.cpp
[1.121s] -- Up-to-date: /home/matt/Documents/GitHub/Rover-Unity/ros2_ws/install/custom_msg/include/custom_msg/custom_msg/msg
[1.121s] -- Up-to-date: /home/matt/Documents/GitHub/Rover-Unity/ros2_ws/install/custom_msg/include/custom_msg/custom_msg/msg/detail
[1.121s] -- Up-to-date: /home/matt/Documents/GitHub/Rover-Unity/ros2_ws/install/custom_msg/include/custom_msg/custom_msg/msg/detail/num__rosidl_typesupport_introspection_cpp.hpp
[1.121s] -- Up-to-date: /home/matt/Documents/GitHub/Rover-Unity/ros2_ws/install/custom_msg/include/custom_msg/custom_msg/msg/detail/sphere__type_support.cpp
[1.121s] -- Up-to-date: /home/matt/Documents/GitHub/Rover-Unity/ros2_ws/install/custom_msg/include/custom_msg/custom_msg/msg/detail/num__type_support.cpp
[1.121s] -- Up-to-date: /home/matt/Documents/GitHub/Rover-Unity/ros2_ws/install/custom_msg/include/custom_msg/custom_msg/msg/detail/sphere__rosidl_typesupport_introspection_cpp.hpp
[1.121s] -- Up-to-date: /home/matt/Documents/GitHub/Rover-Unity/ros2_ws/install/custom_msg/lib/libcustom_msg__rosidl_typesupport_introspection_cpp.so
[1.121s] -- Up-to-date: /home/matt/Documents/GitHub/Rover-Unity/ros2_ws/install/custom_msg/lib/libcustom_msg__rosidl_typesupport_cpp.so
[1.122s] -- Up-to-date: /home/matt/Documents/GitHub/Rover-Unity/ros2_ws/install/custom_msg/share/custom_msg/environment/pythonpath.sh
[1.122s] -- Installing: /home/matt/Documents/GitHub/Rover-Unity/ros2_ws/install/custom_msg/share/custom_msg/environment/pythonpath.dsv
[1.122s] -- Up-to-date: /home/matt/Documents/GitHub/Rover-Unity/ros2_ws/install/custom_msg/local/lib/python3.10/dist-packages/custom_msg-0.0.0-py3.10.egg-info
[1.122s] -- Installing: /home/matt/Documents/GitHub/Rover-Unity/ros2_ws/install/custom_msg/local/lib/python3.10/dist-packages/custom_msg-0.0.0-py3.10.egg-info/top_level.txt
[1.122s] -- Installing: /home/matt/Documents/GitHub/Rover-Unity/ros2_ws/install/custom_msg/local/lib/python3.10/dist-packages/custom_msg-0.0.0-py3.10.egg-info/PKG-INFO
[1.122s] -- Installing: /home/matt/Documents/GitHub/Rover-Unity/ros2_ws/install/custom_msg/local/lib/python3.10/dist-packages/custom_msg-0.0.0-py3.10.egg-info/SOURCES.txt
[1.122s] -- Installing: /home/matt/Documents/GitHub/Rover-Unity/ros2_ws/install/custom_msg/local/lib/python3.10/dist-packages/custom_msg-0.0.0-py3.10.egg-info/dependency_links.txt
[1.122s] -- Up-to-date: /home/matt/Documents/GitHub/Rover-Unity/ros2_ws/install/custom_msg/local/lib/python3.10/dist-packages/custom_msg
[1.122s] -- Installing: /home/matt/Documents/GitHub/Rover-Unity/ros2_ws/install/custom_msg/local/lib/python3.10/dist-packages/custom_msg/__init__.py
[1.122s] -- Up-to-date: /home/matt/Documents/GitHub/Rover-Unity/ros2_ws/install/custom_msg/local/lib/python3.10/dist-packages/custom_msg/custom_msg_s__rosidl_typesupport_introspection_c.cpython-310-x86_64-linux-gnu.so
[1.122s] -- Up-to-date: /home/matt/Documents/GitHub/Rover-Unity/ros2_ws/install/custom_msg/local/lib/python3.10/dist-packages/custom_msg/libcustom_msg__rosidl_generator_py.so
[1.122s] -- Up-to-date: /home/matt/Documents/GitHub/Rover-Unity/ros2_ws/install/custom_msg/local/lib/python3.10/dist-packages/custom_msg/_custom_msg_s.ep.rosidl_typesupport_fastrtps_c.c
[1.122s] -- Up-to-date: /home/matt/Documents/GitHub/Rover-Unity/ros2_ws/install/custom_msg/local/lib/python3.10/dist-packages/custom_msg/srv
[1.122s] -- Up-to-date: /home/matt/Documents/GitHub/Rover-Unity/ros2_ws/install/custom_msg/local/lib/python3.10/dist-packages/custom_msg/srv/__init__.py
[1.122s] -- Up-to-date: /home/matt/Documents/GitHub/Rover-Unity/ros2_ws/install/custom_msg/local/lib/python3.10/dist-packages/custom_msg/srv/_add_three_ints_s.c
[1.122s] -- Up-to-date: /home/matt/Documents/GitHub/Rover-Unity/ros2_ws/install/custom_msg/local/lib/python3.10/dist-packages/custom_msg/srv/_add_three_ints.py
[1.122s] -- Up-to-date: /home/matt/Documents/GitHub/Rover-Unity/ros2_ws/install/custom_msg/local/lib/python3.10/dist-packages/custom_msg/_custom_msg_s.ep.rosidl_typesupport_introspection_c.c
[1.122s] -- Up-to-date: /home/matt/Documents/GitHub/Rover-Unity/ros2_ws/install/custom_msg/local/lib/python3.10/dist-packages/custom_msg/custom_msg_s__rosidl_typesupport_c.cpython-310-x86_64-linux-gnu.so
[1.122s] -- Up-to-date: /home/matt/Documents/GitHub/Rover-Unity/ros2_ws/install/custom_msg/local/lib/python3.10/dist-packages/custom_msg/custom_msg_s__rosidl_typesupport_fastrtps_c.cpython-310-x86_64-linux-gnu.so
[1.122s] -- Up-to-date: /home/matt/Documents/GitHub/Rover-Unity/ros2_ws/install/custom_msg/local/lib/python3.10/dist-packages/custom_msg/msg
[1.122s] -- Up-to-date: /home/matt/Documents/GitHub/Rover-Unity/ros2_ws/install/custom_msg/local/lib/python3.10/dist-packages/custom_msg/msg/__init__.py
[1.122s] -- Up-to-date: /home/matt/Documents/GitHub/Rover-Unity/ros2_ws/install/custom_msg/local/lib/python3.10/dist-packages/custom_msg/msg/_num_s.c
[1.122s] -- Up-to-date: /home/matt/Documents/GitHub/Rover-Unity/ros2_ws/install/custom_msg/local/lib/python3.10/dist-packages/custom_msg/msg/_sphere.py
[1.122s] -- Up-to-date: /home/matt/Documents/GitHub/Rover-Unity/ros2_ws/install/custom_msg/local/lib/python3.10/dist-packages/custom_msg/msg/_num.py
[1.122s] -- Up-to-date: /home/matt/Documents/GitHub/Rover-Unity/ros2_ws/install/custom_msg/local/lib/python3.10/dist-packages/custom_msg/msg/_sphere_s.c
[1.122s] -- Up-to-date: /home/matt/Documents/GitHub/Rover-Unity/ros2_ws/install/custom_msg/local/lib/python3.10/dist-packages/custom_msg/_custom_msg_s.ep.rosidl_typesupport_c.c
[1.159s] Listing '/home/matt/Documents/GitHub/Rover-Unity/ros2_ws/install/custom_msg/local/lib/python3.10/dist-packages/custom_msg'...
[1.159s] Compiling '/home/matt/Documents/GitHub/Rover-Unity/ros2_ws/install/custom_msg/local/lib/python3.10/dist-packages/custom_msg/__init__.py'...
[1.159s] Listing '/home/matt/Documents/GitHub/Rover-Unity/ros2_ws/install/custom_msg/local/lib/python3.10/dist-packages/custom_msg/msg'...
[1.159s] Listing '/home/matt/Documents/GitHub/Rover-Unity/ros2_ws/install/custom_msg/local/lib/python3.10/dist-packages/custom_msg/srv'...
[1.162s] -- Up-to-date: /home/matt/Documents/GitHub/Rover-Unity/ros2_ws/install/custom_msg/local/lib/python3.10/dist-packages/custom_msg/custom_msg_s__rosidl_typesupport_fastrtps_c.cpython-310-x86_64-linux-gnu.so
[1.163s] -- Up-to-date: /home/matt/Documents/GitHub/Rover-Unity/ros2_ws/install/custom_msg/local/lib/python3.10/dist-packages/custom_msg/custom_msg_s__rosidl_typesupport_introspection_c.cpython-310-x86_64-linux-gnu.so
[1.163s] -- Up-to-date: /home/matt/Documents/GitHub/Rover-Unity/ros2_ws/install/custom_msg/local/lib/python3.10/dist-packages/custom_msg/custom_msg_s__rosidl_typesupport_c.cpython-310-x86_64-linux-gnu.so
[1.163s] -- Up-to-date: /home/matt/Documents/GitHub/Rover-Unity/ros2_ws/install/custom_msg/lib/libcustom_msg__rosidl_generator_py.so
[1.163s] -- Up-to-date: /home/matt/Documents/GitHub/Rover-Unity/ros2_ws/install/custom_msg/share/custom_msg/msg/Num.idl
[1.163s] -- Up-to-date: /home/matt/Documents/GitHub/Rover-Unity/ros2_ws/install/custom_msg/share/custom_msg/msg/Sphere.idl
[1.163s] -- Up-to-date: /home/matt/Documents/GitHub/Rover-Unity/ros2_ws/install/custom_msg/share/custom_msg/srv/AddThreeInts.idl
[1.163s] -- Up-to-date: /home/matt/Documents/GitHub/Rover-Unity/ros2_ws/install/custom_msg/share/custom_msg/msg/Num.msg
[1.164s] -- Up-to-date: /home/matt/Documents/GitHub/Rover-Unity/ros2_ws/install/custom_msg/share/custom_msg/msg/Sphere.msg
[1.164s] -- Up-to-date: /home/matt/Documents/GitHub/Rover-Unity/ros2_ws/install/custom_msg/share/custom_msg/srv/AddThreeInts.srv
[1.164s] -- Up-to-date: /home/matt/Documents/GitHub/Rover-Unity/ros2_ws/install/custom_msg/share/custom_msg/srv/AddThreeInts_Request.msg
[1.164s] -- Up-to-date: /home/matt/Documents/GitHub/Rover-Unity/ros2_ws/install/custom_msg/share/custom_msg/srv/AddThreeInts_Response.msg
[1.164s] -- Up-to-date: /home/matt/Documents/GitHub/Rover-Unity/ros2_ws/install/custom_msg/share/ament_index/resource_index/package_run_dependencies/custom_msg
[1.164s] -- Installing: /home/matt/Documents/GitHub/Rover-Unity/ros2_ws/install/custom_msg/share/ament_index/resource_index/parent_prefix_path/custom_msg
[1.164s] -- Up-to-date: /home/matt/Documents/GitHub/Rover-Unity/ros2_ws/install/custom_msg/share/custom_msg/environment/ament_prefix_path.sh
[1.164s] -- Installing: /home/matt/Documents/GitHub/Rover-Unity/ros2_ws/install/custom_msg/share/custom_msg/environment/ament_prefix_path.dsv
[1.164s] -- Up-to-date: /home/matt/Documents/GitHub/Rover-Unity/ros2_ws/install/custom_msg/share/custom_msg/environment/path.sh
[1.164s] -- Installing: /home/matt/Documents/GitHub/Rover-Unity/ros2_ws/install/custom_msg/share/custom_msg/environment/path.dsv
[1.164s] -- Up-to-date: /home/matt/Documents/GitHub/Rover-Unity/ros2_ws/install/custom_msg/share/custom_msg/local_setup.bash
[1.164s] -- Up-to-date: /home/matt/Documents/GitHub/Rover-Unity/ros2_ws/install/custom_msg/share/custom_msg/local_setup.sh
[1.164s] -- Up-to-date: /home/matt/Documents/GitHub/Rover-Unity/ros2_ws/install/custom_msg/share/custom_msg/local_setup.zsh
[1.164s] -- Installing: /home/matt/Documents/GitHub/Rover-Unity/ros2_ws/install/custom_msg/share/custom_msg/local_setup.dsv
[1.164s] -- Installing: /home/matt/Documents/GitHub/Rover-Unity/ros2_ws/install/custom_msg/share/custom_msg/package.dsv
[1.164s] -- Up-to-date: /home/matt/Documents/GitHub/Rover-Unity/ros2_ws/install/custom_msg/share/ament_index/resource_index/packages/custom_msg
[1.164s] -- Up-to-date: /home/matt/Documents/GitHub/Rover-Unity/ros2_ws/install/custom_msg/share/custom_msg/cmake/export_custom_msg__rosidl_generator_cExport.cmake
[1.164s] -- Up-to-date: /home/matt/Documents/GitHub/Rover-Unity/ros2_ws/install/custom_msg/share/custom_msg/cmake/export_custom_msg__rosidl_generator_cExport-noconfig.cmake
[1.164s] -- Up-to-date: /home/matt/Documents/GitHub/Rover-Unity/ros2_ws/install/custom_msg/share/custom_msg/cmake/export_custom_msg__rosidl_typesupport_fastrtps_cExport.cmake
[1.164s] -- Up-to-date: /home/matt/Documents/GitHub/Rover-Unity/ros2_ws/install/custom_msg/share/custom_msg/cmake/export_custom_msg__rosidl_typesupport_fastrtps_cExport-noconfig.cmake
[1.164s] -- Up-to-date: /home/matt/Documents/GitHub/Rover-Unity/ros2_ws/install/custom_msg/share/custom_msg/cmake/export_custom_msg__rosidl_generator_cppExport.cmake
[1.164s] -- Up-to-date: /home/matt/Documents/GitHub/Rover-Unity/ros2_ws/install/custom_msg/share/custom_msg/cmake/export_custom_msg__rosidl_typesupport_fastrtps_cppExport.cmake
[1.164s] -- Up-to-date: /home/matt/Documents/GitHub/Rover-Unity/ros2_ws/install/custom_msg/share/custom_msg/cmake/export_custom_msg__rosidl_typesupport_fastrtps_cppExport-noconfig.cmake
[1.164s] -- Up-to-date: /home/matt/Documents/GitHub/Rover-Unity/ros2_ws/install/custom_msg/share/custom_msg/cmake/custom_msg__rosidl_typesupport_introspection_cExport.cmake
[1.164s] -- Up-to-date: /home/matt/Documents/GitHub/Rover-Unity/ros2_ws/install/custom_msg/share/custom_msg/cmake/custom_msg__rosidl_typesupport_introspection_cExport-noconfig.cmake
[1.164s] -- Up-to-date: /home/matt/Documents/GitHub/Rover-Unity/ros2_ws/install/custom_msg/share/custom_msg/cmake/custom_msg__rosidl_typesupport_cExport.cmake
[1.164s] -- Up-to-date: /home/matt/Documents/GitHub/Rover-Unity/ros2_ws/install/custom_msg/share/custom_msg/cmake/custom_msg__rosidl_typesupport_cExport-noconfig.cmake
[1.164s] -- Up-to-date: /home/matt/Documents/GitHub/Rover-Unity/ros2_ws/install/custom_msg/share/custom_msg/cmake/custom_msg__rosidl_typesupport_introspection_cppExport.cmake
[1.164s] -- Up-to-date: /home/matt/Documents/GitHub/Rover-Unity/ros2_ws/install/custom_msg/share/custom_msg/cmake/custom_msg__rosidl_typesupport_introspection_cppExport-noconfig.cmake
[1.164s] -- Up-to-date: /home/matt/Documents/GitHub/Rover-Unity/ros2_ws/install/custom_msg/share/custom_msg/cmake/custom_msg__rosidl_typesupport_cppExport.cmake
[1.164s] -- Up-to-date: /home/matt/Documents/GitHub/Rover-Unity/ros2_ws/install/custom_msg/share/custom_msg/cmake/custom_msg__rosidl_typesupport_cppExport-noconfig.cmake
[1.164s] -- Up-to-date: /home/matt/Documents/GitHub/Rover-Unity/ros2_ws/install/custom_msg/share/custom_msg/cmake/export_custom_msg__rosidl_generator_pyExport.cmake
[1.164s] -- Up-to-date: /home/matt/Documents/GitHub/Rover-Unity/ros2_ws/install/custom_msg/share/custom_msg/cmake/export_custom_msg__rosidl_generator_pyExport-noconfig.cmake
[1.165s] -- Up-to-date: /home/matt/Documents/GitHub/Rover-Unity/ros2_ws/install/custom_msg/share/custom_msg/cmake/rosidl_cmake-extras.cmake
[1.165s] -- Up-to-date: /home/matt/Documents/GitHub/Rover-Unity/ros2_ws/install/custom_msg/share/custom_msg/cmake/ament_cmake_export_dependencies-extras.cmake
[1.165s] -- Up-to-date: /home/matt/Documents/GitHub/Rover-Unity/ros2_ws/install/custom_msg/share/custom_msg/cmake/ament_cmake_export_include_directories-extras.cmake
[1.165s] -- Up-to-date: /home/matt/Documents/GitHub/Rover-Unity/ros2_ws/install/custom_msg/share/custom_msg/cmake/ament_cmake_export_libraries-extras.cmake
[1.165s] -- Up-to-date: /home/matt/Documents/GitHub/Rover-Unity/ros2_ws/install/custom_msg/share/custom_msg/cmake/ament_cmake_export_targets-extras.cmake
[1.165s] -- Up-to-date: /home/matt/Documents/GitHub/Rover-Unity/ros2_ws/install/custom_msg/share/custom_msg/cmake/rosidl_cmake_export_typesupport_targets-extras.cmake
[1.165s] -- Up-to-date: /home/matt/Documents/GitHub/Rover-Unity/ros2_ws/install/custom_msg/share/custom_msg/cmake/rosidl_cmake_export_typesupport_libraries-extras.cmake
[1.165s] -- Up-to-date: /home/matt/Documents/GitHub/Rover-Unity/ros2_ws/install/custom_msg/share/custom_msg/cmake/custom_msgConfig.cmake
[1.165s] -- Up-to-date: /home/matt/Documents/GitHub/Rover-Unity/ros2_ws/install/custom_msg/share/custom_msg/cmake/custom_msgConfig-version.cmake
[1.165s] -- Installing: /home/matt/Documents/GitHub/Rover-Unity/ros2_ws/install/custom_msg/share/custom_msg/package.xml
[1.166s] Invoked command in '/home/matt/Documents/GitHub/Rover-Unity/ros2_ws/build/custom_msg' returned '0': CMAKE_PREFIX_PATH=/opt/ros/humble /usr/bin/cmake --install /home/matt/Documents/GitHub/Rover-Unity/ros2_ws/build/custom_msg
