[0.583s] Invoking command in '/home/matt/Documents/GitHub/Rover-Unity/ros2_ws/build/py_pubsub': PYTHONPATH=/home/matt/Documents/GitHub/Rover-Unity/ros2_ws/build/py_pubsub/prefix_override:/usr/lib/python3/dist-packages/colcon_core/task/python/colcon_distutils_commands:/home/matt/Documents/GitHub/Rover-Unity/ros2_ws/install/py_pubsub/lib/python3.10/site-packages:${PYTHONPATH} /usr/bin/python3 -W ignore:setup.py install is deprecated -W ignore:easy_install command is deprecated setup.py develop --editable --build-directory /home/matt/Documents/GitHub/Rover-Unity/ros2_ws/build/py_pubsub/build --no-deps symlink_data
[0.770s] running develop
[0.846s] running egg_info
[0.846s] writing py_pubsub.egg-info/PKG-INFO
[0.846s] writing dependency_links to py_pubsub.egg-info/dependency_links.txt
[0.846s] writing entry points to py_pubsub.egg-info/entry_points.txt
[0.846s] writing requirements to py_pubsub.egg-info/requires.txt
[0.846s] writing top-level names to py_pubsub.egg-info/top_level.txt
[0.847s] reading manifest file 'py_pubsub.egg-info/SOURCES.txt'
[0.848s] writing manifest file 'py_pubsub.egg-info/SOURCES.txt'
[0.849s] running build_ext
[0.849s] Creating /home/matt/Documents/GitHub/Rover-Unity/ros2_ws/install/py_pubsub/lib/python3.10/site-packages/py-pubsub.egg-link (link to .)
[0.849s] Installing auton_controller script to /home/matt/Documents/GitHub/Rover-Unity/ros2_ws/install/py_pubsub/lib/py_pubsub
[0.850s] Installing listener script to /home/matt/Documents/GitHub/Rover-Unity/ros2_ws/install/py_pubsub/lib/py_pubsub
[0.850s] Installing simple_position script to /home/matt/Documents/GitHub/Rover-Unity/ros2_ws/install/py_pubsub/lib/py_pubsub
[0.850s] Installing talker script to /home/matt/Documents/GitHub/Rover-Unity/ros2_ws/install/py_pubsub/lib/py_pubsub
[0.850s] Installing tcp_relay script to /home/matt/Documents/GitHub/Rover-Unity/ros2_ws/install/py_pubsub/lib/py_pubsub
[0.850s] 
[0.850s] Installed /home/matt/Documents/GitHub/Rover-Unity/ros2_ws/build/py_pubsub
[0.850s] running symlink_data
[0.871s] Invoked command in '/home/matt/Documents/GitHub/Rover-Unity/ros2_ws/build/py_pubsub' returned '0': PYTHONPATH=/home/matt/Documents/GitHub/Rover-Unity/ros2_ws/build/py_pubsub/prefix_override:/usr/lib/python3/dist-packages/colcon_core/task/python/colcon_distutils_commands:/home/matt/Documents/GitHub/Rover-Unity/ros2_ws/install/py_pubsub/lib/python3.10/site-packages:${PYTHONPATH} /usr/bin/python3 -W ignore:setup.py install is deprecated -W ignore:easy_install command is deprecated setup.py develop --editable --build-directory /home/matt/Documents/GitHub/Rover-Unity/ros2_ws/build/py_pubsub/build --no-deps symlink_data
