[1.570s] Invoking command in '/home/matt/Documents/GitHub/Rover-Unity/ros2_ws/build/py_pubsub': PYTHONPATH=/home/matt/Documents/GitHub/Rover-Unity/ros2_ws/build/py_pubsub/prefix_override:/usr/lib/python3/dist-packages/colcon_core/task/python/colcon_distutils_commands:/home/matt/Documents/GitHub/Rover-Unity/ros2_ws/install/py_pubsub/lib/python3.10/site-packages:${PYTHONPATH} /usr/bin/python3 -W ignore:setup.py install is deprecated -W ignore:easy_install command is deprecated setup.py develop --editable --build-directory /home/matt/Documents/GitHub/Rover-Unity/ros2_ws/build/py_pubsub/build --no-deps symlink_data --force
[2.359s] running develop
[2.814s] running egg_info
[2.814s] writing py_pubsub.egg-info/PKG-INFO
[2.815s] writing dependency_links to py_pubsub.egg-info/dependency_links.txt
[2.816s] writing entry points to py_pubsub.egg-info/entry_points.txt
[2.816s] writing requirements to py_pubsub.egg-info/requires.txt
[2.817s] writing top-level names to py_pubsub.egg-info/top_level.txt
[2.821s] reading manifest file 'py_pubsub.egg-info/SOURCES.txt'
[2.824s] writing manifest file 'py_pubsub.egg-info/SOURCES.txt'
[2.829s] running build_ext
[2.829s] Creating /home/matt/Documents/GitHub/Rover-Unity/ros2_ws/install/py_pubsub/lib/python3.10/site-packages/py-pubsub.egg-link (link to .)
[2.832s] Installing auton_controller script to /home/matt/Documents/GitHub/Rover-Unity/ros2_ws/install/py_pubsub/lib/py_pubsub
[2.833s] Installing listener script to /home/matt/Documents/GitHub/Rover-Unity/ros2_ws/install/py_pubsub/lib/py_pubsub
[2.834s] Installing simple_position script to /home/matt/Documents/GitHub/Rover-Unity/ros2_ws/install/py_pubsub/lib/py_pubsub
[2.834s] Installing talker script to /home/matt/Documents/GitHub/Rover-Unity/ros2_ws/install/py_pubsub/lib/py_pubsub
[2.834s] Installing tcp_relay script to /home/matt/Documents/GitHub/Rover-Unity/ros2_ws/install/py_pubsub/lib/py_pubsub
[2.835s] 
[2.835s] Installed /home/matt/Documents/GitHub/Rover-Unity/ros2_ws/build/py_pubsub
[2.836s] running symlink_data
[2.836s] symbolically linking /home/matt/Documents/GitHub/Rover-Unity/ros2_ws/build/py_pubsub/resource/py_pubsub -> /home/matt/Documents/GitHub/Rover-Unity/ros2_ws/install/py_pubsub/share/ament_index/resource_index/packages
[2.836s] symbolically linking /home/matt/Documents/GitHub/Rover-Unity/ros2_ws/build/py_pubsub/package.xml -> /home/matt/Documents/GitHub/Rover-Unity/ros2_ws/install/py_pubsub/share/py_pubsub
[2.939s] Invoked command in '/home/matt/Documents/GitHub/Rover-Unity/ros2_ws/build/py_pubsub' returned '0': PYTHONPATH=/home/matt/Documents/GitHub/Rover-Unity/ros2_ws/build/py_pubsub/prefix_override:/usr/lib/python3/dist-packages/colcon_core/task/python/colcon_distutils_commands:/home/matt/Documents/GitHub/Rover-Unity/ros2_ws/install/py_pubsub/lib/python3.10/site-packages:${PYTHONPATH} /usr/bin/python3 -W ignore:setup.py install is deprecated -W ignore:easy_install command is deprecated setup.py develop --editable --build-directory /home/matt/Documents/GitHub/Rover-Unity/ros2_ws/build/py_pubsub/build --no-deps symlink_data --force
