[0.155s] DEBUG:colcon:Command line arguments: ['/usr/bin/colcon', 'build']
[0.155s] DEBUG:colcon:Parsed command line arguments: Namespace(log_base=None, log_level=None, verb_name='build', build_base='build', install_base='install', merge_install=False, symlink_install=False, test_result_base=None, continue_on_error=False, executor='parallel', parallel_workers=20, event_handlers=None, ignore_user_meta=False, metas=['./colcon.meta'], base_paths=['.'], packages_ignore=None, packages_ignore_regex=None, paths=None, packages_up_to=None, packages_up_to_regex=None, packages_above=None, packages_above_and_dependencies=None, packages_above_depth=None, packages_select_by_dep=None, packages_skip_by_dep=None, packages_skip_up_to=None, packages_select_build_failed=False, packages_skip_build_finished=False, packages_select_test_failures=False, packages_skip_test_passed=False, packages_select=None, packages_skip=None, packages_select_regex=None, packages_skip_regex=None, packages_start=None, packages_end=None, allow_overriding=[], cmake_args=None, cmake_target=None, cmake_target_skip_unavailable=False, cmake_clean_cache=False, cmake_clean_first=False, cmake_force_configure=False, ament_cmake_args=None, catkin_cmake_args=None, catkin_skip_building_tests=False, mixin_files=None, mixin=None, verb_parser=<colcon_mixin.mixin.mixin_argument.MixinArgumentDecorator object at 0x785ec2567a30>, verb_extension=<colcon_core.verb.build.BuildVerb object at 0x785ec25674c0>, main=<bound method BuildVerb.main of <colcon_core.verb.build.BuildVerb object at 0x785ec25674c0>>, mixin_verb=('build',))
[0.209s] Level 1:colcon.colcon_core.package_discovery:discover_packages(colcon_meta) check parameters
[0.209s] Level 1:colcon.colcon_core.package_discovery:discover_packages(recursive) check parameters
[0.209s] Level 1:colcon.colcon_core.package_discovery:discover_packages(ignore) check parameters
[0.210s] Level 1:colcon.colcon_core.package_discovery:discover_packages(path) check parameters
[0.210s] Level 1:colcon.colcon_core.package_discovery:discover_packages(colcon_meta) discover
[0.210s] Level 1:colcon.colcon_core.package_discovery:discover_packages(recursive) discover
[0.210s] INFO:colcon.colcon_core.package_discovery:Crawling recursively for packages in '/home/makemorerobot/Rover-Unity/ros2_ws'
[0.210s] Level 1:colcon.colcon_core.package_identification:_identify(.) by extensions ['ignore', 'ignore_ament_install']
[0.210s] Level 1:colcon.colcon_core.package_identification:_identify(.) by extension 'ignore'
[0.210s] Level 1:colcon.colcon_core.package_identification:_identify(.) by extension 'ignore_ament_install'
[0.210s] Level 1:colcon.colcon_core.package_identification:_identify(.) by extensions ['colcon_pkg']
[0.210s] Level 1:colcon.colcon_core.package_identification:_identify(.) by extension 'colcon_pkg'
[0.210s] Level 1:colcon.colcon_core.package_identification:_identify(.) by extensions ['colcon_meta']
[0.210s] Level 1:colcon.colcon_core.package_identification:_identify(.) by extension 'colcon_meta'
[0.210s] Level 1:colcon.colcon_core.package_identification:_identify(.) by extensions ['ros']
[0.210s] Level 1:colcon.colcon_core.package_identification:_identify(.) by extension 'ros'
[0.231s] Level 1:colcon.colcon_core.package_identification:_identify(.) by extensions ['cmake', 'python']
[0.231s] Level 1:colcon.colcon_core.package_identification:_identify(.) by extension 'cmake'
[0.231s] Level 1:colcon.colcon_core.package_identification:_identify(.) by extension 'python'
[0.231s] Level 1:colcon.colcon_core.package_identification:_identify(.) by extensions ['python_setup_py']
[0.231s] Level 1:colcon.colcon_core.package_identification:_identify(.) by extension 'python_setup_py'
[0.231s] Level 1:colcon.colcon_core.package_identification:_identify(build) by extensions ['ignore', 'ignore_ament_install']
[0.231s] Level 1:colcon.colcon_core.package_identification:_identify(build) by extension 'ignore'
[0.231s] Level 1:colcon.colcon_core.package_identification:_identify(build) ignored
[0.231s] Level 1:colcon.colcon_core.package_identification:_identify(install) by extensions ['ignore', 'ignore_ament_install']
[0.231s] Level 1:colcon.colcon_core.package_identification:_identify(install) by extension 'ignore'
[0.231s] Level 1:colcon.colcon_core.package_identification:_identify(install) ignored
[0.232s] Level 1:colcon.colcon_core.package_identification:_identify(log) by extensions ['ignore', 'ignore_ament_install']
[0.232s] Level 1:colcon.colcon_core.package_identification:_identify(log) by extension 'ignore'
[0.232s] Level 1:colcon.colcon_core.package_identification:_identify(log) ignored
[0.232s] Level 1:colcon.colcon_core.package_identification:_identify(src) by extensions ['ignore', 'ignore_ament_install']
[0.232s] Level 1:colcon.colcon_core.package_identification:_identify(src) by extension 'ignore'
[0.232s] Level 1:colcon.colcon_core.package_identification:_identify(src) by extension 'ignore_ament_install'
[0.232s] Level 1:colcon.colcon_core.package_identification:_identify(src) by extensions ['colcon_pkg']
[0.232s] Level 1:colcon.colcon_core.package_identification:_identify(src) by extension 'colcon_pkg'
[0.232s] Level 1:colcon.colcon_core.package_identification:_identify(src) by extensions ['colcon_meta']
[0.232s] Level 1:colcon.colcon_core.package_identification:_identify(src) by extension 'colcon_meta'
[0.232s] Level 1:colcon.colcon_core.package_identification:_identify(src) by extensions ['ros']
[0.232s] Level 1:colcon.colcon_core.package_identification:_identify(src) by extension 'ros'
[0.232s] Level 1:colcon.colcon_core.package_identification:_identify(src) by extensions ['cmake', 'python']
[0.232s] Level 1:colcon.colcon_core.package_identification:_identify(src) by extension 'cmake'
[0.232s] Level 1:colcon.colcon_core.package_identification:_identify(src) by extension 'python'
[0.232s] Level 1:colcon.colcon_core.package_identification:_identify(src) by extensions ['python_setup_py']
[0.232s] Level 1:colcon.colcon_core.package_identification:_identify(src) by extension 'python_setup_py'
[0.232s] Level 1:colcon.colcon_core.package_identification:_identify(src/AutonControlNode) by extensions ['ignore', 'ignore_ament_install']
[0.233s] Level 1:colcon.colcon_core.package_identification:_identify(src/AutonControlNode) by extension 'ignore'
[0.233s] Level 1:colcon.colcon_core.package_identification:_identify(src/AutonControlNode) by extension 'ignore_ament_install'
[0.233s] Level 1:colcon.colcon_core.package_identification:_identify(src/AutonControlNode) by extensions ['colcon_pkg']
[0.233s] Level 1:colcon.colcon_core.package_identification:_identify(src/AutonControlNode) by extension 'colcon_pkg'
[0.233s] Level 1:colcon.colcon_core.package_identification:_identify(src/AutonControlNode) by extensions ['colcon_meta']
[0.233s] Level 1:colcon.colcon_core.package_identification:_identify(src/AutonControlNode) by extension 'colcon_meta'
[0.233s] Level 1:colcon.colcon_core.package_identification:_identify(src/AutonControlNode) by extensions ['ros']
[0.233s] Level 1:colcon.colcon_core.package_identification:_identify(src/AutonControlNode) by extension 'ros'
[0.236s] DEBUG:colcon.colcon_core.package_identification:Package 'src/AutonControlNode' with type 'ros.ament_python' and name 'AutonControlNode'
[0.237s] Level 1:colcon.colcon_core.package_identification:_identify(src/custom_msg) by extensions ['ignore', 'ignore_ament_install']
[0.237s] Level 1:colcon.colcon_core.package_identification:_identify(src/custom_msg) by extension 'ignore'
[0.237s] Level 1:colcon.colcon_core.package_identification:_identify(src/custom_msg) by extension 'ignore_ament_install'
[0.237s] Level 1:colcon.colcon_core.package_identification:_identify(src/custom_msg) by extensions ['colcon_pkg']
[0.237s] Level 1:colcon.colcon_core.package_identification:_identify(src/custom_msg) by extension 'colcon_pkg'
[0.237s] Level 1:colcon.colcon_core.package_identification:_identify(src/custom_msg) by extensions ['colcon_meta']
[0.237s] Level 1:colcon.colcon_core.package_identification:_identify(src/custom_msg) by extension 'colcon_meta'
[0.237s] Level 1:colcon.colcon_core.package_identification:_identify(src/custom_msg) by extensions ['ros']
[0.237s] Level 1:colcon.colcon_core.package_identification:_identify(src/custom_msg) by extension 'ros'
[0.238s] DEBUG:colcon.colcon_core.package_identification:Package 'src/custom_msg' with type 'ros.ament_cmake' and name 'custom_msg'
[0.238s] Level 1:colcon.colcon_core.package_identification:_identify(src/py_pubsub) by extensions ['ignore', 'ignore_ament_install']
[0.238s] Level 1:colcon.colcon_core.package_identification:_identify(src/py_pubsub) by extension 'ignore'
[0.238s] Level 1:colcon.colcon_core.package_identification:_identify(src/py_pubsub) by extension 'ignore_ament_install'
[0.238s] Level 1:colcon.colcon_core.package_identification:_identify(src/py_pubsub) by extensions ['colcon_pkg']
[0.239s] Level 1:colcon.colcon_core.package_identification:_identify(src/py_pubsub) by extension 'colcon_pkg'
[0.239s] Level 1:colcon.colcon_core.package_identification:_identify(src/py_pubsub) by extensions ['colcon_meta']
[0.239s] Level 1:colcon.colcon_core.package_identification:_identify(src/py_pubsub) by extension 'colcon_meta'
[0.239s] Level 1:colcon.colcon_core.package_identification:_identify(src/py_pubsub) by extensions ['ros']
[0.239s] Level 1:colcon.colcon_core.package_identification:_identify(src/py_pubsub) by extension 'ros'
[0.240s] DEBUG:colcon.colcon_core.package_identification:Package 'src/py_pubsub' with type 'ros.ament_python' and name 'py_pubsub'
[0.240s] Level 1:colcon.colcon_core.package_discovery:discover_packages(recursive) using defaults
[0.240s] Level 1:colcon.colcon_core.package_discovery:discover_packages(ignore) discover
[0.240s] Level 1:colcon.colcon_core.package_discovery:discover_packages(ignore) using defaults
[0.240s] Level 1:colcon.colcon_core.package_discovery:discover_packages(path) discover
[0.240s] Level 1:colcon.colcon_core.package_discovery:discover_packages(path) using defaults
[0.270s] Level 1:colcon.colcon_core.package_discovery:discover_packages(prefix_path) check parameters
[0.271s] Level 1:colcon.colcon_core.package_discovery:discover_packages(prefix_path) discover
[0.272s] WARNING:colcon.colcon_ros.prefix_path.ament:The path '/home/makemorerobot/Rover-Unity/ros2_ws/install/py_pubsub' in the environment variable AMENT_PREFIX_PATH doesn't exist
[0.272s] WARNING:colcon.colcon_ros.prefix_path.ament:The path '/home/makemorerobot/Rover-Unity/ros2_ws/install/custom_msg' in the environment variable AMENT_PREFIX_PATH doesn't exist
[0.272s] WARNING:colcon.colcon_ros.prefix_path.ament:The path '/home/makemorerobot/Rover-Unity/ros2_ws/install/AutonControlNode' in the environment variable AMENT_PREFIX_PATH doesn't exist
[0.272s] WARNING:colcon.colcon_ros.prefix_path.catkin:The path '/home/makemorerobot/Rover-Unity/ros2_ws/install/custom_msg' in the environment variable CMAKE_PREFIX_PATH doesn't exist
[0.273s] DEBUG:colcon.colcon_installed_package_information.package_discovery:Found 0 installed packages in /home/makemorerobot/Rover-Unity/ros2_ws/install
[0.275s] DEBUG:colcon.colcon_installed_package_information.package_discovery:Found 347 installed packages in /opt/ros/humble
[0.277s] Level 1:colcon.colcon_core.package_discovery:discover_packages(prefix_path) using defaults
[0.347s] Level 5:colcon.colcon_core.verb:set package 'AutonControlNode' build argument 'cmake_args' from command line to 'None'
[0.347s] Level 5:colcon.colcon_core.verb:set package 'AutonControlNode' build argument 'cmake_target' from command line to 'None'
[0.347s] Level 5:colcon.colcon_core.verb:set package 'AutonControlNode' build argument 'cmake_target_skip_unavailable' from command line to 'False'
[0.347s] Level 5:colcon.colcon_core.verb:set package 'AutonControlNode' build argument 'cmake_clean_cache' from command line to 'False'
[0.347s] Level 5:colcon.colcon_core.verb:set package 'AutonControlNode' build argument 'cmake_clean_first' from command line to 'False'
[0.347s] Level 5:colcon.colcon_core.verb:set package 'AutonControlNode' build argument 'cmake_force_configure' from command line to 'False'
[0.347s] Level 5:colcon.colcon_core.verb:set package 'AutonControlNode' build argument 'ament_cmake_args' from command line to 'None'
[0.347s] Level 5:colcon.colcon_core.verb:set package 'AutonControlNode' build argument 'catkin_cmake_args' from command line to 'None'
[0.347s] Level 5:colcon.colcon_core.verb:set package 'AutonControlNode' build argument 'catkin_skip_building_tests' from command line to 'False'
[0.347s] DEBUG:colcon.colcon_core.verb:Building package 'AutonControlNode' with the following arguments: {'ament_cmake_args': None, 'build_base': '/home/makemorerobot/Rover-Unity/ros2_ws/build/AutonControlNode', 'catkin_cmake_args': None, 'catkin_skip_building_tests': False, 'cmake_args': None, 'cmake_clean_cache': False, 'cmake_clean_first': False, 'cmake_force_configure': False, 'cmake_target': None, 'cmake_target_skip_unavailable': False, 'install_base': '/home/makemorerobot/Rover-Unity/ros2_ws/install/AutonControlNode', 'merge_install': False, 'path': '/home/makemorerobot/Rover-Unity/ros2_ws/src/AutonControlNode', 'symlink_install': False, 'test_result_base': None}
[0.348s] Level 5:colcon.colcon_core.verb:set package 'custom_msg' build argument 'cmake_args' from command line to 'None'
[0.348s] Level 5:colcon.colcon_core.verb:set package 'custom_msg' build argument 'cmake_target' from command line to 'None'
[0.348s] Level 5:colcon.colcon_core.verb:set package 'custom_msg' build argument 'cmake_target_skip_unavailable' from command line to 'False'
[0.348s] Level 5:colcon.colcon_core.verb:set package 'custom_msg' build argument 'cmake_clean_cache' from command line to 'False'
[0.348s] Level 5:colcon.colcon_core.verb:set package 'custom_msg' build argument 'cmake_clean_first' from command line to 'False'
[0.348s] Level 5:colcon.colcon_core.verb:set package 'custom_msg' build argument 'cmake_force_configure' from command line to 'False'
[0.348s] Level 5:colcon.colcon_core.verb:set package 'custom_msg' build argument 'ament_cmake_args' from command line to 'None'
[0.348s] Level 5:colcon.colcon_core.verb:set package 'custom_msg' build argument 'catkin_cmake_args' from command line to 'None'
[0.348s] Level 5:colcon.colcon_core.verb:set package 'custom_msg' build argument 'catkin_skip_building_tests' from command line to 'False'
[0.348s] DEBUG:colcon.colcon_core.verb:Building package 'custom_msg' with the following arguments: {'ament_cmake_args': None, 'build_base': '/home/makemorerobot/Rover-Unity/ros2_ws/build/custom_msg', 'catkin_cmake_args': None, 'catkin_skip_building_tests': False, 'cmake_args': None, 'cmake_clean_cache': False, 'cmake_clean_first': False, 'cmake_force_configure': False, 'cmake_target': None, 'cmake_target_skip_unavailable': False, 'install_base': '/home/makemorerobot/Rover-Unity/ros2_ws/install/custom_msg', 'merge_install': False, 'path': '/home/makemorerobot/Rover-Unity/ros2_ws/src/custom_msg', 'symlink_install': False, 'test_result_base': None}
[0.349s] Level 5:colcon.colcon_core.verb:set package 'py_pubsub' build argument 'cmake_args' from command line to 'None'
[0.349s] Level 5:colcon.colcon_core.verb:set package 'py_pubsub' build argument 'cmake_target' from command line to 'None'
[0.349s] Level 5:colcon.colcon_core.verb:set package 'py_pubsub' build argument 'cmake_target_skip_unavailable' from command line to 'False'
[0.349s] Level 5:colcon.colcon_core.verb:set package 'py_pubsub' build argument 'cmake_clean_cache' from command line to 'False'
[0.349s] Level 5:colcon.colcon_core.verb:set package 'py_pubsub' build argument 'cmake_clean_first' from command line to 'False'
[0.349s] Level 5:colcon.colcon_core.verb:set package 'py_pubsub' build argument 'cmake_force_configure' from command line to 'False'
[0.349s] Level 5:colcon.colcon_core.verb:set package 'py_pubsub' build argument 'ament_cmake_args' from command line to 'None'
[0.349s] Level 5:colcon.colcon_core.verb:set package 'py_pubsub' build argument 'catkin_cmake_args' from command line to 'None'
[0.349s] Level 5:colcon.colcon_core.verb:set package 'py_pubsub' build argument 'catkin_skip_building_tests' from command line to 'False'
[0.349s] DEBUG:colcon.colcon_core.verb:Building package 'py_pubsub' with the following arguments: {'ament_cmake_args': None, 'build_base': '/home/makemorerobot/Rover-Unity/ros2_ws/build/py_pubsub', 'catkin_cmake_args': None, 'catkin_skip_building_tests': False, 'cmake_args': None, 'cmake_clean_cache': False, 'cmake_clean_first': False, 'cmake_force_configure': False, 'cmake_target': None, 'cmake_target_skip_unavailable': False, 'install_base': '/home/makemorerobot/Rover-Unity/ros2_ws/install/py_pubsub', 'merge_install': False, 'path': '/home/makemorerobot/Rover-Unity/ros2_ws/src/py_pubsub', 'symlink_install': False, 'test_result_base': None}
[0.349s] INFO:colcon.colcon_core.executor:Executing jobs using 'parallel' executor
[0.351s] DEBUG:colcon.colcon_parallel_executor.executor.parallel:run_until_complete
[0.351s] INFO:colcon.colcon_ros.task.ament_python.build:Building ROS package in '/home/makemorerobot/Rover-Unity/ros2_ws/src/AutonControlNode' with build type 'ament_python'
[0.351s] Level 1:colcon.colcon_core.shell:create_environment_hook('AutonControlNode', 'ament_prefix_path')
[0.354s] INFO:colcon.colcon_core.plugin_system:Skipping extension 'colcon_core.shell.bat': Not used on non-Windows systems
[0.354s] INFO:colcon.colcon_core.shell:Creating environment hook '/home/makemorerobot/Rover-Unity/ros2_ws/install/AutonControlNode/share/AutonControlNode/hook/ament_prefix_path.ps1'
[0.355s] INFO:colcon.colcon_core.shell:Creating environment descriptor '/home/makemorerobot/Rover-Unity/ros2_ws/install/AutonControlNode/share/AutonControlNode/hook/ament_prefix_path.dsv'
[0.356s] INFO:colcon.colcon_core.shell:Creating environment hook '/home/makemorerobot/Rover-Unity/ros2_ws/install/AutonControlNode/share/AutonControlNode/hook/ament_prefix_path.sh'
[0.356s] INFO:colcon.colcon_core.shell:Skip shell extension 'powershell' for command environment: Not usable outside of PowerShell
[0.356s] DEBUG:colcon.colcon_core.shell:Skip shell extension 'dsv' for command environment
[0.361s] INFO:colcon.colcon_ros.task.ament_cmake.build:Building ROS package in '/home/makemorerobot/Rover-Unity/ros2_ws/src/custom_msg' with build type 'ament_cmake'
[0.361s] INFO:colcon.colcon_cmake.task.cmake.build:Building CMake package in '/home/makemorerobot/Rover-Unity/ros2_ws/src/custom_msg'
[0.361s] INFO:colcon.colcon_core.shell:Skip shell extension 'powershell' for command environment: Not usable outside of PowerShell
[0.361s] DEBUG:colcon.colcon_core.shell:Skip shell extension 'dsv' for command environment
[0.365s] INFO:colcon.colcon_ros.task.ament_python.build:Building ROS package in '/home/makemorerobot/Rover-Unity/ros2_ws/src/py_pubsub' with build type 'ament_python'
[0.366s] Level 1:colcon.colcon_core.shell:create_environment_hook('py_pubsub', 'ament_prefix_path')
[0.366s] INFO:colcon.colcon_core.shell:Creating environment hook '/home/makemorerobot/Rover-Unity/ros2_ws/install/py_pubsub/share/py_pubsub/hook/ament_prefix_path.ps1'
[0.367s] INFO:colcon.colcon_core.shell:Creating environment descriptor '/home/makemorerobot/Rover-Unity/ros2_ws/install/py_pubsub/share/py_pubsub/hook/ament_prefix_path.dsv'
[0.367s] INFO:colcon.colcon_core.shell:Creating environment hook '/home/makemorerobot/Rover-Unity/ros2_ws/install/py_pubsub/share/py_pubsub/hook/ament_prefix_path.sh'
[0.368s] INFO:colcon.colcon_core.shell:Skip shell extension 'powershell' for command environment: Not usable outside of PowerShell
[0.368s] DEBUG:colcon.colcon_core.shell:Skip shell extension 'dsv' for command environment
[0.669s] INFO:colcon.colcon_core.task.python.build:Building Python package in '/home/makemorerobot/Rover-Unity/ros2_ws/src/AutonControlNode'
[0.669s] INFO:colcon.colcon_core.shell:Skip shell extension 'powershell' for command environment: Not usable outside of PowerShell
[0.670s] DEBUG:colcon.colcon_core.shell:Skip shell extension 'dsv' for command environment
[0.682s] DEBUG:colcon.colcon_core.event_handler.log_command:Invoking command in '/home/makemorerobot/Rover-Unity/ros2_ws/build/custom_msg': CMAKE_PREFIX_PATH=${CMAKE_PREFIX_PATH}:/home/makemorerobot/Rover-Unity/ros2_ws/install/py_pubsub:/home/makemorerobot/Rover-Unity/ros2_ws/install/AutonControlNode:/opt/ros/humble /usr/bin/cmake /home/makemorerobot/Rover-Unity/ros2_ws/src/custom_msg -DCMAKE_INSTALL_PREFIX=/home/makemorerobot/Rover-Unity/ros2_ws/install/custom_msg
[1.026s] INFO:colcon.colcon_core.task.python.build:Building Python package in '/home/makemorerobot/Rover-Unity/ros2_ws/src/py_pubsub'
[1.027s] INFO:colcon.colcon_core.shell:Skip shell extension 'powershell' for command environment: Not usable outside of PowerShell
[1.027s] DEBUG:colcon.colcon_core.shell:Skip shell extension 'dsv' for command environment
[2.124s] DEBUG:colcon.colcon_core.event_handler.log_command:Invoking command in '/home/makemorerobot/Rover-Unity/ros2_ws/src/py_pubsub': PYTHONPATH=/home/makemorerobot/Rover-Unity/ros2_ws/build/py_pubsub/prefix_override:/usr/lib/python3/dist-packages/colcon_core/task/python/colcon_distutils_commands:/home/makemorerobot/Rover-Unity/ros2_ws/install/py_pubsub/lib/python3.10/site-packages:${PYTHONPATH} /usr/bin/python3 -W ignore:setup.py install is deprecated -W ignore:easy_install command is deprecated setup.py egg_info --egg-base ../../build/py_pubsub build --build-base /home/makemorerobot/Rover-Unity/ros2_ws/build/py_pubsub/build install --record /home/makemorerobot/Rover-Unity/ros2_ws/build/py_pubsub/install.log --single-version-externally-managed install_data
[2.128s] DEBUG:colcon.colcon_core.event_handler.log_command:Invoking command in '/home/makemorerobot/Rover-Unity/ros2_ws/src/AutonControlNode': PYTHONPATH=/home/makemorerobot/Rover-Unity/ros2_ws/build/AutonControlNode/prefix_override:/usr/lib/python3/dist-packages/colcon_core/task/python/colcon_distutils_commands:/home/makemorerobot/Rover-Unity/ros2_ws/install/AutonControlNode/lib/python3.10/site-packages:${PYTHONPATH} /usr/bin/python3 -W ignore:setup.py install is deprecated -W ignore:easy_install command is deprecated setup.py egg_info --egg-base ../../build/AutonControlNode build --build-base /home/makemorerobot/Rover-Unity/ros2_ws/build/AutonControlNode/build install --record /home/makemorerobot/Rover-Unity/ros2_ws/build/AutonControlNode/install.log --single-version-externally-managed install_data
[2.955s] DEBUG:colcon.colcon_core.event_handler.log_command:Invoked command in '/home/makemorerobot/Rover-Unity/ros2_ws/src/AutonControlNode' returned '0': PYTHONPATH=/home/makemorerobot/Rover-Unity/ros2_ws/build/AutonControlNode/prefix_override:/usr/lib/python3/dist-packages/colcon_core/task/python/colcon_distutils_commands:/home/makemorerobot/Rover-Unity/ros2_ws/install/AutonControlNode/lib/python3.10/site-packages:${PYTHONPATH} /usr/bin/python3 -W ignore:setup.py install is deprecated -W ignore:easy_install command is deprecated setup.py egg_info --egg-base ../../build/AutonControlNode build --build-base /home/makemorerobot/Rover-Unity/ros2_ws/build/AutonControlNode/build install --record /home/makemorerobot/Rover-Unity/ros2_ws/build/AutonControlNode/install.log --single-version-externally-managed install_data
[2.961s] Level 1:colcon.colcon_core.environment:checking '/home/makemorerobot/Rover-Unity/ros2_ws/install/AutonControlNode' for CMake module files
[2.961s] Level 1:colcon.colcon_core.environment:checking '/home/makemorerobot/Rover-Unity/ros2_ws/install/AutonControlNode' for CMake config files
[2.962s] Level 1:colcon.colcon_core.environment:checking '/home/makemorerobot/Rover-Unity/ros2_ws/install/AutonControlNode/lib'
[2.963s] Level 1:colcon.colcon_core.environment:checking '/home/makemorerobot/Rover-Unity/ros2_ws/install/AutonControlNode/bin'
[2.963s] Level 1:colcon.colcon_core.environment:checking '/home/makemorerobot/Rover-Unity/ros2_ws/install/AutonControlNode/lib/pkgconfig/AutonControlNode.pc'
[2.963s] Level 1:colcon.colcon_core.environment:checking '/home/makemorerobot/Rover-Unity/ros2_ws/install/AutonControlNode/lib/python3.10/site-packages'
[2.963s] Level 1:colcon.colcon_core.shell:create_environment_hook('AutonControlNode', 'pythonpath')
[2.964s] INFO:colcon.colcon_core.shell:Creating environment hook '/home/makemorerobot/Rover-Unity/ros2_ws/install/AutonControlNode/share/AutonControlNode/hook/pythonpath.ps1'
[2.964s] INFO:colcon.colcon_core.shell:Creating environment descriptor '/home/makemorerobot/Rover-Unity/ros2_ws/install/AutonControlNode/share/AutonControlNode/hook/pythonpath.dsv'
[2.965s] INFO:colcon.colcon_core.shell:Creating environment hook '/home/makemorerobot/Rover-Unity/ros2_ws/install/AutonControlNode/share/AutonControlNode/hook/pythonpath.sh'
[2.966s] Level 1:colcon.colcon_core.environment:checking '/home/makemorerobot/Rover-Unity/ros2_ws/install/AutonControlNode/bin'
[2.966s] Level 1:colcon.colcon_core.environment:create_environment_scripts_only(AutonControlNode)
[2.966s] INFO:colcon.colcon_core.shell:Creating package script '/home/makemorerobot/Rover-Unity/ros2_ws/install/AutonControlNode/share/AutonControlNode/package.ps1'
[2.968s] INFO:colcon.colcon_core.shell:Creating package descriptor '/home/makemorerobot/Rover-Unity/ros2_ws/install/AutonControlNode/share/AutonControlNode/package.dsv'
[2.969s] INFO:colcon.colcon_core.shell:Creating package script '/home/makemorerobot/Rover-Unity/ros2_ws/install/AutonControlNode/share/AutonControlNode/package.sh'
[2.970s] INFO:colcon.colcon_core.shell:Creating package script '/home/makemorerobot/Rover-Unity/ros2_ws/install/AutonControlNode/share/AutonControlNode/package.bash'
[2.972s] INFO:colcon.colcon_core.shell:Creating package script '/home/makemorerobot/Rover-Unity/ros2_ws/install/AutonControlNode/share/AutonControlNode/package.zsh'
[2.973s] Level 1:colcon.colcon_core.environment:create_file_with_runtime_dependencies(/home/makemorerobot/Rover-Unity/ros2_ws/install/AutonControlNode/share/colcon-core/packages/AutonControlNode)
[2.995s] Level 1:colcon.colcon_core.environment:checking '/home/makemorerobot/Rover-Unity/ros2_ws/install/py_pubsub' for CMake module files
[2.996s] DEBUG:colcon.colcon_core.event_handler.log_command:Invoked command in '/home/makemorerobot/Rover-Unity/ros2_ws/src/py_pubsub' returned '0': PYTHONPATH=/home/makemorerobot/Rover-Unity/ros2_ws/build/py_pubsub/prefix_override:/usr/lib/python3/dist-packages/colcon_core/task/python/colcon_distutils_commands:/home/makemorerobot/Rover-Unity/ros2_ws/install/py_pubsub/lib/python3.10/site-packages:${PYTHONPATH} /usr/bin/python3 -W ignore:setup.py install is deprecated -W ignore:easy_install command is deprecated setup.py egg_info --egg-base ../../build/py_pubsub build --build-base /home/makemorerobot/Rover-Unity/ros2_ws/build/py_pubsub/build install --record /home/makemorerobot/Rover-Unity/ros2_ws/build/py_pubsub/install.log --single-version-externally-managed install_data
[2.997s] Level 1:colcon.colcon_core.environment:checking '/home/makemorerobot/Rover-Unity/ros2_ws/install/py_pubsub' for CMake config files
[2.997s] Level 1:colcon.colcon_core.environment:checking '/home/makemorerobot/Rover-Unity/ros2_ws/install/py_pubsub/lib'
[2.998s] Level 1:colcon.colcon_core.environment:checking '/home/makemorerobot/Rover-Unity/ros2_ws/install/py_pubsub/bin'
[2.998s] Level 1:colcon.colcon_core.environment:checking '/home/makemorerobot/Rover-Unity/ros2_ws/install/py_pubsub/lib/pkgconfig/py_pubsub.pc'
[2.998s] Level 1:colcon.colcon_core.environment:checking '/home/makemorerobot/Rover-Unity/ros2_ws/install/py_pubsub/lib/python3.10/site-packages'
[2.998s] Level 1:colcon.colcon_core.shell:create_environment_hook('py_pubsub', 'pythonpath')
[2.999s] INFO:colcon.colcon_core.shell:Creating environment hook '/home/makemorerobot/Rover-Unity/ros2_ws/install/py_pubsub/share/py_pubsub/hook/pythonpath.ps1'
[3.000s] INFO:colcon.colcon_core.shell:Creating environment descriptor '/home/makemorerobot/Rover-Unity/ros2_ws/install/py_pubsub/share/py_pubsub/hook/pythonpath.dsv'
[3.000s] INFO:colcon.colcon_core.shell:Creating environment hook '/home/makemorerobot/Rover-Unity/ros2_ws/install/py_pubsub/share/py_pubsub/hook/pythonpath.sh'
[3.001s] Level 1:colcon.colcon_core.environment:checking '/home/makemorerobot/Rover-Unity/ros2_ws/install/py_pubsub/bin'
[3.001s] Level 1:colcon.colcon_core.environment:create_environment_scripts_only(py_pubsub)
[3.002s] INFO:colcon.colcon_core.shell:Creating package script '/home/makemorerobot/Rover-Unity/ros2_ws/install/py_pubsub/share/py_pubsub/package.ps1'
[3.003s] INFO:colcon.colcon_core.shell:Creating package descriptor '/home/makemorerobot/Rover-Unity/ros2_ws/install/py_pubsub/share/py_pubsub/package.dsv'
[3.003s] INFO:colcon.colcon_core.shell:Creating package script '/home/makemorerobot/Rover-Unity/ros2_ws/install/py_pubsub/share/py_pubsub/package.sh'
[3.004s] INFO:colcon.colcon_core.shell:Creating package script '/home/makemorerobot/Rover-Unity/ros2_ws/install/py_pubsub/share/py_pubsub/package.bash'
[3.004s] INFO:colcon.colcon_core.shell:Creating package script '/home/makemorerobot/Rover-Unity/ros2_ws/install/py_pubsub/share/py_pubsub/package.zsh'
[3.005s] Level 1:colcon.colcon_core.environment:create_file_with_runtime_dependencies(/home/makemorerobot/Rover-Unity/ros2_ws/install/py_pubsub/share/colcon-core/packages/py_pubsub)
[4.918s] DEBUG:colcon.colcon_core.event_handler.log_command:Invoked command in '/home/makemorerobot/Rover-Unity/ros2_ws/build/custom_msg' returned '1': CMAKE_PREFIX_PATH=${CMAKE_PREFIX_PATH}:/home/makemorerobot/Rover-Unity/ros2_ws/install/py_pubsub:/home/makemorerobot/Rover-Unity/ros2_ws/install/AutonControlNode:/opt/ros/humble /usr/bin/cmake /home/makemorerobot/Rover-Unity/ros2_ws/src/custom_msg -DCMAKE_INSTALL_PREFIX=/home/makemorerobot/Rover-Unity/ros2_ws/install/custom_msg
[4.936s] Level 1:colcon.colcon_core.environment:create_environment_scripts_only(custom_msg)
[4.936s] Level 1:colcon.colcon_core.environment:checking '/home/makemorerobot/Rover-Unity/ros2_ws/install/custom_msg' for CMake module files
[4.936s] Level 1:colcon.colcon_core.environment:checking '/home/makemorerobot/Rover-Unity/ros2_ws/install/custom_msg' for CMake config files
[4.937s] Level 1:colcon.colcon_core.environment:checking '/home/makemorerobot/Rover-Unity/ros2_ws/install/custom_msg/bin'
[4.937s] Level 1:colcon.colcon_core.environment:checking '/home/makemorerobot/Rover-Unity/ros2_ws/install/custom_msg/lib/pkgconfig/custom_msg.pc'
[4.937s] Level 1:colcon.colcon_core.environment:checking '/home/makemorerobot/Rover-Unity/ros2_ws/install/custom_msg/lib/python3.10/site-packages'
[4.937s] Level 1:colcon.colcon_core.environment:checking '/home/makemorerobot/Rover-Unity/ros2_ws/install/custom_msg/bin'
[4.938s] INFO:colcon.colcon_core.shell:Creating package script '/home/makemorerobot/Rover-Unity/ros2_ws/install/custom_msg/share/custom_msg/package.ps1'
[4.938s] INFO:colcon.colcon_core.shell:Creating package descriptor '/home/makemorerobot/Rover-Unity/ros2_ws/install/custom_msg/share/custom_msg/package.dsv'
[4.939s] INFO:colcon.colcon_core.shell:Creating package script '/home/makemorerobot/Rover-Unity/ros2_ws/install/custom_msg/share/custom_msg/package.sh'
[4.939s] INFO:colcon.colcon_core.shell:Creating package script '/home/makemorerobot/Rover-Unity/ros2_ws/install/custom_msg/share/custom_msg/package.bash'
[4.940s] INFO:colcon.colcon_core.shell:Creating package script '/home/makemorerobot/Rover-Unity/ros2_ws/install/custom_msg/share/custom_msg/package.zsh'
[4.940s] Level 1:colcon.colcon_core.environment:create_file_with_runtime_dependencies(/home/makemorerobot/Rover-Unity/ros2_ws/install/custom_msg/share/colcon-core/packages/custom_msg)
[4.951s] DEBUG:colcon.colcon_parallel_executor.executor.parallel:closing loop
[4.951s] DEBUG:colcon.colcon_parallel_executor.executor.parallel:loop closed
[4.951s] DEBUG:colcon.colcon_parallel_executor.executor.parallel:run_until_complete finished with '1'
[4.951s] DEBUG:colcon.colcon_core.event_reactor:joining thread
[4.961s] INFO:colcon.colcon_core.plugin_system:Skipping extension 'colcon_notification.desktop_notification.terminal_notifier': Not used on non-Darwin systems
[4.961s] INFO:colcon.colcon_core.plugin_system:Skipping extension 'colcon_notification.desktop_notification.win32': Not used on non-Windows systems
[4.962s] INFO:colcon.colcon_notification.desktop_notification:Sending desktop notification using 'notify2'
[4.981s] DEBUG:colcon.colcon_core.event_reactor:joined thread
[4.981s] INFO:colcon.colcon_core.shell:Creating prefix script '/home/makemorerobot/Rover-Unity/ros2_ws/install/local_setup.ps1'
[4.983s] INFO:colcon.colcon_core.shell:Creating prefix util module '/home/makemorerobot/Rover-Unity/ros2_ws/install/_local_setup_util_ps1.py'
[4.985s] INFO:colcon.colcon_core.shell:Creating prefix chain script '/home/makemorerobot/Rover-Unity/ros2_ws/install/setup.ps1'
[4.986s] INFO:colcon.colcon_core.shell:Creating prefix script '/home/makemorerobot/Rover-Unity/ros2_ws/install/local_setup.sh'
[4.987s] INFO:colcon.colcon_core.shell:Creating prefix util module '/home/makemorerobot/Rover-Unity/ros2_ws/install/_local_setup_util_sh.py'
[4.988s] INFO:colcon.colcon_core.shell:Creating prefix chain script '/home/makemorerobot/Rover-Unity/ros2_ws/install/setup.sh'
[4.990s] INFO:colcon.colcon_core.shell:Creating prefix script '/home/makemorerobot/Rover-Unity/ros2_ws/install/local_setup.bash'
[4.991s] INFO:colcon.colcon_core.shell:Creating prefix chain script '/home/makemorerobot/Rover-Unity/ros2_ws/install/setup.bash'
[4.993s] INFO:colcon.colcon_core.shell:Creating prefix script '/home/makemorerobot/Rover-Unity/ros2_ws/install/local_setup.zsh'
[4.994s] INFO:colcon.colcon_core.shell:Creating prefix chain script '/home/makemorerobot/Rover-Unity/ros2_ws/install/setup.zsh'
