[0.616s] Invoking command in '/home/henry/Rover-Unity/ros2_ws/src/AutonControlNode': PYTHONPATH=/home/henry/Rover-Unity/ros2_ws/build/AutonControlNode/prefix_override:/usr/lib/python3/dist-packages/colcon_core/task/python/colcon_distutils_commands:/home/henry/Rover-Unity/ros2_ws/install/AutonControlNode/lib/python3.10/site-packages:${PYTHONPATH} /usr/bin/python3 -W ignore:setup.py install is deprecated -W ignore:easy_install command is deprecated setup.py egg_info --egg-base ../../build/AutonControlNode build --build-base /home/henry/Rover-Unity/ros2_ws/build/AutonControlNode/build install --record /home/henry/Rover-Unity/ros2_ws/build/AutonControlNode/install.log --single-version-externally-managed install_data
[0.797s] running egg_info
[0.797s] writing ../../build/AutonControlNode/AutonControlNode.egg-info/PKG-INFO
[0.797s] writing dependency_links to ../../build/AutonControlNode/AutonControlNode.egg-info/dependency_links.txt
[0.797s] writing entry points to ../../build/AutonControlNode/AutonControlNode.egg-info/entry_points.txt
[0.798s] writing requirements to ../../build/AutonControlNode/AutonControlNode.egg-info/requires.txt
[0.798s] writing top-level names to ../../build/AutonControlNode/AutonControlNode.egg-info/top_level.txt
[0.799s] reading manifest file '../../build/AutonControlNode/AutonControlNode.egg-info/SOURCES.txt'
[0.799s] writing manifest file '../../build/AutonControlNode/AutonControlNode.egg-info/SOURCES.txt'
[0.799s] running build
[0.800s] running build_py
[0.800s] running install
[0.800s] running install_lib
[0.801s] running install_data
[0.801s] running install_egg_info
[0.802s] removing '/home/henry/Rover-Unity/ros2_ws/install/AutonControlNode/lib/python3.10/site-packages/AutonControlNode-0.0.0-py3.10.egg-info' (and everything under it)
[0.802s] Copying ../../build/AutonControlNode/AutonControlNode.egg-info to /home/henry/Rover-Unity/ros2_ws/install/AutonControlNode/lib/python3.10/site-packages/AutonControlNode-0.0.0-py3.10.egg-info
[0.803s] running install_scripts
[0.820s] Installing auton_control_node script to /home/henry/Rover-Unity/ros2_ws/install/AutonControlNode/lib/AutonControlNode
[0.820s] writing list of installed files to '/home/henry/Rover-Unity/ros2_ws/build/AutonControlNode/install.log'
[0.847s] Invoked command in '/home/henry/Rover-Unity/ros2_ws/src/AutonControlNode' returned '0': PYTHONPATH=/home/henry/Rover-Unity/ros2_ws/build/AutonControlNode/prefix_override:/usr/lib/python3/dist-packages/colcon_core/task/python/colcon_distutils_commands:/home/henry/Rover-Unity/ros2_ws/install/AutonControlNode/lib/python3.10/site-packages:${PYTHONPATH} /usr/bin/python3 -W ignore:setup.py install is deprecated -W ignore:easy_install command is deprecated setup.py egg_info --egg-base ../../build/AutonControlNode build --build-base /home/henry/Rover-Unity/ros2_ws/build/AutonControlNode/build install --record /home/henry/Rover-Unity/ros2_ws/build/AutonControlNode/install.log --single-version-externally-managed install_data
