[1.776s] Invoking command in '/home/makemorerobot/Rover-Unity/ros2_ws/src/AutonControlNode': PYTHONPATH=/home/makemorerobot/Rover-Unity/ros2_ws/build/AutonControlNode/prefix_override:/usr/lib/python3/dist-packages/colcon_core/task/python/colcon_distutils_commands:/home/makemorerobot/Rover-Unity/ros2_ws/install/AutonControlNode/lib/python3.10/site-packages:${PYTHONPATH} /usr/bin/python3 -W ignore:setup.py install is deprecated -W ignore:easy_install command is deprecated setup.py egg_info --egg-base ../../build/AutonControlNode build --build-base /home/makemorerobot/Rover-Unity/ros2_ws/build/AutonControlNode/build install --record /home/makemorerobot/Rover-Unity/ros2_ws/build/AutonControlNode/install.log --single-version-externally-managed install_data
[2.060s] /home/makemorerobot/.local/lib/python3.10/site-packages/setuptools/_distutils/dist.py:289: UserWarning: Unknown distribution option: 'tests_require'
[2.060s]   warnings.warn(msg)
[2.200s] running egg_info
[2.224s] creating ../../build/AutonControlNode/AutonControlNode.egg-info
[2.225s] writing ../../build/AutonControlNode/AutonControlNode.egg-info/PKG-INFO
[2.226s] writing dependency_links to ../../build/AutonControlNode/AutonControlNode.egg-info/dependency_links.txt
[2.227s] writing entry points to ../../build/AutonControlNode/AutonControlNode.egg-info/entry_points.txt
[2.227s] writing requirements to ../../build/AutonControlNode/AutonControlNode.egg-info/requires.txt
[2.227s] writing top-level names to ../../build/AutonControlNode/AutonControlNode.egg-info/top_level.txt
[2.228s] writing manifest file '../../build/AutonControlNode/AutonControlNode.egg-info/SOURCES.txt'
[2.288s] reading manifest file '../../build/AutonControlNode/AutonControlNode.egg-info/SOURCES.txt'
[2.290s] writing manifest file '../../build/AutonControlNode/AutonControlNode.egg-info/SOURCES.txt'
[2.290s] running build
[2.290s] running build_py
[2.291s] creating /home/makemorerobot/Rover-Unity/ros2_ws/build/AutonControlNode/build/lib/AutonControlNode
[2.291s] copying AutonControlNode/__init__.py -> /home/makemorerobot/Rover-Unity/ros2_ws/build/AutonControlNode/build/lib/AutonControlNode
[2.291s] copying AutonControlNode/auton_control_node.py -> /home/makemorerobot/Rover-Unity/ros2_ws/build/AutonControlNode/build/lib/AutonControlNode
[2.292s] running install
[2.300s] running install_lib
[2.324s] creating /home/makemorerobot/Rover-Unity/ros2_ws/install/AutonControlNode/lib/python3.10/site-packages/AutonControlNode
[2.324s] copying /home/makemorerobot/Rover-Unity/ros2_ws/build/AutonControlNode/build/lib/AutonControlNode/__init__.py -> /home/makemorerobot/Rover-Unity/ros2_ws/install/AutonControlNode/lib/python3.10/site-packages/AutonControlNode
[2.324s] copying /home/makemorerobot/Rover-Unity/ros2_ws/build/AutonControlNode/build/lib/AutonControlNode/auton_control_node.py -> /home/makemorerobot/Rover-Unity/ros2_ws/install/AutonControlNode/lib/python3.10/site-packages/AutonControlNode
[2.325s] byte-compiling /home/makemorerobot/Rover-Unity/ros2_ws/install/AutonControlNode/lib/python3.10/site-packages/AutonControlNode/__init__.py to __init__.cpython-310.pyc
[2.325s] byte-compiling /home/makemorerobot/Rover-Unity/ros2_ws/install/AutonControlNode/lib/python3.10/site-packages/AutonControlNode/auton_control_node.py to auton_control_node.cpython-310.pyc
[2.326s] running install_data
[2.326s] creating /home/makemorerobot/Rover-Unity/ros2_ws/install/AutonControlNode/share/ament_index/resource_index/packages
[2.326s] copying resource/AutonControlNode -> /home/makemorerobot/Rover-Unity/ros2_ws/install/AutonControlNode/share/ament_index/resource_index/packages
[2.327s] copying package.xml -> /home/makemorerobot/Rover-Unity/ros2_ws/install/AutonControlNode/share/AutonControlNode
[2.327s] creating /home/makemorerobot/Rover-Unity/ros2_ws/install/AutonControlNode/share/AutonControlNode/msg
[2.327s] copying msg/MyCustomMessage.msg -> /home/makemorerobot/Rover-Unity/ros2_ws/install/AutonControlNode/share/AutonControlNode/msg
[2.328s] running install_egg_info
[2.357s] Copying ../../build/AutonControlNode/AutonControlNode.egg-info to /home/makemorerobot/Rover-Unity/ros2_ws/install/AutonControlNode/lib/python3.10/site-packages/AutonControlNode-0.0.0-py3.10.egg-info
[2.359s] running install_scripts
[2.556s] Installing auton_control_node script to /home/makemorerobot/Rover-Unity/ros2_ws/install/AutonControlNode/lib/AutonControlNode
[2.557s] writing list of installed files to '/home/makemorerobot/Rover-Unity/ros2_ws/build/AutonControlNode/install.log'
[2.603s] Invoked command in '/home/makemorerobot/Rover-Unity/ros2_ws/src/AutonControlNode' returned '0': PYTHONPATH=/home/makemorerobot/Rover-Unity/ros2_ws/build/AutonControlNode/prefix_override:/usr/lib/python3/dist-packages/colcon_core/task/python/colcon_distutils_commands:/home/makemorerobot/Rover-Unity/ros2_ws/install/AutonControlNode/lib/python3.10/site-packages:${PYTHONPATH} /usr/bin/python3 -W ignore:setup.py install is deprecated -W ignore:easy_install command is deprecated setup.py egg_info --egg-base ../../build/AutonControlNode build --build-base /home/makemorerobot/Rover-Unity/ros2_ws/build/AutonControlNode/build install --record /home/makemorerobot/Rover-Unity/ros2_ws/build/AutonControlNode/install.log --single-version-externally-managed install_data
