[0.455s] Invoking command in '/home/henry/Rover-Unity/ros2_ws/src/py_pubsub': PYTHONPATH=/home/henry/Rover-Unity/ros2_ws/build/py_pubsub/prefix_override:/usr/lib/python3/dist-packages/colcon_core/task/python/colcon_distutils_commands:/home/henry/Rover-Unity/ros2_ws/install/py_pubsub/lib/python3.10/site-packages:${PYTHONPATH} /usr/bin/python3 -W ignore:setup.py install is deprecated -W ignore:easy_install command is deprecated setup.py egg_info --egg-base ../../build/py_pubsub build --build-base /home/henry/Rover-Unity/ros2_ws/build/py_pubsub/build install --record /home/henry/Rover-Unity/ros2_ws/build/py_pubsub/install.log --single-version-externally-managed install_data
[0.579s] running egg_info
[0.580s] creating ../../build/py_pubsub/py_pubsub.egg-info
[0.580s] writing ../../build/py_pubsub/py_pubsub.egg-info/PKG-INFO
[0.580s] writing dependency_links to ../../build/py_pubsub/py_pubsub.egg-info/dependency_links.txt
[0.580s] writing entry points to ../../build/py_pubsub/py_pubsub.egg-info/entry_points.txt
[0.580s] writing requirements to ../../build/py_pubsub/py_pubsub.egg-info/requires.txt
[0.580s] writing top-level names to ../../build/py_pubsub/py_pubsub.egg-info/top_level.txt
[0.580s] writing manifest file '../../build/py_pubsub/py_pubsub.egg-info/SOURCES.txt'
[0.581s] reading manifest file '../../build/py_pubsub/py_pubsub.egg-info/SOURCES.txt'
[0.581s] writing manifest file '../../build/py_pubsub/py_pubsub.egg-info/SOURCES.txt'
[0.581s] running build
[0.581s] running build_py
[0.581s] creating /home/henry/Rover-Unity/ros2_ws/build/py_pubsub/build
[0.581s] creating /home/henry/Rover-Unity/ros2_ws/build/py_pubsub/build/lib
[0.581s] creating /home/henry/Rover-Unity/ros2_ws/build/py_pubsub/build/lib/py_pubsub
[0.581s] copying py_pubsub/geographic_functions.py -> /home/henry/Rover-Unity/ros2_ws/build/py_pubsub/build/lib/py_pubsub
[0.581s] copying py_pubsub/hammer_detector.py -> /home/henry/Rover-Unity/ros2_ws/build/py_pubsub/build/lib/py_pubsub
[0.581s] copying py_pubsub/aruco_scan.py -> /home/henry/Rover-Unity/ros2_ws/build/py_pubsub/build/lib/py_pubsub
[0.582s] copying py_pubsub/detect_hammer.py -> /home/henry/Rover-Unity/ros2_ws/build/py_pubsub/build/lib/py_pubsub
[0.582s] copying py_pubsub/bottle_detect.py -> /home/henry/Rover-Unity/ros2_ws/build/py_pubsub/build/lib/py_pubsub
[0.582s] copying py_pubsub/tcp_relay.py -> /home/henry/Rover-Unity/ros2_ws/build/py_pubsub/build/lib/py_pubsub
[0.582s] copying py_pubsub/generate_aruco.py -> /home/henry/Rover-Unity/ros2_ws/build/py_pubsub/build/lib/py_pubsub
[0.582s] copying py_pubsub/udp_sender_test.py -> /home/henry/Rover-Unity/ros2_ws/build/py_pubsub/build/lib/py_pubsub
[0.582s] copying py_pubsub/simple_position.py -> /home/henry/Rover-Unity/ros2_ws/build/py_pubsub/build/lib/py_pubsub
[0.582s] copying py_pubsub/auton_controller.py -> /home/henry/Rover-Unity/ros2_ws/build/py_pubsub/build/lib/py_pubsub
[0.582s] copying py_pubsub/object_train.py -> /home/henry/Rover-Unity/ros2_ws/build/py_pubsub/build/lib/py_pubsub
[0.582s] copying py_pubsub/__init__.py -> /home/henry/Rover-Unity/ros2_ws/build/py_pubsub/build/lib/py_pubsub
[0.582s] running install
[0.582s] running install_lib
[0.582s] creating /home/henry/Rover-Unity/ros2_ws/install/py_pubsub/lib/python3.10/site-packages/py_pubsub
[0.583s] copying /home/henry/Rover-Unity/ros2_ws/build/py_pubsub/build/lib/py_pubsub/geographic_functions.py -> /home/henry/Rover-Unity/ros2_ws/install/py_pubsub/lib/python3.10/site-packages/py_pubsub
[0.583s] copying /home/henry/Rover-Unity/ros2_ws/build/py_pubsub/build/lib/py_pubsub/hammer_detector.py -> /home/henry/Rover-Unity/ros2_ws/install/py_pubsub/lib/python3.10/site-packages/py_pubsub
[0.583s] copying /home/henry/Rover-Unity/ros2_ws/build/py_pubsub/build/lib/py_pubsub/aruco_scan.py -> /home/henry/Rover-Unity/ros2_ws/install/py_pubsub/lib/python3.10/site-packages/py_pubsub
[0.583s] copying /home/henry/Rover-Unity/ros2_ws/build/py_pubsub/build/lib/py_pubsub/detect_hammer.py -> /home/henry/Rover-Unity/ros2_ws/install/py_pubsub/lib/python3.10/site-packages/py_pubsub
[0.583s] copying /home/henry/Rover-Unity/ros2_ws/build/py_pubsub/build/lib/py_pubsub/bottle_detect.py -> /home/henry/Rover-Unity/ros2_ws/install/py_pubsub/lib/python3.10/site-packages/py_pubsub
[0.583s] copying /home/henry/Rover-Unity/ros2_ws/build/py_pubsub/build/lib/py_pubsub/tcp_relay.py -> /home/henry/Rover-Unity/ros2_ws/install/py_pubsub/lib/python3.10/site-packages/py_pubsub
[0.583s] copying /home/henry/Rover-Unity/ros2_ws/build/py_pubsub/build/lib/py_pubsub/generate_aruco.py -> /home/henry/Rover-Unity/ros2_ws/install/py_pubsub/lib/python3.10/site-packages/py_pubsub
[0.583s] copying /home/henry/Rover-Unity/ros2_ws/build/py_pubsub/build/lib/py_pubsub/udp_sender_test.py -> /home/henry/Rover-Unity/ros2_ws/install/py_pubsub/lib/python3.10/site-packages/py_pubsub
[0.583s] copying /home/henry/Rover-Unity/ros2_ws/build/py_pubsub/build/lib/py_pubsub/simple_position.py -> /home/henry/Rover-Unity/ros2_ws/install/py_pubsub/lib/python3.10/site-packages/py_pubsub
[0.583s] copying /home/henry/Rover-Unity/ros2_ws/build/py_pubsub/build/lib/py_pubsub/auton_controller.py -> /home/henry/Rover-Unity/ros2_ws/install/py_pubsub/lib/python3.10/site-packages/py_pubsub
[0.583s] copying /home/henry/Rover-Unity/ros2_ws/build/py_pubsub/build/lib/py_pubsub/object_train.py -> /home/henry/Rover-Unity/ros2_ws/install/py_pubsub/lib/python3.10/site-packages/py_pubsub
[0.583s] copying /home/henry/Rover-Unity/ros2_ws/build/py_pubsub/build/lib/py_pubsub/__init__.py -> /home/henry/Rover-Unity/ros2_ws/install/py_pubsub/lib/python3.10/site-packages/py_pubsub
[0.583s] byte-compiling /home/henry/Rover-Unity/ros2_ws/install/py_pubsub/lib/python3.10/site-packages/py_pubsub/geographic_functions.py to geographic_functions.cpython-310.pyc
[0.584s] byte-compiling /home/henry/Rover-Unity/ros2_ws/install/py_pubsub/lib/python3.10/site-packages/py_pubsub/hammer_detector.py to hammer_detector.cpython-310.pyc
[0.584s] byte-compiling /home/henry/Rover-Unity/ros2_ws/install/py_pubsub/lib/python3.10/site-packages/py_pubsub/aruco_scan.py to aruco_scan.cpython-310.pyc
[0.585s] byte-compiling /home/henry/Rover-Unity/ros2_ws/install/py_pubsub/lib/python3.10/site-packages/py_pubsub/detect_hammer.py to detect_hammer.cpython-310.pyc
[0.585s] byte-compiling /home/henry/Rover-Unity/ros2_ws/install/py_pubsub/lib/python3.10/site-packages/py_pubsub/bottle_detect.py to bottle_detect.cpython-310.pyc
[0.586s] byte-compiling /home/henry/Rover-Unity/ros2_ws/install/py_pubsub/lib/python3.10/site-packages/py_pubsub/tcp_relay.py to tcp_relay.cpython-310.pyc
[0.587s] byte-compiling /home/henry/Rover-Unity/ros2_ws/install/py_pubsub/lib/python3.10/site-packages/py_pubsub/generate_aruco.py to generate_aruco.cpython-310.pyc
[0.587s] byte-compiling /home/henry/Rover-Unity/ros2_ws/install/py_pubsub/lib/python3.10/site-packages/py_pubsub/udp_sender_test.py to udp_sender_test.cpython-310.pyc
[0.587s] byte-compiling /home/henry/Rover-Unity/ros2_ws/install/py_pubsub/lib/python3.10/site-packages/py_pubsub/simple_position.py to simple_position.cpython-310.pyc
[0.588s] byte-compiling /home/henry/Rover-Unity/ros2_ws/install/py_pubsub/lib/python3.10/site-packages/py_pubsub/auton_controller.py to auton_controller.cpython-310.pyc
[0.589s] byte-compiling /home/henry/Rover-Unity/ros2_ws/install/py_pubsub/lib/python3.10/site-packages/py_pubsub/object_train.py to object_train.cpython-310.pyc
[0.589s] byte-compiling /home/henry/Rover-Unity/ros2_ws/install/py_pubsub/lib/python3.10/site-packages/py_pubsub/__init__.py to __init__.cpython-310.pyc
[0.589s] running install_data
[0.589s] creating /home/henry/Rover-Unity/ros2_ws/install/py_pubsub/share/ament_index
[0.590s] creating /home/henry/Rover-Unity/ros2_ws/install/py_pubsub/share/ament_index/resource_index
[0.590s] creating /home/henry/Rover-Unity/ros2_ws/install/py_pubsub/share/ament_index/resource_index/packages
[0.590s] copying resource/py_pubsub -> /home/henry/Rover-Unity/ros2_ws/install/py_pubsub/share/ament_index/resource_index/packages
[0.590s] copying package.xml -> /home/henry/Rover-Unity/ros2_ws/install/py_pubsub/share/py_pubsub
[0.590s] running install_egg_info
[0.591s] Copying ../../build/py_pubsub/py_pubsub.egg-info to /home/henry/Rover-Unity/ros2_ws/install/py_pubsub/lib/python3.10/site-packages/py_pubsub-0.0.0-py3.10.egg-info
[0.591s] running install_scripts
[0.604s] Installing auton_controller script to /home/henry/Rover-Unity/ros2_ws/install/py_pubsub/lib/py_pubsub
[0.604s] Installing listener script to /home/henry/Rover-Unity/ros2_ws/install/py_pubsub/lib/py_pubsub
[0.604s] Installing simple_position script to /home/henry/Rover-Unity/ros2_ws/install/py_pubsub/lib/py_pubsub
[0.604s] Installing talker script to /home/henry/Rover-Unity/ros2_ws/install/py_pubsub/lib/py_pubsub
[0.604s] Installing tcp_relay script to /home/henry/Rover-Unity/ros2_ws/install/py_pubsub/lib/py_pubsub
[0.604s] writing list of installed files to '/home/henry/Rover-Unity/ros2_ws/build/py_pubsub/install.log'
[0.619s] Invoked command in '/home/henry/Rover-Unity/ros2_ws/src/py_pubsub' returned '0': PYTHONPATH=/home/henry/Rover-Unity/ros2_ws/build/py_pubsub/prefix_override:/usr/lib/python3/dist-packages/colcon_core/task/python/colcon_distutils_commands:/home/henry/Rover-Unity/ros2_ws/install/py_pubsub/lib/python3.10/site-packages:${PYTHONPATH} /usr/bin/python3 -W ignore:setup.py install is deprecated -W ignore:easy_install command is deprecated setup.py egg_info --egg-base ../../build/py_pubsub build --build-base /home/henry/Rover-Unity/ros2_ws/build/py_pubsub/build install --record /home/henry/Rover-Unity/ros2_ws/build/py_pubsub/install.log --single-version-externally-managed install_data
