[0.350s] Invoking command in '/home/matt/Documents/GitHub/Rover-Unity/ros2_ws/src/py_pubsub': PYTHONPATH=/home/matt/Documents/GitHub/Rover-Unity/ros2_ws/build/py_pubsub/prefix_override:/usr/lib/python3/dist-packages/colcon_core/task/python/colcon_distutils_commands:/home/matt/Documents/GitHub/Rover-Unity/ros2_ws/install/py_pubsub/lib/python3.10/site-packages:${PYTHONPATH} /usr/bin/python3 -W ignore:setup.py install is deprecated -W ignore:easy_install command is deprecated setup.py egg_info --egg-base ../../build/py_pubsub build --build-base /home/matt/Documents/GitHub/Rover-Unity/ros2_ws/build/py_pubsub/build install --record /home/matt/Documents/GitHub/Rover-Unity/ros2_ws/build/py_pubsub/install.log --single-version-externally-managed install_data
[0.479s] running egg_info
[0.480s] writing ../../build/py_pubsub/py_pubsub.egg-info/PKG-INFO
[0.480s] writing dependency_links to ../../build/py_pubsub/py_pubsub.egg-info/dependency_links.txt
[0.480s] writing entry points to ../../build/py_pubsub/py_pubsub.egg-info/entry_points.txt
[0.480s] writing requirements to ../../build/py_pubsub/py_pubsub.egg-info/requires.txt
[0.481s] writing top-level names to ../../build/py_pubsub/py_pubsub.egg-info/top_level.txt
[0.482s] reading manifest file '../../build/py_pubsub/py_pubsub.egg-info/SOURCES.txt'
[0.483s] writing manifest file '../../build/py_pubsub/py_pubsub.egg-info/SOURCES.txt'
[0.483s] running build
[0.483s] running build_py
[0.483s] running install
[0.483s] running install_lib
[0.484s] running install_data
[0.484s] running install_egg_info
[0.485s] removing '/home/matt/Documents/GitHub/Rover-Unity/ros2_ws/install/py_pubsub/lib/python3.10/site-packages/py_pubsub-0.0.0-py3.10.egg-info' (and everything under it)
[0.485s] Copying ../../build/py_pubsub/py_pubsub.egg-info to /home/matt/Documents/GitHub/Rover-Unity/ros2_ws/install/py_pubsub/lib/python3.10/site-packages/py_pubsub-0.0.0-py3.10.egg-info
[0.486s] running install_scripts
[0.499s] Installing auton_controller script to /home/matt/Documents/GitHub/Rover-Unity/ros2_ws/install/py_pubsub/lib/py_pubsub
[0.499s] Installing listener script to /home/matt/Documents/GitHub/Rover-Unity/ros2_ws/install/py_pubsub/lib/py_pubsub
[0.499s] Installing talker script to /home/matt/Documents/GitHub/Rover-Unity/ros2_ws/install/py_pubsub/lib/py_pubsub
[0.499s] Installing tcp_relay script to /home/matt/Documents/GitHub/Rover-Unity/ros2_ws/install/py_pubsub/lib/py_pubsub
[0.499s] writing list of installed files to '/home/matt/Documents/GitHub/Rover-Unity/ros2_ws/build/py_pubsub/install.log'
[0.515s] Invoked command in '/home/matt/Documents/GitHub/Rover-Unity/ros2_ws/src/py_pubsub' returned '0': PYTHONPATH=/home/matt/Documents/GitHub/Rover-Unity/ros2_ws/build/py_pubsub/prefix_override:/usr/lib/python3/dist-packages/colcon_core/task/python/colcon_distutils_commands:/home/matt/Documents/GitHub/Rover-Unity/ros2_ws/install/py_pubsub/lib/python3.10/site-packages:${PYTHONPATH} /usr/bin/python3 -W ignore:setup.py install is deprecated -W ignore:easy_install command is deprecated setup.py egg_info --egg-base ../../build/py_pubsub build --build-base /home/matt/Documents/GitHub/Rover-Unity/ros2_ws/build/py_pubsub/build install --record /home/matt/Documents/GitHub/Rover-Unity/ros2_ws/build/py_pubsub/install.log --single-version-externally-managed install_data
