[0.016s] Invoking command in '/home/matt/Documents/GitHub/Rover-Unity/ros2_ws/build/customMsg': CMAKE_PREFIX_PATH=/home/matt/Documents/GitHub/Rover-Unity/ros2_ws/install/AutonControlNode:/opt/ros/humble /usr/bin/cmake /home/matt/Documents/GitHub/Rover-Unity/ros2_ws/src/customMsg -DCMAKE_INSTALL_PREFIX=/home/matt/Documents/GitHub/Rover-Unity/ros2_ws/install/customMsg
[0.926s] -- The C compiler identification is GNU 11.4.0
[1.221s] -- The CXX compiler identification is GNU 11.4.0
[1.226s] -- Detecting C compiler ABI info
[1.308s] -- Detecting C compiler ABI info - done
[1.312s] -- Check for working C compiler: /usr/bin/cc - skipped
[1.313s] -- Detecting C compile features
[1.326s] -- Detecting C compile features - done
[1.331s] -- Detecting CXX compiler ABI info
[1.427s] -- Detecting CXX compiler ABI info - done
[1.431s] -- Check for working CXX compiler: /usr/bin/c++ - skipped
[1.431s] -- Detecting CXX compile features
[1.431s] -- Detecting CXX compile features - done
[1.473s] -- Found ament_cmake: 1.3.11 (/opt/ros/humble/share/ament_cmake/cmake)
[1.658s] -- Found Python3: /usr/bin/python3 (found version "3.10.12") found components: Interpreter 
[1.883s] -- Found geometry_msgs: 4.2.4 (/opt/ros/humble/share/geometry_msgs/cmake)
[2.082s] -- Found rosidl_generator_c: 3.1.6 (/opt/ros/humble/share/rosidl_generator_c/cmake)
[2.148s] -- Found rosidl_adapter: 3.1.6 (/opt/ros/humble/share/rosidl_adapter/cmake)
[2.211s] -- Found rosidl_generator_cpp: 3.1.6 (/opt/ros/humble/share/rosidl_generator_cpp/cmake)
[2.271s] -- Using all available rosidl_typesupport_c: rosidl_typesupport_fastrtps_c;rosidl_typesupport_introspection_c
[2.324s] -- Using all available rosidl_typesupport_cpp: rosidl_typesupport_fastrtps_cpp;rosidl_typesupport_introspection_cpp
[2.379s] -- Found rosidl_default_generators: 1.2.0 (/opt/ros/humble/share/rosidl_default_generators/cmake)
[2.524s] [31mCMake Error at /opt/ros/humble/share/rosidl_adapter/cmake/rosidl_adapt_interfaces.cmake:59 (message):
[2.524s]   execute_process(/usr/bin/python3 -m rosidl_adapter --package-name customMsg
[2.524s]   --arguments-file
[2.524s]   /home/matt/Documents/GitHub/Rover-Unity/ros2_ws/build/customMsg/rosidl_adapter__arguments__customMsg.json
[2.524s]   --output-dir
[2.524s]   /home/matt/Documents/GitHub/Rover-Unity/ros2_ws/build/customMsg/rosidl_adapter/customMsg
[2.524s]   --output-file
[2.524s]   /home/matt/Documents/GitHub/Rover-Unity/ros2_ws/build/customMsg/rosidl_adapter/customMsg.idls)
[2.524s]   returned error code 1:
[2.524s] 
[2.524s]   Traceback (most recent call last):
[2.524s] 
[2.524s]     File "/usr/lib/python3.10/runpy.py", line 196, in _run_module_as_main
[2.524s]       return _run_code(code, main_globals, None,
[2.524s]     File "/usr/lib/python3.10/runpy.py", line 86, in _run_code
[2.524s]       exec(code, run_globals)
[2.524s]     File "/opt/ros/humble/local/lib/python3.10/dist-packages/rosidl_adapter/__main__.py", line 19, in <module>
[2.524s]       sys.exit(main())
[2.524s]     File "/opt/ros/humble/local/lib/python3.10/dist-packages/rosidl_adapter/main.py", line 53, in main
[2.524s]       abs_idl_file = convert_to_idl(
[2.524s]     File "/opt/ros/humble/local/lib/python3.10/dist-packages/rosidl_adapter/__init__.py", line 19, in convert_to_idl
[2.524s]       return convert_msg_to_idl(
[2.524s]     File "/opt/ros/humble/local/lib/python3.10/dist-packages/rosidl_adapter/msg/__init__.py", line 28, in convert_msg_to_idl
[2.524s]       msg = parse_message_string(package_name, input_file.stem, content)
[2.525s]     File "/opt/ros/humble/local/lib/python3.10/dist-packages/rosidl_adapter/parser.py", line 544, in parse_message_string
[2.525s]       msg = MessageSpecification(pkg_name, msg_name, fields, constants)
[2.525s]     File "/opt/ros/humble/local/lib/python3.10/dist-packages/rosidl_adapter/parser.py", line 388, in __init__
[2.525s]       self.base_type = BaseType(
[2.525s]     File "/opt/ros/humble/local/lib/python3.10/dist-packages/rosidl_adapter/parser.py", line 201, in __init__
[2.525s]       raise InvalidResourceName(
[2.525s] 
[2.525s]   rosidl_adapter.parser.InvalidResourceName: 'customMsg' is an invalid
[2.525s]   package name.  It should have the pattern
[2.525s]   '^(?!.*__)(?!.*_$)[a-z][a-z0-9_]*$'
[2.525s] 
[2.525s] Call Stack (most recent call first):
[2.525s]   /opt/ros/humble/share/rosidl_cmake/cmake/rosidl_generate_interfaces.cmake:130 (rosidl_adapt_interfaces)
[2.525s]   CMakeLists.txt:17 (rosidl_generate_interfaces)
[2.525s] 
[2.525s] [0m
[2.525s] -- Configuring incomplete, errors occurred!
[2.525s] See also "/home/matt/Documents/GitHub/Rover-Unity/ros2_ws/build/customMsg/CMakeFiles/CMakeOutput.log".
[2.528s] Invoked command in '/home/matt/Documents/GitHub/Rover-Unity/ros2_ws/build/customMsg' returned '1': CMAKE_PREFIX_PATH=/home/matt/Documents/GitHub/Rover-Unity/ros2_ws/install/AutonControlNode:/opt/ros/humble /usr/bin/cmake /home/matt/Documents/GitHub/Rover-Unity/ros2_ws/src/customMsg -DCMAKE_INSTALL_PREFIX=/home/matt/Documents/GitHub/Rover-Unity/ros2_ws/install/customMsg
