/home/henry/Rover-Unity/ros2_ws/install/py_pubsub/lib/python3.10/site-packages/py_pubsub/geographic_functions.py
/home/henry/Rover-Unity/ros2_ws/install/py_pubsub/lib/python3.10/site-packages/py_pubsub/hammer_detector.py
/home/henry/Rover-Unity/ros2_ws/install/py_pubsub/lib/python3.10/site-packages/py_pubsub/aruco_scan.py
/home/henry/Rover-Unity/ros2_ws/install/py_pubsub/lib/python3.10/site-packages/py_pubsub/detect_hammer.py
/home/henry/Rover-Unity/ros2_ws/install/py_pubsub/lib/python3.10/site-packages/py_pubsub/bottle_detect.py
/home/henry/Rover-Unity/ros2_ws/install/py_pubsub/lib/python3.10/site-packages/py_pubsub/tcp_relay.py
/home/henry/Rover-Unity/ros2_ws/install/py_pubsub/lib/python3.10/site-packages/py_pubsub/udp_relay.py
/home/henry/Rover-Unity/ros2_ws/install/py_pubsub/lib/python3.10/site-packages/py_pubsub/generate_aruco.py
/home/henry/Rover-Unity/ros2_ws/install/py_pubsub/lib/python3.10/site-packages/py_pubsub/udp_sender_test.py
/home/henry/Rover-Unity/ros2_ws/install/py_pubsub/lib/python3.10/site-packages/py_pubsub/simple_position.py
/home/henry/Rover-Unity/ros2_ws/install/py_pubsub/lib/python3.10/site-packages/py_pubsub/auton_controller.py
/home/henry/Rover-Unity/ros2_ws/install/py_pubsub/lib/python3.10/site-packages/py_pubsub/object_train.py
/home/henry/Rover-Unity/ros2_ws/install/py_pubsub/lib/python3.10/site-packages/py_pubsub/__init__.py
/home/henry/Rover-Unity/ros2_ws/install/py_pubsub/lib/python3.10/site-packages/py_pubsub/__pycache__/geographic_functions.cpython-310.pyc
/home/henry/Rover-Unity/ros2_ws/install/py_pubsub/lib/python3.10/site-packages/py_pubsub/__pycache__/hammer_detector.cpython-310.pyc
/home/henry/Rover-Unity/ros2_ws/install/py_pubsub/lib/python3.10/site-packages/py_pubsub/__pycache__/aruco_scan.cpython-310.pyc
/home/henry/Rover-Unity/ros2_ws/install/py_pubsub/lib/python3.10/site-packages/py_pubsub/__pycache__/detect_hammer.cpython-310.pyc
/home/henry/Rover-Unity/ros2_ws/install/py_pubsub/lib/python3.10/site-packages/py_pubsub/__pycache__/bottle_detect.cpython-310.pyc
/home/henry/Rover-Unity/ros2_ws/install/py_pubsub/lib/python3.10/site-packages/py_pubsub/__pycache__/tcp_relay.cpython-310.pyc
/home/henry/Rover-Unity/ros2_ws/install/py_pubsub/lib/python3.10/site-packages/py_pubsub/__pycache__/udp_relay.cpython-310.pyc
/home/henry/Rover-Unity/ros2_ws/install/py_pubsub/lib/python3.10/site-packages/py_pubsub/__pycache__/generate_aruco.cpython-310.pyc
/home/henry/Rover-Unity/ros2_ws/install/py_pubsub/lib/python3.10/site-packages/py_pubsub/__pycache__/udp_sender_test.cpython-310.pyc
/home/henry/Rover-Unity/ros2_ws/install/py_pubsub/lib/python3.10/site-packages/py_pubsub/__pycache__/simple_position.cpython-310.pyc
/home/henry/Rover-Unity/ros2_ws/install/py_pubsub/lib/python3.10/site-packages/py_pubsub/__pycache__/auton_controller.cpython-310.pyc
/home/henry/Rover-Unity/ros2_ws/install/py_pubsub/lib/python3.10/site-packages/py_pubsub/__pycache__/object_train.cpython-310.pyc
/home/henry/Rover-Unity/ros2_ws/install/py_pubsub/lib/python3.10/site-packages/py_pubsub/__pycache__/__init__.cpython-310.pyc
/home/henry/Rover-Unity/ros2_ws/install/py_pubsub/share/ament_index/resource_index/packages/py_pubsub
/home/henry/Rover-Unity/ros2_ws/install/py_pubsub/share/py_pubsub/package.xml
/home/henry/Rover-Unity/ros2_ws/install/py_pubsub/lib/python3.10/site-packages/py_pubsub-0.0.0-py3.10.egg-info/PKG-INFO
/home/henry/Rover-Unity/ros2_ws/install/py_pubsub/lib/python3.10/site-packages/py_pubsub-0.0.0-py3.10.egg-info/entry_points.txt
/home/henry/Rover-Unity/ros2_ws/install/py_pubsub/lib/python3.10/site-packages/py_pubsub-0.0.0-py3.10.egg-info/dependency_links.txt
/home/henry/Rover-Unity/ros2_ws/install/py_pubsub/lib/python3.10/site-packages/py_pubsub-0.0.0-py3.10.egg-info/zip-safe
/home/henry/Rover-Unity/ros2_ws/install/py_pubsub/lib/python3.10/site-packages/py_pubsub-0.0.0-py3.10.egg-info/requires.txt
/home/henry/Rover-Unity/ros2_ws/install/py_pubsub/lib/python3.10/site-packages/py_pubsub-0.0.0-py3.10.egg-info/SOURCES.txt
/home/henry/Rover-Unity/ros2_ws/install/py_pubsub/lib/python3.10/site-packages/py_pubsub-0.0.0-py3.10.egg-info/top_level.txt
/home/henry/Rover-Unity/ros2_ws/install/py_pubsub/lib/py_pubsub/auton_controller
/home/henry/Rover-Unity/ros2_ws/install/py_pubsub/lib/py_pubsub/listener
/home/henry/Rover-Unity/ros2_ws/install/py_pubsub/lib/py_pubsub/simple_position
/home/henry/Rover-Unity/ros2_ws/install/py_pubsub/lib/py_pubsub/talker
/home/henry/Rover-Unity/ros2_ws/install/py_pubsub/lib/py_pubsub/tcp_relay
/home/henry/Rover-Unity/ros2_ws/install/py_pubsub/lib/py_pubsub/udp_relay
