[1.758s] Invoking command in '/home/makemorerobot/Rover-Unity/ros2_ws/src/py_pubsub': PYTHONPATH=/home/makemorerobot/Rover-Unity/ros2_ws/build/py_pubsub/prefix_override:/usr/lib/python3/dist-packages/colcon_core/task/python/colcon_distutils_commands:/home/makemorerobot/Rover-Unity/ros2_ws/install/py_pubsub/lib/python3.10/site-packages:${PYTHONPATH} /usr/bin/python3 -W ignore:setup.py install is deprecated -W ignore:easy_install command is deprecated setup.py egg_info --egg-base ../../build/py_pubsub build --build-base /home/makemorerobot/Rover-Unity/ros2_ws/build/py_pubsub/build install --record /home/makemorerobot/Rover-Unity/ros2_ws/build/py_pubsub/install.log --single-version-externally-managed install_data
[2.048s] /home/makemorerobot/.local/lib/python3.10/site-packages/setuptools/_distutils/dist.py:289: UserWarning: Unknown distribution option: 'tests_require'
[2.048s]   warnings.warn(msg)
[2.195s] running egg_info
[2.220s] creating ../../build/py_pubsub/py_pubsub.egg-info
[2.220s] writing ../../build/py_pubsub/py_pubsub.egg-info/PKG-INFO
[2.221s] writing dependency_links to ../../build/py_pubsub/py_pubsub.egg-info/dependency_links.txt
[2.221s] writing entry points to ../../build/py_pubsub/py_pubsub.egg-info/entry_points.txt
[2.222s] writing requirements to ../../build/py_pubsub/py_pubsub.egg-info/requires.txt
[2.222s] writing top-level names to ../../build/py_pubsub/py_pubsub.egg-info/top_level.txt
[2.222s] writing manifest file '../../build/py_pubsub/py_pubsub.egg-info/SOURCES.txt'
[2.281s] reading manifest file '../../build/py_pubsub/py_pubsub.egg-info/SOURCES.txt'
[2.283s] writing manifest file '../../build/py_pubsub/py_pubsub.egg-info/SOURCES.txt'
[2.283s] running build
[2.284s] running build_py
[2.284s] creating /home/makemorerobot/Rover-Unity/ros2_ws/build/py_pubsub/build/lib/py_pubsub
[2.284s] copying py_pubsub/publisher_member_function.py -> /home/makemorerobot/Rover-Unity/ros2_ws/build/py_pubsub/build/lib/py_pubsub
[2.285s] copying py_pubsub/bottle_detect.py -> /home/makemorerobot/Rover-Unity/ros2_ws/build/py_pubsub/build/lib/py_pubsub
[2.285s] copying py_pubsub/tcp_relay.py -> /home/makemorerobot/Rover-Unity/ros2_ws/build/py_pubsub/build/lib/py_pubsub
[2.286s] copying py_pubsub/udp_sender_test.py -> /home/makemorerobot/Rover-Unity/ros2_ws/build/py_pubsub/build/lib/py_pubsub
[2.286s] copying py_pubsub/gstreamer_depth_node.py -> /home/makemorerobot/Rover-Unity/ros2_ws/build/py_pubsub/build/lib/py_pubsub
[2.286s] copying py_pubsub/auton_controller.py -> /home/makemorerobot/Rover-Unity/ros2_ws/build/py_pubsub/build/lib/py_pubsub
[2.286s] copying py_pubsub/subscriber_member_function.py -> /home/makemorerobot/Rover-Unity/ros2_ws/build/py_pubsub/build/lib/py_pubsub
[2.287s] copying py_pubsub/aruco_scan.py -> /home/makemorerobot/Rover-Unity/ros2_ws/build/py_pubsub/build/lib/py_pubsub
[2.287s] copying py_pubsub/geographic_functions.py -> /home/makemorerobot/Rover-Unity/ros2_ws/build/py_pubsub/build/lib/py_pubsub
[2.287s] copying py_pubsub/__init__.py -> /home/makemorerobot/Rover-Unity/ros2_ws/build/py_pubsub/build/lib/py_pubsub
[2.287s] copying py_pubsub/generate_aruco.py -> /home/makemorerobot/Rover-Unity/ros2_ws/build/py_pubsub/build/lib/py_pubsub
[2.288s] copying py_pubsub/object_train.py -> /home/makemorerobot/Rover-Unity/ros2_ws/build/py_pubsub/build/lib/py_pubsub
[2.288s] copying py_pubsub/simple_position.py -> /home/makemorerobot/Rover-Unity/ros2_ws/build/py_pubsub/build/lib/py_pubsub
[2.289s] running install
[2.298s] running install_lib
[2.323s] creating /home/makemorerobot/Rover-Unity/ros2_ws/install/py_pubsub/lib/python3.10/site-packages/py_pubsub
[2.323s] copying /home/makemorerobot/Rover-Unity/ros2_ws/build/py_pubsub/build/lib/py_pubsub/publisher_member_function.py -> /home/makemorerobot/Rover-Unity/ros2_ws/install/py_pubsub/lib/python3.10/site-packages/py_pubsub
[2.324s] copying /home/makemorerobot/Rover-Unity/ros2_ws/build/py_pubsub/build/lib/py_pubsub/bottle_detect.py -> /home/makemorerobot/Rover-Unity/ros2_ws/install/py_pubsub/lib/python3.10/site-packages/py_pubsub
[2.324s] copying /home/makemorerobot/Rover-Unity/ros2_ws/build/py_pubsub/build/lib/py_pubsub/tcp_relay.py -> /home/makemorerobot/Rover-Unity/ros2_ws/install/py_pubsub/lib/python3.10/site-packages/py_pubsub
[2.324s] copying /home/makemorerobot/Rover-Unity/ros2_ws/build/py_pubsub/build/lib/py_pubsub/udp_sender_test.py -> /home/makemorerobot/Rover-Unity/ros2_ws/install/py_pubsub/lib/python3.10/site-packages/py_pubsub
[2.325s] copying /home/makemorerobot/Rover-Unity/ros2_ws/build/py_pubsub/build/lib/py_pubsub/gstreamer_depth_node.py -> /home/makemorerobot/Rover-Unity/ros2_ws/install/py_pubsub/lib/python3.10/site-packages/py_pubsub
[2.326s] copying /home/makemorerobot/Rover-Unity/ros2_ws/build/py_pubsub/build/lib/py_pubsub/auton_controller.py -> /home/makemorerobot/Rover-Unity/ros2_ws/install/py_pubsub/lib/python3.10/site-packages/py_pubsub
[2.326s] copying /home/makemorerobot/Rover-Unity/ros2_ws/build/py_pubsub/build/lib/py_pubsub/subscriber_member_function.py -> /home/makemorerobot/Rover-Unity/ros2_ws/install/py_pubsub/lib/python3.10/site-packages/py_pubsub
[2.326s] copying /home/makemorerobot/Rover-Unity/ros2_ws/build/py_pubsub/build/lib/py_pubsub/aruco_scan.py -> /home/makemorerobot/Rover-Unity/ros2_ws/install/py_pubsub/lib/python3.10/site-packages/py_pubsub
[2.326s] copying /home/makemorerobot/Rover-Unity/ros2_ws/build/py_pubsub/build/lib/py_pubsub/geographic_functions.py -> /home/makemorerobot/Rover-Unity/ros2_ws/install/py_pubsub/lib/python3.10/site-packages/py_pubsub
[2.326s] copying /home/makemorerobot/Rover-Unity/ros2_ws/build/py_pubsub/build/lib/py_pubsub/__init__.py -> /home/makemorerobot/Rover-Unity/ros2_ws/install/py_pubsub/lib/python3.10/site-packages/py_pubsub
[2.326s] copying /home/makemorerobot/Rover-Unity/ros2_ws/build/py_pubsub/build/lib/py_pubsub/generate_aruco.py -> /home/makemorerobot/Rover-Unity/ros2_ws/install/py_pubsub/lib/python3.10/site-packages/py_pubsub
[2.326s] copying /home/makemorerobot/Rover-Unity/ros2_ws/build/py_pubsub/build/lib/py_pubsub/object_train.py -> /home/makemorerobot/Rover-Unity/ros2_ws/install/py_pubsub/lib/python3.10/site-packages/py_pubsub
[2.326s] copying /home/makemorerobot/Rover-Unity/ros2_ws/build/py_pubsub/build/lib/py_pubsub/simple_position.py -> /home/makemorerobot/Rover-Unity/ros2_ws/install/py_pubsub/lib/python3.10/site-packages/py_pubsub
[2.327s] byte-compiling /home/makemorerobot/Rover-Unity/ros2_ws/install/py_pubsub/lib/python3.10/site-packages/py_pubsub/publisher_member_function.py to publisher_member_function.cpython-310.pyc
[2.327s] byte-compiling /home/makemorerobot/Rover-Unity/ros2_ws/install/py_pubsub/lib/python3.10/site-packages/py_pubsub/bottle_detect.py to bottle_detect.cpython-310.pyc
[2.328s] byte-compiling /home/makemorerobot/Rover-Unity/ros2_ws/install/py_pubsub/lib/python3.10/site-packages/py_pubsub/tcp_relay.py to tcp_relay.cpython-310.pyc
[2.333s] byte-compiling /home/makemorerobot/Rover-Unity/ros2_ws/install/py_pubsub/lib/python3.10/site-packages/py_pubsub/udp_sender_test.py to udp_sender_test.cpython-310.pyc
[2.334s] byte-compiling /home/makemorerobot/Rover-Unity/ros2_ws/install/py_pubsub/lib/python3.10/site-packages/py_pubsub/gstreamer_depth_node.py to gstreamer_depth_node.cpython-310.pyc
[2.335s] byte-compiling /home/makemorerobot/Rover-Unity/ros2_ws/install/py_pubsub/lib/python3.10/site-packages/py_pubsub/auton_controller.py to auton_controller.cpython-310.pyc
[2.340s] byte-compiling /home/makemorerobot/Rover-Unity/ros2_ws/install/py_pubsub/lib/python3.10/site-packages/py_pubsub/subscriber_member_function.py to subscriber_member_function.cpython-310.pyc
[2.341s] byte-compiling /home/makemorerobot/Rover-Unity/ros2_ws/install/py_pubsub/lib/python3.10/site-packages/py_pubsub/aruco_scan.py to aruco_scan.cpython-310.pyc
[2.343s] byte-compiling /home/makemorerobot/Rover-Unity/ros2_ws/install/py_pubsub/lib/python3.10/site-packages/py_pubsub/geographic_functions.py to geographic_functions.cpython-310.pyc
[2.344s] byte-compiling /home/makemorerobot/Rover-Unity/ros2_ws/install/py_pubsub/lib/python3.10/site-packages/py_pubsub/__init__.py to __init__.cpython-310.pyc
[2.344s] byte-compiling /home/makemorerobot/Rover-Unity/ros2_ws/install/py_pubsub/lib/python3.10/site-packages/py_pubsub/generate_aruco.py to generate_aruco.cpython-310.pyc
[2.345s] byte-compiling /home/makemorerobot/Rover-Unity/ros2_ws/install/py_pubsub/lib/python3.10/site-packages/py_pubsub/object_train.py to object_train.cpython-310.pyc
[2.345s] byte-compiling /home/makemorerobot/Rover-Unity/ros2_ws/install/py_pubsub/lib/python3.10/site-packages/py_pubsub/simple_position.py to simple_position.cpython-310.pyc
[2.347s] running install_data
[2.347s] creating /home/makemorerobot/Rover-Unity/ros2_ws/install/py_pubsub/share/ament_index/resource_index/packages
[2.348s] copying resource/py_pubsub -> /home/makemorerobot/Rover-Unity/ros2_ws/install/py_pubsub/share/ament_index/resource_index/packages
[2.348s] copying package.xml -> /home/makemorerobot/Rover-Unity/ros2_ws/install/py_pubsub/share/py_pubsub
[2.348s] running install_egg_info
[2.376s] Copying ../../build/py_pubsub/py_pubsub.egg-info to /home/makemorerobot/Rover-Unity/ros2_ws/install/py_pubsub/lib/python3.10/site-packages/py_pubsub-0.0.0-py3.10.egg-info
[2.377s] running install_scripts
[2.586s] Installing auton_controller script to /home/makemorerobot/Rover-Unity/ros2_ws/install/py_pubsub/lib/py_pubsub
[2.587s] Installing gstreamer_depth_node script to /home/makemorerobot/Rover-Unity/ros2_ws/install/py_pubsub/lib/py_pubsub
[2.588s] Installing listener script to /home/makemorerobot/Rover-Unity/ros2_ws/install/py_pubsub/lib/py_pubsub
[2.588s] Installing simple_position script to /home/makemorerobot/Rover-Unity/ros2_ws/install/py_pubsub/lib/py_pubsub
[2.588s] Installing talker script to /home/makemorerobot/Rover-Unity/ros2_ws/install/py_pubsub/lib/py_pubsub
[2.588s] Installing tcp_relay script to /home/makemorerobot/Rover-Unity/ros2_ws/install/py_pubsub/lib/py_pubsub
[2.588s] writing list of installed files to '/home/makemorerobot/Rover-Unity/ros2_ws/build/py_pubsub/install.log'
[2.630s] Invoked command in '/home/makemorerobot/Rover-Unity/ros2_ws/src/py_pubsub' returned '0': PYTHONPATH=/home/makemorerobot/Rover-Unity/ros2_ws/build/py_pubsub/prefix_override:/usr/lib/python3/dist-packages/colcon_core/task/python/colcon_distutils_commands:/home/makemorerobot/Rover-Unity/ros2_ws/install/py_pubsub/lib/python3.10/site-packages:${PYTHONPATH} /usr/bin/python3 -W ignore:setup.py install is deprecated -W ignore:easy_install command is deprecated setup.py egg_info --egg-base ../../build/py_pubsub build --build-base /home/makemorerobot/Rover-Unity/ros2_ws/build/py_pubsub/build install --record /home/makemorerobot/Rover-Unity/ros2_ws/build/py_pubsub/install.log --single-version-externally-managed install_data
