[0.856s] DEBUG:colcon:Command line arguments: ['/usr/bin/colcon', 'build', '--packages-select', 'custom_msg']
[0.856s] DEBUG:colcon:Parsed command line arguments: Namespace(log_base=None, log_level=None, verb_name='build', build_base='build', install_base='install', merge_install=False, symlink_install=False, test_result_base=None, continue_on_error=False, executor='parallel', parallel_workers=20, event_handlers=None, ignore_user_meta=False, metas=['./colcon.meta'], base_paths=['.'], packages_ignore=None, packages_ignore_regex=None, paths=None, packages_up_to=None, packages_up_to_regex=None, packages_above=None, packages_above_and_dependencies=None, packages_above_depth=None, packages_select_by_dep=None, packages_skip_by_dep=None, packages_skip_up_to=None, packages_select_build_failed=False, packages_skip_build_finished=False, packages_select_test_failures=False, packages_skip_test_passed=False, packages_select=['custom_msg'], packages_skip=None, packages_select_regex=None, packages_skip_regex=None, packages_start=None, packages_end=None, allow_overriding=[], cmake_args=None, cmake_target=None, cmake_target_skip_unavailable=False, cmake_clean_cache=False, cmake_clean_first=False, cmake_force_configure=False, ament_cmake_args=None, catkin_cmake_args=None, catkin_skip_building_tests=False, verb_parser=<colcon_defaults.argument_parser.defaults.DefaultArgumentsDecorator object at 0x7f9339ce70d0>, verb_extension=<colcon_core.verb.build.BuildVerb object at 0x7f9339c2c520>, main=<bound method BuildVerb.main of <colcon_core.verb.build.BuildVerb object at 0x7f9339c2c520>>)
[1.969s] Level 1:colcon.colcon_core.package_discovery:discover_packages(colcon_meta) check parameters
[1.969s] Level 1:colcon.colcon_core.package_discovery:discover_packages(recursive) check parameters
[1.969s] Level 1:colcon.colcon_core.package_discovery:discover_packages(ignore) check parameters
[1.969s] Level 1:colcon.colcon_core.package_discovery:discover_packages(path) check parameters
[1.969s] Level 1:colcon.colcon_core.package_discovery:discover_packages(colcon_meta) discover
[1.969s] Level 1:colcon.colcon_core.package_discovery:discover_packages(recursive) discover
[1.969s] INFO:colcon.colcon_core.package_discovery:Crawling recursively for packages in '/home/matt/Documents/GitHub/Rover-Unity/ros2_ws'
[1.969s] Level 1:colcon.colcon_core.package_identification:_identify(.) by extensions ['ignore', 'ignore_ament_install']
[1.969s] Level 1:colcon.colcon_core.package_identification:_identify(.) by extension 'ignore'
[1.969s] Level 1:colcon.colcon_core.package_identification:_identify(.) by extension 'ignore_ament_install'
[1.969s] Level 1:colcon.colcon_core.package_identification:_identify(.) by extensions ['colcon_pkg']
[1.969s] Level 1:colcon.colcon_core.package_identification:_identify(.) by extension 'colcon_pkg'
[1.969s] Level 1:colcon.colcon_core.package_identification:_identify(.) by extensions ['colcon_meta']
[1.969s] Level 1:colcon.colcon_core.package_identification:_identify(.) by extension 'colcon_meta'
[1.969s] Level 1:colcon.colcon_core.package_identification:_identify(.) by extensions ['ros']
[1.969s] Level 1:colcon.colcon_core.package_identification:_identify(.) by extension 'ros'
[2.005s] Level 1:colcon.colcon_core.package_identification:_identify(.) by extensions ['cmake', 'python']
[2.005s] Level 1:colcon.colcon_core.package_identification:_identify(.) by extension 'cmake'
[2.005s] Level 1:colcon.colcon_core.package_identification:_identify(.) by extension 'python'
[2.005s] Level 1:colcon.colcon_core.package_identification:_identify(.) by extensions ['python_setup_py']
[2.005s] Level 1:colcon.colcon_core.package_identification:_identify(.) by extension 'python_setup_py'
[2.005s] Level 1:colcon.colcon_core.package_identification:_identify(build) by extensions ['ignore', 'ignore_ament_install']
[2.005s] Level 1:colcon.colcon_core.package_identification:_identify(build) by extension 'ignore'
[2.005s] Level 1:colcon.colcon_core.package_identification:_identify(build) ignored
[2.005s] Level 1:colcon.colcon_core.package_identification:_identify(install) by extensions ['ignore', 'ignore_ament_install']
[2.005s] Level 1:colcon.colcon_core.package_identification:_identify(install) by extension 'ignore'
[2.005s] Level 1:colcon.colcon_core.package_identification:_identify(install) ignored
[2.005s] Level 1:colcon.colcon_core.package_identification:_identify(log) by extensions ['ignore', 'ignore_ament_install']
[2.005s] Level 1:colcon.colcon_core.package_identification:_identify(log) by extension 'ignore'
[2.005s] Level 1:colcon.colcon_core.package_identification:_identify(log) ignored
[2.005s] Level 1:colcon.colcon_core.package_identification:_identify(src) by extensions ['ignore', 'ignore_ament_install']
[2.005s] Level 1:colcon.colcon_core.package_identification:_identify(src) by extension 'ignore'
[2.005s] Level 1:colcon.colcon_core.package_identification:_identify(src) by extension 'ignore_ament_install'
[2.005s] Level 1:colcon.colcon_core.package_identification:_identify(src) by extensions ['colcon_pkg']
[2.005s] Level 1:colcon.colcon_core.package_identification:_identify(src) by extension 'colcon_pkg'
[2.005s] Level 1:colcon.colcon_core.package_identification:_identify(src) by extensions ['colcon_meta']
[2.005s] Level 1:colcon.colcon_core.package_identification:_identify(src) by extension 'colcon_meta'
[2.005s] Level 1:colcon.colcon_core.package_identification:_identify(src) by extensions ['ros']
[2.005s] Level 1:colcon.colcon_core.package_identification:_identify(src) by extension 'ros'
[2.005s] Level 1:colcon.colcon_core.package_identification:_identify(src) by extensions ['cmake', 'python']
[2.005s] Level 1:colcon.colcon_core.package_identification:_identify(src) by extension 'cmake'
[2.005s] Level 1:colcon.colcon_core.package_identification:_identify(src) by extension 'python'
[2.006s] Level 1:colcon.colcon_core.package_identification:_identify(src) by extensions ['python_setup_py']
[2.006s] Level 1:colcon.colcon_core.package_identification:_identify(src) by extension 'python_setup_py'
[2.006s] Level 1:colcon.colcon_core.package_identification:_identify(src/AutonControlNode) by extensions ['ignore', 'ignore_ament_install']
[2.006s] Level 1:colcon.colcon_core.package_identification:_identify(src/AutonControlNode) by extension 'ignore'
[2.006s] Level 1:colcon.colcon_core.package_identification:_identify(src/AutonControlNode) by extension 'ignore_ament_install'
[2.006s] Level 1:colcon.colcon_core.package_identification:_identify(src/AutonControlNode) by extensions ['colcon_pkg']
[2.006s] Level 1:colcon.colcon_core.package_identification:_identify(src/AutonControlNode) by extension 'colcon_pkg'
[2.006s] Level 1:colcon.colcon_core.package_identification:_identify(src/AutonControlNode) by extensions ['colcon_meta']
[2.006s] Level 1:colcon.colcon_core.package_identification:_identify(src/AutonControlNode) by extension 'colcon_meta'
[2.006s] Level 1:colcon.colcon_core.package_identification:_identify(src/AutonControlNode) by extensions ['ros']
[2.006s] Level 1:colcon.colcon_core.package_identification:_identify(src/AutonControlNode) by extension 'ros'
[2.029s] DEBUG:colcon.colcon_core.package_identification:Package 'src/AutonControlNode' with type 'ros.ament_python' and name 'AutonControlNode'
[2.029s] Level 1:colcon.colcon_core.package_identification:_identify(src/custom_msg) by extensions ['ignore', 'ignore_ament_install']
[2.029s] Level 1:colcon.colcon_core.package_identification:_identify(src/custom_msg) by extension 'ignore'
[2.029s] Level 1:colcon.colcon_core.package_identification:_identify(src/custom_msg) by extension 'ignore_ament_install'
[2.029s] Level 1:colcon.colcon_core.package_identification:_identify(src/custom_msg) by extensions ['colcon_pkg']
[2.029s] Level 1:colcon.colcon_core.package_identification:_identify(src/custom_msg) by extension 'colcon_pkg'
[2.029s] Level 1:colcon.colcon_core.package_identification:_identify(src/custom_msg) by extensions ['colcon_meta']
[2.029s] Level 1:colcon.colcon_core.package_identification:_identify(src/custom_msg) by extension 'colcon_meta'
[2.029s] Level 1:colcon.colcon_core.package_identification:_identify(src/custom_msg) by extensions ['ros']
[2.029s] Level 1:colcon.colcon_core.package_identification:_identify(src/custom_msg) by extension 'ros'
[2.044s] DEBUG:colcon.colcon_core.package_identification:Found ROS schema reference in package manifest in 'src/custom_msg'
[2.044s] WARNING:colcon.colcon_core.package_identification:Failed to parse ROS package manifest in 'src/custom_msg': Error(s) in package 'src/custom_msg/package.xml':
The package "custom_msg" must not "exec_depend" on a package with the same name as this package
[2.044s] Level 1:colcon.colcon_core.package_identification:_identify(src/custom_msg) by extensions ['cmake', 'python']
[2.044s] Level 1:colcon.colcon_core.package_identification:_identify(src/custom_msg) by extension 'cmake'
[2.063s] Level 1:colcon.colcon_core.package_identification:_identify(src/custom_msg) by extension 'python'
[2.063s] DEBUG:colcon.colcon_core.package_identification:Package 'src/custom_msg' with type 'cmake' and name 'custom_msg'
[2.063s] Level 1:colcon.colcon_core.package_discovery:discover_packages(recursive) using defaults
[2.064s] Level 1:colcon.colcon_core.package_discovery:discover_packages(ignore) discover
[2.064s] Level 1:colcon.colcon_core.package_discovery:discover_packages(ignore) using defaults
[2.064s] Level 1:colcon.colcon_core.package_discovery:discover_packages(path) discover
[2.064s] Level 1:colcon.colcon_core.package_discovery:discover_packages(path) using defaults
[2.181s] INFO:colcon.colcon_core.package_selection:Skipping not selected package 'AutonControlNode' in 'src/AutonControlNode'
[2.194s] Level 1:colcon.colcon_core.package_discovery:discover_packages(prefix_path) check parameters
[2.194s] Level 1:colcon.colcon_core.package_discovery:discover_packages(prefix_path) discover
[2.196s] Level 1:colcon.colcon_core.package_discovery:discover_packages(prefix_path) using defaults
[2.203s] Level 5:colcon.colcon_core.verb:set package 'custom_msg' build argument 'cmake_args' from command line to 'None'
[2.203s] Level 5:colcon.colcon_core.verb:set package 'custom_msg' build argument 'cmake_target' from command line to 'None'
[2.203s] Level 5:colcon.colcon_core.verb:set package 'custom_msg' build argument 'cmake_target_skip_unavailable' from command line to 'False'
[2.203s] Level 5:colcon.colcon_core.verb:set package 'custom_msg' build argument 'cmake_clean_cache' from command line to 'False'
[2.203s] Level 5:colcon.colcon_core.verb:set package 'custom_msg' build argument 'cmake_clean_first' from command line to 'False'
[2.203s] Level 5:colcon.colcon_core.verb:set package 'custom_msg' build argument 'cmake_force_configure' from command line to 'False'
[2.203s] Level 5:colcon.colcon_core.verb:set package 'custom_msg' build argument 'ament_cmake_args' from command line to 'None'
[2.203s] Level 5:colcon.colcon_core.verb:set package 'custom_msg' build argument 'catkin_cmake_args' from command line to 'None'
[2.203s] Level 5:colcon.colcon_core.verb:set package 'custom_msg' build argument 'catkin_skip_building_tests' from command line to 'False'
[2.203s] DEBUG:colcon.colcon_core.verb:Building package 'custom_msg' with the following arguments: {'ament_cmake_args': None, 'build_base': '/home/matt/Documents/GitHub/Rover-Unity/ros2_ws/build/custom_msg', 'catkin_cmake_args': None, 'catkin_skip_building_tests': False, 'cmake_args': None, 'cmake_clean_cache': False, 'cmake_clean_first': False, 'cmake_force_configure': False, 'cmake_target': None, 'cmake_target_skip_unavailable': False, 'install_base': '/home/matt/Documents/GitHub/Rover-Unity/ros2_ws/install/custom_msg', 'merge_install': False, 'path': '/home/matt/Documents/GitHub/Rover-Unity/ros2_ws/src/custom_msg', 'symlink_install': False, 'test_result_base': None}
[2.203s] INFO:colcon.colcon_core.executor:Executing jobs using 'parallel' executor
[2.204s] DEBUG:colcon.colcon_parallel_executor.executor.parallel:run_until_complete
[2.204s] INFO:colcon.colcon_cmake.task.cmake.build:Building CMake package in '/home/matt/Documents/GitHub/Rover-Unity/ros2_ws/src/custom_msg'
[2.207s] INFO:colcon.colcon_core.plugin_system:Skipping extension 'colcon_core.shell.bat': Not used on non-Windows systems
[2.207s] INFO:colcon.colcon_core.shell:Skip shell extension 'powershell' for command environment: Not usable outside of PowerShell
[2.207s] DEBUG:colcon.colcon_core.shell:Skip shell extension 'dsv' for command environment
[2.237s] DEBUG:colcon.colcon_core.event_handler.log_command:Invoking command in '/home/matt/Documents/GitHub/Rover-Unity/ros2_ws/build/custom_msg': /usr/bin/cmake --build /home/matt/Documents/GitHub/Rover-Unity/ros2_ws/build/custom_msg -- -j20 -l20
[2.847s] DEBUG:colcon.colcon_core.event_handler.log_command:Invoked command in '/home/matt/Documents/GitHub/Rover-Unity/ros2_ws/build/custom_msg' returned '2': /usr/bin/cmake --build /home/matt/Documents/GitHub/Rover-Unity/ros2_ws/build/custom_msg -- -j20 -l20
[2.857s] DEBUG:colcon.colcon_parallel_executor.executor.parallel:closing loop
[2.858s] DEBUG:colcon.colcon_parallel_executor.executor.parallel:loop closed
[2.858s] DEBUG:colcon.colcon_parallel_executor.executor.parallel:run_until_complete finished with '2'
[2.858s] DEBUG:colcon.colcon_core.event_reactor:joining thread
[2.871s] INFO:colcon.colcon_core.plugin_system:Skipping extension 'colcon_notification.desktop_notification.terminal_notifier': Not used on non-Darwin systems
[2.871s] INFO:colcon.colcon_core.plugin_system:Skipping extension 'colcon_notification.desktop_notification.win32': Not used on non-Windows systems
[2.871s] INFO:colcon.colcon_notification.desktop_notification:Sending desktop notification using 'notify2'
[2.878s] DEBUG:colcon.colcon_core.event_reactor:joined thread
[2.878s] INFO:colcon.colcon_core.shell:Creating prefix script '/home/matt/Documents/GitHub/Rover-Unity/ros2_ws/install/local_setup.ps1'
[2.879s] INFO:colcon.colcon_core.shell:Creating prefix util module '/home/matt/Documents/GitHub/Rover-Unity/ros2_ws/install/_local_setup_util_ps1.py'
[2.880s] INFO:colcon.colcon_core.shell:Creating prefix chain script '/home/matt/Documents/GitHub/Rover-Unity/ros2_ws/install/setup.ps1'
[2.880s] INFO:colcon.colcon_core.shell:Creating prefix script '/home/matt/Documents/GitHub/Rover-Unity/ros2_ws/install/local_setup.sh'
[2.881s] INFO:colcon.colcon_core.shell:Creating prefix util module '/home/matt/Documents/GitHub/Rover-Unity/ros2_ws/install/_local_setup_util_sh.py'
[2.881s] INFO:colcon.colcon_core.shell:Creating prefix chain script '/home/matt/Documents/GitHub/Rover-Unity/ros2_ws/install/setup.sh'
[2.882s] INFO:colcon.colcon_core.shell:Creating prefix script '/home/matt/Documents/GitHub/Rover-Unity/ros2_ws/install/local_setup.bash'
[2.912s] INFO:colcon.colcon_core.shell:Creating prefix chain script '/home/matt/Documents/GitHub/Rover-Unity/ros2_ws/install/setup.bash'
[2.912s] INFO:colcon.colcon_core.shell:Creating prefix script '/home/matt/Documents/GitHub/Rover-Unity/ros2_ws/install/local_setup.zsh'
[2.914s] INFO:colcon.colcon_core.shell:Creating prefix chain script '/home/matt/Documents/GitHub/Rover-Unity/ros2_ws/install/setup.zsh'
