[0.280s] Invoking command in '/home/matt/Documents/GitHub/Rover-Unity/ros2_ws/src/AutonControlNode': PYTHONPATH=/home/matt/Documents/GitHub/Rover-Unity/ros2_ws/build/AutonControlNode/prefix_override:/usr/lib/python3/dist-packages/colcon_core/task/python/colcon_distutils_commands:/home/matt/Documents/GitHub/Rover-Unity/ros2_ws/install/AutonControlNode/lib/python3.10/site-packages:${PYTHONPATH} /usr/bin/python3 -W ignore:setup.py install is deprecated -W ignore:easy_install command is deprecated setup.py egg_info --egg-base ../../build/AutonControlNode build --build-base /home/matt/Documents/GitHub/Rover-Unity/ros2_ws/build/AutonControlNode/build install --record /home/matt/Documents/GitHub/Rover-Unity/ros2_ws/build/AutonControlNode/install.log --single-version-externally-managed install_data
[0.389s] running egg_info
[0.389s] writing ../../build/AutonControlNode/AutonControlNode.egg-info/PKG-INFO
[0.389s] writing dependency_links to ../../build/AutonControlNode/AutonControlNode.egg-info/dependency_links.txt
[0.389s] writing entry points to ../../build/AutonControlNode/AutonControlNode.egg-info/entry_points.txt
[0.389s] writing requirements to ../../build/AutonControlNode/AutonControlNode.egg-info/requires.txt
[0.389s] writing top-level names to ../../build/AutonControlNode/AutonControlNode.egg-info/top_level.txt
[0.390s] reading manifest file '../../build/AutonControlNode/AutonControlNode.egg-info/SOURCES.txt'
[0.390s] writing manifest file '../../build/AutonControlNode/AutonControlNode.egg-info/SOURCES.txt'
[0.390s] running build
[0.390s] running build_py
[0.390s] running install
[0.391s] running install_lib
[0.391s] running install_data
[0.391s] running install_egg_info
[0.392s] removing '/home/matt/Documents/GitHub/Rover-Unity/ros2_ws/install/AutonControlNode/lib/python3.10/site-packages/AutonControlNode-0.0.0-py3.10.egg-info' (and everything under it)
[0.392s] Copying ../../build/AutonControlNode/AutonControlNode.egg-info to /home/matt/Documents/GitHub/Rover-Unity/ros2_ws/install/AutonControlNode/lib/python3.10/site-packages/AutonControlNode-0.0.0-py3.10.egg-info
[0.393s] running install_scripts
[0.404s] Installing auton_control_node script to /home/matt/Documents/GitHub/Rover-Unity/ros2_ws/install/AutonControlNode/lib/AutonControlNode
[0.404s] writing list of installed files to '/home/matt/Documents/GitHub/Rover-Unity/ros2_ws/build/AutonControlNode/install.log'
[0.415s] Invoked command in '/home/matt/Documents/GitHub/Rover-Unity/ros2_ws/src/AutonControlNode' returned '0': PYTHONPATH=/home/matt/Documents/GitHub/Rover-Unity/ros2_ws/build/AutonControlNode/prefix_override:/usr/lib/python3/dist-packages/colcon_core/task/python/colcon_distutils_commands:/home/matt/Documents/GitHub/Rover-Unity/ros2_ws/install/AutonControlNode/lib/python3.10/site-packages:${PYTHONPATH} /usr/bin/python3 -W ignore:setup.py install is deprecated -W ignore:easy_install command is deprecated setup.py egg_info --egg-base ../../build/AutonControlNode build --build-base /home/matt/Documents/GitHub/Rover-Unity/ros2_ws/build/AutonControlNode/build install --record /home/matt/Documents/GitHub/Rover-Unity/ros2_ws/build/AutonControlNode/install.log --single-version-externally-managed install_data
