[1.420s] Invoking command in '/home/makemorerobot/Rover-Unity/ros2_ws/src/py_pubsub': PYTHONPATH=/home/makemorerobot/Rover-Unity/ros2_ws/build/py_pubsub/prefix_override:/usr/lib/python3/dist-packages/colcon_core/task/python/colcon_distutils_commands:/home/makemorerobot/Rover-Unity/ros2_ws/install/py_pubsub/lib/python3.10/site-packages:${PYTHONPATH} /usr/bin/python3 -W ignore:setup.py install is deprecated -W ignore:easy_install command is deprecated setup.py egg_info --egg-base ../../build/py_pubsub build --build-base /home/makemorerobot/Rover-Unity/ros2_ws/build/py_pubsub/build install --record /home/makemorerobot/Rover-Unity/ros2_ws/build/py_pubsub/install.log --single-version-externally-managed install_data
[1.690s] /home/makemorerobot/.local/lib/python3.10/site-packages/setuptools/_distutils/dist.py:289: UserWarning: Unknown distribution option: 'tests_require'
[1.691s]   warnings.warn(msg)
[1.834s] running egg_info
[1.856s] writing ../../build/py_pubsub/py_pubsub.egg-info/PKG-INFO
[1.857s] writing dependency_links to ../../build/py_pubsub/py_pubsub.egg-info/dependency_links.txt
[1.858s] writing entry points to ../../build/py_pubsub/py_pubsub.egg-info/entry_points.txt
[1.858s] writing requirements to ../../build/py_pubsub/py_pubsub.egg-info/requires.txt
[1.858s] writing top-level names to ../../build/py_pubsub/py_pubsub.egg-info/top_level.txt
[1.907s] reading manifest file '../../build/py_pubsub/py_pubsub.egg-info/SOURCES.txt'
[1.909s] writing manifest file '../../build/py_pubsub/py_pubsub.egg-info/SOURCES.txt'
[1.910s] running build
[1.910s] running build_py
[1.910s] copying py_pubsub/publisher_member_function.py -> /home/makemorerobot/Rover-Unity/ros2_ws/build/py_pubsub/build/lib/py_pubsub
[1.911s] copying py_pubsub/bottle_detect.py -> /home/makemorerobot/Rover-Unity/ros2_ws/build/py_pubsub/build/lib/py_pubsub
[1.911s] copying py_pubsub/tcp_relay.py -> /home/makemorerobot/Rover-Unity/ros2_ws/build/py_pubsub/build/lib/py_pubsub
[1.911s] copying py_pubsub/udp_sender_test.py -> /home/makemorerobot/Rover-Unity/ros2_ws/build/py_pubsub/build/lib/py_pubsub
[1.911s] copying py_pubsub/gstreamer_depth_node.py -> /home/makemorerobot/Rover-Unity/ros2_ws/build/py_pubsub/build/lib/py_pubsub
[1.912s] copying py_pubsub/auton_controller.py -> /home/makemorerobot/Rover-Unity/ros2_ws/build/py_pubsub/build/lib/py_pubsub
[1.912s] copying py_pubsub/subscriber_member_function.py -> /home/makemorerobot/Rover-Unity/ros2_ws/build/py_pubsub/build/lib/py_pubsub
[1.912s] copying py_pubsub/aruco_scan.py -> /home/makemorerobot/Rover-Unity/ros2_ws/build/py_pubsub/build/lib/py_pubsub
[1.912s] copying py_pubsub/geographic_functions.py -> /home/makemorerobot/Rover-Unity/ros2_ws/build/py_pubsub/build/lib/py_pubsub
[1.912s] copying py_pubsub/__init__.py -> /home/makemorerobot/Rover-Unity/ros2_ws/build/py_pubsub/build/lib/py_pubsub
[1.912s] copying py_pubsub/generate_aruco.py -> /home/makemorerobot/Rover-Unity/ros2_ws/build/py_pubsub/build/lib/py_pubsub
[1.913s] copying py_pubsub/object_train.py -> /home/makemorerobot/Rover-Unity/ros2_ws/build/py_pubsub/build/lib/py_pubsub
[1.913s] copying py_pubsub/simple_position.py -> /home/makemorerobot/Rover-Unity/ros2_ws/build/py_pubsub/build/lib/py_pubsub
[1.913s] running install
[1.919s] running install_lib
[1.941s] copying /home/makemorerobot/Rover-Unity/ros2_ws/build/py_pubsub/build/lib/py_pubsub/gstreamer_depth_node.py -> /home/makemorerobot/Rover-Unity/ros2_ws/install/py_pubsub/lib/python3.10/site-packages/py_pubsub
[1.942s] byte-compiling /home/makemorerobot/Rover-Unity/ros2_ws/install/py_pubsub/lib/python3.10/site-packages/py_pubsub/gstreamer_depth_node.py to gstreamer_depth_node.cpython-310.pyc
[1.945s] running install_data
[1.945s] copying resource/py_pubsub -> /home/makemorerobot/Rover-Unity/ros2_ws/install/py_pubsub/share/ament_index/resource_index/packages
[1.946s] copying package.xml -> /home/makemorerobot/Rover-Unity/ros2_ws/install/py_pubsub/share/py_pubsub
[1.946s] running install_egg_info
[1.973s] removing '/home/makemorerobot/Rover-Unity/ros2_ws/install/py_pubsub/lib/python3.10/site-packages/py_pubsub-0.0.0-py3.10.egg-info' (and everything under it)
[1.973s] Copying ../../build/py_pubsub/py_pubsub.egg-info to /home/makemorerobot/Rover-Unity/ros2_ws/install/py_pubsub/lib/python3.10/site-packages/py_pubsub-0.0.0-py3.10.egg-info
[1.974s] running install_scripts
[2.154s] Installing auton_controller script to /home/makemorerobot/Rover-Unity/ros2_ws/install/py_pubsub/lib/py_pubsub
[2.154s] Installing gstreamer_depth_node script to /home/makemorerobot/Rover-Unity/ros2_ws/install/py_pubsub/lib/py_pubsub
[2.155s] Installing listener script to /home/makemorerobot/Rover-Unity/ros2_ws/install/py_pubsub/lib/py_pubsub
[2.155s] Installing simple_position script to /home/makemorerobot/Rover-Unity/ros2_ws/install/py_pubsub/lib/py_pubsub
[2.155s] Installing talker script to /home/makemorerobot/Rover-Unity/ros2_ws/install/py_pubsub/lib/py_pubsub
[2.156s] Installing tcp_relay script to /home/makemorerobot/Rover-Unity/ros2_ws/install/py_pubsub/lib/py_pubsub
[2.156s] writing list of installed files to '/home/makemorerobot/Rover-Unity/ros2_ws/build/py_pubsub/install.log'
[2.195s] Invoked command in '/home/makemorerobot/Rover-Unity/ros2_ws/src/py_pubsub' returned '0': PYTHONPATH=/home/makemorerobot/Rover-Unity/ros2_ws/build/py_pubsub/prefix_override:/usr/lib/python3/dist-packages/colcon_core/task/python/colcon_distutils_commands:/home/makemorerobot/Rover-Unity/ros2_ws/install/py_pubsub/lib/python3.10/site-packages:${PYTHONPATH} /usr/bin/python3 -W ignore:setup.py install is deprecated -W ignore:easy_install command is deprecated setup.py egg_info --egg-base ../../build/py_pubsub build --build-base /home/makemorerobot/Rover-Unity/ros2_ws/build/py_pubsub/build install --record /home/makemorerobot/Rover-Unity/ros2_ws/build/py_pubsub/install.log --single-version-externally-managed install_data
