[0.079s] DEBUG:colcon:Command line arguments: ['/usr/bin/colcon', 'build']
[0.079s] DEBUG:colcon:Parsed command line arguments: Namespace(log_base=None, log_level=None, verb_name='build', build_base='build', install_base='install', merge_install=False, symlink_install=False, test_result_base=None, continue_on_error=False, executor='parallel', parallel_workers=20, event_handlers=None, ignore_user_meta=False, metas=['./colcon.meta'], base_paths=['.'], packages_ignore=None, packages_ignore_regex=None, paths=None, packages_up_to=None, packages_up_to_regex=None, packages_above=None, packages_above_and_dependencies=None, packages_above_depth=None, packages_select_by_dep=None, packages_skip_by_dep=None, packages_skip_up_to=None, packages_select_build_failed=False, packages_skip_build_finished=False, packages_select_test_failures=False, packages_skip_test_passed=False, packages_select=None, packages_skip=None, packages_select_regex=None, packages_skip_regex=None, packages_start=None, packages_end=None, allow_overriding=[], cmake_args=None, cmake_target=None, cmake_target_skip_unavailable=False, cmake_clean_cache=False, cmake_clean_first=False, cmake_force_configure=False, ament_cmake_args=None, catkin_cmake_args=None, catkin_skip_building_tests=False, verb_parser=<colcon_defaults.argument_parser.defaults.DefaultArgumentsDecorator object at 0x739e8480fcd0>, verb_extension=<colcon_core.verb.build.BuildVerb object at 0x739e849b9330>, main=<bound method BuildVerb.main of <colcon_core.verb.build.BuildVerb object at 0x739e849b9330>>)
[0.191s] Level 1:colcon.colcon_core.package_discovery:discover_packages(colcon_meta) check parameters
[0.191s] Level 1:colcon.colcon_core.package_discovery:discover_packages(recursive) check parameters
[0.191s] Level 1:colcon.colcon_core.package_discovery:discover_packages(ignore) check parameters
[0.191s] Level 1:colcon.colcon_core.package_discovery:discover_packages(path) check parameters
[0.191s] Level 1:colcon.colcon_core.package_discovery:discover_packages(colcon_meta) discover
[0.191s] Level 1:colcon.colcon_core.package_discovery:discover_packages(recursive) discover
[0.191s] INFO:colcon.colcon_core.package_discovery:Crawling recursively for packages in '/home/henry/Rover-Unity/ros2_ws'
[0.191s] Level 1:colcon.colcon_core.package_identification:_identify(.) by extensions ['ignore', 'ignore_ament_install']
[0.191s] Level 1:colcon.colcon_core.package_identification:_identify(.) by extension 'ignore'
[0.191s] Level 1:colcon.colcon_core.package_identification:_identify(.) by extension 'ignore_ament_install'
[0.191s] Level 1:colcon.colcon_core.package_identification:_identify(.) by extensions ['colcon_pkg']
[0.191s] Level 1:colcon.colcon_core.package_identification:_identify(.) by extension 'colcon_pkg'
[0.191s] Level 1:colcon.colcon_core.package_identification:_identify(.) by extensions ['colcon_meta']
[0.191s] Level 1:colcon.colcon_core.package_identification:_identify(.) by extension 'colcon_meta'
[0.191s] Level 1:colcon.colcon_core.package_identification:_identify(.) by extensions ['ros']
[0.191s] Level 1:colcon.colcon_core.package_identification:_identify(.) by extension 'ros'
[0.198s] Level 1:colcon.colcon_core.package_identification:_identify(.) by extensions ['cmake', 'python']
[0.198s] Level 1:colcon.colcon_core.package_identification:_identify(.) by extension 'cmake'
[0.198s] Level 1:colcon.colcon_core.package_identification:_identify(.) by extension 'python'
[0.198s] Level 1:colcon.colcon_core.package_identification:_identify(.) by extensions ['python_setup_py']
[0.198s] Level 1:colcon.colcon_core.package_identification:_identify(.) by extension 'python_setup_py'
[0.198s] Level 1:colcon.colcon_core.package_identification:_identify(build) by extensions ['ignore', 'ignore_ament_install']
[0.198s] Level 1:colcon.colcon_core.package_identification:_identify(build) by extension 'ignore'
[0.198s] Level 1:colcon.colcon_core.package_identification:_identify(build) ignored
[0.198s] Level 1:colcon.colcon_core.package_identification:_identify(install) by extensions ['ignore', 'ignore_ament_install']
[0.198s] Level 1:colcon.colcon_core.package_identification:_identify(install) by extension 'ignore'
[0.198s] Level 1:colcon.colcon_core.package_identification:_identify(install) ignored
[0.198s] Level 1:colcon.colcon_core.package_identification:_identify(log) by extensions ['ignore', 'ignore_ament_install']
[0.198s] Level 1:colcon.colcon_core.package_identification:_identify(log) by extension 'ignore'
[0.198s] Level 1:colcon.colcon_core.package_identification:_identify(log) ignored
[0.198s] Level 1:colcon.colcon_core.package_identification:_identify(src) by extensions ['ignore', 'ignore_ament_install']
[0.198s] Level 1:colcon.colcon_core.package_identification:_identify(src) by extension 'ignore'
[0.198s] Level 1:colcon.colcon_core.package_identification:_identify(src) by extension 'ignore_ament_install'
[0.198s] Level 1:colcon.colcon_core.package_identification:_identify(src) by extensions ['colcon_pkg']
[0.198s] Level 1:colcon.colcon_core.package_identification:_identify(src) by extension 'colcon_pkg'
[0.198s] Level 1:colcon.colcon_core.package_identification:_identify(src) by extensions ['colcon_meta']
[0.198s] Level 1:colcon.colcon_core.package_identification:_identify(src) by extension 'colcon_meta'
[0.198s] Level 1:colcon.colcon_core.package_identification:_identify(src) by extensions ['ros']
[0.198s] Level 1:colcon.colcon_core.package_identification:_identify(src) by extension 'ros'
[0.198s] Level 1:colcon.colcon_core.package_identification:_identify(src) by extensions ['cmake', 'python']
[0.198s] Level 1:colcon.colcon_core.package_identification:_identify(src) by extension 'cmake'
[0.198s] Level 1:colcon.colcon_core.package_identification:_identify(src) by extension 'python'
[0.198s] Level 1:colcon.colcon_core.package_identification:_identify(src) by extensions ['python_setup_py']
[0.198s] Level 1:colcon.colcon_core.package_identification:_identify(src) by extension 'python_setup_py'
[0.199s] Level 1:colcon.colcon_core.package_identification:_identify(src/AutonControlNode) by extensions ['ignore', 'ignore_ament_install']
[0.199s] Level 1:colcon.colcon_core.package_identification:_identify(src/AutonControlNode) by extension 'ignore'
[0.199s] Level 1:colcon.colcon_core.package_identification:_identify(src/AutonControlNode) by extension 'ignore_ament_install'
[0.199s] Level 1:colcon.colcon_core.package_identification:_identify(src/AutonControlNode) by extensions ['colcon_pkg']
[0.199s] Level 1:colcon.colcon_core.package_identification:_identify(src/AutonControlNode) by extension 'colcon_pkg'
[0.199s] Level 1:colcon.colcon_core.package_identification:_identify(src/AutonControlNode) by extensions ['colcon_meta']
[0.199s] Level 1:colcon.colcon_core.package_identification:_identify(src/AutonControlNode) by extension 'colcon_meta'
[0.199s] Level 1:colcon.colcon_core.package_identification:_identify(src/AutonControlNode) by extensions ['ros']
[0.199s] Level 1:colcon.colcon_core.package_identification:_identify(src/AutonControlNode) by extension 'ros'
[0.201s] DEBUG:colcon.colcon_core.package_identification:Package 'src/AutonControlNode' with type 'ros.ament_python' and name 'AutonControlNode'
[0.201s] Level 1:colcon.colcon_core.package_identification:_identify(src/custom_msg) by extensions ['ignore', 'ignore_ament_install']
[0.201s] Level 1:colcon.colcon_core.package_identification:_identify(src/custom_msg) by extension 'ignore'
[0.202s] Level 1:colcon.colcon_core.package_identification:_identify(src/custom_msg) by extension 'ignore_ament_install'
[0.202s] Level 1:colcon.colcon_core.package_identification:_identify(src/custom_msg) by extensions ['colcon_pkg']
[0.202s] Level 1:colcon.colcon_core.package_identification:_identify(src/custom_msg) by extension 'colcon_pkg'
[0.202s] Level 1:colcon.colcon_core.package_identification:_identify(src/custom_msg) by extensions ['colcon_meta']
[0.202s] Level 1:colcon.colcon_core.package_identification:_identify(src/custom_msg) by extension 'colcon_meta'
[0.202s] Level 1:colcon.colcon_core.package_identification:_identify(src/custom_msg) by extensions ['ros']
[0.202s] Level 1:colcon.colcon_core.package_identification:_identify(src/custom_msg) by extension 'ros'
[0.202s] DEBUG:colcon.colcon_core.package_identification:Package 'src/custom_msg' with type 'ros.ament_cmake' and name 'custom_msg'
[0.202s] Level 1:colcon.colcon_core.package_identification:_identify(src/py_pubsub) by extensions ['ignore', 'ignore_ament_install']
[0.202s] Level 1:colcon.colcon_core.package_identification:_identify(src/py_pubsub) by extension 'ignore'
[0.202s] Level 1:colcon.colcon_core.package_identification:_identify(src/py_pubsub) by extension 'ignore_ament_install'
[0.202s] Level 1:colcon.colcon_core.package_identification:_identify(src/py_pubsub) by extensions ['colcon_pkg']
[0.202s] Level 1:colcon.colcon_core.package_identification:_identify(src/py_pubsub) by extension 'colcon_pkg'
[0.202s] Level 1:colcon.colcon_core.package_identification:_identify(src/py_pubsub) by extensions ['colcon_meta']
[0.202s] Level 1:colcon.colcon_core.package_identification:_identify(src/py_pubsub) by extension 'colcon_meta'
[0.202s] Level 1:colcon.colcon_core.package_identification:_identify(src/py_pubsub) by extensions ['ros']
[0.202s] Level 1:colcon.colcon_core.package_identification:_identify(src/py_pubsub) by extension 'ros'
[0.203s] DEBUG:colcon.colcon_core.package_identification:Package 'src/py_pubsub' with type 'ros.ament_python' and name 'py_pubsub'
[0.203s] Level 1:colcon.colcon_core.package_discovery:discover_packages(recursive) using defaults
[0.203s] Level 1:colcon.colcon_core.package_discovery:discover_packages(ignore) discover
[0.203s] Level 1:colcon.colcon_core.package_discovery:discover_packages(ignore) using defaults
[0.203s] Level 1:colcon.colcon_core.package_discovery:discover_packages(path) discover
[0.203s] Level 1:colcon.colcon_core.package_discovery:discover_packages(path) using defaults
[0.217s] Level 1:colcon.colcon_core.package_discovery:discover_packages(prefix_path) check parameters
[0.217s] Level 1:colcon.colcon_core.package_discovery:discover_packages(prefix_path) discover
[0.219s] DEBUG:colcon.colcon_installed_package_information.package_discovery:Found 2 installed packages in /home/henry/rob499_rover_status_ui/install
[0.220s] DEBUG:colcon.colcon_installed_package_information.package_discovery:Found 271 installed packages in /opt/ros/humble
[0.221s] Level 1:colcon.colcon_core.package_discovery:discover_packages(prefix_path) using defaults
[0.243s] Level 5:colcon.colcon_core.verb:set package 'AutonControlNode' build argument 'cmake_args' from command line to 'None'
[0.243s] Level 5:colcon.colcon_core.verb:set package 'AutonControlNode' build argument 'cmake_target' from command line to 'None'
[0.243s] Level 5:colcon.colcon_core.verb:set package 'AutonControlNode' build argument 'cmake_target_skip_unavailable' from command line to 'False'
[0.243s] Level 5:colcon.colcon_core.verb:set package 'AutonControlNode' build argument 'cmake_clean_cache' from command line to 'False'
[0.243s] Level 5:colcon.colcon_core.verb:set package 'AutonControlNode' build argument 'cmake_clean_first' from command line to 'False'
[0.244s] Level 5:colcon.colcon_core.verb:set package 'AutonControlNode' build argument 'cmake_force_configure' from command line to 'False'
[0.244s] Level 5:colcon.colcon_core.verb:set package 'AutonControlNode' build argument 'ament_cmake_args' from command line to 'None'
[0.244s] Level 5:colcon.colcon_core.verb:set package 'AutonControlNode' build argument 'catkin_cmake_args' from command line to 'None'
[0.244s] Level 5:colcon.colcon_core.verb:set package 'AutonControlNode' build argument 'catkin_skip_building_tests' from command line to 'False'
[0.244s] DEBUG:colcon.colcon_core.verb:Building package 'AutonControlNode' with the following arguments: {'ament_cmake_args': None, 'build_base': '/home/henry/Rover-Unity/ros2_ws/build/AutonControlNode', 'catkin_cmake_args': None, 'catkin_skip_building_tests': False, 'cmake_args': None, 'cmake_clean_cache': False, 'cmake_clean_first': False, 'cmake_force_configure': False, 'cmake_target': None, 'cmake_target_skip_unavailable': False, 'install_base': '/home/henry/Rover-Unity/ros2_ws/install/AutonControlNode', 'merge_install': False, 'path': '/home/henry/Rover-Unity/ros2_ws/src/AutonControlNode', 'symlink_install': False, 'test_result_base': None}
[0.244s] Level 5:colcon.colcon_core.verb:set package 'custom_msg' build argument 'cmake_args' from command line to 'None'
[0.244s] Level 5:colcon.colcon_core.verb:set package 'custom_msg' build argument 'cmake_target' from command line to 'None'
[0.244s] Level 5:colcon.colcon_core.verb:set package 'custom_msg' build argument 'cmake_target_skip_unavailable' from command line to 'False'
[0.244s] Level 5:colcon.colcon_core.verb:set package 'custom_msg' build argument 'cmake_clean_cache' from command line to 'False'
[0.244s] Level 5:colcon.colcon_core.verb:set package 'custom_msg' build argument 'cmake_clean_first' from command line to 'False'
[0.244s] Level 5:colcon.colcon_core.verb:set package 'custom_msg' build argument 'cmake_force_configure' from command line to 'False'
[0.244s] Level 5:colcon.colcon_core.verb:set package 'custom_msg' build argument 'ament_cmake_args' from command line to 'None'
[0.244s] Level 5:colcon.colcon_core.verb:set package 'custom_msg' build argument 'catkin_cmake_args' from command line to 'None'
[0.244s] Level 5:colcon.colcon_core.verb:set package 'custom_msg' build argument 'catkin_skip_building_tests' from command line to 'False'
[0.244s] DEBUG:colcon.colcon_core.verb:Building package 'custom_msg' with the following arguments: {'ament_cmake_args': None, 'build_base': '/home/henry/Rover-Unity/ros2_ws/build/custom_msg', 'catkin_cmake_args': None, 'catkin_skip_building_tests': False, 'cmake_args': None, 'cmake_clean_cache': False, 'cmake_clean_first': False, 'cmake_force_configure': False, 'cmake_target': None, 'cmake_target_skip_unavailable': False, 'install_base': '/home/henry/Rover-Unity/ros2_ws/install/custom_msg', 'merge_install': False, 'path': '/home/henry/Rover-Unity/ros2_ws/src/custom_msg', 'symlink_install': False, 'test_result_base': None}
[0.244s] Level 5:colcon.colcon_core.verb:set package 'py_pubsub' build argument 'cmake_args' from command line to 'None'
[0.244s] Level 5:colcon.colcon_core.verb:set package 'py_pubsub' build argument 'cmake_target' from command line to 'None'
[0.244s] Level 5:colcon.colcon_core.verb:set package 'py_pubsub' build argument 'cmake_target_skip_unavailable' from command line to 'False'
[0.244s] Level 5:colcon.colcon_core.verb:set package 'py_pubsub' build argument 'cmake_clean_cache' from command line to 'False'
[0.244s] Level 5:colcon.colcon_core.verb:set package 'py_pubsub' build argument 'cmake_clean_first' from command line to 'False'
[0.244s] Level 5:colcon.colcon_core.verb:set package 'py_pubsub' build argument 'cmake_force_configure' from command line to 'False'
[0.244s] Level 5:colcon.colcon_core.verb:set package 'py_pubsub' build argument 'ament_cmake_args' from command line to 'None'
[0.244s] Level 5:colcon.colcon_core.verb:set package 'py_pubsub' build argument 'catkin_cmake_args' from command line to 'None'
[0.244s] Level 5:colcon.colcon_core.verb:set package 'py_pubsub' build argument 'catkin_skip_building_tests' from command line to 'False'
[0.244s] DEBUG:colcon.colcon_core.verb:Building package 'py_pubsub' with the following arguments: {'ament_cmake_args': None, 'build_base': '/home/henry/Rover-Unity/ros2_ws/build/py_pubsub', 'catkin_cmake_args': None, 'catkin_skip_building_tests': False, 'cmake_args': None, 'cmake_clean_cache': False, 'cmake_clean_first': False, 'cmake_force_configure': False, 'cmake_target': None, 'cmake_target_skip_unavailable': False, 'install_base': '/home/henry/Rover-Unity/ros2_ws/install/py_pubsub', 'merge_install': False, 'path': '/home/henry/Rover-Unity/ros2_ws/src/py_pubsub', 'symlink_install': False, 'test_result_base': None}
[0.244s] INFO:colcon.colcon_core.executor:Executing jobs using 'parallel' executor
[0.245s] DEBUG:colcon.colcon_parallel_executor.executor.parallel:run_until_complete
[0.245s] INFO:colcon.colcon_ros.task.ament_python.build:Building ROS package in '/home/henry/Rover-Unity/ros2_ws/src/AutonControlNode' with build type 'ament_python'
[0.245s] Level 1:colcon.colcon_core.shell:create_environment_hook('AutonControlNode', 'ament_prefix_path')
[0.247s] INFO:colcon.colcon_core.plugin_system:Skipping extension 'colcon_core.shell.bat': Not used on non-Windows systems
[0.248s] INFO:colcon.colcon_core.shell:Creating environment hook '/home/henry/Rover-Unity/ros2_ws/install/AutonControlNode/share/AutonControlNode/hook/ament_prefix_path.ps1'
[0.248s] INFO:colcon.colcon_core.shell:Creating environment descriptor '/home/henry/Rover-Unity/ros2_ws/install/AutonControlNode/share/AutonControlNode/hook/ament_prefix_path.dsv'
[0.248s] INFO:colcon.colcon_core.shell:Creating environment hook '/home/henry/Rover-Unity/ros2_ws/install/AutonControlNode/share/AutonControlNode/hook/ament_prefix_path.sh'
[0.249s] INFO:colcon.colcon_core.shell:Skip shell extension 'powershell' for command environment: Not usable outside of PowerShell
[0.249s] DEBUG:colcon.colcon_core.shell:Skip shell extension 'dsv' for command environment
[0.250s] INFO:colcon.colcon_ros.task.ament_cmake.build:Building ROS package in '/home/henry/Rover-Unity/ros2_ws/src/custom_msg' with build type 'ament_cmake'
[0.251s] INFO:colcon.colcon_cmake.task.cmake.build:Building CMake package in '/home/henry/Rover-Unity/ros2_ws/src/custom_msg'
[0.251s] INFO:colcon.colcon_core.shell:Skip shell extension 'powershell' for command environment: Not usable outside of PowerShell
[0.251s] DEBUG:colcon.colcon_core.shell:Skip shell extension 'dsv' for command environment
[0.252s] INFO:colcon.colcon_ros.task.ament_python.build:Building ROS package in '/home/henry/Rover-Unity/ros2_ws/src/py_pubsub' with build type 'ament_python'
[0.252s] Level 1:colcon.colcon_core.shell:create_environment_hook('py_pubsub', 'ament_prefix_path')
[0.252s] INFO:colcon.colcon_core.shell:Creating environment hook '/home/henry/Rover-Unity/ros2_ws/install/py_pubsub/share/py_pubsub/hook/ament_prefix_path.ps1'
[0.253s] INFO:colcon.colcon_core.shell:Creating environment descriptor '/home/henry/Rover-Unity/ros2_ws/install/py_pubsub/share/py_pubsub/hook/ament_prefix_path.dsv'
[0.253s] INFO:colcon.colcon_core.shell:Creating environment hook '/home/henry/Rover-Unity/ros2_ws/install/py_pubsub/share/py_pubsub/hook/ament_prefix_path.sh'
[0.253s] INFO:colcon.colcon_core.shell:Skip shell extension 'powershell' for command environment: Not usable outside of PowerShell
[0.253s] DEBUG:colcon.colcon_core.shell:Skip shell extension 'dsv' for command environment
[0.375s] INFO:colcon.colcon_core.task.python.build:Building Python package in '/home/henry/Rover-Unity/ros2_ws/src/AutonControlNode'
[0.375s] INFO:colcon.colcon_core.shell:Skip shell extension 'powershell' for command environment: Not usable outside of PowerShell
[0.375s] DEBUG:colcon.colcon_core.shell:Skip shell extension 'dsv' for command environment
[0.378s] DEBUG:colcon.colcon_core.event_handler.log_command:Invoking command in '/home/henry/Rover-Unity/ros2_ws/build/custom_msg': CMAKE_PREFIX_PATH=${CMAKE_PREFIX_PATH}:/home/henry/rob499_rover_status_ui/install/rob499_rover_status_ui:/opt/ros/humble /usr/bin/cmake /home/henry/Rover-Unity/ros2_ws/src/custom_msg -DCMAKE_INSTALL_PREFIX=/home/henry/Rover-Unity/ros2_ws/install/custom_msg
[0.506s] INFO:colcon.colcon_core.task.python.build:Building Python package in '/home/henry/Rover-Unity/ros2_ws/src/py_pubsub'
[0.507s] INFO:colcon.colcon_core.shell:Skip shell extension 'powershell' for command environment: Not usable outside of PowerShell
[0.507s] DEBUG:colcon.colcon_core.shell:Skip shell extension 'dsv' for command environment
[0.701s] DEBUG:colcon.colcon_core.event_handler.log_command:Invoking command in '/home/henry/Rover-Unity/ros2_ws/src/AutonControlNode': PYTHONPATH=/home/henry/Rover-Unity/ros2_ws/build/AutonControlNode/prefix_override:/usr/lib/python3/dist-packages/colcon_core/task/python/colcon_distutils_commands:/home/henry/Rover-Unity/ros2_ws/install/AutonControlNode/lib/python3.10/site-packages:${PYTHONPATH} /usr/bin/python3 -W ignore:setup.py install is deprecated -W ignore:easy_install command is deprecated setup.py egg_info --egg-base ../../build/AutonControlNode build --build-base /home/henry/Rover-Unity/ros2_ws/build/AutonControlNode/build install --record /home/henry/Rover-Unity/ros2_ws/build/AutonControlNode/install.log --single-version-externally-managed install_data
[0.702s] DEBUG:colcon.colcon_core.event_handler.log_command:Invoking command in '/home/henry/Rover-Unity/ros2_ws/src/py_pubsub': PYTHONPATH=/home/henry/Rover-Unity/ros2_ws/build/py_pubsub/prefix_override:/usr/lib/python3/dist-packages/colcon_core/task/python/colcon_distutils_commands:/home/henry/Rover-Unity/ros2_ws/install/py_pubsub/lib/python3.10/site-packages:${PYTHONPATH} /usr/bin/python3 -W ignore:setup.py install is deprecated -W ignore:easy_install command is deprecated setup.py egg_info --egg-base ../../build/py_pubsub build --build-base /home/henry/Rover-Unity/ros2_ws/build/py_pubsub/build install --record /home/henry/Rover-Unity/ros2_ws/build/py_pubsub/install.log --single-version-externally-managed install_data
[0.852s] DEBUG:colcon.colcon_core.event_handler.log_command:Invoked command in '/home/henry/Rover-Unity/ros2_ws/src/py_pubsub' returned '0': PYTHONPATH=/home/henry/Rover-Unity/ros2_ws/build/py_pubsub/prefix_override:/usr/lib/python3/dist-packages/colcon_core/task/python/colcon_distutils_commands:/home/henry/Rover-Unity/ros2_ws/install/py_pubsub/lib/python3.10/site-packages:${PYTHONPATH} /usr/bin/python3 -W ignore:setup.py install is deprecated -W ignore:easy_install command is deprecated setup.py egg_info --egg-base ../../build/py_pubsub build --build-base /home/henry/Rover-Unity/ros2_ws/build/py_pubsub/build install --record /home/henry/Rover-Unity/ros2_ws/build/py_pubsub/install.log --single-version-externally-managed install_data
[0.857s] Level 1:colcon.colcon_core.environment:checking '/home/henry/Rover-Unity/ros2_ws/install/py_pubsub' for CMake module files
[0.857s] Level 1:colcon.colcon_core.environment:checking '/home/henry/Rover-Unity/ros2_ws/install/py_pubsub' for CMake config files
[0.858s] Level 1:colcon.colcon_core.environment:checking '/home/henry/Rover-Unity/ros2_ws/install/py_pubsub/lib'
[0.858s] Level 1:colcon.colcon_core.environment:checking '/home/henry/Rover-Unity/ros2_ws/install/py_pubsub/bin'
[0.858s] Level 1:colcon.colcon_core.environment:checking '/home/henry/Rover-Unity/ros2_ws/install/py_pubsub/lib/pkgconfig/py_pubsub.pc'
[0.858s] Level 1:colcon.colcon_core.environment:checking '/home/henry/Rover-Unity/ros2_ws/install/py_pubsub/lib/python3.10/site-packages'
[0.858s] Level 1:colcon.colcon_core.shell:create_environment_hook('py_pubsub', 'pythonpath')
[0.858s] INFO:colcon.colcon_core.shell:Creating environment hook '/home/henry/Rover-Unity/ros2_ws/install/py_pubsub/share/py_pubsub/hook/pythonpath.ps1'
[0.858s] INFO:colcon.colcon_core.shell:Creating environment descriptor '/home/henry/Rover-Unity/ros2_ws/install/py_pubsub/share/py_pubsub/hook/pythonpath.dsv'
[0.858s] INFO:colcon.colcon_core.shell:Creating environment hook '/home/henry/Rover-Unity/ros2_ws/install/py_pubsub/share/py_pubsub/hook/pythonpath.sh'
[0.859s] Level 1:colcon.colcon_core.environment:checking '/home/henry/Rover-Unity/ros2_ws/install/py_pubsub/bin'
[0.859s] Level 1:colcon.colcon_core.environment:create_environment_scripts_only(py_pubsub)
[0.859s] INFO:colcon.colcon_core.shell:Creating package script '/home/henry/Rover-Unity/ros2_ws/install/py_pubsub/share/py_pubsub/package.ps1'
[0.860s] INFO:colcon.colcon_core.shell:Creating package descriptor '/home/henry/Rover-Unity/ros2_ws/install/py_pubsub/share/py_pubsub/package.dsv'
[0.860s] INFO:colcon.colcon_core.shell:Creating package script '/home/henry/Rover-Unity/ros2_ws/install/py_pubsub/share/py_pubsub/package.sh'
[0.860s] INFO:colcon.colcon_core.shell:Creating package script '/home/henry/Rover-Unity/ros2_ws/install/py_pubsub/share/py_pubsub/package.bash'
[0.861s] INFO:colcon.colcon_core.shell:Creating package script '/home/henry/Rover-Unity/ros2_ws/install/py_pubsub/share/py_pubsub/package.zsh'
[0.862s] Level 1:colcon.colcon_core.environment:create_file_with_runtime_dependencies(/home/henry/Rover-Unity/ros2_ws/install/py_pubsub/share/colcon-core/packages/py_pubsub)
[0.862s] Level 1:colcon.colcon_core.environment:checking '/home/henry/Rover-Unity/ros2_ws/install/AutonControlNode' for CMake module files
[0.863s] DEBUG:colcon.colcon_core.event_handler.log_command:Invoked command in '/home/henry/Rover-Unity/ros2_ws/src/AutonControlNode' returned '0': PYTHONPATH=/home/henry/Rover-Unity/ros2_ws/build/AutonControlNode/prefix_override:/usr/lib/python3/dist-packages/colcon_core/task/python/colcon_distutils_commands:/home/henry/Rover-Unity/ros2_ws/install/AutonControlNode/lib/python3.10/site-packages:${PYTHONPATH} /usr/bin/python3 -W ignore:setup.py install is deprecated -W ignore:easy_install command is deprecated setup.py egg_info --egg-base ../../build/AutonControlNode build --build-base /home/henry/Rover-Unity/ros2_ws/build/AutonControlNode/build install --record /home/henry/Rover-Unity/ros2_ws/build/AutonControlNode/install.log --single-version-externally-managed install_data
[0.863s] Level 1:colcon.colcon_core.environment:checking '/home/henry/Rover-Unity/ros2_ws/install/AutonControlNode' for CMake config files
[0.863s] Level 1:colcon.colcon_core.environment:checking '/home/henry/Rover-Unity/ros2_ws/install/AutonControlNode/lib'
[0.863s] Level 1:colcon.colcon_core.environment:checking '/home/henry/Rover-Unity/ros2_ws/install/AutonControlNode/bin'
[0.863s] Level 1:colcon.colcon_core.environment:checking '/home/henry/Rover-Unity/ros2_ws/install/AutonControlNode/lib/pkgconfig/AutonControlNode.pc'
[0.863s] Level 1:colcon.colcon_core.environment:checking '/home/henry/Rover-Unity/ros2_ws/install/AutonControlNode/lib/python3.10/site-packages'
[0.863s] Level 1:colcon.colcon_core.shell:create_environment_hook('AutonControlNode', 'pythonpath')
[0.863s] INFO:colcon.colcon_core.shell:Creating environment hook '/home/henry/Rover-Unity/ros2_ws/install/AutonControlNode/share/AutonControlNode/hook/pythonpath.ps1'
[0.864s] INFO:colcon.colcon_core.shell:Creating environment descriptor '/home/henry/Rover-Unity/ros2_ws/install/AutonControlNode/share/AutonControlNode/hook/pythonpath.dsv'
[0.864s] INFO:colcon.colcon_core.shell:Creating environment hook '/home/henry/Rover-Unity/ros2_ws/install/AutonControlNode/share/AutonControlNode/hook/pythonpath.sh'
[0.864s] Level 1:colcon.colcon_core.environment:checking '/home/henry/Rover-Unity/ros2_ws/install/AutonControlNode/bin'
[0.864s] Level 1:colcon.colcon_core.environment:create_environment_scripts_only(AutonControlNode)
[0.864s] INFO:colcon.colcon_core.shell:Creating package script '/home/henry/Rover-Unity/ros2_ws/install/AutonControlNode/share/AutonControlNode/package.ps1'
[0.865s] INFO:colcon.colcon_core.shell:Creating package descriptor '/home/henry/Rover-Unity/ros2_ws/install/AutonControlNode/share/AutonControlNode/package.dsv'
[0.865s] INFO:colcon.colcon_core.shell:Creating package script '/home/henry/Rover-Unity/ros2_ws/install/AutonControlNode/share/AutonControlNode/package.sh'
[0.865s] INFO:colcon.colcon_core.shell:Creating package script '/home/henry/Rover-Unity/ros2_ws/install/AutonControlNode/share/AutonControlNode/package.bash'
[0.865s] INFO:colcon.colcon_core.shell:Creating package script '/home/henry/Rover-Unity/ros2_ws/install/AutonControlNode/share/AutonControlNode/package.zsh'
[0.865s] Level 1:colcon.colcon_core.environment:create_file_with_runtime_dependencies(/home/henry/Rover-Unity/ros2_ws/install/AutonControlNode/share/colcon-core/packages/AutonControlNode)
[1.294s] DEBUG:colcon.colcon_core.event_handler.log_command:Invoked command in '/home/henry/Rover-Unity/ros2_ws/build/custom_msg' returned '1': CMAKE_PREFIX_PATH=${CMAKE_PREFIX_PATH}:/home/henry/rob499_rover_status_ui/install/rob499_rover_status_ui:/opt/ros/humble /usr/bin/cmake /home/henry/Rover-Unity/ros2_ws/src/custom_msg -DCMAKE_INSTALL_PREFIX=/home/henry/Rover-Unity/ros2_ws/install/custom_msg
[1.304s] Level 1:colcon.colcon_core.environment:create_environment_scripts_only(custom_msg)
[1.305s] Level 1:colcon.colcon_core.environment:checking '/home/henry/Rover-Unity/ros2_ws/install/custom_msg' for CMake module files
[1.305s] Level 1:colcon.colcon_core.environment:checking '/home/henry/Rover-Unity/ros2_ws/install/custom_msg' for CMake config files
[1.305s] Level 1:colcon.colcon_core.environment:checking '/home/henry/Rover-Unity/ros2_ws/install/custom_msg/bin'
[1.305s] Level 1:colcon.colcon_core.environment:checking '/home/henry/Rover-Unity/ros2_ws/install/custom_msg/lib/pkgconfig/custom_msg.pc'
[1.305s] Level 1:colcon.colcon_core.environment:checking '/home/henry/Rover-Unity/ros2_ws/install/custom_msg/lib/python3.10/site-packages'
[1.306s] Level 1:colcon.colcon_core.environment:checking '/home/henry/Rover-Unity/ros2_ws/install/custom_msg/bin'
[1.306s] INFO:colcon.colcon_core.shell:Creating package script '/home/henry/Rover-Unity/ros2_ws/install/custom_msg/share/custom_msg/package.ps1'
[1.306s] INFO:colcon.colcon_core.shell:Creating package descriptor '/home/henry/Rover-Unity/ros2_ws/install/custom_msg/share/custom_msg/package.dsv'
[1.307s] INFO:colcon.colcon_core.shell:Creating package script '/home/henry/Rover-Unity/ros2_ws/install/custom_msg/share/custom_msg/package.sh'
[1.307s] INFO:colcon.colcon_core.shell:Creating package script '/home/henry/Rover-Unity/ros2_ws/install/custom_msg/share/custom_msg/package.bash'
[1.307s] INFO:colcon.colcon_core.shell:Creating package script '/home/henry/Rover-Unity/ros2_ws/install/custom_msg/share/custom_msg/package.zsh'
[1.307s] Level 1:colcon.colcon_core.environment:create_file_with_runtime_dependencies(/home/henry/Rover-Unity/ros2_ws/install/custom_msg/share/colcon-core/packages/custom_msg)
[1.318s] DEBUG:colcon.colcon_parallel_executor.executor.parallel:closing loop
[1.318s] DEBUG:colcon.colcon_parallel_executor.executor.parallel:loop closed
[1.318s] DEBUG:colcon.colcon_parallel_executor.executor.parallel:run_until_complete finished with '1'
[1.318s] DEBUG:colcon.colcon_core.event_reactor:joining thread
[1.324s] INFO:colcon.colcon_core.plugin_system:Skipping extension 'colcon_notification.desktop_notification.terminal_notifier': Not used on non-Darwin systems
[1.324s] INFO:colcon.colcon_core.plugin_system:Skipping extension 'colcon_notification.desktop_notification.win32': Not used on non-Windows systems
[1.324s] INFO:colcon.colcon_notification.desktop_notification:Sending desktop notification using 'notify2'
[1.336s] DEBUG:colcon.colcon_core.event_reactor:joined thread
[1.337s] INFO:colcon.colcon_core.shell:Creating prefix script '/home/henry/Rover-Unity/ros2_ws/install/local_setup.ps1'
[1.337s] INFO:colcon.colcon_core.shell:Creating prefix util module '/home/henry/Rover-Unity/ros2_ws/install/_local_setup_util_ps1.py'
[1.338s] INFO:colcon.colcon_core.shell:Creating prefix chain script '/home/henry/Rover-Unity/ros2_ws/install/setup.ps1'
[1.339s] INFO:colcon.colcon_core.shell:Creating prefix script '/home/henry/Rover-Unity/ros2_ws/install/local_setup.sh'
[1.339s] INFO:colcon.colcon_core.shell:Creating prefix util module '/home/henry/Rover-Unity/ros2_ws/install/_local_setup_util_sh.py'
[1.340s] INFO:colcon.colcon_core.shell:Creating prefix chain script '/home/henry/Rover-Unity/ros2_ws/install/setup.sh'
[1.340s] INFO:colcon.colcon_core.shell:Creating prefix script '/home/henry/Rover-Unity/ros2_ws/install/local_setup.bash'
[1.341s] INFO:colcon.colcon_core.shell:Creating prefix chain script '/home/henry/Rover-Unity/ros2_ws/install/setup.bash'
[1.341s] INFO:colcon.colcon_core.shell:Creating prefix script '/home/henry/Rover-Unity/ros2_ws/install/local_setup.zsh'
[1.342s] INFO:colcon.colcon_core.shell:Creating prefix chain script '/home/henry/Rover-Unity/ros2_ws/install/setup.zsh'
