[0.027s] Invoking command in '/home/matt/Documents/GitHub/Rover-Unity/ros2_ws/build/custom_msg': CMAKE_PREFIX_PATH=${CMAKE_PREFIX_PATH}:/home/matt/Documents/GitHub/Rover-Unity/ros2_ws/install/py_pubsub:/home/matt/Documents/GitHub/Rover-Unity/ros2_ws/install/AutonControlNode:/opt/ros/humble /usr/bin/cmake --build /home/matt/Documents/GitHub/Rover-Unity/ros2_ws/build/custom_msg -- -j20 -l20
[0.463s] -- Found ament_cmake: 1.3.11 (/opt/ros/humble/share/ament_cmake/cmake)
[0.923s] -- Found geometry_msgs: 4.2.4 (/opt/ros/humble/share/geometry_msgs/cmake)
[1.101s] -- Found rosidl_generator_c: 3.1.6 (/opt/ros/humble/share/rosidl_generator_c/cmake)
[1.129s] -- Found rosidl_adapter: 3.1.6 (/opt/ros/humble/share/rosidl_adapter/cmake)
[1.192s] -- Found rosidl_generator_cpp: 3.1.6 (/opt/ros/humble/share/rosidl_generator_cpp/cmake)
[1.278s] -- Using all available rosidl_typesupport_c: rosidl_typesupport_fastrtps_c;rosidl_typesupport_introspection_c
[1.555s] -- Using all available rosidl_typesupport_cpp: rosidl_typesupport_fastrtps_cpp;rosidl_typesupport_introspection_cpp
[1.619s] -- Found rosidl_default_generators: 1.2.0 (/opt/ros/humble/share/rosidl_default_generators/cmake)
[1.911s] -- Found ament_cmake_ros: 0.10.0 (/opt/ros/humble/share/ament_cmake_ros/cmake)
[2.216s] -- Using all available rosidl_typesupport_c: rosidl_typesupport_fastrtps_c;rosidl_typesupport_introspection_c
[2.311s] -- Using all available rosidl_typesupport_cpp: rosidl_typesupport_fastrtps_cpp;rosidl_typesupport_introspection_cpp
[2.324s] -- Found python_cmake_module: 0.10.0 (/opt/ros/humble/share/python_cmake_module/cmake)
[2.355s] -- Using PYTHON_EXECUTABLE: /usr/bin/python3
[2.355s] -- Using PYTHON_INCLUDE_DIRS: /usr/include/python3.10
[2.355s] -- Using PYTHON_LIBRARIES: /usr/lib/x86_64-linux-gnu/libpython3.10.so
[2.387s] -- Found ament_lint_auto: 0.12.11 (/opt/ros/humble/share/ament_lint_auto/cmake)
[2.489s] -- Found rclcpp: 16.0.11 (/opt/ros/humble/share/rclcpp/cmake)
[2.679s] -- Found rmw_implementation_cmake: 6.1.2 (/opt/ros/humble/share/rmw_implementation_cmake/cmake)
[2.712s] -- Found rmw_fastrtps_cpp: 6.2.7 (/opt/ros/humble/share/rmw_fastrtps_cpp/cmake)
[2.888s] -- Using RMW implementation 'rmw_fastrtps_cpp' as default
[3.009s] -- Found custom_msg: 0.0.0 (/home/matt/Documents/GitHub/Rover-Unity/ros2_ws/install/custom_msg/share/custom_msg/cmake)
[3.083s] -- Added test 'flake8' to check Python code syntax and style conventions
[3.085s] -- Added test 'lint_cmake' to check CMake code style
[3.092s] -- Added test 'pep257' to check Python code against some of the docstring style conventions in PEP 257
[3.102s] -- Added test 'xmllint' to check XML markup files
[3.103s] -- Configuring done
[3.205s] -- Generating done
[3.213s] -- Build files have been written to: /home/matt/Documents/GitHub/Rover-Unity/ros2_ws/build/custom_msg
[3.245s] [  2%] [34m[1mGenerating C code for ROS interfaces[0m
[3.271s] [  4%] [34m[1mGenerating C++ code for ROS interfaces[0m
[3.315s] [  4%] Built target ament_cmake_python_copy_custom_msg
[3.433s] running egg_info
[3.433s] writing custom_msg.egg-info/PKG-INFO
[3.433s] writing dependency_links to custom_msg.egg-info/dependency_links.txt
[3.433s] writing top-level names to custom_msg.egg-info/top_level.txt
[3.435s] reading manifest file 'custom_msg.egg-info/SOURCES.txt'
[3.446s] writing manifest file 'custom_msg.egg-info/SOURCES.txt'
[3.459s] [35m[1mConsolidate compiler generated dependencies of target custom_msg__rosidl_generator_c[0m
[3.463s] [  4%] Built target ament_cmake_python_build_custom_msg_egg
[3.465s] [  4%] Built target custom_msg__cpp
[3.471s] [  6%] [34m[1mGenerating C++ type support for eProsima Fast-RTPS[0m
[3.471s] [  8%] [34m[1mGenerating C++ introspection for ROS interfaces[0m
[3.472s] [ 10%] [34m[1mGenerating C++ type support dispatch for ROS interfaces[0m
[3.483s] [ 12%] [32mBuilding C object CMakeFiles/custom_msg__rosidl_generator_c.dir/rosidl_generator_c/custom_msg/msg/detail/num__functions.c.o[0m
[3.484s] [ 14%] [32mBuilding C object CMakeFiles/custom_msg__rosidl_generator_c.dir/rosidl_generator_c/custom_msg/srv/detail/add_three_ints__functions.c.o[0m
[3.484s] [ 17%] [32mBuilding C object CMakeFiles/custom_msg__rosidl_generator_c.dir/rosidl_generator_c/custom_msg/msg/detail/sphere__functions.c.o[0m
[3.632s] [35m[1mConsolidate compiler generated dependencies of target custom_msg__rosidl_typesupport_introspection_cpp[0m
[3.648s] [35m[1mConsolidate compiler generated dependencies of target custom_msg__rosidl_typesupport_cpp[0m
[3.663s] [35m[1mConsolidate compiler generated dependencies of target custom_msg__rosidl_typesupport_fastrtps_cpp[0m
[3.751s] [ 31%] [32mBuilding CXX object CMakeFiles/custom_msg__rosidl_typesupport_fastrtps_cpp.dir/rosidl_typesupport_fastrtps_cpp/custom_msg/srv/detail/dds_fastrtps/add_three_ints__type_support.cpp.o[0m
[3.751s] [ 31%] [32mBuilding CXX object CMakeFiles/custom_msg__rosidl_typesupport_cpp.dir/rosidl_typesupport_cpp/custom_msg/msg/sphere__type_support.cpp.o[0m
[3.751s] [ 31%] [32mBuilding CXX object CMakeFiles/custom_msg__rosidl_typesupport_introspection_cpp.dir/rosidl_typesupport_introspection_cpp/custom_msg/msg/detail/num__type_support.cpp.o[0m
[3.751s] [ 31%] [32mBuilding CXX object CMakeFiles/custom_msg__rosidl_typesupport_fastrtps_cpp.dir/rosidl_typesupport_fastrtps_cpp/custom_msg/msg/detail/dds_fastrtps/num__type_support.cpp.o[0m
[3.751s] [ 31%] [32mBuilding CXX object CMakeFiles/custom_msg__rosidl_typesupport_introspection_cpp.dir/rosidl_typesupport_introspection_cpp/custom_msg/srv/detail/add_three_ints__type_support.cpp.o[0m
[3.751s] [ 31%] [32mBuilding CXX object CMakeFiles/custom_msg__rosidl_typesupport_introspection_cpp.dir/rosidl_typesupport_introspection_cpp/custom_msg/msg/detail/sphere__type_support.cpp.o[0m
[3.752s] [ 31%] [32mBuilding CXX object CMakeFiles/custom_msg__rosidl_typesupport_fastrtps_cpp.dir/rosidl_typesupport_fastrtps_cpp/custom_msg/msg/detail/dds_fastrtps/sphere__type_support.cpp.o[0m
[3.752s] [ 36%] [32mBuilding CXX object CMakeFiles/custom_msg__rosidl_typesupport_cpp.dir/rosidl_typesupport_cpp/custom_msg/srv/add_three_ints__type_support.cpp.o[0m
[3.752s] [ 36%] [32mBuilding CXX object CMakeFiles/custom_msg__rosidl_typesupport_cpp.dir/rosidl_typesupport_cpp/custom_msg/msg/num__type_support.cpp.o[0m
[4.821s] [ 38%] [32m[1mLinking C shared library libcustom_msg__rosidl_generator_c.so[0m
[5.260s] [ 38%] Built target custom_msg__rosidl_generator_c
[5.266s] [ 40%] [34m[1mGenerating C type support dispatch for ROS interfaces[0m
[5.267s] [ 42%] [34m[1mGenerating C introspection for ROS interfaces[0m
[5.268s] [ 44%] [34m[1mGenerating C type support for eProsima Fast-RTPS[0m
[5.407s] [35m[1mConsolidate compiler generated dependencies of target custom_msg__rosidl_typesupport_c[0m
[5.414s] [ 48%] [32mBuilding CXX object CMakeFiles/custom_msg__rosidl_typesupport_c.dir/rosidl_typesupport_c/custom_msg/msg/sphere__type_support.cpp.o[0m
[5.414s] [ 48%] [32mBuilding CXX object CMakeFiles/custom_msg__rosidl_typesupport_c.dir/rosidl_typesupport_c/custom_msg/srv/add_three_ints__type_support.cpp.o[0m
[5.416s] [ 51%] [32mBuilding CXX object CMakeFiles/custom_msg__rosidl_typesupport_c.dir/rosidl_typesupport_c/custom_msg/msg/num__type_support.cpp.o[0m
[5.442s] [35m[1mConsolidate compiler generated dependencies of target custom_msg__rosidl_typesupport_introspection_c[0m
[5.449s] [ 57%] [32mBuilding C object CMakeFiles/custom_msg__rosidl_typesupport_introspection_c.dir/rosidl_typesupport_introspection_c/custom_msg/msg/detail/sphere__type_support.c.o[0m
[5.449s] [ 57%] [32mBuilding C object CMakeFiles/custom_msg__rosidl_typesupport_introspection_c.dir/rosidl_typesupport_introspection_c/custom_msg/srv/detail/add_three_ints__type_support.c.o[0m
[5.449s] [ 57%] [32mBuilding C object CMakeFiles/custom_msg__rosidl_typesupport_introspection_c.dir/rosidl_typesupport_introspection_c/custom_msg/msg/detail/num__type_support.c.o[0m
[5.480s] [ 59%] [32m[1mLinking C shared library libcustom_msg__rosidl_typesupport_introspection_c.so[0m
[5.498s] [35m[1mConsolidate compiler generated dependencies of target custom_msg__rosidl_typesupport_fastrtps_c[0m
[5.509s] [ 63%] [32mBuilding CXX object CMakeFiles/custom_msg__rosidl_typesupport_fastrtps_c.dir/rosidl_typesupport_fastrtps_c/custom_msg/msg/detail/sphere__type_support_c.cpp.o[0m
[5.509s] [ 63%] [32mBuilding CXX object CMakeFiles/custom_msg__rosidl_typesupport_fastrtps_c.dir/rosidl_typesupport_fastrtps_c/custom_msg/srv/detail/add_three_ints__type_support_c.cpp.o[0m
[5.510s] [ 65%] [32mBuilding CXX object CMakeFiles/custom_msg__rosidl_typesupport_fastrtps_c.dir/rosidl_typesupport_fastrtps_c/custom_msg/msg/detail/num__type_support_c.cpp.o[0m
[5.556s] [ 68%] [32m[1mLinking CXX shared library libcustom_msg__rosidl_typesupport_cpp.so[0m
[5.556s] [ 70%] [32m[1mLinking CXX shared library libcustom_msg__rosidl_typesupport_c.so[0m
[5.644s] [ 72%] [32m[1mLinking CXX shared library libcustom_msg__rosidl_typesupport_introspection_cpp.so[0m
[5.703s] [ 72%] Built target custom_msg__rosidl_typesupport_introspection_c
[5.769s] [ 72%] Built target custom_msg__rosidl_typesupport_cpp
[5.770s] [ 72%] Built target custom_msg__rosidl_typesupport_c
[5.792s] [ 72%] Built target custom_msg__rosidl_typesupport_introspection_cpp
[5.954s] [ 74%] [32m[1mLinking CXX shared library libcustom_msg__rosidl_typesupport_fastrtps_c.so[0m
[5.989s] [ 76%] [32m[1mLinking CXX shared library libcustom_msg__rosidl_typesupport_fastrtps_cpp.so[0m
[6.077s] [ 76%] Built target custom_msg__rosidl_typesupport_fastrtps_c
[6.090s] [ 76%] Built target custom_msg__rosidl_typesupport_fastrtps_cpp
[6.103s] [ 76%] Built target custom_msg
[6.117s] [ 78%] [34m[1mGenerating Python code for ROS interfaces[0m
[6.393s] [ 78%] Built target custom_msg__py
[6.401s] [35m[1mConsolidate compiler generated dependencies of target custom_msg__rosidl_generator_py[0m
[6.584s] [ 80%] [32mBuilding C object CMakeFiles/custom_msg__rosidl_generator_py.dir/rosidl_generator_py/custom_msg/msg/_num_s.c.o[0m
[6.584s] [ 82%] [32mBuilding C object CMakeFiles/custom_msg__rosidl_generator_py.dir/rosidl_generator_py/custom_msg/msg/_sphere_s.c.o[0m
[6.586s] [ 85%] [32mBuilding C object CMakeFiles/custom_msg__rosidl_generator_py.dir/rosidl_generator_py/custom_msg/srv/_add_three_ints_s.c.o[0m
[6.809s] [ 87%] [32m[1mLinking C shared library rosidl_generator_py/custom_msg/libcustom_msg__rosidl_generator_py.so[0m
[6.843s] [ 87%] Built target custom_msg__rosidl_generator_py
[6.851s] [35m[1mConsolidate compiler generated dependencies of target custom_msg__rosidl_typesupport_fastrtps_c__pyext[0m
[6.853s] [35m[1mConsolidate compiler generated dependencies of target custom_msg__rosidl_typesupport_c__pyext[0m
[6.857s] [35m[1mConsolidate compiler generated dependencies of target custom_msg__rosidl_typesupport_introspection_c__pyext[0m
[6.859s] [ 89%] [32mBuilding C object CMakeFiles/custom_msg__rosidl_typesupport_fastrtps_c__pyext.dir/rosidl_generator_py/custom_msg/_custom_msg_s.ep.rosidl_typesupport_fastrtps_c.c.o[0m
[6.861s] [ 91%] [32mBuilding C object CMakeFiles/custom_msg__rosidl_typesupport_c__pyext.dir/rosidl_generator_py/custom_msg/_custom_msg_s.ep.rosidl_typesupport_c.c.o[0m
[6.864s] [ 93%] [32mBuilding C object CMakeFiles/custom_msg__rosidl_typesupport_introspection_c__pyext.dir/rosidl_generator_py/custom_msg/_custom_msg_s.ep.rosidl_typesupport_introspection_c.c.o[0m
[6.915s] [ 95%] [32m[1mLinking C shared library rosidl_generator_py/custom_msg/custom_msg_s__rosidl_typesupport_c.cpython-310-x86_64-linux-gnu.so[0m
[6.917s] [ 97%] [32m[1mLinking C shared library rosidl_generator_py/custom_msg/custom_msg_s__rosidl_typesupport_fastrtps_c.cpython-310-x86_64-linux-gnu.so[0m
[6.920s] [100%] [32m[1mLinking C shared library rosidl_generator_py/custom_msg/custom_msg_s__rosidl_typesupport_introspection_c.cpython-310-x86_64-linux-gnu.so[0m
[6.938s] [100%] Built target custom_msg__rosidl_typesupport_c__pyext
[6.943s] [100%] Built target custom_msg__rosidl_typesupport_fastrtps_c__pyext
[6.944s] [100%] Built target custom_msg__rosidl_typesupport_introspection_c__pyext
[6.951s] Invoked command in '/home/matt/Documents/GitHub/Rover-Unity/ros2_ws/build/custom_msg' returned '0': CMAKE_PREFIX_PATH=${CMAKE_PREFIX_PATH}:/home/matt/Documents/GitHub/Rover-Unity/ros2_ws/install/py_pubsub:/home/matt/Documents/GitHub/Rover-Unity/ros2_ws/install/AutonControlNode:/opt/ros/humble /usr/bin/cmake --build /home/matt/Documents/GitHub/Rover-Unity/ros2_ws/build/custom_msg -- -j20 -l20
[6.961s] Invoking command in '/home/matt/Documents/GitHub/Rover-Unity/ros2_ws/build/custom_msg': CMAKE_PREFIX_PATH=${CMAKE_PREFIX_PATH}:/home/matt/Documents/GitHub/Rover-Unity/ros2_ws/install/py_pubsub:/home/matt/Documents/GitHub/Rover-Unity/ros2_ws/install/AutonControlNode:/opt/ros/humble /usr/bin/cmake --install /home/matt/Documents/GitHub/Rover-Unity/ros2_ws/build/custom_msg
[6.966s] -- Install configuration: ""
[6.966s] -- Up-to-date: /home/matt/Documents/GitHub/Rover-Unity/ros2_ws/install/custom_msg/share/ament_index/resource_index/rosidl_interfaces/custom_msg
[6.966s] -- Up-to-date: /home/matt/Documents/GitHub/Rover-Unity/ros2_ws/install/custom_msg/include/custom_msg/custom_msg
[6.966s] -- Up-to-date: /home/matt/Documents/GitHub/Rover-Unity/ros2_ws/install/custom_msg/include/custom_msg/custom_msg/srv
[6.966s] -- Up-to-date: /home/matt/Documents/GitHub/Rover-Unity/ros2_ws/install/custom_msg/include/custom_msg/custom_msg/srv/detail
[6.966s] -- Installing: /home/matt/Documents/GitHub/Rover-Unity/ros2_ws/install/custom_msg/include/custom_msg/custom_msg/srv/detail/add_three_ints__functions.h
[6.966s] -- Installing: /home/matt/Documents/GitHub/Rover-Unity/ros2_ws/install/custom_msg/include/custom_msg/custom_msg/srv/detail/add_three_ints__type_support.h
[6.966s] -- Installing: /home/matt/Documents/GitHub/Rover-Unity/ros2_ws/install/custom_msg/include/custom_msg/custom_msg/srv/detail/add_three_ints__struct.h
[6.966s] -- Installing: /home/matt/Documents/GitHub/Rover-Unity/ros2_ws/install/custom_msg/include/custom_msg/custom_msg/srv/detail/add_three_ints__functions.c
[6.966s] -- Installing: /home/matt/Documents/GitHub/Rover-Unity/ros2_ws/install/custom_msg/include/custom_msg/custom_msg/srv/add_three_ints.h
[6.966s] -- Up-to-date: /home/matt/Documents/GitHub/Rover-Unity/ros2_ws/install/custom_msg/include/custom_msg/custom_msg/msg
[6.966s] -- Up-to-date: /home/matt/Documents/GitHub/Rover-Unity/ros2_ws/install/custom_msg/include/custom_msg/custom_msg/msg/rosidl_generator_c__visibility_control.h
[6.966s] -- Up-to-date: /home/matt/Documents/GitHub/Rover-Unity/ros2_ws/install/custom_msg/include/custom_msg/custom_msg/msg/detail
[6.966s] -- Installing: /home/matt/Documents/GitHub/Rover-Unity/ros2_ws/install/custom_msg/include/custom_msg/custom_msg/msg/detail/num__functions.h
[6.966s] -- Installing: /home/matt/Documents/GitHub/Rover-Unity/ros2_ws/install/custom_msg/include/custom_msg/custom_msg/msg/detail/sphere__struct.h
[6.966s] -- Installing: /home/matt/Documents/GitHub/Rover-Unity/ros2_ws/install/custom_msg/include/custom_msg/custom_msg/msg/detail/sphere__type_support.h
[6.966s] -- Installing: /home/matt/Documents/GitHub/Rover-Unity/ros2_ws/install/custom_msg/include/custom_msg/custom_msg/msg/detail/num__struct.h
[6.966s] -- Installing: /home/matt/Documents/GitHub/Rover-Unity/ros2_ws/install/custom_msg/include/custom_msg/custom_msg/msg/detail/num__type_support.h
[6.966s] -- Installing: /home/matt/Documents/GitHub/Rover-Unity/ros2_ws/install/custom_msg/include/custom_msg/custom_msg/msg/detail/num__functions.c
[6.966s] -- Installing: /home/matt/Documents/GitHub/Rover-Unity/ros2_ws/install/custom_msg/include/custom_msg/custom_msg/msg/detail/sphere__functions.h
[6.966s] -- Installing: /home/matt/Documents/GitHub/Rover-Unity/ros2_ws/install/custom_msg/include/custom_msg/custom_msg/msg/detail/sphere__functions.c
[6.966s] -- Installing: /home/matt/Documents/GitHub/Rover-Unity/ros2_ws/install/custom_msg/include/custom_msg/custom_msg/msg/sphere.h
[6.966s] -- Installing: /home/matt/Documents/GitHub/Rover-Unity/ros2_ws/install/custom_msg/include/custom_msg/custom_msg/msg/num.h
[6.967s] -- Up-to-date: /home/matt/Documents/GitHub/Rover-Unity/ros2_ws/install/custom_msg/share/custom_msg/environment/library_path.sh
[6.967s] -- Installing: /home/matt/Documents/GitHub/Rover-Unity/ros2_ws/install/custom_msg/share/custom_msg/environment/library_path.dsv
[6.967s] -- Installing: /home/matt/Documents/GitHub/Rover-Unity/ros2_ws/install/custom_msg/lib/libcustom_msg__rosidl_generator_c.so
[6.967s] -- Set runtime path of "/home/matt/Documents/GitHub/Rover-Unity/ros2_ws/install/custom_msg/lib/libcustom_msg__rosidl_generator_c.so" to ""
[6.967s] -- Up-to-date: /home/matt/Documents/GitHub/Rover-Unity/ros2_ws/install/custom_msg/include/custom_msg/custom_msg
[6.967s] -- Up-to-date: /home/matt/Documents/GitHub/Rover-Unity/ros2_ws/install/custom_msg/include/custom_msg/custom_msg/srv
[6.967s] -- Up-to-date: /home/matt/Documents/GitHub/Rover-Unity/ros2_ws/install/custom_msg/include/custom_msg/custom_msg/srv/detail
[6.967s] -- Installing: /home/matt/Documents/GitHub/Rover-Unity/ros2_ws/install/custom_msg/include/custom_msg/custom_msg/srv/detail/add_three_ints__rosidl_typesupport_fastrtps_c.h
[6.967s] -- Up-to-date: /home/matt/Documents/GitHub/Rover-Unity/ros2_ws/install/custom_msg/include/custom_msg/custom_msg/msg
[6.967s] -- Up-to-date: /home/matt/Documents/GitHub/Rover-Unity/ros2_ws/install/custom_msg/include/custom_msg/custom_msg/msg/detail
[6.967s] -- Installing: /home/matt/Documents/GitHub/Rover-Unity/ros2_ws/install/custom_msg/include/custom_msg/custom_msg/msg/detail/sphere__rosidl_typesupport_fastrtps_c.h
[6.967s] -- Installing: /home/matt/Documents/GitHub/Rover-Unity/ros2_ws/install/custom_msg/include/custom_msg/custom_msg/msg/detail/num__rosidl_typesupport_fastrtps_c.h
[6.967s] -- Up-to-date: /home/matt/Documents/GitHub/Rover-Unity/ros2_ws/install/custom_msg/include/custom_msg/custom_msg/msg/rosidl_typesupport_fastrtps_c__visibility_control.h
[6.967s] -- Installing: /home/matt/Documents/GitHub/Rover-Unity/ros2_ws/install/custom_msg/lib/libcustom_msg__rosidl_typesupport_fastrtps_c.so
[6.967s] -- Set runtime path of "/home/matt/Documents/GitHub/Rover-Unity/ros2_ws/install/custom_msg/lib/libcustom_msg__rosidl_typesupport_fastrtps_c.so" to ""
[6.967s] -- Up-to-date: /home/matt/Documents/GitHub/Rover-Unity/ros2_ws/install/custom_msg/include/custom_msg/custom_msg
[6.967s] -- Up-to-date: /home/matt/Documents/GitHub/Rover-Unity/ros2_ws/install/custom_msg/include/custom_msg/custom_msg/srv
[6.967s] -- Up-to-date: /home/matt/Documents/GitHub/Rover-Unity/ros2_ws/install/custom_msg/include/custom_msg/custom_msg/srv/detail
[6.967s] -- Installing: /home/matt/Documents/GitHub/Rover-Unity/ros2_ws/install/custom_msg/include/custom_msg/custom_msg/srv/detail/add_three_ints__struct.hpp
[6.968s] -- Installing: /home/matt/Documents/GitHub/Rover-Unity/ros2_ws/install/custom_msg/include/custom_msg/custom_msg/srv/detail/add_three_ints__type_support.hpp
[6.968s] -- Installing: /home/matt/Documents/GitHub/Rover-Unity/ros2_ws/install/custom_msg/include/custom_msg/custom_msg/srv/detail/add_three_ints__traits.hpp
[6.968s] -- Installing: /home/matt/Documents/GitHub/Rover-Unity/ros2_ws/install/custom_msg/include/custom_msg/custom_msg/srv/detail/add_three_ints__builder.hpp
[6.968s] -- Installing: /home/matt/Documents/GitHub/Rover-Unity/ros2_ws/install/custom_msg/include/custom_msg/custom_msg/srv/add_three_ints.hpp
[6.968s] -- Up-to-date: /home/matt/Documents/GitHub/Rover-Unity/ros2_ws/install/custom_msg/include/custom_msg/custom_msg/msg
[6.968s] -- Installing: /home/matt/Documents/GitHub/Rover-Unity/ros2_ws/install/custom_msg/include/custom_msg/custom_msg/msg/num.hpp
[6.968s] -- Installing: /home/matt/Documents/GitHub/Rover-Unity/ros2_ws/install/custom_msg/include/custom_msg/custom_msg/msg/sphere.hpp
[6.968s] -- Up-to-date: /home/matt/Documents/GitHub/Rover-Unity/ros2_ws/install/custom_msg/include/custom_msg/custom_msg/msg/detail
[6.968s] -- Installing: /home/matt/Documents/GitHub/Rover-Unity/ros2_ws/install/custom_msg/include/custom_msg/custom_msg/msg/detail/sphere__traits.hpp
[6.968s] -- Installing: /home/matt/Documents/GitHub/Rover-Unity/ros2_ws/install/custom_msg/include/custom_msg/custom_msg/msg/detail/num__struct.hpp
[6.968s] -- Installing: /home/matt/Documents/GitHub/Rover-Unity/ros2_ws/install/custom_msg/include/custom_msg/custom_msg/msg/detail/num__builder.hpp
[6.968s] -- Installing: /home/matt/Documents/GitHub/Rover-Unity/ros2_ws/install/custom_msg/include/custom_msg/custom_msg/msg/detail/sphere__type_support.hpp
[6.968s] -- Installing: /home/matt/Documents/GitHub/Rover-Unity/ros2_ws/install/custom_msg/include/custom_msg/custom_msg/msg/detail/sphere__struct.hpp
[6.968s] -- Installing: /home/matt/Documents/GitHub/Rover-Unity/ros2_ws/install/custom_msg/include/custom_msg/custom_msg/msg/detail/sphere__builder.hpp
[6.968s] -- Installing: /home/matt/Documents/GitHub/Rover-Unity/ros2_ws/install/custom_msg/include/custom_msg/custom_msg/msg/detail/num__type_support.hpp
[6.968s] -- Installing: /home/matt/Documents/GitHub/Rover-Unity/ros2_ws/install/custom_msg/include/custom_msg/custom_msg/msg/detail/num__traits.hpp
[6.968s] -- Up-to-date: /home/matt/Documents/GitHub/Rover-Unity/ros2_ws/install/custom_msg/include/custom_msg/custom_msg/msg/rosidl_generator_cpp__visibility_control.hpp
[6.968s] -- Up-to-date: /home/matt/Documents/GitHub/Rover-Unity/ros2_ws/install/custom_msg/include/custom_msg/custom_msg
[6.968s] -- Up-to-date: /home/matt/Documents/GitHub/Rover-Unity/ros2_ws/install/custom_msg/include/custom_msg/custom_msg/srv
[6.968s] -- Up-to-date: /home/matt/Documents/GitHub/Rover-Unity/ros2_ws/install/custom_msg/include/custom_msg/custom_msg/srv/detail
[6.968s] -- Installing: /home/matt/Documents/GitHub/Rover-Unity/ros2_ws/install/custom_msg/include/custom_msg/custom_msg/srv/detail/add_three_ints__rosidl_typesupport_fastrtps_cpp.hpp
[6.968s] -- Up-to-date: /home/matt/Documents/GitHub/Rover-Unity/ros2_ws/install/custom_msg/include/custom_msg/custom_msg/srv/detail/dds_fastrtps
[6.969s] -- Up-to-date: /home/matt/Documents/GitHub/Rover-Unity/ros2_ws/install/custom_msg/include/custom_msg/custom_msg/msg
[6.969s] -- Up-to-date: /home/matt/Documents/GitHub/Rover-Unity/ros2_ws/install/custom_msg/include/custom_msg/custom_msg/msg/rosidl_typesupport_fastrtps_cpp__visibility_control.h
[6.969s] -- Up-to-date: /home/matt/Documents/GitHub/Rover-Unity/ros2_ws/install/custom_msg/include/custom_msg/custom_msg/msg/detail
[6.969s] -- Installing: /home/matt/Documents/GitHub/Rover-Unity/ros2_ws/install/custom_msg/include/custom_msg/custom_msg/msg/detail/num__rosidl_typesupport_fastrtps_cpp.hpp
[6.969s] -- Up-to-date: /home/matt/Documents/GitHub/Rover-Unity/ros2_ws/install/custom_msg/include/custom_msg/custom_msg/msg/detail/dds_fastrtps
[6.969s] -- Installing: /home/matt/Documents/GitHub/Rover-Unity/ros2_ws/install/custom_msg/include/custom_msg/custom_msg/msg/detail/sphere__rosidl_typesupport_fastrtps_cpp.hpp
[6.969s] -- Installing: /home/matt/Documents/GitHub/Rover-Unity/ros2_ws/install/custom_msg/lib/libcustom_msg__rosidl_typesupport_fastrtps_cpp.so
[6.969s] -- Set runtime path of "/home/matt/Documents/GitHub/Rover-Unity/ros2_ws/install/custom_msg/lib/libcustom_msg__rosidl_typesupport_fastrtps_cpp.so" to ""
[6.969s] -- Up-to-date: /home/matt/Documents/GitHub/Rover-Unity/ros2_ws/install/custom_msg/include/custom_msg/custom_msg
[6.969s] -- Up-to-date: /home/matt/Documents/GitHub/Rover-Unity/ros2_ws/install/custom_msg/include/custom_msg/custom_msg/srv
[6.969s] -- Up-to-date: /home/matt/Documents/GitHub/Rover-Unity/ros2_ws/install/custom_msg/include/custom_msg/custom_msg/srv/detail
[6.970s] -- Installing: /home/matt/Documents/GitHub/Rover-Unity/ros2_ws/install/custom_msg/include/custom_msg/custom_msg/srv/detail/add_three_ints__type_support.c
[6.970s] -- Installing: /home/matt/Documents/GitHub/Rover-Unity/ros2_ws/install/custom_msg/include/custom_msg/custom_msg/srv/detail/add_three_ints__rosidl_typesupport_introspection_c.h
[6.970s] -- Up-to-date: /home/matt/Documents/GitHub/Rover-Unity/ros2_ws/install/custom_msg/include/custom_msg/custom_msg/msg
[6.970s] -- Up-to-date: /home/matt/Documents/GitHub/Rover-Unity/ros2_ws/install/custom_msg/include/custom_msg/custom_msg/msg/detail
[6.970s] -- Installing: /home/matt/Documents/GitHub/Rover-Unity/ros2_ws/install/custom_msg/include/custom_msg/custom_msg/msg/detail/num__type_support.c
[6.970s] -- Installing: /home/matt/Documents/GitHub/Rover-Unity/ros2_ws/install/custom_msg/include/custom_msg/custom_msg/msg/detail/sphere__rosidl_typesupport_introspection_c.h
[6.970s] -- Installing: /home/matt/Documents/GitHub/Rover-Unity/ros2_ws/install/custom_msg/include/custom_msg/custom_msg/msg/detail/sphere__type_support.c
[6.970s] -- Installing: /home/matt/Documents/GitHub/Rover-Unity/ros2_ws/install/custom_msg/include/custom_msg/custom_msg/msg/detail/num__rosidl_typesupport_introspection_c.h
[6.970s] -- Up-to-date: /home/matt/Documents/GitHub/Rover-Unity/ros2_ws/install/custom_msg/include/custom_msg/custom_msg/msg/rosidl_typesupport_introspection_c__visibility_control.h
[6.970s] -- Installing: /home/matt/Documents/GitHub/Rover-Unity/ros2_ws/install/custom_msg/lib/libcustom_msg__rosidl_typesupport_introspection_c.so
[6.970s] -- Set runtime path of "/home/matt/Documents/GitHub/Rover-Unity/ros2_ws/install/custom_msg/lib/libcustom_msg__rosidl_typesupport_introspection_c.so" to ""
[6.970s] -- Installing: /home/matt/Documents/GitHub/Rover-Unity/ros2_ws/install/custom_msg/lib/libcustom_msg__rosidl_typesupport_c.so
[6.970s] -- Set runtime path of "/home/matt/Documents/GitHub/Rover-Unity/ros2_ws/install/custom_msg/lib/libcustom_msg__rosidl_typesupport_c.so" to ""
[6.970s] -- Up-to-date: /home/matt/Documents/GitHub/Rover-Unity/ros2_ws/install/custom_msg/include/custom_msg/custom_msg
[6.970s] -- Up-to-date: /home/matt/Documents/GitHub/Rover-Unity/ros2_ws/install/custom_msg/include/custom_msg/custom_msg/srv
[6.970s] -- Up-to-date: /home/matt/Documents/GitHub/Rover-Unity/ros2_ws/install/custom_msg/include/custom_msg/custom_msg/srv/detail
[6.970s] -- Installing: /home/matt/Documents/GitHub/Rover-Unity/ros2_ws/install/custom_msg/include/custom_msg/custom_msg/srv/detail/add_three_ints__rosidl_typesupport_introspection_cpp.hpp
[6.970s] -- Installing: /home/matt/Documents/GitHub/Rover-Unity/ros2_ws/install/custom_msg/include/custom_msg/custom_msg/srv/detail/add_three_ints__type_support.cpp
[6.970s] -- Up-to-date: /home/matt/Documents/GitHub/Rover-Unity/ros2_ws/install/custom_msg/include/custom_msg/custom_msg/msg
[6.970s] -- Up-to-date: /home/matt/Documents/GitHub/Rover-Unity/ros2_ws/install/custom_msg/include/custom_msg/custom_msg/msg/detail
[6.970s] -- Installing: /home/matt/Documents/GitHub/Rover-Unity/ros2_ws/install/custom_msg/include/custom_msg/custom_msg/msg/detail/num__rosidl_typesupport_introspection_cpp.hpp
[6.971s] -- Installing: /home/matt/Documents/GitHub/Rover-Unity/ros2_ws/install/custom_msg/include/custom_msg/custom_msg/msg/detail/sphere__type_support.cpp
[6.971s] -- Installing: /home/matt/Documents/GitHub/Rover-Unity/ros2_ws/install/custom_msg/include/custom_msg/custom_msg/msg/detail/num__type_support.cpp
[6.971s] -- Installing: /home/matt/Documents/GitHub/Rover-Unity/ros2_ws/install/custom_msg/include/custom_msg/custom_msg/msg/detail/sphere__rosidl_typesupport_introspection_cpp.hpp
[6.971s] -- Installing: /home/matt/Documents/GitHub/Rover-Unity/ros2_ws/install/custom_msg/lib/libcustom_msg__rosidl_typesupport_introspection_cpp.so
[6.971s] -- Set runtime path of "/home/matt/Documents/GitHub/Rover-Unity/ros2_ws/install/custom_msg/lib/libcustom_msg__rosidl_typesupport_introspection_cpp.so" to ""
[6.971s] -- Installing: /home/matt/Documents/GitHub/Rover-Unity/ros2_ws/install/custom_msg/lib/libcustom_msg__rosidl_typesupport_cpp.so
[6.971s] -- Set runtime path of "/home/matt/Documents/GitHub/Rover-Unity/ros2_ws/install/custom_msg/lib/libcustom_msg__rosidl_typesupport_cpp.so" to ""
[6.971s] -- Up-to-date: /home/matt/Documents/GitHub/Rover-Unity/ros2_ws/install/custom_msg/share/custom_msg/environment/pythonpath.sh
[6.971s] -- Installing: /home/matt/Documents/GitHub/Rover-Unity/ros2_ws/install/custom_msg/share/custom_msg/environment/pythonpath.dsv
[6.971s] -- Up-to-date: /home/matt/Documents/GitHub/Rover-Unity/ros2_ws/install/custom_msg/local/lib/python3.10/dist-packages/custom_msg-0.0.0-py3.10.egg-info
[6.971s] -- Installing: /home/matt/Documents/GitHub/Rover-Unity/ros2_ws/install/custom_msg/local/lib/python3.10/dist-packages/custom_msg-0.0.0-py3.10.egg-info/top_level.txt
[6.972s] -- Installing: /home/matt/Documents/GitHub/Rover-Unity/ros2_ws/install/custom_msg/local/lib/python3.10/dist-packages/custom_msg-0.0.0-py3.10.egg-info/PKG-INFO
[6.972s] -- Installing: /home/matt/Documents/GitHub/Rover-Unity/ros2_ws/install/custom_msg/local/lib/python3.10/dist-packages/custom_msg-0.0.0-py3.10.egg-info/SOURCES.txt
[6.972s] -- Installing: /home/matt/Documents/GitHub/Rover-Unity/ros2_ws/install/custom_msg/local/lib/python3.10/dist-packages/custom_msg-0.0.0-py3.10.egg-info/dependency_links.txt
[6.972s] -- Up-to-date: /home/matt/Documents/GitHub/Rover-Unity/ros2_ws/install/custom_msg/local/lib/python3.10/dist-packages/custom_msg
[6.972s] -- Installing: /home/matt/Documents/GitHub/Rover-Unity/ros2_ws/install/custom_msg/local/lib/python3.10/dist-packages/custom_msg/__init__.py
[6.972s] -- Installing: /home/matt/Documents/GitHub/Rover-Unity/ros2_ws/install/custom_msg/local/lib/python3.10/dist-packages/custom_msg/custom_msg_s__rosidl_typesupport_introspection_c.cpython-310-x86_64-linux-gnu.so
[6.972s] -- Installing: /home/matt/Documents/GitHub/Rover-Unity/ros2_ws/install/custom_msg/local/lib/python3.10/dist-packages/custom_msg/libcustom_msg__rosidl_generator_py.so
[6.972s] -- Installing: /home/matt/Documents/GitHub/Rover-Unity/ros2_ws/install/custom_msg/local/lib/python3.10/dist-packages/custom_msg/_custom_msg_s.ep.rosidl_typesupport_fastrtps_c.c
[6.972s] -- Up-to-date: /home/matt/Documents/GitHub/Rover-Unity/ros2_ws/install/custom_msg/local/lib/python3.10/dist-packages/custom_msg/srv
[6.972s] -- Installing: /home/matt/Documents/GitHub/Rover-Unity/ros2_ws/install/custom_msg/local/lib/python3.10/dist-packages/custom_msg/srv/__init__.py
[6.972s] -- Installing: /home/matt/Documents/GitHub/Rover-Unity/ros2_ws/install/custom_msg/local/lib/python3.10/dist-packages/custom_msg/srv/_add_three_ints_s.c
[6.972s] -- Installing: /home/matt/Documents/GitHub/Rover-Unity/ros2_ws/install/custom_msg/local/lib/python3.10/dist-packages/custom_msg/srv/_add_three_ints.py
[6.972s] -- Installing: /home/matt/Documents/GitHub/Rover-Unity/ros2_ws/install/custom_msg/local/lib/python3.10/dist-packages/custom_msg/_custom_msg_s.ep.rosidl_typesupport_introspection_c.c
[6.972s] -- Installing: /home/matt/Documents/GitHub/Rover-Unity/ros2_ws/install/custom_msg/local/lib/python3.10/dist-packages/custom_msg/custom_msg_s__rosidl_typesupport_c.cpython-310-x86_64-linux-gnu.so
[6.972s] -- Installing: /home/matt/Documents/GitHub/Rover-Unity/ros2_ws/install/custom_msg/local/lib/python3.10/dist-packages/custom_msg/custom_msg_s__rosidl_typesupport_fastrtps_c.cpython-310-x86_64-linux-gnu.so
[6.972s] -- Up-to-date: /home/matt/Documents/GitHub/Rover-Unity/ros2_ws/install/custom_msg/local/lib/python3.10/dist-packages/custom_msg/msg
[6.972s] -- Installing: /home/matt/Documents/GitHub/Rover-Unity/ros2_ws/install/custom_msg/local/lib/python3.10/dist-packages/custom_msg/msg/__init__.py
[6.972s] -- Installing: /home/matt/Documents/GitHub/Rover-Unity/ros2_ws/install/custom_msg/local/lib/python3.10/dist-packages/custom_msg/msg/_num_s.c
[6.972s] -- Installing: /home/matt/Documents/GitHub/Rover-Unity/ros2_ws/install/custom_msg/local/lib/python3.10/dist-packages/custom_msg/msg/_sphere.py
[6.972s] -- Installing: /home/matt/Documents/GitHub/Rover-Unity/ros2_ws/install/custom_msg/local/lib/python3.10/dist-packages/custom_msg/msg/_num.py
[6.973s] -- Installing: /home/matt/Documents/GitHub/Rover-Unity/ros2_ws/install/custom_msg/local/lib/python3.10/dist-packages/custom_msg/msg/_sphere_s.c
[6.973s] -- Installing: /home/matt/Documents/GitHub/Rover-Unity/ros2_ws/install/custom_msg/local/lib/python3.10/dist-packages/custom_msg/_custom_msg_s.ep.rosidl_typesupport_c.c
[7.008s] Listing '/home/matt/Documents/GitHub/Rover-Unity/ros2_ws/install/custom_msg/local/lib/python3.10/dist-packages/custom_msg'...
[7.008s] Compiling '/home/matt/Documents/GitHub/Rover-Unity/ros2_ws/install/custom_msg/local/lib/python3.10/dist-packages/custom_msg/__init__.py'...
[7.008s] Listing '/home/matt/Documents/GitHub/Rover-Unity/ros2_ws/install/custom_msg/local/lib/python3.10/dist-packages/custom_msg/msg'...
[7.008s] Compiling '/home/matt/Documents/GitHub/Rover-Unity/ros2_ws/install/custom_msg/local/lib/python3.10/dist-packages/custom_msg/msg/__init__.py'...
[7.008s] Compiling '/home/matt/Documents/GitHub/Rover-Unity/ros2_ws/install/custom_msg/local/lib/python3.10/dist-packages/custom_msg/msg/_num.py'...
[7.008s] Compiling '/home/matt/Documents/GitHub/Rover-Unity/ros2_ws/install/custom_msg/local/lib/python3.10/dist-packages/custom_msg/msg/_sphere.py'...
[7.008s] Listing '/home/matt/Documents/GitHub/Rover-Unity/ros2_ws/install/custom_msg/local/lib/python3.10/dist-packages/custom_msg/srv'...
[7.008s] Compiling '/home/matt/Documents/GitHub/Rover-Unity/ros2_ws/install/custom_msg/local/lib/python3.10/dist-packages/custom_msg/srv/__init__.py'...
[7.008s] Compiling '/home/matt/Documents/GitHub/Rover-Unity/ros2_ws/install/custom_msg/local/lib/python3.10/dist-packages/custom_msg/srv/_add_three_ints.py'...
[7.011s] -- Installing: /home/matt/Documents/GitHub/Rover-Unity/ros2_ws/install/custom_msg/local/lib/python3.10/dist-packages/custom_msg/custom_msg_s__rosidl_typesupport_fastrtps_c.cpython-310-x86_64-linux-gnu.so
[7.011s] -- Set runtime path of "/home/matt/Documents/GitHub/Rover-Unity/ros2_ws/install/custom_msg/local/lib/python3.10/dist-packages/custom_msg/custom_msg_s__rosidl_typesupport_fastrtps_c.cpython-310-x86_64-linux-gnu.so" to ""
[7.011s] -- Installing: /home/matt/Documents/GitHub/Rover-Unity/ros2_ws/install/custom_msg/local/lib/python3.10/dist-packages/custom_msg/custom_msg_s__rosidl_typesupport_introspection_c.cpython-310-x86_64-linux-gnu.so
[7.011s] -- Set runtime path of "/home/matt/Documents/GitHub/Rover-Unity/ros2_ws/install/custom_msg/local/lib/python3.10/dist-packages/custom_msg/custom_msg_s__rosidl_typesupport_introspection_c.cpython-310-x86_64-linux-gnu.so" to ""
[7.011s] -- Installing: /home/matt/Documents/GitHub/Rover-Unity/ros2_ws/install/custom_msg/local/lib/python3.10/dist-packages/custom_msg/custom_msg_s__rosidl_typesupport_c.cpython-310-x86_64-linux-gnu.so
[7.011s] -- Set runtime path of "/home/matt/Documents/GitHub/Rover-Unity/ros2_ws/install/custom_msg/local/lib/python3.10/dist-packages/custom_msg/custom_msg_s__rosidl_typesupport_c.cpython-310-x86_64-linux-gnu.so" to ""
[7.011s] -- Installing: /home/matt/Documents/GitHub/Rover-Unity/ros2_ws/install/custom_msg/lib/libcustom_msg__rosidl_generator_py.so
[7.012s] -- Set runtime path of "/home/matt/Documents/GitHub/Rover-Unity/ros2_ws/install/custom_msg/lib/libcustom_msg__rosidl_generator_py.so" to ""
[7.012s] -- Up-to-date: /home/matt/Documents/GitHub/Rover-Unity/ros2_ws/install/custom_msg/share/custom_msg/msg/Num.idl
[7.012s] -- Installing: /home/matt/Documents/GitHub/Rover-Unity/ros2_ws/install/custom_msg/share/custom_msg/msg/Sphere.idl
[7.012s] -- Up-to-date: /home/matt/Documents/GitHub/Rover-Unity/ros2_ws/install/custom_msg/share/custom_msg/srv/AddThreeInts.idl
[7.012s] -- Up-to-date: /home/matt/Documents/GitHub/Rover-Unity/ros2_ws/install/custom_msg/share/custom_msg/msg/Num.msg
[7.012s] -- Installing: /home/matt/Documents/GitHub/Rover-Unity/ros2_ws/install/custom_msg/share/custom_msg/msg/Sphere.msg
[7.012s] -- Up-to-date: /home/matt/Documents/GitHub/Rover-Unity/ros2_ws/install/custom_msg/share/custom_msg/srv/AddThreeInts.srv
[7.012s] -- Up-to-date: /home/matt/Documents/GitHub/Rover-Unity/ros2_ws/install/custom_msg/share/custom_msg/srv/AddThreeInts_Request.msg
[7.012s] -- Up-to-date: /home/matt/Documents/GitHub/Rover-Unity/ros2_ws/install/custom_msg/share/custom_msg/srv/AddThreeInts_Response.msg
[7.012s] -- Up-to-date: /home/matt/Documents/GitHub/Rover-Unity/ros2_ws/install/custom_msg/share/ament_index/resource_index/package_run_dependencies/custom_msg
[7.012s] -- Up-to-date: /home/matt/Documents/GitHub/Rover-Unity/ros2_ws/install/custom_msg/share/ament_index/resource_index/parent_prefix_path/custom_msg
[7.012s] -- Up-to-date: /home/matt/Documents/GitHub/Rover-Unity/ros2_ws/install/custom_msg/share/custom_msg/environment/ament_prefix_path.sh
[7.012s] -- Installing: /home/matt/Documents/GitHub/Rover-Unity/ros2_ws/install/custom_msg/share/custom_msg/environment/ament_prefix_path.dsv
[7.012s] -- Up-to-date: /home/matt/Documents/GitHub/Rover-Unity/ros2_ws/install/custom_msg/share/custom_msg/environment/path.sh
[7.012s] -- Installing: /home/matt/Documents/GitHub/Rover-Unity/ros2_ws/install/custom_msg/share/custom_msg/environment/path.dsv
[7.012s] -- Up-to-date: /home/matt/Documents/GitHub/Rover-Unity/ros2_ws/install/custom_msg/share/custom_msg/local_setup.bash
[7.012s] -- Up-to-date: /home/matt/Documents/GitHub/Rover-Unity/ros2_ws/install/custom_msg/share/custom_msg/local_setup.sh
[7.012s] -- Up-to-date: /home/matt/Documents/GitHub/Rover-Unity/ros2_ws/install/custom_msg/share/custom_msg/local_setup.zsh
[7.012s] -- Installing: /home/matt/Documents/GitHub/Rover-Unity/ros2_ws/install/custom_msg/share/custom_msg/local_setup.dsv
[7.013s] -- Installing: /home/matt/Documents/GitHub/Rover-Unity/ros2_ws/install/custom_msg/share/custom_msg/package.dsv
[7.013s] -- Up-to-date: /home/matt/Documents/GitHub/Rover-Unity/ros2_ws/install/custom_msg/share/ament_index/resource_index/packages/custom_msg
[7.013s] -- Up-to-date: /home/matt/Documents/GitHub/Rover-Unity/ros2_ws/install/custom_msg/share/custom_msg/cmake/export_custom_msg__rosidl_generator_cExport.cmake
[7.013s] -- Up-to-date: /home/matt/Documents/GitHub/Rover-Unity/ros2_ws/install/custom_msg/share/custom_msg/cmake/export_custom_msg__rosidl_generator_cExport-noconfig.cmake
[7.013s] -- Up-to-date: /home/matt/Documents/GitHub/Rover-Unity/ros2_ws/install/custom_msg/share/custom_msg/cmake/export_custom_msg__rosidl_typesupport_fastrtps_cExport.cmake
[7.013s] -- Up-to-date: /home/matt/Documents/GitHub/Rover-Unity/ros2_ws/install/custom_msg/share/custom_msg/cmake/export_custom_msg__rosidl_typesupport_fastrtps_cExport-noconfig.cmake
[7.013s] -- Up-to-date: /home/matt/Documents/GitHub/Rover-Unity/ros2_ws/install/custom_msg/share/custom_msg/cmake/export_custom_msg__rosidl_generator_cppExport.cmake
[7.013s] -- Up-to-date: /home/matt/Documents/GitHub/Rover-Unity/ros2_ws/install/custom_msg/share/custom_msg/cmake/export_custom_msg__rosidl_typesupport_fastrtps_cppExport.cmake
[7.013s] -- Up-to-date: /home/matt/Documents/GitHub/Rover-Unity/ros2_ws/install/custom_msg/share/custom_msg/cmake/export_custom_msg__rosidl_typesupport_fastrtps_cppExport-noconfig.cmake
[7.013s] -- Up-to-date: /home/matt/Documents/GitHub/Rover-Unity/ros2_ws/install/custom_msg/share/custom_msg/cmake/custom_msg__rosidl_typesupport_introspection_cExport.cmake
[7.013s] -- Up-to-date: /home/matt/Documents/GitHub/Rover-Unity/ros2_ws/install/custom_msg/share/custom_msg/cmake/custom_msg__rosidl_typesupport_introspection_cExport-noconfig.cmake
[7.013s] -- Up-to-date: /home/matt/Documents/GitHub/Rover-Unity/ros2_ws/install/custom_msg/share/custom_msg/cmake/custom_msg__rosidl_typesupport_cExport.cmake
[7.013s] -- Up-to-date: /home/matt/Documents/GitHub/Rover-Unity/ros2_ws/install/custom_msg/share/custom_msg/cmake/custom_msg__rosidl_typesupport_cExport-noconfig.cmake
[7.013s] -- Up-to-date: /home/matt/Documents/GitHub/Rover-Unity/ros2_ws/install/custom_msg/share/custom_msg/cmake/custom_msg__rosidl_typesupport_introspection_cppExport.cmake
[7.013s] -- Up-to-date: /home/matt/Documents/GitHub/Rover-Unity/ros2_ws/install/custom_msg/share/custom_msg/cmake/custom_msg__rosidl_typesupport_introspection_cppExport-noconfig.cmake
[7.013s] -- Up-to-date: /home/matt/Documents/GitHub/Rover-Unity/ros2_ws/install/custom_msg/share/custom_msg/cmake/custom_msg__rosidl_typesupport_cppExport.cmake
[7.013s] -- Up-to-date: /home/matt/Documents/GitHub/Rover-Unity/ros2_ws/install/custom_msg/share/custom_msg/cmake/custom_msg__rosidl_typesupport_cppExport-noconfig.cmake
[7.013s] -- Up-to-date: /home/matt/Documents/GitHub/Rover-Unity/ros2_ws/install/custom_msg/share/custom_msg/cmake/export_custom_msg__rosidl_generator_pyExport.cmake
[7.013s] -- Up-to-date: /home/matt/Documents/GitHub/Rover-Unity/ros2_ws/install/custom_msg/share/custom_msg/cmake/export_custom_msg__rosidl_generator_pyExport-noconfig.cmake
[7.013s] -- Up-to-date: /home/matt/Documents/GitHub/Rover-Unity/ros2_ws/install/custom_msg/share/custom_msg/cmake/rosidl_cmake-extras.cmake
[7.013s] -- Up-to-date: /home/matt/Documents/GitHub/Rover-Unity/ros2_ws/install/custom_msg/share/custom_msg/cmake/ament_cmake_export_dependencies-extras.cmake
[7.013s] -- Up-to-date: /home/matt/Documents/GitHub/Rover-Unity/ros2_ws/install/custom_msg/share/custom_msg/cmake/ament_cmake_export_include_directories-extras.cmake
[7.013s] -- Up-to-date: /home/matt/Documents/GitHub/Rover-Unity/ros2_ws/install/custom_msg/share/custom_msg/cmake/ament_cmake_export_libraries-extras.cmake
[7.013s] -- Up-to-date: /home/matt/Documents/GitHub/Rover-Unity/ros2_ws/install/custom_msg/share/custom_msg/cmake/ament_cmake_export_targets-extras.cmake
[7.013s] -- Up-to-date: /home/matt/Documents/GitHub/Rover-Unity/ros2_ws/install/custom_msg/share/custom_msg/cmake/rosidl_cmake_export_typesupport_targets-extras.cmake
[7.013s] -- Up-to-date: /home/matt/Documents/GitHub/Rover-Unity/ros2_ws/install/custom_msg/share/custom_msg/cmake/rosidl_cmake_export_typesupport_libraries-extras.cmake
[7.013s] -- Up-to-date: /home/matt/Documents/GitHub/Rover-Unity/ros2_ws/install/custom_msg/share/custom_msg/cmake/custom_msgConfig.cmake
[7.013s] -- Up-to-date: /home/matt/Documents/GitHub/Rover-Unity/ros2_ws/install/custom_msg/share/custom_msg/cmake/custom_msgConfig-version.cmake
[7.013s] -- Up-to-date: /home/matt/Documents/GitHub/Rover-Unity/ros2_ws/install/custom_msg/share/custom_msg/package.xml
[7.015s] Invoked command in '/home/matt/Documents/GitHub/Rover-Unity/ros2_ws/build/custom_msg' returned '0': CMAKE_PREFIX_PATH=${CMAKE_PREFIX_PATH}:/home/matt/Documents/GitHub/Rover-Unity/ros2_ws/install/py_pubsub:/home/matt/Documents/GitHub/Rover-Unity/ros2_ws/install/AutonControlNode:/opt/ros/humble /usr/bin/cmake --install /home/matt/Documents/GitHub/Rover-Unity/ros2_ws/build/custom_msg
