[0.279s] Invoking command in '/home/matt/Documents/GitHub/Rover-Unity/ros2_ws/src/py_pubsub': PYTHONPATH=/home/matt/Documents/GitHub/Rover-Unity/ros2_ws/build/py_pubsub/prefix_override:/usr/lib/python3/dist-packages/colcon_core/task/python/colcon_distutils_commands:/home/matt/Documents/GitHub/Rover-Unity/ros2_ws/install/py_pubsub/lib/python3.10/site-packages:${PYTHONPATH} /usr/bin/python3 -W ignore:setup.py install is deprecated -W ignore:easy_install command is deprecated setup.py egg_info --egg-base ../../build/py_pubsub build --build-base /home/matt/Documents/GitHub/Rover-Unity/ros2_ws/build/py_pubsub/build install --record /home/matt/Documents/GitHub/Rover-Unity/ros2_ws/build/py_pubsub/install.log --single-version-externally-managed install_data
[0.387s] running egg_info
[0.388s] writing ../../build/py_pubsub/py_pubsub.egg-info/PKG-INFO
[0.388s] writing dependency_links to ../../build/py_pubsub/py_pubsub.egg-info/dependency_links.txt
[0.388s] writing entry points to ../../build/py_pubsub/py_pubsub.egg-info/entry_points.txt
[0.388s] writing requirements to ../../build/py_pubsub/py_pubsub.egg-info/requires.txt
[0.388s] writing top-level names to ../../build/py_pubsub/py_pubsub.egg-info/top_level.txt
[0.389s] reading manifest file '../../build/py_pubsub/py_pubsub.egg-info/SOURCES.txt'
[0.389s] writing manifest file '../../build/py_pubsub/py_pubsub.egg-info/SOURCES.txt'
[0.389s] running build
[0.389s] running build_py
[0.389s] running install
[0.390s] running install_lib
[0.390s] running install_data
[0.390s] running install_egg_info
[0.391s] removing '/home/matt/Documents/GitHub/Rover-Unity/ros2_ws/install/py_pubsub/lib/python3.10/site-packages/py_pubsub-0.0.0-py3.10.egg-info' (and everything under it)
[0.391s] Copying ../../build/py_pubsub/py_pubsub.egg-info to /home/matt/Documents/GitHub/Rover-Unity/ros2_ws/install/py_pubsub/lib/python3.10/site-packages/py_pubsub-0.0.0-py3.10.egg-info
[0.391s] running install_scripts
[0.402s] Installing listener script to /home/matt/Documents/GitHub/Rover-Unity/ros2_ws/install/py_pubsub/lib/py_pubsub
[0.402s] Installing talker script to /home/matt/Documents/GitHub/Rover-Unity/ros2_ws/install/py_pubsub/lib/py_pubsub
[0.402s] writing list of installed files to '/home/matt/Documents/GitHub/Rover-Unity/ros2_ws/build/py_pubsub/install.log'
[0.413s] Invoked command in '/home/matt/Documents/GitHub/Rover-Unity/ros2_ws/src/py_pubsub' returned '0': PYTHONPATH=/home/matt/Documents/GitHub/Rover-Unity/ros2_ws/build/py_pubsub/prefix_override:/usr/lib/python3/dist-packages/colcon_core/task/python/colcon_distutils_commands:/home/matt/Documents/GitHub/Rover-Unity/ros2_ws/install/py_pubsub/lib/python3.10/site-packages:${PYTHONPATH} /usr/bin/python3 -W ignore:setup.py install is deprecated -W ignore:easy_install command is deprecated setup.py egg_info --egg-base ../../build/py_pubsub build --build-base /home/matt/Documents/GitHub/Rover-Unity/ros2_ws/build/py_pubsub/build install --record /home/matt/Documents/GitHub/Rover-Unity/ros2_ws/build/py_pubsub/install.log --single-version-externally-managed install_data
