running develop
Removing /home/matt/Documents/GitHub/Rover-Unity/ros2_ws/install/py_pubsub/lib/python3.10/site-packages/py-pubsub.egg-link (link to .)
running egg_info
writing ../../build/py_pubsub/py_pubsub.egg-info/PKG-INFO
writing dependency_links to ../../build/py_pubsub/py_pubsub.egg-info/dependency_links.txt
writing entry points to ../../build/py_pubsub/py_pubsub.egg-info/entry_points.txt
writing requirements to ../../build/py_pubsub/py_pubsub.egg-info/requires.txt
writing top-level names to ../../build/py_pubsub/py_pubsub.egg-info/top_level.txt
reading manifest file '../../build/py_pubsub/py_pubsub.egg-info/SOURCES.txt'
writing manifest file '../../build/py_pubsub/py_pubsub.egg-info/SOURCES.txt'
running build
running build_py
copying py_pubsub/geographic_functions.py -> /home/matt/Documents/GitHub/Rover-Unity/ros2_ws/build/py_pubsub/build/lib/py_pubsub
copying py_pubsub/object_train.py -> /home/matt/Documents/GitHub/Rover-Unity/ros2_ws/build/py_pubsub/build/lib/py_pubsub
copying py_pubsub/hammer_detector.py -> /home/matt/Documents/GitHub/Rover-Unity/ros2_ws/build/py_pubsub/build/lib/py_pubsub
copying py_pubsub/auton_controller.py -> /home/matt/Documents/GitHub/Rover-Unity/ros2_ws/build/py_pubsub/build/lib/py_pubsub
copying py_pubsub/aruco_scan.py -> /home/matt/Documents/GitHub/Rover-Unity/ros2_ws/build/py_pubsub/build/lib/py_pubsub
copying py_pubsub/tcp_relay.py -> /home/matt/Documents/GitHub/Rover-Unity/ros2_ws/build/py_pubsub/build/lib/py_pubsub
copying py_pubsub/detect_hammer.py -> /home/matt/Documents/GitHub/Rover-Unity/ros2_ws/build/py_pubsub/build/lib/py_pubsub
copying py_pubsub/bottle_detect.py -> /home/matt/Documents/GitHub/Rover-Unity/ros2_ws/build/py_pubsub/build/lib/py_pubsub
copying py_pubsub/simple_position.py -> /home/matt/Documents/GitHub/Rover-Unity/ros2_ws/build/py_pubsub/build/lib/py_pubsub
running install
running install_lib
copying /home/matt/Documents/GitHub/Rover-Unity/ros2_ws/build/py_pubsub/build/lib/py_pubsub/geographic_functions.py -> /home/matt/Documents/GitHub/Rover-Unity/ros2_ws/install/py_pubsub/lib/python3.10/site-packages/py_pubsub
copying /home/matt/Documents/GitHub/Rover-Unity/ros2_ws/build/py_pubsub/build/lib/py_pubsub/object_train.py -> /home/matt/Documents/GitHub/Rover-Unity/ros2_ws/install/py_pubsub/lib/python3.10/site-packages/py_pubsub
copying /home/matt/Documents/GitHub/Rover-Unity/ros2_ws/build/py_pubsub/build/lib/py_pubsub/hammer_detector.py -> /home/matt/Documents/GitHub/Rover-Unity/ros2_ws/install/py_pubsub/lib/python3.10/site-packages/py_pubsub
copying /home/matt/Documents/GitHub/Rover-Unity/ros2_ws/build/py_pubsub/build/lib/py_pubsub/publisher_member_function.py -> /home/matt/Documents/GitHub/Rover-Unity/ros2_ws/install/py_pubsub/lib/python3.10/site-packages/py_pubsub
copying /home/matt/Documents/GitHub/Rover-Unity/ros2_ws/build/py_pubsub/build/lib/py_pubsub/auton_controller.py -> /home/matt/Documents/GitHub/Rover-Unity/ros2_ws/install/py_pubsub/lib/python3.10/site-packages/py_pubsub
copying /home/matt/Documents/GitHub/Rover-Unity/ros2_ws/build/py_pubsub/build/lib/py_pubsub/aruco_scan.py -> /home/matt/Documents/GitHub/Rover-Unity/ros2_ws/install/py_pubsub/lib/python3.10/site-packages/py_pubsub
copying /home/matt/Documents/GitHub/Rover-Unity/ros2_ws/build/py_pubsub/build/lib/py_pubsub/tcp_relay.py -> /home/matt/Documents/GitHub/Rover-Unity/ros2_ws/install/py_pubsub/lib/python3.10/site-packages/py_pubsub
copying /home/matt/Documents/GitHub/Rover-Unity/ros2_ws/build/py_pubsub/build/lib/py_pubsub/detect_hammer.py -> /home/matt/Documents/GitHub/Rover-Unity/ros2_ws/install/py_pubsub/lib/python3.10/site-packages/py_pubsub
copying /home/matt/Documents/GitHub/Rover-Unity/ros2_ws/build/py_pubsub/build/lib/py_pubsub/subscriber_member_function.py -> /home/matt/Documents/GitHub/Rover-Unity/ros2_ws/install/py_pubsub/lib/python3.10/site-packages/py_pubsub
copying /home/matt/Documents/GitHub/Rover-Unity/ros2_ws/build/py_pubsub/build/lib/py_pubsub/generate_aruco.py -> /home/matt/Documents/GitHub/Rover-Unity/ros2_ws/install/py_pubsub/lib/python3.10/site-packages/py_pubsub
copying /home/matt/Documents/GitHub/Rover-Unity/ros2_ws/build/py_pubsub/build/lib/py_pubsub/bottle_detect.py -> /home/matt/Documents/GitHub/Rover-Unity/ros2_ws/install/py_pubsub/lib/python3.10/site-packages/py_pubsub
copying /home/matt/Documents/GitHub/Rover-Unity/ros2_ws/build/py_pubsub/build/lib/py_pubsub/udp_sender_test.py -> /home/matt/Documents/GitHub/Rover-Unity/ros2_ws/install/py_pubsub/lib/python3.10/site-packages/py_pubsub
copying /home/matt/Documents/GitHub/Rover-Unity/ros2_ws/build/py_pubsub/build/lib/py_pubsub/simple_position.py -> /home/matt/Documents/GitHub/Rover-Unity/ros2_ws/install/py_pubsub/lib/python3.10/site-packages/py_pubsub
copying /home/matt/Documents/GitHub/Rover-Unity/ros2_ws/build/py_pubsub/build/lib/py_pubsub/__init__.py -> /home/matt/Documents/GitHub/Rover-Unity/ros2_ws/install/py_pubsub/lib/python3.10/site-packages/py_pubsub
byte-compiling /home/matt/Documents/GitHub/Rover-Unity/ros2_ws/install/py_pubsub/lib/python3.10/site-packages/py_pubsub/geographic_functions.py to geographic_functions.cpython-310.pyc
byte-compiling /home/matt/Documents/GitHub/Rover-Unity/ros2_ws/install/py_pubsub/lib/python3.10/site-packages/py_pubsub/object_train.py to object_train.cpython-310.pyc
byte-compiling /home/matt/Documents/GitHub/Rover-Unity/ros2_ws/install/py_pubsub/lib/python3.10/site-packages/py_pubsub/hammer_detector.py to hammer_detector.cpython-310.pyc
byte-compiling /home/matt/Documents/GitHub/Rover-Unity/ros2_ws/install/py_pubsub/lib/python3.10/site-packages/py_pubsub/publisher_member_function.py to publisher_member_function.cpython-310.pyc
byte-compiling /home/matt/Documents/GitHub/Rover-Unity/ros2_ws/install/py_pubsub/lib/python3.10/site-packages/py_pubsub/auton_controller.py to auton_controller.cpython-310.pyc
byte-compiling /home/matt/Documents/GitHub/Rover-Unity/ros2_ws/install/py_pubsub/lib/python3.10/site-packages/py_pubsub/aruco_scan.py to aruco_scan.cpython-310.pyc
byte-compiling /home/matt/Documents/GitHub/Rover-Unity/ros2_ws/install/py_pubsub/lib/python3.10/site-packages/py_pubsub/tcp_relay.py to tcp_relay.cpython-310.pyc
byte-compiling /home/matt/Documents/GitHub/Rover-Unity/ros2_ws/install/py_pubsub/lib/python3.10/site-packages/py_pubsub/detect_hammer.py to detect_hammer.cpython-310.pyc
byte-compiling /home/matt/Documents/GitHub/Rover-Unity/ros2_ws/install/py_pubsub/lib/python3.10/site-packages/py_pubsub/subscriber_member_function.py to subscriber_member_function.cpython-310.pyc
byte-compiling /home/matt/Documents/GitHub/Rover-Unity/ros2_ws/install/py_pubsub/lib/python3.10/site-packages/py_pubsub/generate_aruco.py to generate_aruco.cpython-310.pyc
byte-compiling /home/matt/Documents/GitHub/Rover-Unity/ros2_ws/install/py_pubsub/lib/python3.10/site-packages/py_pubsub/bottle_detect.py to bottle_detect.cpython-310.pyc
byte-compiling /home/matt/Documents/GitHub/Rover-Unity/ros2_ws/install/py_pubsub/lib/python3.10/site-packages/py_pubsub/udp_sender_test.py to udp_sender_test.cpython-310.pyc
byte-compiling /home/matt/Documents/GitHub/Rover-Unity/ros2_ws/install/py_pubsub/lib/python3.10/site-packages/py_pubsub/simple_position.py to simple_position.cpython-310.pyc
byte-compiling /home/matt/Documents/GitHub/Rover-Unity/ros2_ws/install/py_pubsub/lib/python3.10/site-packages/py_pubsub/__init__.py to __init__.cpython-310.pyc
running install_data
copying resource/py_pubsub -> /home/matt/Documents/GitHub/Rover-Unity/ros2_ws/install/py_pubsub/share/ament_index/resource_index/packages
copying package.xml -> /home/matt/Documents/GitHub/Rover-Unity/ros2_ws/install/py_pubsub/share/py_pubsub
running install_egg_info
Copying ../../build/py_pubsub/py_pubsub.egg-info to /home/matt/Documents/GitHub/Rover-Unity/ros2_ws/install/py_pubsub/lib/python3.10/site-packages/py_pubsub-0.0.0-py3.10.egg-info
running install_scripts
Installing auton_controller script to /home/matt/Documents/GitHub/Rover-Unity/ros2_ws/install/py_pubsub/lib/py_pubsub
Installing listener script to /home/matt/Documents/GitHub/Rover-Unity/ros2_ws/install/py_pubsub/lib/py_pubsub
Installing simple_position script to /home/matt/Documents/GitHub/Rover-Unity/ros2_ws/install/py_pubsub/lib/py_pubsub
Installing talker script to /home/matt/Documents/GitHub/Rover-Unity/ros2_ws/install/py_pubsub/lib/py_pubsub
Installing tcp_relay script to /home/matt/Documents/GitHub/Rover-Unity/ros2_ws/install/py_pubsub/lib/py_pubsub
writing list of installed files to '/home/matt/Documents/GitHub/Rover-Unity/ros2_ws/build/py_pubsub/install.log'
