[0.793s] Invoking command in '/home/matt/Documents/GitHub/Rover-Unity/ros2_ws/build/py_pubsub': PYTHONPATH=/home/matt/Documents/GitHub/Rover-Unity/ros2_ws/build/py_pubsub/prefix_override:/usr/lib/python3/dist-packages/colcon_core/task/python/colcon_distutils_commands:/home/matt/Documents/GitHub/Rover-Unity/ros2_ws/install/py_pubsub/lib/python3.10/site-packages:${PYTHONPATH} /usr/bin/python3 -W ignore:setup.py install is deprecated -W ignore:easy_install command is deprecated setup.py develop --uninstall --editable --build-directory /home/matt/Documents/GitHub/Rover-Unity/ros2_ws/build/py_pubsub/build
[1.060s] running develop
[1.137s] Removing /home/matt/Documents/GitHub/Rover-Unity/ros2_ws/install/py_pubsub/lib/python3.10/site-packages/py-pubsub.egg-link (link to .)
[1.155s] Invoked command in '/home/matt/Documents/GitHub/Rover-Unity/ros2_ws/build/py_pubsub' returned '0': PYTHONPATH=/home/matt/Documents/GitHub/Rover-Unity/ros2_ws/build/py_pubsub/prefix_override:/usr/lib/python3/dist-packages/colcon_core/task/python/colcon_distutils_commands:/home/matt/Documents/GitHub/Rover-Unity/ros2_ws/install/py_pubsub/lib/python3.10/site-packages:${PYTHONPATH} /usr/bin/python3 -W ignore:setup.py install is deprecated -W ignore:easy_install command is deprecated setup.py develop --uninstall --editable --build-directory /home/matt/Documents/GitHub/Rover-Unity/ros2_ws/build/py_pubsub/build
[1.158s] Invoking command in '/home/matt/Documents/GitHub/Rover-Unity/ros2_ws/src/py_pubsub': PYTHONPATH=/home/matt/Documents/GitHub/Rover-Unity/ros2_ws/build/py_pubsub/prefix_override:/usr/lib/python3/dist-packages/colcon_core/task/python/colcon_distutils_commands:/home/matt/Documents/GitHub/Rover-Unity/ros2_ws/install/py_pubsub/lib/python3.10/site-packages:${PYTHONPATH} /usr/bin/python3 -W ignore:setup.py install is deprecated -W ignore:easy_install command is deprecated setup.py egg_info --egg-base ../../build/py_pubsub build --build-base /home/matt/Documents/GitHub/Rover-Unity/ros2_ws/build/py_pubsub/build install --record /home/matt/Documents/GitHub/Rover-Unity/ros2_ws/build/py_pubsub/install.log --single-version-externally-managed install_data --force
[1.377s] running egg_info
[1.378s] writing ../../build/py_pubsub/py_pubsub.egg-info/PKG-INFO
[1.378s] writing dependency_links to ../../build/py_pubsub/py_pubsub.egg-info/dependency_links.txt
[1.378s] writing entry points to ../../build/py_pubsub/py_pubsub.egg-info/entry_points.txt
[1.378s] writing requirements to ../../build/py_pubsub/py_pubsub.egg-info/requires.txt
[1.378s] writing top-level names to ../../build/py_pubsub/py_pubsub.egg-info/top_level.txt
[1.379s] reading manifest file '../../build/py_pubsub/py_pubsub.egg-info/SOURCES.txt'
[1.384s] writing manifest file '../../build/py_pubsub/py_pubsub.egg-info/SOURCES.txt'
[1.384s] running build
[1.384s] running build_py
[1.384s] copying py_pubsub/geographic_functions.py -> /home/matt/Documents/GitHub/Rover-Unity/ros2_ws/build/py_pubsub/build/lib/py_pubsub
[1.384s] copying py_pubsub/object_train.py -> /home/matt/Documents/GitHub/Rover-Unity/ros2_ws/build/py_pubsub/build/lib/py_pubsub
[1.384s] copying py_pubsub/hammer_detector.py -> /home/matt/Documents/GitHub/Rover-Unity/ros2_ws/build/py_pubsub/build/lib/py_pubsub
[1.385s] copying py_pubsub/auton_controller.py -> /home/matt/Documents/GitHub/Rover-Unity/ros2_ws/build/py_pubsub/build/lib/py_pubsub
[1.385s] copying py_pubsub/aruco_scan.py -> /home/matt/Documents/GitHub/Rover-Unity/ros2_ws/build/py_pubsub/build/lib/py_pubsub
[1.385s] copying py_pubsub/tcp_relay.py -> /home/matt/Documents/GitHub/Rover-Unity/ros2_ws/build/py_pubsub/build/lib/py_pubsub
[1.385s] copying py_pubsub/detect_hammer.py -> /home/matt/Documents/GitHub/Rover-Unity/ros2_ws/build/py_pubsub/build/lib/py_pubsub
[1.385s] copying py_pubsub/bottle_detect.py -> /home/matt/Documents/GitHub/Rover-Unity/ros2_ws/build/py_pubsub/build/lib/py_pubsub
[1.386s] copying py_pubsub/simple_position.py -> /home/matt/Documents/GitHub/Rover-Unity/ros2_ws/build/py_pubsub/build/lib/py_pubsub
[1.386s] running install
[1.386s] running install_lib
[1.387s] copying /home/matt/Documents/GitHub/Rover-Unity/ros2_ws/build/py_pubsub/build/lib/py_pubsub/geographic_functions.py -> /home/matt/Documents/GitHub/Rover-Unity/ros2_ws/install/py_pubsub/lib/python3.10/site-packages/py_pubsub
[1.387s] copying /home/matt/Documents/GitHub/Rover-Unity/ros2_ws/build/py_pubsub/build/lib/py_pubsub/object_train.py -> /home/matt/Documents/GitHub/Rover-Unity/ros2_ws/install/py_pubsub/lib/python3.10/site-packages/py_pubsub
[1.387s] copying /home/matt/Documents/GitHub/Rover-Unity/ros2_ws/build/py_pubsub/build/lib/py_pubsub/hammer_detector.py -> /home/matt/Documents/GitHub/Rover-Unity/ros2_ws/install/py_pubsub/lib/python3.10/site-packages/py_pubsub
[1.387s] copying /home/matt/Documents/GitHub/Rover-Unity/ros2_ws/build/py_pubsub/build/lib/py_pubsub/publisher_member_function.py -> /home/matt/Documents/GitHub/Rover-Unity/ros2_ws/install/py_pubsub/lib/python3.10/site-packages/py_pubsub
[1.388s] copying /home/matt/Documents/GitHub/Rover-Unity/ros2_ws/build/py_pubsub/build/lib/py_pubsub/auton_controller.py -> /home/matt/Documents/GitHub/Rover-Unity/ros2_ws/install/py_pubsub/lib/python3.10/site-packages/py_pubsub
[1.388s] copying /home/matt/Documents/GitHub/Rover-Unity/ros2_ws/build/py_pubsub/build/lib/py_pubsub/aruco_scan.py -> /home/matt/Documents/GitHub/Rover-Unity/ros2_ws/install/py_pubsub/lib/python3.10/site-packages/py_pubsub
[1.388s] copying /home/matt/Documents/GitHub/Rover-Unity/ros2_ws/build/py_pubsub/build/lib/py_pubsub/tcp_relay.py -> /home/matt/Documents/GitHub/Rover-Unity/ros2_ws/install/py_pubsub/lib/python3.10/site-packages/py_pubsub
[1.388s] copying /home/matt/Documents/GitHub/Rover-Unity/ros2_ws/build/py_pubsub/build/lib/py_pubsub/detect_hammer.py -> /home/matt/Documents/GitHub/Rover-Unity/ros2_ws/install/py_pubsub/lib/python3.10/site-packages/py_pubsub
[1.388s] copying /home/matt/Documents/GitHub/Rover-Unity/ros2_ws/build/py_pubsub/build/lib/py_pubsub/subscriber_member_function.py -> /home/matt/Documents/GitHub/Rover-Unity/ros2_ws/install/py_pubsub/lib/python3.10/site-packages/py_pubsub
[1.388s] copying /home/matt/Documents/GitHub/Rover-Unity/ros2_ws/build/py_pubsub/build/lib/py_pubsub/generate_aruco.py -> /home/matt/Documents/GitHub/Rover-Unity/ros2_ws/install/py_pubsub/lib/python3.10/site-packages/py_pubsub
[1.388s] copying /home/matt/Documents/GitHub/Rover-Unity/ros2_ws/build/py_pubsub/build/lib/py_pubsub/bottle_detect.py -> /home/matt/Documents/GitHub/Rover-Unity/ros2_ws/install/py_pubsub/lib/python3.10/site-packages/py_pubsub
[1.389s] copying /home/matt/Documents/GitHub/Rover-Unity/ros2_ws/build/py_pubsub/build/lib/py_pubsub/udp_sender_test.py -> /home/matt/Documents/GitHub/Rover-Unity/ros2_ws/install/py_pubsub/lib/python3.10/site-packages/py_pubsub
[1.389s] copying /home/matt/Documents/GitHub/Rover-Unity/ros2_ws/build/py_pubsub/build/lib/py_pubsub/simple_position.py -> /home/matt/Documents/GitHub/Rover-Unity/ros2_ws/install/py_pubsub/lib/python3.10/site-packages/py_pubsub
[1.389s] copying /home/matt/Documents/GitHub/Rover-Unity/ros2_ws/build/py_pubsub/build/lib/py_pubsub/__init__.py -> /home/matt/Documents/GitHub/Rover-Unity/ros2_ws/install/py_pubsub/lib/python3.10/site-packages/py_pubsub
[1.389s] byte-compiling /home/matt/Documents/GitHub/Rover-Unity/ros2_ws/install/py_pubsub/lib/python3.10/site-packages/py_pubsub/geographic_functions.py to geographic_functions.cpython-310.pyc
[1.390s] byte-compiling /home/matt/Documents/GitHub/Rover-Unity/ros2_ws/install/py_pubsub/lib/python3.10/site-packages/py_pubsub/object_train.py to object_train.cpython-310.pyc
[1.390s] byte-compiling /home/matt/Documents/GitHub/Rover-Unity/ros2_ws/install/py_pubsub/lib/python3.10/site-packages/py_pubsub/hammer_detector.py to hammer_detector.cpython-310.pyc
[1.391s] byte-compiling /home/matt/Documents/GitHub/Rover-Unity/ros2_ws/install/py_pubsub/lib/python3.10/site-packages/py_pubsub/publisher_member_function.py to publisher_member_function.cpython-310.pyc
[1.391s] byte-compiling /home/matt/Documents/GitHub/Rover-Unity/ros2_ws/install/py_pubsub/lib/python3.10/site-packages/py_pubsub/auton_controller.py to auton_controller.cpython-310.pyc
[1.393s] byte-compiling /home/matt/Documents/GitHub/Rover-Unity/ros2_ws/install/py_pubsub/lib/python3.10/site-packages/py_pubsub/aruco_scan.py to aruco_scan.cpython-310.pyc
[1.394s] byte-compiling /home/matt/Documents/GitHub/Rover-Unity/ros2_ws/install/py_pubsub/lib/python3.10/site-packages/py_pubsub/tcp_relay.py to tcp_relay.cpython-310.pyc
[1.395s] byte-compiling /home/matt/Documents/GitHub/Rover-Unity/ros2_ws/install/py_pubsub/lib/python3.10/site-packages/py_pubsub/detect_hammer.py to detect_hammer.cpython-310.pyc
[1.396s] byte-compiling /home/matt/Documents/GitHub/Rover-Unity/ros2_ws/install/py_pubsub/lib/python3.10/site-packages/py_pubsub/subscriber_member_function.py to subscriber_member_function.cpython-310.pyc
[1.396s] byte-compiling /home/matt/Documents/GitHub/Rover-Unity/ros2_ws/install/py_pubsub/lib/python3.10/site-packages/py_pubsub/generate_aruco.py to generate_aruco.cpython-310.pyc
[1.396s] byte-compiling /home/matt/Documents/GitHub/Rover-Unity/ros2_ws/install/py_pubsub/lib/python3.10/site-packages/py_pubsub/bottle_detect.py to bottle_detect.cpython-310.pyc
[1.397s] byte-compiling /home/matt/Documents/GitHub/Rover-Unity/ros2_ws/install/py_pubsub/lib/python3.10/site-packages/py_pubsub/udp_sender_test.py to udp_sender_test.cpython-310.pyc
[1.397s] byte-compiling /home/matt/Documents/GitHub/Rover-Unity/ros2_ws/install/py_pubsub/lib/python3.10/site-packages/py_pubsub/simple_position.py to simple_position.cpython-310.pyc
[1.398s] byte-compiling /home/matt/Documents/GitHub/Rover-Unity/ros2_ws/install/py_pubsub/lib/python3.10/site-packages/py_pubsub/__init__.py to __init__.cpython-310.pyc
[1.398s] running install_data
[1.398s] copying resource/py_pubsub -> /home/matt/Documents/GitHub/Rover-Unity/ros2_ws/install/py_pubsub/share/ament_index/resource_index/packages
[1.398s] copying package.xml -> /home/matt/Documents/GitHub/Rover-Unity/ros2_ws/install/py_pubsub/share/py_pubsub
[1.398s] running install_egg_info
[1.401s] Copying ../../build/py_pubsub/py_pubsub.egg-info to /home/matt/Documents/GitHub/Rover-Unity/ros2_ws/install/py_pubsub/lib/python3.10/site-packages/py_pubsub-0.0.0-py3.10.egg-info
[1.401s] running install_scripts
[1.417s] Installing auton_controller script to /home/matt/Documents/GitHub/Rover-Unity/ros2_ws/install/py_pubsub/lib/py_pubsub
[1.418s] Installing listener script to /home/matt/Documents/GitHub/Rover-Unity/ros2_ws/install/py_pubsub/lib/py_pubsub
[1.418s] Installing simple_position script to /home/matt/Documents/GitHub/Rover-Unity/ros2_ws/install/py_pubsub/lib/py_pubsub
[1.418s] Installing talker script to /home/matt/Documents/GitHub/Rover-Unity/ros2_ws/install/py_pubsub/lib/py_pubsub
[1.418s] Installing tcp_relay script to /home/matt/Documents/GitHub/Rover-Unity/ros2_ws/install/py_pubsub/lib/py_pubsub
[1.418s] writing list of installed files to '/home/matt/Documents/GitHub/Rover-Unity/ros2_ws/build/py_pubsub/install.log'
[1.441s] Invoked command in '/home/matt/Documents/GitHub/Rover-Unity/ros2_ws/src/py_pubsub' returned '0': PYTHONPATH=/home/matt/Documents/GitHub/Rover-Unity/ros2_ws/build/py_pubsub/prefix_override:/usr/lib/python3/dist-packages/colcon_core/task/python/colcon_distutils_commands:/home/matt/Documents/GitHub/Rover-Unity/ros2_ws/install/py_pubsub/lib/python3.10/site-packages:${PYTHONPATH} /usr/bin/python3 -W ignore:setup.py install is deprecated -W ignore:easy_install command is deprecated setup.py egg_info --egg-base ../../build/py_pubsub build --build-base /home/matt/Documents/GitHub/Rover-Unity/ros2_ws/build/py_pubsub/build install --record /home/matt/Documents/GitHub/Rover-Unity/ros2_ws/build/py_pubsub/install.log --single-version-externally-managed install_data --force
