[0.462s] Invoking command in '/home/henry/Rover-Unity/ros2_ws/src/AutonControlNode': PYTHONPATH=/home/henry/Rover-Unity/ros2_ws/build/AutonControlNode/prefix_override:/usr/lib/python3/dist-packages/colcon_core/task/python/colcon_distutils_commands:/home/henry/Rover-Unity/ros2_ws/install/AutonControlNode/lib/python3.10/site-packages:${PYTHONPATH} /usr/bin/python3 -W ignore:setup.py install is deprecated -W ignore:easy_install command is deprecated setup.py egg_info --egg-base ../../build/AutonControlNode build --build-base /home/henry/Rover-Unity/ros2_ws/build/AutonControlNode/build install --record /home/henry/Rover-Unity/ros2_ws/build/AutonControlNode/install.log --single-version-externally-managed install_data
[0.585s] running egg_info
[0.586s] creating ../../build/AutonControlNode/AutonControlNode.egg-info
[0.586s] writing ../../build/AutonControlNode/AutonControlNode.egg-info/PKG-INFO
[0.586s] writing dependency_links to ../../build/AutonControlNode/AutonControlNode.egg-info/dependency_links.txt
[0.586s] writing entry points to ../../build/AutonControlNode/AutonControlNode.egg-info/entry_points.txt
[0.586s] writing requirements to ../../build/AutonControlNode/AutonControlNode.egg-info/requires.txt
[0.586s] writing top-level names to ../../build/AutonControlNode/AutonControlNode.egg-info/top_level.txt
[0.586s] writing manifest file '../../build/AutonControlNode/AutonControlNode.egg-info/SOURCES.txt'
[0.587s] reading manifest file '../../build/AutonControlNode/AutonControlNode.egg-info/SOURCES.txt'
[0.587s] writing manifest file '../../build/AutonControlNode/AutonControlNode.egg-info/SOURCES.txt'
[0.587s] running build
[0.587s] running build_py
[0.587s] creating /home/henry/Rover-Unity/ros2_ws/build/AutonControlNode/build
[0.587s] creating /home/henry/Rover-Unity/ros2_ws/build/AutonControlNode/build/lib
[0.587s] creating /home/henry/Rover-Unity/ros2_ws/build/AutonControlNode/build/lib/AutonControlNode
[0.587s] copying AutonControlNode/auton_control_node.py -> /home/henry/Rover-Unity/ros2_ws/build/AutonControlNode/build/lib/AutonControlNode
[0.587s] copying AutonControlNode/__init__.py -> /home/henry/Rover-Unity/ros2_ws/build/AutonControlNode/build/lib/AutonControlNode
[0.588s] running install
[0.588s] running install_lib
[0.588s] creating /home/henry/Rover-Unity/ros2_ws/install/AutonControlNode/lib/python3.10/site-packages/AutonControlNode
[0.588s] copying /home/henry/Rover-Unity/ros2_ws/build/AutonControlNode/build/lib/AutonControlNode/auton_control_node.py -> /home/henry/Rover-Unity/ros2_ws/install/AutonControlNode/lib/python3.10/site-packages/AutonControlNode
[0.588s] copying /home/henry/Rover-Unity/ros2_ws/build/AutonControlNode/build/lib/AutonControlNode/__init__.py -> /home/henry/Rover-Unity/ros2_ws/install/AutonControlNode/lib/python3.10/site-packages/AutonControlNode
[0.588s] byte-compiling /home/henry/Rover-Unity/ros2_ws/install/AutonControlNode/lib/python3.10/site-packages/AutonControlNode/auton_control_node.py to auton_control_node.cpython-310.pyc
[0.589s] byte-compiling /home/henry/Rover-Unity/ros2_ws/install/AutonControlNode/lib/python3.10/site-packages/AutonControlNode/__init__.py to __init__.cpython-310.pyc
[0.589s] running install_data
[0.589s] creating /home/henry/Rover-Unity/ros2_ws/install/AutonControlNode/share/ament_index
[0.589s] creating /home/henry/Rover-Unity/ros2_ws/install/AutonControlNode/share/ament_index/resource_index
[0.589s] creating /home/henry/Rover-Unity/ros2_ws/install/AutonControlNode/share/ament_index/resource_index/packages
[0.589s] copying resource/AutonControlNode -> /home/henry/Rover-Unity/ros2_ws/install/AutonControlNode/share/ament_index/resource_index/packages
[0.589s] copying package.xml -> /home/henry/Rover-Unity/ros2_ws/install/AutonControlNode/share/AutonControlNode
[0.589s] creating /home/henry/Rover-Unity/ros2_ws/install/AutonControlNode/share/AutonControlNode/msg
[0.589s] copying msg/MyCustomMessage.msg -> /home/henry/Rover-Unity/ros2_ws/install/AutonControlNode/share/AutonControlNode/msg
[0.589s] running install_egg_info
[0.590s] Copying ../../build/AutonControlNode/AutonControlNode.egg-info to /home/henry/Rover-Unity/ros2_ws/install/AutonControlNode/lib/python3.10/site-packages/AutonControlNode-0.0.0-py3.10.egg-info
[0.590s] running install_scripts
[0.603s] Installing auton_control_node script to /home/henry/Rover-Unity/ros2_ws/install/AutonControlNode/lib/AutonControlNode
[0.603s] writing list of installed files to '/home/henry/Rover-Unity/ros2_ws/build/AutonControlNode/install.log'
[0.618s] Invoked command in '/home/henry/Rover-Unity/ros2_ws/src/AutonControlNode' returned '0': PYTHONPATH=/home/henry/Rover-Unity/ros2_ws/build/AutonControlNode/prefix_override:/usr/lib/python3/dist-packages/colcon_core/task/python/colcon_distutils_commands:/home/henry/Rover-Unity/ros2_ws/install/AutonControlNode/lib/python3.10/site-packages:${PYTHONPATH} /usr/bin/python3 -W ignore:setup.py install is deprecated -W ignore:easy_install command is deprecated setup.py egg_info --egg-base ../../build/AutonControlNode build --build-base /home/henry/Rover-Unity/ros2_ws/build/AutonControlNode/build install --record /home/henry/Rover-Unity/ros2_ws/build/AutonControlNode/install.log --single-version-externally-managed install_data
