[0.147s] Invoking command in '/home/henry/Rover-Unity/ros2_ws/build/custom_msg': CMAKE_PREFIX_PATH=${CMAKE_PREFIX_PATH}:/home/henry/Rover_2023_2024/software/install/rover2_status:/home/henry/Rover_2023_2024/software/install/rover2_odometry:/home/henry/Rover_2023_2024/software/install/rover2_main:/home/henry/Rover_2023_2024/software/install/rover2_control:/home/henry/Rover-Unity/ros2_ws/install/py_pubsub:/home/henry/Rover-Unity/ros2_ws/install/AutonControlNode:/home/henry/rob499_rover_status_ui/install/rob499_rover_status_ui:/opt/ros/humble /usr/bin/cmake /home/henry/Rover-Unity/ros2_ws/src/custom_msg -DCMAKE_INSTALL_PREFIX=/home/henry/Rover-Unity/ros2_ws/install/custom_msg
[0.154s] -- Found ament_cmake: 1.3.11 (/opt/ros/humble/share/ament_cmake/cmake)
[0.236s] -- Found geometry_msgs: 4.9.0 (/opt/ros/humble/share/geometry_msgs/cmake)
[0.251s] -- Found rosidl_generator_c: 3.1.6 (/opt/ros/humble/share/rosidl_generator_c/cmake)
[0.252s] -- Found rosidl_adapter: 3.1.6 (/opt/ros/humble/share/rosidl_adapter/cmake)
[0.255s] -- Found rosidl_generator_cpp: 3.1.6 (/opt/ros/humble/share/rosidl_generator_cpp/cmake)
[0.261s] -- Using all available rosidl_typesupport_c: rosidl_typesupport_fastrtps_c;rosidl_typesupport_introspection_c
[0.268s] -- Using all available rosidl_typesupport_cpp: rosidl_typesupport_fastrtps_cpp;rosidl_typesupport_introspection_cpp
[0.289s] -- Found rosidl_default_generators: 1.2.0 (/opt/ros/humble/share/rosidl_default_generators/cmake)
[0.477s] -- Found ament_cmake_ros: 0.10.0 (/opt/ros/humble/share/ament_cmake_ros/cmake)
[0.737s] -- Using all available rosidl_typesupport_c: rosidl_typesupport_fastrtps_c;rosidl_typesupport_introspection_c
[0.835s] -- Using all available rosidl_typesupport_cpp: rosidl_typesupport_fastrtps_cpp;rosidl_typesupport_introspection_cpp
[0.849s] -- Found python_cmake_module: 0.10.0 (/opt/ros/humble/share/python_cmake_module/cmake)
[0.863s] -- Using PYTHON_EXECUTABLE: /usr/bin/python3
[0.863s] -- Using PYTHON_INCLUDE_DIRS: /usr/include/python3.10
[0.863s] -- Using PYTHON_LIBRARIES: /usr/lib/x86_64-linux-gnu/libpython3.10.so
[0.886s] -- Found ament_lint_auto: 0.12.12 (/opt/ros/humble/share/ament_lint_auto/cmake)
[0.888s] -- Found rclcpp: 16.0.12 (/opt/ros/humble/share/rclcpp/cmake)
[0.902s] -- Found rmw_implementation_cmake: 6.1.2 (/opt/ros/humble/share/rmw_implementation_cmake/cmake)
[0.903s] -- Found rmw_fastrtps_cpp: 6.2.7 (/opt/ros/humble/share/rmw_fastrtps_cpp/cmake)
[0.961s] -- Using RMW implementation 'rmw_fastrtps_cpp' as default
[0.986s] [31mCMake Error at CMakeLists.txt:38 (find_package):
[0.987s]   By not providing "Findcustom_msg.cmake" in CMAKE_MODULE_PATH this project
[0.987s]   has asked CMake to find a package configuration file provided by
[0.987s]   "custom_msg", but CMake did not find one.
[0.987s] 
[0.987s]   Could not find a package configuration file provided by "custom_msg" with
[0.987s]   any of the following names:
[0.987s] 
[0.987s]     custom_msgConfig.cmake
[0.987s]     custom_msg-config.cmake
[0.987s] 
[0.987s]   Add the installation prefix of "custom_msg" to CMAKE_PREFIX_PATH or set
[0.987s]   "custom_msg_DIR" to a directory containing one of the above files.  If
[0.987s]   "custom_msg" provides a separate development package or SDK, be sure it has
[0.987s]   been installed.
[0.987s] 
[0.987s] [0m
[0.987s] -- Configuring incomplete, errors occurred!
[0.987s] See also "/home/henry/Rover-Unity/ros2_ws/build/custom_msg/CMakeFiles/CMakeOutput.log".
[0.992s] Invoked command in '/home/henry/Rover-Unity/ros2_ws/build/custom_msg' returned '1': CMAKE_PREFIX_PATH=${CMAKE_PREFIX_PATH}:/home/henry/Rover_2023_2024/software/install/rover2_status:/home/henry/Rover_2023_2024/software/install/rover2_odometry:/home/henry/Rover_2023_2024/software/install/rover2_main:/home/henry/Rover_2023_2024/software/install/rover2_control:/home/henry/Rover-Unity/ros2_ws/install/py_pubsub:/home/henry/Rover-Unity/ros2_ws/install/AutonControlNode:/home/henry/rob499_rover_status_ui/install/rob499_rover_status_ui:/opt/ros/humble /usr/bin/cmake /home/henry/Rover-Unity/ros2_ws/src/custom_msg -DCMAKE_INSTALL_PREFIX=/home/henry/Rover-Unity/ros2_ws/install/custom_msg
