[0.006s] Invoking command in '/home/matt/Documents/GitHub/Rover-Unity/ros2_ws/build/custom_msg': CMAKE_PREFIX_PATH=${CMAKE_PREFIX_PATH}:/home/matt/Documents/GitHub/Rover-Unity/ros2_ws/install/py_pubsub:/home/matt/Documents/GitHub/Rover-Unity/ros2_ws/install/AutonControlNode:/opt/ros/humble /usr/bin/cmake --build /home/matt/Documents/GitHub/Rover-Unity/ros2_ws/build/custom_msg -- -j20 -l20
[0.023s] -- Found ament_cmake: 1.3.11 (/opt/ros/humble/share/ament_cmake/cmake)
[0.093s] -- Found geometry_msgs: 4.2.4 (/opt/ros/humble/share/geometry_msgs/cmake)
[0.105s] -- Found rosidl_generator_c: 3.1.6 (/opt/ros/humble/share/rosidl_generator_c/cmake)
[0.106s] -- Found rosidl_adapter: 3.1.6 (/opt/ros/humble/share/rosidl_adapter/cmake)
[0.109s] -- Found rosidl_generator_cpp: 3.1.6 (/opt/ros/humble/share/rosidl_generator_cpp/cmake)
[0.114s] -- Using all available rosidl_typesupport_c: rosidl_typesupport_fastrtps_c;rosidl_typesupport_introspection_c
[0.120s] -- Using all available rosidl_typesupport_cpp: rosidl_typesupport_fastrtps_cpp;rosidl_typesupport_introspection_cpp
[0.139s] -- Found rosidl_default_generators: 1.2.0 (/opt/ros/humble/share/rosidl_default_generators/cmake)
[0.309s] -- Found ament_cmake_ros: 0.10.0 (/opt/ros/humble/share/ament_cmake_ros/cmake)
[0.527s] -- Using all available rosidl_typesupport_c: rosidl_typesupport_fastrtps_c;rosidl_typesupport_introspection_c
[0.616s] -- Using all available rosidl_typesupport_cpp: rosidl_typesupport_fastrtps_cpp;rosidl_typesupport_introspection_cpp
[0.630s] -- Found python_cmake_module: 0.10.0 (/opt/ros/humble/share/python_cmake_module/cmake)
[0.645s] -- Using PYTHON_EXECUTABLE: /usr/bin/python3
[0.645s] -- Using PYTHON_INCLUDE_DIRS: /usr/include/python3.10
[0.645s] -- Using PYTHON_LIBRARIES: /usr/lib/x86_64-linux-gnu/libpython3.10.so
[0.663s] -- Found ament_lint_auto: 0.12.11 (/opt/ros/humble/share/ament_lint_auto/cmake)
[0.665s] -- Found rclcpp: 16.0.11 (/opt/ros/humble/share/rclcpp/cmake)
[0.679s] -- Found rmw_implementation_cmake: 6.1.2 (/opt/ros/humble/share/rmw_implementation_cmake/cmake)
[0.680s] -- Found rmw_fastrtps_cpp: 6.2.7 (/opt/ros/humble/share/rmw_fastrtps_cpp/cmake)
[0.737s] -- Using RMW implementation 'rmw_fastrtps_cpp' as default
[0.757s] -- Found custom_msg: 0.0.0 (/home/matt/Documents/GitHub/Rover-Unity/ros2_ws/install/custom_msg/share/custom_msg/cmake)
[0.765s] -- Added test 'flake8' to check Python code syntax and style conventions
[0.765s] -- Added test 'lint_cmake' to check CMake code style
[0.765s] -- Added test 'pep257' to check Python code against some of the docstring style conventions in PEP 257
[0.766s] -- Added test 'xmllint' to check XML markup files
[0.766s] -- Configuring done
[0.784s] -- Generating done
[0.791s] -- Build files have been written to: /home/matt/Documents/GitHub/Rover-Unity/ros2_ws/build/custom_msg
[0.808s] [  2%] [34m[1mGenerating C code for ROS interfaces[0m
[0.814s] [  2%] Built target ament_cmake_python_copy_custom_msg
[0.815s] [  4%] [34m[1mGenerating C++ code for ROS interfaces[0m
[0.932s] running egg_info
[0.932s] writing custom_msg.egg-info/PKG-INFO
[0.933s] writing dependency_links to custom_msg.egg-info/dependency_links.txt
[0.933s] writing top-level names to custom_msg.egg-info/top_level.txt
[0.934s] reading manifest file 'custom_msg.egg-info/SOURCES.txt'
[0.934s] writing manifest file 'custom_msg.egg-info/SOURCES.txt'
[0.949s] [  4%] Built target ament_cmake_python_build_custom_msg_egg
[1.073s] [  4%] Built target custom_msg__cpp
[1.078s] [  6%] [34m[1mGenerating C++ type support dispatch for ROS interfaces[0m
[1.078s] [ 10%] [34m[1mGenerating C++ type support for eProsima Fast-RTPS[0m
[1.078s] [ 10%] [34m[1mGenerating C++ introspection for ROS interfaces[0m
[1.080s] [35m[1mConsolidate compiler generated dependencies of target custom_msg__rosidl_generator_c[0m
[1.086s] [ 12%] [32mBuilding C object CMakeFiles/custom_msg__rosidl_generator_c.dir/rosidl_generator_c/custom_msg/msg/detail/num__functions.c.o[0m
[1.087s] [ 14%] [32mBuilding C object CMakeFiles/custom_msg__rosidl_generator_c.dir/rosidl_generator_c/custom_msg/srv/detail/add_three_ints__functions.c.o[0m
[1.088s] [ 17%] [32mBuilding C object CMakeFiles/custom_msg__rosidl_generator_c.dir/rosidl_generator_c/custom_msg/msg/detail/sphere__functions.c.o[0m
[1.245s] [35m[1mConsolidate compiler generated dependencies of target custom_msg__rosidl_typesupport_fastrtps_cpp[0m
[1.253s] [ 21%] [32mBuilding CXX object CMakeFiles/custom_msg__rosidl_typesupport_fastrtps_cpp.dir/rosidl_typesupport_fastrtps_cpp/custom_msg/srv/detail/dds_fastrtps/add_three_ints__type_support.cpp.o[0m
[1.253s] [ 21%] [32mBuilding CXX object CMakeFiles/custom_msg__rosidl_typesupport_fastrtps_cpp.dir/rosidl_typesupport_fastrtps_cpp/custom_msg/msg/detail/dds_fastrtps/sphere__type_support.cpp.o[0m
[1.255s] [ 23%] [32mBuilding CXX object CMakeFiles/custom_msg__rosidl_typesupport_fastrtps_cpp.dir/rosidl_typesupport_fastrtps_cpp/custom_msg/msg/detail/dds_fastrtps/num__type_support.cpp.o[0m
[1.255s] [35m[1mConsolidate compiler generated dependencies of target custom_msg__rosidl_typesupport_cpp[0m
[1.256s] [ 25%] [32m[1mLinking C shared library libcustom_msg__rosidl_generator_c.so[0m
[1.257s] [35m[1mConsolidate compiler generated dependencies of target custom_msg__rosidl_typesupport_introspection_cpp[0m
[1.261s] [ 27%] [32mBuilding CXX object CMakeFiles/custom_msg__rosidl_typesupport_cpp.dir/rosidl_typesupport_cpp/custom_msg/msg/num__type_support.cpp.o[0m
[1.261s] [ 29%] [32mBuilding CXX object CMakeFiles/custom_msg__rosidl_typesupport_cpp.dir/rosidl_typesupport_cpp/custom_msg/msg/sphere__type_support.cpp.o[0m
[1.261s] [ 31%] [32mBuilding CXX object CMakeFiles/custom_msg__rosidl_typesupport_cpp.dir/rosidl_typesupport_cpp/custom_msg/srv/add_three_ints__type_support.cpp.o[0m
[1.264s] [ 34%] [32mBuilding CXX object CMakeFiles/custom_msg__rosidl_typesupport_introspection_cpp.dir/rosidl_typesupport_introspection_cpp/custom_msg/msg/detail/sphere__type_support.cpp.o[0m
[1.264s] [ 36%] [32mBuilding CXX object CMakeFiles/custom_msg__rosidl_typesupport_introspection_cpp.dir/rosidl_typesupport_introspection_cpp/custom_msg/srv/detail/add_three_ints__type_support.cpp.o[0m
[1.265s] [ 38%] [32mBuilding CXX object CMakeFiles/custom_msg__rosidl_typesupport_introspection_cpp.dir/rosidl_typesupport_introspection_cpp/custom_msg/msg/detail/num__type_support.cpp.o[0m
[1.276s] [ 38%] Built target custom_msg__rosidl_generator_c
[1.281s] [ 40%] [34m[1mGenerating C type support dispatch for ROS interfaces[0m
[1.283s] [ 44%] [34m[1mGenerating C introspection for ROS interfaces[0m
[1.283s] [ 44%] [34m[1mGenerating C type support for eProsima Fast-RTPS[0m
[1.515s] [35m[1mConsolidate compiler generated dependencies of target custom_msg__rosidl_typesupport_c[0m
[1.521s] [ 46%] [32mBuilding CXX object CMakeFiles/custom_msg__rosidl_typesupport_c.dir/rosidl_typesupport_c/custom_msg/srv/add_three_ints__type_support.cpp.o[0m
[1.522s] [ 48%] [32mBuilding CXX object CMakeFiles/custom_msg__rosidl_typesupport_c.dir/rosidl_typesupport_c/custom_msg/msg/sphere__type_support.cpp.o[0m
[1.523s] [ 51%] [32mBuilding CXX object CMakeFiles/custom_msg__rosidl_typesupport_c.dir/rosidl_typesupport_c/custom_msg/msg/num__type_support.cpp.o[0m
[1.547s] [35m[1mConsolidate compiler generated dependencies of target custom_msg__rosidl_typesupport_introspection_c[0m
[1.551s] [35m[1mConsolidate compiler generated dependencies of target custom_msg__rosidl_typesupport_fastrtps_c[0m
[1.554s] [ 53%] [32mBuilding C object CMakeFiles/custom_msg__rosidl_typesupport_introspection_c.dir/rosidl_typesupport_introspection_c/custom_msg/srv/detail/add_three_ints__type_support.c.o[0m
[1.555s] [ 57%] [32mBuilding C object CMakeFiles/custom_msg__rosidl_typesupport_introspection_c.dir/rosidl_typesupport_introspection_c/custom_msg/msg/detail/sphere__type_support.c.o[0m
[1.555s] [ 57%] [32mBuilding C object CMakeFiles/custom_msg__rosidl_typesupport_introspection_c.dir/rosidl_typesupport_introspection_c/custom_msg/msg/detail/num__type_support.c.o[0m
[1.557s] [ 59%] [32mBuilding CXX object CMakeFiles/custom_msg__rosidl_typesupport_fastrtps_c.dir/rosidl_typesupport_fastrtps_c/custom_msg/msg/detail/num__type_support_c.cpp.o[0m
[1.557s] [ 61%] [32mBuilding CXX object CMakeFiles/custom_msg__rosidl_typesupport_fastrtps_c.dir/rosidl_typesupport_fastrtps_c/custom_msg/msg/detail/sphere__type_support_c.cpp.o[0m
[1.560s] [ 63%] [32mBuilding CXX object CMakeFiles/custom_msg__rosidl_typesupport_fastrtps_c.dir/rosidl_typesupport_fastrtps_c/custom_msg/srv/detail/add_three_ints__type_support_c.cpp.o[0m
[1.600s] [ 65%] [32m[1mLinking C shared library libcustom_msg__rosidl_typesupport_introspection_c.so[0m
[1.618s] [ 65%] Built target custom_msg__rosidl_typesupport_introspection_c
[1.980s] [ 68%] [32m[1mLinking CXX shared library libcustom_msg__rosidl_typesupport_c.so[0m
[2.123s] [ 68%] Built target custom_msg__rosidl_typesupport_c
[2.282s] [ 70%] [32m[1mLinking CXX shared library libcustom_msg__rosidl_typesupport_cpp.so[0m
[2.310s] [ 70%] Built target custom_msg__rosidl_typesupport_cpp
[2.352s] [ 72%] [32m[1mLinking CXX shared library libcustom_msg__rosidl_typesupport_introspection_cpp.so[0m
[2.390s] [ 74%] [32m[1mLinking CXX shared library libcustom_msg__rosidl_typesupport_fastrtps_c.so[0m
[2.401s] [ 74%] Built target custom_msg__rosidl_typesupport_introspection_cpp
[2.435s] [ 74%] Built target custom_msg__rosidl_typesupport_fastrtps_c
[2.458s] [ 76%] [32m[1mLinking CXX shared library libcustom_msg__rosidl_typesupport_fastrtps_cpp.so[0m
[2.518s] [ 76%] Built target custom_msg__rosidl_typesupport_fastrtps_cpp
[2.532s] [ 76%] Built target custom_msg
[2.542s] [ 78%] [34m[1mGenerating Python code for ROS interfaces[0m
[2.793s] [ 78%] Built target custom_msg__py
[2.798s] [35m[1mConsolidate compiler generated dependencies of target custom_msg__rosidl_generator_py[0m
[2.806s] [ 80%] [32mBuilding C object CMakeFiles/custom_msg__rosidl_generator_py.dir/rosidl_generator_py/custom_msg/srv/_add_three_ints_s.c.o[0m
[2.807s] [ 82%] [32mBuilding C object CMakeFiles/custom_msg__rosidl_generator_py.dir/rosidl_generator_py/custom_msg/msg/_num_s.c.o[0m
[2.807s] [ 85%] [32mBuilding C object CMakeFiles/custom_msg__rosidl_generator_py.dir/rosidl_generator_py/custom_msg/msg/_sphere_s.c.o[0m
[3.041s] [ 87%] [32m[1mLinking C shared library rosidl_generator_py/custom_msg/libcustom_msg__rosidl_generator_py.so[0m
[3.065s] [ 87%] Built target custom_msg__rosidl_generator_py
[3.071s] [35m[1mConsolidate compiler generated dependencies of target custom_msg__rosidl_typesupport_c__pyext[0m
[3.071s] [35m[1mConsolidate compiler generated dependencies of target custom_msg__rosidl_typesupport_fastrtps_c__pyext[0m
[3.071s] [35m[1mConsolidate compiler generated dependencies of target custom_msg__rosidl_typesupport_introspection_c__pyext[0m
[3.077s] [ 89%] [32mBuilding C object CMakeFiles/custom_msg__rosidl_typesupport_c__pyext.dir/rosidl_generator_py/custom_msg/_custom_msg_s.ep.rosidl_typesupport_c.c.o[0m
[3.078s] [ 93%] [32mBuilding C object CMakeFiles/custom_msg__rosidl_typesupport_introspection_c__pyext.dir/rosidl_generator_py/custom_msg/_custom_msg_s.ep.rosidl_typesupport_introspection_c.c.o[0m
[3.078s] [ 93%] [32mBuilding C object CMakeFiles/custom_msg__rosidl_typesupport_fastrtps_c__pyext.dir/rosidl_generator_py/custom_msg/_custom_msg_s.ep.rosidl_typesupport_fastrtps_c.c.o[0m
[3.132s] [ 95%] [32m[1mLinking C shared library rosidl_generator_py/custom_msg/custom_msg_s__rosidl_typesupport_c.cpython-310-x86_64-linux-gnu.so[0m
[3.134s] [100%] [32m[1mLinking C shared library rosidl_generator_py/custom_msg/custom_msg_s__rosidl_typesupport_introspection_c.cpython-310-x86_64-linux-gnu.so[0m
[3.134s] [100%] [32m[1mLinking C shared library rosidl_generator_py/custom_msg/custom_msg_s__rosidl_typesupport_fastrtps_c.cpython-310-x86_64-linux-gnu.so[0m
[3.156s] [100%] Built target custom_msg__rosidl_typesupport_c__pyext
[3.157s] [100%] Built target custom_msg__rosidl_typesupport_introspection_c__pyext
[3.158s] [100%] Built target custom_msg__rosidl_typesupport_fastrtps_c__pyext
[3.165s] Invoked command in '/home/matt/Documents/GitHub/Rover-Unity/ros2_ws/build/custom_msg' returned '0': CMAKE_PREFIX_PATH=${CMAKE_PREFIX_PATH}:/home/matt/Documents/GitHub/Rover-Unity/ros2_ws/install/py_pubsub:/home/matt/Documents/GitHub/Rover-Unity/ros2_ws/install/AutonControlNode:/opt/ros/humble /usr/bin/cmake --build /home/matt/Documents/GitHub/Rover-Unity/ros2_ws/build/custom_msg -- -j20 -l20
[3.170s] Invoking command in '/home/matt/Documents/GitHub/Rover-Unity/ros2_ws/build/custom_msg': CMAKE_PREFIX_PATH=${CMAKE_PREFIX_PATH}:/home/matt/Documents/GitHub/Rover-Unity/ros2_ws/install/py_pubsub:/home/matt/Documents/GitHub/Rover-Unity/ros2_ws/install/AutonControlNode:/opt/ros/humble /usr/bin/cmake --install /home/matt/Documents/GitHub/Rover-Unity/ros2_ws/build/custom_msg
[3.174s] -- Install configuration: ""
[3.174s] -- Up-to-date: /home/matt/Documents/GitHub/Rover-Unity/ros2_ws/install/custom_msg/share/ament_index/resource_index/rosidl_interfaces/custom_msg
[3.174s] -- Up-to-date: /home/matt/Documents/GitHub/Rover-Unity/ros2_ws/install/custom_msg/include/custom_msg/custom_msg
[3.174s] -- Up-to-date: /home/matt/Documents/GitHub/Rover-Unity/ros2_ws/install/custom_msg/include/custom_msg/custom_msg/srv
[3.174s] -- Up-to-date: /home/matt/Documents/GitHub/Rover-Unity/ros2_ws/install/custom_msg/include/custom_msg/custom_msg/srv/detail
[3.174s] -- Installing: /home/matt/Documents/GitHub/Rover-Unity/ros2_ws/install/custom_msg/include/custom_msg/custom_msg/srv/detail/add_three_ints__functions.h
[3.174s] -- Installing: /home/matt/Documents/GitHub/Rover-Unity/ros2_ws/install/custom_msg/include/custom_msg/custom_msg/srv/detail/add_three_ints__type_support.h
[3.174s] -- Installing: /home/matt/Documents/GitHub/Rover-Unity/ros2_ws/install/custom_msg/include/custom_msg/custom_msg/srv/detail/add_three_ints__struct.h
[3.174s] -- Installing: /home/matt/Documents/GitHub/Rover-Unity/ros2_ws/install/custom_msg/include/custom_msg/custom_msg/srv/detail/add_three_ints__functions.c
[3.174s] -- Installing: /home/matt/Documents/GitHub/Rover-Unity/ros2_ws/install/custom_msg/include/custom_msg/custom_msg/srv/add_three_ints.h
[3.174s] -- Up-to-date: /home/matt/Documents/GitHub/Rover-Unity/ros2_ws/install/custom_msg/include/custom_msg/custom_msg/msg
[3.174s] -- Up-to-date: /home/matt/Documents/GitHub/Rover-Unity/ros2_ws/install/custom_msg/include/custom_msg/custom_msg/msg/rosidl_generator_c__visibility_control.h
[3.174s] -- Up-to-date: /home/matt/Documents/GitHub/Rover-Unity/ros2_ws/install/custom_msg/include/custom_msg/custom_msg/msg/detail
[3.174s] -- Installing: /home/matt/Documents/GitHub/Rover-Unity/ros2_ws/install/custom_msg/include/custom_msg/custom_msg/msg/detail/num__functions.h
[3.174s] -- Installing: /home/matt/Documents/GitHub/Rover-Unity/ros2_ws/install/custom_msg/include/custom_msg/custom_msg/msg/detail/sphere__struct.h
[3.174s] -- Installing: /home/matt/Documents/GitHub/Rover-Unity/ros2_ws/install/custom_msg/include/custom_msg/custom_msg/msg/detail/sphere__type_support.h
[3.174s] -- Installing: /home/matt/Documents/GitHub/Rover-Unity/ros2_ws/install/custom_msg/include/custom_msg/custom_msg/msg/detail/num__struct.h
[3.174s] -- Installing: /home/matt/Documents/GitHub/Rover-Unity/ros2_ws/install/custom_msg/include/custom_msg/custom_msg/msg/detail/num__type_support.h
[3.174s] -- Installing: /home/matt/Documents/GitHub/Rover-Unity/ros2_ws/install/custom_msg/include/custom_msg/custom_msg/msg/detail/num__functions.c
[3.174s] -- Installing: /home/matt/Documents/GitHub/Rover-Unity/ros2_ws/install/custom_msg/include/custom_msg/custom_msg/msg/detail/sphere__functions.h
[3.174s] -- Installing: /home/matt/Documents/GitHub/Rover-Unity/ros2_ws/install/custom_msg/include/custom_msg/custom_msg/msg/detail/sphere__functions.c
[3.174s] -- Installing: /home/matt/Documents/GitHub/Rover-Unity/ros2_ws/install/custom_msg/include/custom_msg/custom_msg/msg/sphere.h
[3.174s] -- Installing: /home/matt/Documents/GitHub/Rover-Unity/ros2_ws/install/custom_msg/include/custom_msg/custom_msg/msg/num.h
[3.174s] -- Up-to-date: /home/matt/Documents/GitHub/Rover-Unity/ros2_ws/install/custom_msg/share/custom_msg/environment/library_path.sh
[3.174s] -- Installing: /home/matt/Documents/GitHub/Rover-Unity/ros2_ws/install/custom_msg/share/custom_msg/environment/library_path.dsv
[3.175s] -- Installing: /home/matt/Documents/GitHub/Rover-Unity/ros2_ws/install/custom_msg/lib/libcustom_msg__rosidl_generator_c.so
[3.175s] -- Set runtime path of "/home/matt/Documents/GitHub/Rover-Unity/ros2_ws/install/custom_msg/lib/libcustom_msg__rosidl_generator_c.so" to ""
[3.175s] -- Up-to-date: /home/matt/Documents/GitHub/Rover-Unity/ros2_ws/install/custom_msg/include/custom_msg/custom_msg
[3.175s] -- Up-to-date: /home/matt/Documents/GitHub/Rover-Unity/ros2_ws/install/custom_msg/include/custom_msg/custom_msg/srv
[3.175s] -- Up-to-date: /home/matt/Documents/GitHub/Rover-Unity/ros2_ws/install/custom_msg/include/custom_msg/custom_msg/srv/detail
[3.175s] -- Installing: /home/matt/Documents/GitHub/Rover-Unity/ros2_ws/install/custom_msg/include/custom_msg/custom_msg/srv/detail/add_three_ints__rosidl_typesupport_fastrtps_c.h
[3.175s] -- Up-to-date: /home/matt/Documents/GitHub/Rover-Unity/ros2_ws/install/custom_msg/include/custom_msg/custom_msg/msg
[3.175s] -- Up-to-date: /home/matt/Documents/GitHub/Rover-Unity/ros2_ws/install/custom_msg/include/custom_msg/custom_msg/msg/detail
[3.175s] -- Installing: /home/matt/Documents/GitHub/Rover-Unity/ros2_ws/install/custom_msg/include/custom_msg/custom_msg/msg/detail/sphere__rosidl_typesupport_fastrtps_c.h
[3.175s] -- Installing: /home/matt/Documents/GitHub/Rover-Unity/ros2_ws/install/custom_msg/include/custom_msg/custom_msg/msg/detail/num__rosidl_typesupport_fastrtps_c.h
[3.175s] -- Up-to-date: /home/matt/Documents/GitHub/Rover-Unity/ros2_ws/install/custom_msg/include/custom_msg/custom_msg/msg/rosidl_typesupport_fastrtps_c__visibility_control.h
[3.175s] -- Installing: /home/matt/Documents/GitHub/Rover-Unity/ros2_ws/install/custom_msg/lib/libcustom_msg__rosidl_typesupport_fastrtps_c.so
[3.175s] -- Set runtime path of "/home/matt/Documents/GitHub/Rover-Unity/ros2_ws/install/custom_msg/lib/libcustom_msg__rosidl_typesupport_fastrtps_c.so" to ""
[3.175s] -- Up-to-date: /home/matt/Documents/GitHub/Rover-Unity/ros2_ws/install/custom_msg/include/custom_msg/custom_msg
[3.175s] -- Up-to-date: /home/matt/Documents/GitHub/Rover-Unity/ros2_ws/install/custom_msg/include/custom_msg/custom_msg/srv
[3.175s] -- Up-to-date: /home/matt/Documents/GitHub/Rover-Unity/ros2_ws/install/custom_msg/include/custom_msg/custom_msg/srv/detail
[3.175s] -- Installing: /home/matt/Documents/GitHub/Rover-Unity/ros2_ws/install/custom_msg/include/custom_msg/custom_msg/srv/detail/add_three_ints__struct.hpp
[3.175s] -- Installing: /home/matt/Documents/GitHub/Rover-Unity/ros2_ws/install/custom_msg/include/custom_msg/custom_msg/srv/detail/add_three_ints__type_support.hpp
[3.175s] -- Installing: /home/matt/Documents/GitHub/Rover-Unity/ros2_ws/install/custom_msg/include/custom_msg/custom_msg/srv/detail/add_three_ints__traits.hpp
[3.175s] -- Installing: /home/matt/Documents/GitHub/Rover-Unity/ros2_ws/install/custom_msg/include/custom_msg/custom_msg/srv/detail/add_three_ints__builder.hpp
[3.175s] -- Installing: /home/matt/Documents/GitHub/Rover-Unity/ros2_ws/install/custom_msg/include/custom_msg/custom_msg/srv/add_three_ints.hpp
[3.175s] -- Up-to-date: /home/matt/Documents/GitHub/Rover-Unity/ros2_ws/install/custom_msg/include/custom_msg/custom_msg/msg
[3.175s] -- Installing: /home/matt/Documents/GitHub/Rover-Unity/ros2_ws/install/custom_msg/include/custom_msg/custom_msg/msg/num.hpp
[3.175s] -- Installing: /home/matt/Documents/GitHub/Rover-Unity/ros2_ws/install/custom_msg/include/custom_msg/custom_msg/msg/sphere.hpp
[3.175s] -- Up-to-date: /home/matt/Documents/GitHub/Rover-Unity/ros2_ws/install/custom_msg/include/custom_msg/custom_msg/msg/detail
[3.175s] -- Installing: /home/matt/Documents/GitHub/Rover-Unity/ros2_ws/install/custom_msg/include/custom_msg/custom_msg/msg/detail/sphere__traits.hpp
[3.176s] -- Installing: /home/matt/Documents/GitHub/Rover-Unity/ros2_ws/install/custom_msg/include/custom_msg/custom_msg/msg/detail/num__struct.hpp
[3.176s] -- Installing: /home/matt/Documents/GitHub/Rover-Unity/ros2_ws/install/custom_msg/include/custom_msg/custom_msg/msg/detail/num__builder.hpp
[3.176s] -- Installing: /home/matt/Documents/GitHub/Rover-Unity/ros2_ws/install/custom_msg/include/custom_msg/custom_msg/msg/detail/sphere__type_support.hpp
[3.176s] -- Installing: /home/matt/Documents/GitHub/Rover-Unity/ros2_ws/install/custom_msg/include/custom_msg/custom_msg/msg/detail/sphere__struct.hpp
[3.176s] -- Installing: /home/matt/Documents/GitHub/Rover-Unity/ros2_ws/install/custom_msg/include/custom_msg/custom_msg/msg/detail/sphere__builder.hpp
[3.176s] -- Installing: /home/matt/Documents/GitHub/Rover-Unity/ros2_ws/install/custom_msg/include/custom_msg/custom_msg/msg/detail/num__type_support.hpp
[3.176s] -- Installing: /home/matt/Documents/GitHub/Rover-Unity/ros2_ws/install/custom_msg/include/custom_msg/custom_msg/msg/detail/num__traits.hpp
[3.176s] -- Up-to-date: /home/matt/Documents/GitHub/Rover-Unity/ros2_ws/install/custom_msg/include/custom_msg/custom_msg/msg/rosidl_generator_cpp__visibility_control.hpp
[3.176s] -- Up-to-date: /home/matt/Documents/GitHub/Rover-Unity/ros2_ws/install/custom_msg/include/custom_msg/custom_msg
[3.176s] -- Up-to-date: /home/matt/Documents/GitHub/Rover-Unity/ros2_ws/install/custom_msg/include/custom_msg/custom_msg/srv
[3.176s] -- Up-to-date: /home/matt/Documents/GitHub/Rover-Unity/ros2_ws/install/custom_msg/include/custom_msg/custom_msg/srv/detail
[3.176s] -- Installing: /home/matt/Documents/GitHub/Rover-Unity/ros2_ws/install/custom_msg/include/custom_msg/custom_msg/srv/detail/add_three_ints__rosidl_typesupport_fastrtps_cpp.hpp
[3.176s] -- Up-to-date: /home/matt/Documents/GitHub/Rover-Unity/ros2_ws/install/custom_msg/include/custom_msg/custom_msg/srv/detail/dds_fastrtps
[3.176s] -- Up-to-date: /home/matt/Documents/GitHub/Rover-Unity/ros2_ws/install/custom_msg/include/custom_msg/custom_msg/msg
[3.176s] -- Up-to-date: /home/matt/Documents/GitHub/Rover-Unity/ros2_ws/install/custom_msg/include/custom_msg/custom_msg/msg/rosidl_typesupport_fastrtps_cpp__visibility_control.h
[3.176s] -- Up-to-date: /home/matt/Documents/GitHub/Rover-Unity/ros2_ws/install/custom_msg/include/custom_msg/custom_msg/msg/detail
[3.176s] -- Installing: /home/matt/Documents/GitHub/Rover-Unity/ros2_ws/install/custom_msg/include/custom_msg/custom_msg/msg/detail/num__rosidl_typesupport_fastrtps_cpp.hpp
[3.176s] -- Up-to-date: /home/matt/Documents/GitHub/Rover-Unity/ros2_ws/install/custom_msg/include/custom_msg/custom_msg/msg/detail/dds_fastrtps
[3.176s] -- Installing: /home/matt/Documents/GitHub/Rover-Unity/ros2_ws/install/custom_msg/include/custom_msg/custom_msg/msg/detail/sphere__rosidl_typesupport_fastrtps_cpp.hpp
[3.176s] -- Installing: /home/matt/Documents/GitHub/Rover-Unity/ros2_ws/install/custom_msg/lib/libcustom_msg__rosidl_typesupport_fastrtps_cpp.so
[3.176s] -- Set runtime path of "/home/matt/Documents/GitHub/Rover-Unity/ros2_ws/install/custom_msg/lib/libcustom_msg__rosidl_typesupport_fastrtps_cpp.so" to ""
[3.176s] -- Up-to-date: /home/matt/Documents/GitHub/Rover-Unity/ros2_ws/install/custom_msg/include/custom_msg/custom_msg
[3.176s] -- Up-to-date: /home/matt/Documents/GitHub/Rover-Unity/ros2_ws/install/custom_msg/include/custom_msg/custom_msg/srv
[3.176s] -- Up-to-date: /home/matt/Documents/GitHub/Rover-Unity/ros2_ws/install/custom_msg/include/custom_msg/custom_msg/srv/detail
[3.176s] -- Installing: /home/matt/Documents/GitHub/Rover-Unity/ros2_ws/install/custom_msg/include/custom_msg/custom_msg/srv/detail/add_three_ints__type_support.c
[3.176s] -- Installing: /home/matt/Documents/GitHub/Rover-Unity/ros2_ws/install/custom_msg/include/custom_msg/custom_msg/srv/detail/add_three_ints__rosidl_typesupport_introspection_c.h
[3.176s] -- Up-to-date: /home/matt/Documents/GitHub/Rover-Unity/ros2_ws/install/custom_msg/include/custom_msg/custom_msg/msg
[3.176s] -- Up-to-date: /home/matt/Documents/GitHub/Rover-Unity/ros2_ws/install/custom_msg/include/custom_msg/custom_msg/msg/detail
[3.176s] -- Installing: /home/matt/Documents/GitHub/Rover-Unity/ros2_ws/install/custom_msg/include/custom_msg/custom_msg/msg/detail/num__type_support.c
[3.176s] -- Installing: /home/matt/Documents/GitHub/Rover-Unity/ros2_ws/install/custom_msg/include/custom_msg/custom_msg/msg/detail/sphere__rosidl_typesupport_introspection_c.h
[3.176s] -- Installing: /home/matt/Documents/GitHub/Rover-Unity/ros2_ws/install/custom_msg/include/custom_msg/custom_msg/msg/detail/sphere__type_support.c
[3.176s] -- Installing: /home/matt/Documents/GitHub/Rover-Unity/ros2_ws/install/custom_msg/include/custom_msg/custom_msg/msg/detail/num__rosidl_typesupport_introspection_c.h
[3.177s] -- Up-to-date: /home/matt/Documents/GitHub/Rover-Unity/ros2_ws/install/custom_msg/include/custom_msg/custom_msg/msg/rosidl_typesupport_introspection_c__visibility_control.h
[3.177s] -- Installing: /home/matt/Documents/GitHub/Rover-Unity/ros2_ws/install/custom_msg/lib/libcustom_msg__rosidl_typesupport_introspection_c.so
[3.177s] -- Set runtime path of "/home/matt/Documents/GitHub/Rover-Unity/ros2_ws/install/custom_msg/lib/libcustom_msg__rosidl_typesupport_introspection_c.so" to ""
[3.177s] -- Installing: /home/matt/Documents/GitHub/Rover-Unity/ros2_ws/install/custom_msg/lib/libcustom_msg__rosidl_typesupport_c.so
[3.177s] -- Set runtime path of "/home/matt/Documents/GitHub/Rover-Unity/ros2_ws/install/custom_msg/lib/libcustom_msg__rosidl_typesupport_c.so" to ""
[3.177s] -- Up-to-date: /home/matt/Documents/GitHub/Rover-Unity/ros2_ws/install/custom_msg/include/custom_msg/custom_msg
[3.177s] -- Up-to-date: /home/matt/Documents/GitHub/Rover-Unity/ros2_ws/install/custom_msg/include/custom_msg/custom_msg/srv
[3.177s] -- Up-to-date: /home/matt/Documents/GitHub/Rover-Unity/ros2_ws/install/custom_msg/include/custom_msg/custom_msg/srv/detail
[3.177s] -- Installing: /home/matt/Documents/GitHub/Rover-Unity/ros2_ws/install/custom_msg/include/custom_msg/custom_msg/srv/detail/add_three_ints__rosidl_typesupport_introspection_cpp.hpp
[3.177s] -- Installing: /home/matt/Documents/GitHub/Rover-Unity/ros2_ws/install/custom_msg/include/custom_msg/custom_msg/srv/detail/add_three_ints__type_support.cpp
[3.177s] -- Up-to-date: /home/matt/Documents/GitHub/Rover-Unity/ros2_ws/install/custom_msg/include/custom_msg/custom_msg/msg
[3.177s] -- Up-to-date: /home/matt/Documents/GitHub/Rover-Unity/ros2_ws/install/custom_msg/include/custom_msg/custom_msg/msg/detail
[3.177s] -- Installing: /home/matt/Documents/GitHub/Rover-Unity/ros2_ws/install/custom_msg/include/custom_msg/custom_msg/msg/detail/num__rosidl_typesupport_introspection_cpp.hpp
[3.177s] -- Installing: /home/matt/Documents/GitHub/Rover-Unity/ros2_ws/install/custom_msg/include/custom_msg/custom_msg/msg/detail/sphere__type_support.cpp
[3.177s] -- Installing: /home/matt/Documents/GitHub/Rover-Unity/ros2_ws/install/custom_msg/include/custom_msg/custom_msg/msg/detail/num__type_support.cpp
[3.177s] -- Installing: /home/matt/Documents/GitHub/Rover-Unity/ros2_ws/install/custom_msg/include/custom_msg/custom_msg/msg/detail/sphere__rosidl_typesupport_introspection_cpp.hpp
[3.177s] -- Installing: /home/matt/Documents/GitHub/Rover-Unity/ros2_ws/install/custom_msg/lib/libcustom_msg__rosidl_typesupport_introspection_cpp.so
[3.177s] -- Set runtime path of "/home/matt/Documents/GitHub/Rover-Unity/ros2_ws/install/custom_msg/lib/libcustom_msg__rosidl_typesupport_introspection_cpp.so" to ""
[3.177s] -- Installing: /home/matt/Documents/GitHub/Rover-Unity/ros2_ws/install/custom_msg/lib/libcustom_msg__rosidl_typesupport_cpp.so
[3.177s] -- Set runtime path of "/home/matt/Documents/GitHub/Rover-Unity/ros2_ws/install/custom_msg/lib/libcustom_msg__rosidl_typesupport_cpp.so" to ""
[3.178s] -- Up-to-date: /home/matt/Documents/GitHub/Rover-Unity/ros2_ws/install/custom_msg/share/custom_msg/environment/pythonpath.sh
[3.178s] -- Installing: /home/matt/Documents/GitHub/Rover-Unity/ros2_ws/install/custom_msg/share/custom_msg/environment/pythonpath.dsv
[3.178s] -- Up-to-date: /home/matt/Documents/GitHub/Rover-Unity/ros2_ws/install/custom_msg/local/lib/python3.10/dist-packages/custom_msg-0.0.0-py3.10.egg-info
[3.178s] -- Installing: /home/matt/Documents/GitHub/Rover-Unity/ros2_ws/install/custom_msg/local/lib/python3.10/dist-packages/custom_msg-0.0.0-py3.10.egg-info/top_level.txt
[3.178s] -- Installing: /home/matt/Documents/GitHub/Rover-Unity/ros2_ws/install/custom_msg/local/lib/python3.10/dist-packages/custom_msg-0.0.0-py3.10.egg-info/PKG-INFO
[3.178s] -- Installing: /home/matt/Documents/GitHub/Rover-Unity/ros2_ws/install/custom_msg/local/lib/python3.10/dist-packages/custom_msg-0.0.0-py3.10.egg-info/SOURCES.txt
[3.178s] -- Installing: /home/matt/Documents/GitHub/Rover-Unity/ros2_ws/install/custom_msg/local/lib/python3.10/dist-packages/custom_msg-0.0.0-py3.10.egg-info/dependency_links.txt
[3.178s] -- Up-to-date: /home/matt/Documents/GitHub/Rover-Unity/ros2_ws/install/custom_msg/local/lib/python3.10/dist-packages/custom_msg
[3.178s] -- Installing: /home/matt/Documents/GitHub/Rover-Unity/ros2_ws/install/custom_msg/local/lib/python3.10/dist-packages/custom_msg/__init__.py
[3.178s] -- Installing: /home/matt/Documents/GitHub/Rover-Unity/ros2_ws/install/custom_msg/local/lib/python3.10/dist-packages/custom_msg/custom_msg_s__rosidl_typesupport_introspection_c.cpython-310-x86_64-linux-gnu.so
[3.178s] -- Installing: /home/matt/Documents/GitHub/Rover-Unity/ros2_ws/install/custom_msg/local/lib/python3.10/dist-packages/custom_msg/libcustom_msg__rosidl_generator_py.so
[3.178s] -- Installing: /home/matt/Documents/GitHub/Rover-Unity/ros2_ws/install/custom_msg/local/lib/python3.10/dist-packages/custom_msg/_custom_msg_s.ep.rosidl_typesupport_fastrtps_c.c
[3.178s] -- Up-to-date: /home/matt/Documents/GitHub/Rover-Unity/ros2_ws/install/custom_msg/local/lib/python3.10/dist-packages/custom_msg/srv
[3.178s] -- Installing: /home/matt/Documents/GitHub/Rover-Unity/ros2_ws/install/custom_msg/local/lib/python3.10/dist-packages/custom_msg/srv/__init__.py
[3.178s] -- Installing: /home/matt/Documents/GitHub/Rover-Unity/ros2_ws/install/custom_msg/local/lib/python3.10/dist-packages/custom_msg/srv/_add_three_ints_s.c
[3.178s] -- Installing: /home/matt/Documents/GitHub/Rover-Unity/ros2_ws/install/custom_msg/local/lib/python3.10/dist-packages/custom_msg/srv/_add_three_ints.py
[3.178s] -- Installing: /home/matt/Documents/GitHub/Rover-Unity/ros2_ws/install/custom_msg/local/lib/python3.10/dist-packages/custom_msg/_custom_msg_s.ep.rosidl_typesupport_introspection_c.c
[3.178s] -- Installing: /home/matt/Documents/GitHub/Rover-Unity/ros2_ws/install/custom_msg/local/lib/python3.10/dist-packages/custom_msg/custom_msg_s__rosidl_typesupport_c.cpython-310-x86_64-linux-gnu.so
[3.178s] -- Installing: /home/matt/Documents/GitHub/Rover-Unity/ros2_ws/install/custom_msg/local/lib/python3.10/dist-packages/custom_msg/custom_msg_s__rosidl_typesupport_fastrtps_c.cpython-310-x86_64-linux-gnu.so
[3.178s] -- Up-to-date: /home/matt/Documents/GitHub/Rover-Unity/ros2_ws/install/custom_msg/local/lib/python3.10/dist-packages/custom_msg/msg
[3.178s] -- Installing: /home/matt/Documents/GitHub/Rover-Unity/ros2_ws/install/custom_msg/local/lib/python3.10/dist-packages/custom_msg/msg/__init__.py
[3.178s] -- Installing: /home/matt/Documents/GitHub/Rover-Unity/ros2_ws/install/custom_msg/local/lib/python3.10/dist-packages/custom_msg/msg/_num_s.c
[3.178s] -- Installing: /home/matt/Documents/GitHub/Rover-Unity/ros2_ws/install/custom_msg/local/lib/python3.10/dist-packages/custom_msg/msg/_sphere.py
[3.178s] -- Installing: /home/matt/Documents/GitHub/Rover-Unity/ros2_ws/install/custom_msg/local/lib/python3.10/dist-packages/custom_msg/msg/_num.py
[3.178s] -- Installing: /home/matt/Documents/GitHub/Rover-Unity/ros2_ws/install/custom_msg/local/lib/python3.10/dist-packages/custom_msg/msg/_sphere_s.c
[3.178s] -- Installing: /home/matt/Documents/GitHub/Rover-Unity/ros2_ws/install/custom_msg/local/lib/python3.10/dist-packages/custom_msg/_custom_msg_s.ep.rosidl_typesupport_c.c
[3.199s] Listing '/home/matt/Documents/GitHub/Rover-Unity/ros2_ws/install/custom_msg/local/lib/python3.10/dist-packages/custom_msg'...
[3.199s] Compiling '/home/matt/Documents/GitHub/Rover-Unity/ros2_ws/install/custom_msg/local/lib/python3.10/dist-packages/custom_msg/__init__.py'...
[3.199s] Listing '/home/matt/Documents/GitHub/Rover-Unity/ros2_ws/install/custom_msg/local/lib/python3.10/dist-packages/custom_msg/msg'...
[3.199s] Compiling '/home/matt/Documents/GitHub/Rover-Unity/ros2_ws/install/custom_msg/local/lib/python3.10/dist-packages/custom_msg/msg/__init__.py'...
[3.199s] Compiling '/home/matt/Documents/GitHub/Rover-Unity/ros2_ws/install/custom_msg/local/lib/python3.10/dist-packages/custom_msg/msg/_num.py'...
[3.199s] Compiling '/home/matt/Documents/GitHub/Rover-Unity/ros2_ws/install/custom_msg/local/lib/python3.10/dist-packages/custom_msg/msg/_sphere.py'...
[3.199s] Listing '/home/matt/Documents/GitHub/Rover-Unity/ros2_ws/install/custom_msg/local/lib/python3.10/dist-packages/custom_msg/srv'...
[3.199s] Compiling '/home/matt/Documents/GitHub/Rover-Unity/ros2_ws/install/custom_msg/local/lib/python3.10/dist-packages/custom_msg/srv/__init__.py'...
[3.199s] Compiling '/home/matt/Documents/GitHub/Rover-Unity/ros2_ws/install/custom_msg/local/lib/python3.10/dist-packages/custom_msg/srv/_add_three_ints.py'...
[3.201s] -- Installing: /home/matt/Documents/GitHub/Rover-Unity/ros2_ws/install/custom_msg/local/lib/python3.10/dist-packages/custom_msg/custom_msg_s__rosidl_typesupport_fastrtps_c.cpython-310-x86_64-linux-gnu.so
[3.201s] -- Set runtime path of "/home/matt/Documents/GitHub/Rover-Unity/ros2_ws/install/custom_msg/local/lib/python3.10/dist-packages/custom_msg/custom_msg_s__rosidl_typesupport_fastrtps_c.cpython-310-x86_64-linux-gnu.so" to ""
[3.201s] -- Installing: /home/matt/Documents/GitHub/Rover-Unity/ros2_ws/install/custom_msg/local/lib/python3.10/dist-packages/custom_msg/custom_msg_s__rosidl_typesupport_introspection_c.cpython-310-x86_64-linux-gnu.so
[3.201s] -- Set runtime path of "/home/matt/Documents/GitHub/Rover-Unity/ros2_ws/install/custom_msg/local/lib/python3.10/dist-packages/custom_msg/custom_msg_s__rosidl_typesupport_introspection_c.cpython-310-x86_64-linux-gnu.so" to ""
[3.201s] -- Installing: /home/matt/Documents/GitHub/Rover-Unity/ros2_ws/install/custom_msg/local/lib/python3.10/dist-packages/custom_msg/custom_msg_s__rosidl_typesupport_c.cpython-310-x86_64-linux-gnu.so
[3.202s] -- Set runtime path of "/home/matt/Documents/GitHub/Rover-Unity/ros2_ws/install/custom_msg/local/lib/python3.10/dist-packages/custom_msg/custom_msg_s__rosidl_typesupport_c.cpython-310-x86_64-linux-gnu.so" to ""
[3.202s] -- Installing: /home/matt/Documents/GitHub/Rover-Unity/ros2_ws/install/custom_msg/lib/libcustom_msg__rosidl_generator_py.so
[3.202s] -- Set runtime path of "/home/matt/Documents/GitHub/Rover-Unity/ros2_ws/install/custom_msg/lib/libcustom_msg__rosidl_generator_py.so" to ""
[3.202s] -- Up-to-date: /home/matt/Documents/GitHub/Rover-Unity/ros2_ws/install/custom_msg/share/custom_msg/msg/Num.idl
[3.202s] -- Installing: /home/matt/Documents/GitHub/Rover-Unity/ros2_ws/install/custom_msg/share/custom_msg/msg/Sphere.idl
[3.202s] -- Up-to-date: /home/matt/Documents/GitHub/Rover-Unity/ros2_ws/install/custom_msg/share/custom_msg/srv/AddThreeInts.idl
[3.202s] -- Up-to-date: /home/matt/Documents/GitHub/Rover-Unity/ros2_ws/install/custom_msg/share/custom_msg/msg/Num.msg
[3.202s] -- Installing: /home/matt/Documents/GitHub/Rover-Unity/ros2_ws/install/custom_msg/share/custom_msg/msg/Sphere.msg
[3.202s] -- Up-to-date: /home/matt/Documents/GitHub/Rover-Unity/ros2_ws/install/custom_msg/share/custom_msg/srv/AddThreeInts.srv
[3.202s] -- Up-to-date: /home/matt/Documents/GitHub/Rover-Unity/ros2_ws/install/custom_msg/share/custom_msg/srv/AddThreeInts_Request.msg
[3.202s] -- Up-to-date: /home/matt/Documents/GitHub/Rover-Unity/ros2_ws/install/custom_msg/share/custom_msg/srv/AddThreeInts_Response.msg
[3.202s] -- Up-to-date: /home/matt/Documents/GitHub/Rover-Unity/ros2_ws/install/custom_msg/share/ament_index/resource_index/package_run_dependencies/custom_msg
[3.202s] -- Installing: /home/matt/Documents/GitHub/Rover-Unity/ros2_ws/install/custom_msg/share/ament_index/resource_index/parent_prefix_path/custom_msg
[3.202s] -- Up-to-date: /home/matt/Documents/GitHub/Rover-Unity/ros2_ws/install/custom_msg/share/custom_msg/environment/ament_prefix_path.sh
[3.202s] -- Installing: /home/matt/Documents/GitHub/Rover-Unity/ros2_ws/install/custom_msg/share/custom_msg/environment/ament_prefix_path.dsv
[3.202s] -- Up-to-date: /home/matt/Documents/GitHub/Rover-Unity/ros2_ws/install/custom_msg/share/custom_msg/environment/path.sh
[3.202s] -- Installing: /home/matt/Documents/GitHub/Rover-Unity/ros2_ws/install/custom_msg/share/custom_msg/environment/path.dsv
[3.202s] -- Up-to-date: /home/matt/Documents/GitHub/Rover-Unity/ros2_ws/install/custom_msg/share/custom_msg/local_setup.bash
[3.202s] -- Up-to-date: /home/matt/Documents/GitHub/Rover-Unity/ros2_ws/install/custom_msg/share/custom_msg/local_setup.sh
[3.202s] -- Up-to-date: /home/matt/Documents/GitHub/Rover-Unity/ros2_ws/install/custom_msg/share/custom_msg/local_setup.zsh
[3.202s] -- Installing: /home/matt/Documents/GitHub/Rover-Unity/ros2_ws/install/custom_msg/share/custom_msg/local_setup.dsv
[3.202s] -- Installing: /home/matt/Documents/GitHub/Rover-Unity/ros2_ws/install/custom_msg/share/custom_msg/package.dsv
[3.202s] -- Up-to-date: /home/matt/Documents/GitHub/Rover-Unity/ros2_ws/install/custom_msg/share/ament_index/resource_index/packages/custom_msg
[3.203s] -- Up-to-date: /home/matt/Documents/GitHub/Rover-Unity/ros2_ws/install/custom_msg/share/custom_msg/cmake/export_custom_msg__rosidl_generator_cExport.cmake
[3.203s] -- Up-to-date: /home/matt/Documents/GitHub/Rover-Unity/ros2_ws/install/custom_msg/share/custom_msg/cmake/export_custom_msg__rosidl_generator_cExport-noconfig.cmake
[3.203s] -- Up-to-date: /home/matt/Documents/GitHub/Rover-Unity/ros2_ws/install/custom_msg/share/custom_msg/cmake/export_custom_msg__rosidl_typesupport_fastrtps_cExport.cmake
[3.203s] -- Up-to-date: /home/matt/Documents/GitHub/Rover-Unity/ros2_ws/install/custom_msg/share/custom_msg/cmake/export_custom_msg__rosidl_typesupport_fastrtps_cExport-noconfig.cmake
[3.203s] -- Up-to-date: /home/matt/Documents/GitHub/Rover-Unity/ros2_ws/install/custom_msg/share/custom_msg/cmake/export_custom_msg__rosidl_generator_cppExport.cmake
[3.203s] -- Up-to-date: /home/matt/Documents/GitHub/Rover-Unity/ros2_ws/install/custom_msg/share/custom_msg/cmake/export_custom_msg__rosidl_typesupport_fastrtps_cppExport.cmake
[3.203s] -- Up-to-date: /home/matt/Documents/GitHub/Rover-Unity/ros2_ws/install/custom_msg/share/custom_msg/cmake/export_custom_msg__rosidl_typesupport_fastrtps_cppExport-noconfig.cmake
[3.203s] -- Up-to-date: /home/matt/Documents/GitHub/Rover-Unity/ros2_ws/install/custom_msg/share/custom_msg/cmake/custom_msg__rosidl_typesupport_introspection_cExport.cmake
[3.203s] -- Up-to-date: /home/matt/Documents/GitHub/Rover-Unity/ros2_ws/install/custom_msg/share/custom_msg/cmake/custom_msg__rosidl_typesupport_introspection_cExport-noconfig.cmake
[3.203s] -- Up-to-date: /home/matt/Documents/GitHub/Rover-Unity/ros2_ws/install/custom_msg/share/custom_msg/cmake/custom_msg__rosidl_typesupport_cExport.cmake
[3.203s] -- Up-to-date: /home/matt/Documents/GitHub/Rover-Unity/ros2_ws/install/custom_msg/share/custom_msg/cmake/custom_msg__rosidl_typesupport_cExport-noconfig.cmake
[3.203s] -- Up-to-date: /home/matt/Documents/GitHub/Rover-Unity/ros2_ws/install/custom_msg/share/custom_msg/cmake/custom_msg__rosidl_typesupport_introspection_cppExport.cmake
[3.203s] -- Up-to-date: /home/matt/Documents/GitHub/Rover-Unity/ros2_ws/install/custom_msg/share/custom_msg/cmake/custom_msg__rosidl_typesupport_introspection_cppExport-noconfig.cmake
[3.203s] -- Up-to-date: /home/matt/Documents/GitHub/Rover-Unity/ros2_ws/install/custom_msg/share/custom_msg/cmake/custom_msg__rosidl_typesupport_cppExport.cmake
[3.203s] -- Up-to-date: /home/matt/Documents/GitHub/Rover-Unity/ros2_ws/install/custom_msg/share/custom_msg/cmake/custom_msg__rosidl_typesupport_cppExport-noconfig.cmake
[3.203s] -- Up-to-date: /home/matt/Documents/GitHub/Rover-Unity/ros2_ws/install/custom_msg/share/custom_msg/cmake/export_custom_msg__rosidl_generator_pyExport.cmake
[3.203s] -- Up-to-date: /home/matt/Documents/GitHub/Rover-Unity/ros2_ws/install/custom_msg/share/custom_msg/cmake/export_custom_msg__rosidl_generator_pyExport-noconfig.cmake
[3.203s] -- Up-to-date: /home/matt/Documents/GitHub/Rover-Unity/ros2_ws/install/custom_msg/share/custom_msg/cmake/rosidl_cmake-extras.cmake
[3.203s] -- Up-to-date: /home/matt/Documents/GitHub/Rover-Unity/ros2_ws/install/custom_msg/share/custom_msg/cmake/ament_cmake_export_dependencies-extras.cmake
[3.203s] -- Up-to-date: /home/matt/Documents/GitHub/Rover-Unity/ros2_ws/install/custom_msg/share/custom_msg/cmake/ament_cmake_export_include_directories-extras.cmake
[3.203s] -- Up-to-date: /home/matt/Documents/GitHub/Rover-Unity/ros2_ws/install/custom_msg/share/custom_msg/cmake/ament_cmake_export_libraries-extras.cmake
[3.203s] -- Up-to-date: /home/matt/Documents/GitHub/Rover-Unity/ros2_ws/install/custom_msg/share/custom_msg/cmake/ament_cmake_export_targets-extras.cmake
[3.203s] -- Up-to-date: /home/matt/Documents/GitHub/Rover-Unity/ros2_ws/install/custom_msg/share/custom_msg/cmake/rosidl_cmake_export_typesupport_targets-extras.cmake
[3.203s] -- Up-to-date: /home/matt/Documents/GitHub/Rover-Unity/ros2_ws/install/custom_msg/share/custom_msg/cmake/rosidl_cmake_export_typesupport_libraries-extras.cmake
[3.203s] -- Up-to-date: /home/matt/Documents/GitHub/Rover-Unity/ros2_ws/install/custom_msg/share/custom_msg/cmake/custom_msgConfig.cmake
[3.203s] -- Up-to-date: /home/matt/Documents/GitHub/Rover-Unity/ros2_ws/install/custom_msg/share/custom_msg/cmake/custom_msgConfig-version.cmake
[3.203s] -- Up-to-date: /home/matt/Documents/GitHub/Rover-Unity/ros2_ws/install/custom_msg/share/custom_msg/package.xml
[3.204s] Invoked command in '/home/matt/Documents/GitHub/Rover-Unity/ros2_ws/build/custom_msg' returned '0': CMAKE_PREFIX_PATH=${CMAKE_PREFIX_PATH}:/home/matt/Documents/GitHub/Rover-Unity/ros2_ws/install/py_pubsub:/home/matt/Documents/GitHub/Rover-Unity/ros2_ws/install/AutonControlNode:/opt/ros/humble /usr/bin/cmake --install /home/matt/Documents/GitHub/Rover-Unity/ros2_ws/build/custom_msg
