[0.790s] Invoking command in '/home/matt/Documents/GitHub/Rover-Unity/ros2_ws/build/py_pubsub': PYTHONPATH=/home/matt/Documents/GitHub/Rover-Unity/ros2_ws/build/py_pubsub/prefix_override:/usr/lib/python3/dist-packages/colcon_core/task/python/colcon_distutils_commands:/home/matt/Documents/GitHub/Rover-Unity/ros2_ws/install/py_pubsub/lib/python3.10/site-packages:${PYTHONPATH} /usr/bin/python3 -W ignore:setup.py install is deprecated -W ignore:easy_install command is deprecated setup.py develop --editable --build-directory /home/matt/Documents/GitHub/Rover-Unity/ros2_ws/build/py_pubsub/build --no-deps symlink_data --force
[0.995s] running develop
[1.067s] running egg_info
[1.067s] writing py_pubsub.egg-info/PKG-INFO
[1.067s] writing dependency_links to py_pubsub.egg-info/dependency_links.txt
[1.067s] writing entry points to py_pubsub.egg-info/entry_points.txt
[1.067s] writing requirements to py_pubsub.egg-info/requires.txt
[1.067s] writing top-level names to py_pubsub.egg-info/top_level.txt
[1.068s] reading manifest file 'py_pubsub.egg-info/SOURCES.txt'
[1.068s] writing manifest file 'py_pubsub.egg-info/SOURCES.txt'
[1.069s] running build_ext
[1.069s] Creating /home/matt/Documents/GitHub/Rover-Unity/ros2_ws/install/py_pubsub/lib/python3.10/site-packages/py-pubsub.egg-link (link to .)
[1.069s] Installing auton_controller script to /home/matt/Documents/GitHub/Rover-Unity/ros2_ws/install/py_pubsub/lib/py_pubsub
[1.070s] Installing listener script to /home/matt/Documents/GitHub/Rover-Unity/ros2_ws/install/py_pubsub/lib/py_pubsub
[1.070s] Installing simple_position script to /home/matt/Documents/GitHub/Rover-Unity/ros2_ws/install/py_pubsub/lib/py_pubsub
[1.070s] Installing talker script to /home/matt/Documents/GitHub/Rover-Unity/ros2_ws/install/py_pubsub/lib/py_pubsub
[1.070s] Installing tcp_relay script to /home/matt/Documents/GitHub/Rover-Unity/ros2_ws/install/py_pubsub/lib/py_pubsub
[1.070s] 
[1.070s] Installed /home/matt/Documents/GitHub/Rover-Unity/ros2_ws/build/py_pubsub
[1.070s] running symlink_data
[1.070s] symbolically linking /home/matt/Documents/GitHub/Rover-Unity/ros2_ws/build/py_pubsub/resource/py_pubsub -> /home/matt/Documents/GitHub/Rover-Unity/ros2_ws/install/py_pubsub/share/ament_index/resource_index/packages
[1.070s] symbolically linking /home/matt/Documents/GitHub/Rover-Unity/ros2_ws/build/py_pubsub/package.xml -> /home/matt/Documents/GitHub/Rover-Unity/ros2_ws/install/py_pubsub/share/py_pubsub
[1.088s] Invoked command in '/home/matt/Documents/GitHub/Rover-Unity/ros2_ws/build/py_pubsub' returned '0': PYTHONPATH=/home/matt/Documents/GitHub/Rover-Unity/ros2_ws/build/py_pubsub/prefix_override:/usr/lib/python3/dist-packages/colcon_core/task/python/colcon_distutils_commands:/home/matt/Documents/GitHub/Rover-Unity/ros2_ws/install/py_pubsub/lib/python3.10/site-packages:${PYTHONPATH} /usr/bin/python3 -W ignore:setup.py install is deprecated -W ignore:easy_install command is deprecated setup.py develop --editable --build-directory /home/matt/Documents/GitHub/Rover-Unity/ros2_ws/build/py_pubsub/build --no-deps symlink_data --force
