[1.695s] Invoking command in '/home/matt/Documents/GitHub/Rover-Unity/ros2_ws/build/py_pubsub': PYTHONPATH=/home/matt/Documents/GitHub/Rover-Unity/ros2_ws/build/py_pubsub/prefix_override:/usr/lib/python3/dist-packages/colcon_core/task/python/colcon_distutils_commands:/home/matt/Documents/GitHub/Rover-Unity/ros2_ws/install/py_pubsub/lib/python3.10/site-packages:${PYTHONPATH} /usr/bin/python3 -W ignore:setup.py install is deprecated -W ignore:easy_install command is deprecated setup.py develop --editable --build-directory /home/matt/Documents/GitHub/Rover-Unity/ros2_ws/build/py_pubsub/build --no-deps symlink_data --force
[2.383s] running develop
[2.582s] running egg_info
[2.582s] writing py_pubsub.egg-info/PKG-INFO
[2.583s] writing dependency_links to py_pubsub.egg-info/dependency_links.txt
[2.583s] writing entry points to py_pubsub.egg-info/entry_points.txt
[2.583s] writing requirements to py_pubsub.egg-info/requires.txt
[2.583s] writing top-level names to py_pubsub.egg-info/top_level.txt
[2.587s] reading manifest file 'py_pubsub.egg-info/SOURCES.txt'
[2.588s] writing manifest file 'py_pubsub.egg-info/SOURCES.txt'
[2.591s] running build_ext
[2.591s] Creating /home/matt/Documents/GitHub/Rover-Unity/ros2_ws/install/py_pubsub/lib/python3.10/site-packages/py-pubsub.egg-link (link to .)
[2.592s] Installing auton_controller script to /home/matt/Documents/GitHub/Rover-Unity/ros2_ws/install/py_pubsub/lib/py_pubsub
[2.593s] Installing listener script to /home/matt/Documents/GitHub/Rover-Unity/ros2_ws/install/py_pubsub/lib/py_pubsub
[2.593s] Installing simple_position script to /home/matt/Documents/GitHub/Rover-Unity/ros2_ws/install/py_pubsub/lib/py_pubsub
[2.593s] Installing talker script to /home/matt/Documents/GitHub/Rover-Unity/ros2_ws/install/py_pubsub/lib/py_pubsub
[2.593s] Installing tcp_relay script to /home/matt/Documents/GitHub/Rover-Unity/ros2_ws/install/py_pubsub/lib/py_pubsub
[2.594s] 
[2.594s] Installed /home/matt/Documents/GitHub/Rover-Unity/ros2_ws/build/py_pubsub
[2.594s] running symlink_data
[2.594s] symbolically linking /home/matt/Documents/GitHub/Rover-Unity/ros2_ws/build/py_pubsub/resource/py_pubsub -> /home/matt/Documents/GitHub/Rover-Unity/ros2_ws/install/py_pubsub/share/ament_index/resource_index/packages
[2.594s] symbolically linking /home/matt/Documents/GitHub/Rover-Unity/ros2_ws/build/py_pubsub/package.xml -> /home/matt/Documents/GitHub/Rover-Unity/ros2_ws/install/py_pubsub/share/py_pubsub
[2.701s] Invoked command in '/home/matt/Documents/GitHub/Rover-Unity/ros2_ws/build/py_pubsub' returned '0': PYTHONPATH=/home/matt/Documents/GitHub/Rover-Unity/ros2_ws/build/py_pubsub/prefix_override:/usr/lib/python3/dist-packages/colcon_core/task/python/colcon_distutils_commands:/home/matt/Documents/GitHub/Rover-Unity/ros2_ws/install/py_pubsub/lib/python3.10/site-packages:${PYTHONPATH} /usr/bin/python3 -W ignore:setup.py install is deprecated -W ignore:easy_install command is deprecated setup.py develop --editable --build-directory /home/matt/Documents/GitHub/Rover-Unity/ros2_ws/build/py_pubsub/build --no-deps symlink_data --force
