[0.056s] DEBUG:colcon:Command line arguments: ['/usr/bin/colcon', 'build', '--packages-select', 'AutonControlNode']
[0.056s] DEBUG:colcon:Parsed command line arguments: Namespace(log_base=None, log_level=None, verb_name='build', build_base='build', install_base='install', merge_install=False, symlink_install=False, test_result_base=None, continue_on_error=False, executor='parallel', parallel_workers=20, event_handlers=None, ignore_user_meta=False, metas=['./colcon.meta'], base_paths=['.'], packages_ignore=None, packages_ignore_regex=None, paths=None, packages_up_to=None, packages_up_to_regex=None, packages_above=None, packages_above_and_dependencies=None, packages_above_depth=None, packages_select_by_dep=None, packages_skip_by_dep=None, packages_skip_up_to=None, packages_select_build_failed=False, packages_skip_build_finished=False, packages_select_test_failures=False, packages_skip_test_passed=False, packages_select=['AutonControlNode'], packages_skip=None, packages_select_regex=None, packages_skip_regex=None, packages_start=None, packages_end=None, allow_overriding=[], cmake_args=None, cmake_target=None, cmake_target_skip_unavailable=False, cmake_clean_cache=False, cmake_clean_first=False, cmake_force_configure=False, ament_cmake_args=None, catkin_cmake_args=None, catkin_skip_building_tests=False, verb_parser=<colcon_defaults.argument_parser.defaults.DefaultArgumentsDecorator object at 0x7cf7475ff9d0>, verb_extension=<colcon_core.verb.build.BuildVerb object at 0x7cf747544e20>, main=<bound method BuildVerb.main of <colcon_core.verb.build.BuildVerb object at 0x7cf747544e20>>)
[0.137s] Level 1:colcon.colcon_core.package_discovery:discover_packages(colcon_meta) check parameters
[0.137s] Level 1:colcon.colcon_core.package_discovery:discover_packages(recursive) check parameters
[0.137s] Level 1:colcon.colcon_core.package_discovery:discover_packages(ignore) check parameters
[0.137s] Level 1:colcon.colcon_core.package_discovery:discover_packages(path) check parameters
[0.137s] Level 1:colcon.colcon_core.package_discovery:discover_packages(colcon_meta) discover
[0.137s] Level 1:colcon.colcon_core.package_discovery:discover_packages(recursive) discover
[0.137s] INFO:colcon.colcon_core.package_discovery:Crawling recursively for packages in '/home/matt/Documents/GitHub/rover-auton/ros2_ws'
[0.137s] Level 1:colcon.colcon_core.package_identification:_identify(.) by extensions ['ignore', 'ignore_ament_install']
[0.137s] Level 1:colcon.colcon_core.package_identification:_identify(.) by extension 'ignore'
[0.137s] Level 1:colcon.colcon_core.package_identification:_identify(.) by extension 'ignore_ament_install'
[0.137s] Level 1:colcon.colcon_core.package_identification:_identify(.) by extensions ['colcon_pkg']
[0.137s] Level 1:colcon.colcon_core.package_identification:_identify(.) by extension 'colcon_pkg'
[0.137s] Level 1:colcon.colcon_core.package_identification:_identify(.) by extensions ['colcon_meta']
[0.137s] Level 1:colcon.colcon_core.package_identification:_identify(.) by extension 'colcon_meta'
[0.137s] Level 1:colcon.colcon_core.package_identification:_identify(.) by extensions ['ros']
[0.137s] Level 1:colcon.colcon_core.package_identification:_identify(.) by extension 'ros'
[0.144s] Level 1:colcon.colcon_core.package_identification:_identify(.) by extensions ['cmake', 'python']
[0.144s] Level 1:colcon.colcon_core.package_identification:_identify(.) by extension 'cmake'
[0.144s] Level 1:colcon.colcon_core.package_identification:_identify(.) by extension 'python'
[0.144s] Level 1:colcon.colcon_core.package_identification:_identify(.) by extensions ['python_setup_py']
[0.144s] Level 1:colcon.colcon_core.package_identification:_identify(.) by extension 'python_setup_py'
[0.144s] Level 1:colcon.colcon_core.package_identification:_identify(build) by extensions ['ignore', 'ignore_ament_install']
[0.144s] Level 1:colcon.colcon_core.package_identification:_identify(build) by extension 'ignore'
[0.144s] Level 1:colcon.colcon_core.package_identification:_identify(build) ignored
[0.144s] Level 1:colcon.colcon_core.package_identification:_identify(install) by extensions ['ignore', 'ignore_ament_install']
[0.144s] Level 1:colcon.colcon_core.package_identification:_identify(install) by extension 'ignore'
[0.144s] Level 1:colcon.colcon_core.package_identification:_identify(install) ignored
[0.144s] Level 1:colcon.colcon_core.package_identification:_identify(log) by extensions ['ignore', 'ignore_ament_install']
[0.144s] Level 1:colcon.colcon_core.package_identification:_identify(log) by extension 'ignore'
[0.144s] Level 1:colcon.colcon_core.package_identification:_identify(log) ignored
[0.144s] Level 1:colcon.colcon_core.package_identification:_identify(src) by extensions ['ignore', 'ignore_ament_install']
[0.144s] Level 1:colcon.colcon_core.package_identification:_identify(src) by extension 'ignore'
[0.144s] Level 1:colcon.colcon_core.package_identification:_identify(src) by extension 'ignore_ament_install'
[0.144s] Level 1:colcon.colcon_core.package_identification:_identify(src) by extensions ['colcon_pkg']
[0.144s] Level 1:colcon.colcon_core.package_identification:_identify(src) by extension 'colcon_pkg'
[0.145s] Level 1:colcon.colcon_core.package_identification:_identify(src) by extensions ['colcon_meta']
[0.145s] Level 1:colcon.colcon_core.package_identification:_identify(src) by extension 'colcon_meta'
[0.145s] Level 1:colcon.colcon_core.package_identification:_identify(src) by extensions ['ros']
[0.145s] Level 1:colcon.colcon_core.package_identification:_identify(src) by extension 'ros'
[0.145s] Level 1:colcon.colcon_core.package_identification:_identify(src) by extensions ['cmake', 'python']
[0.145s] Level 1:colcon.colcon_core.package_identification:_identify(src) by extension 'cmake'
[0.145s] Level 1:colcon.colcon_core.package_identification:_identify(src) by extension 'python'
[0.145s] Level 1:colcon.colcon_core.package_identification:_identify(src) by extensions ['python_setup_py']
[0.145s] Level 1:colcon.colcon_core.package_identification:_identify(src) by extension 'python_setup_py'
[0.145s] Level 1:colcon.colcon_core.package_identification:_identify(src/AutonControlNode) by extensions ['ignore', 'ignore_ament_install']
[0.145s] Level 1:colcon.colcon_core.package_identification:_identify(src/AutonControlNode) by extension 'ignore'
[0.145s] Level 1:colcon.colcon_core.package_identification:_identify(src/AutonControlNode) by extension 'ignore_ament_install'
[0.145s] Level 1:colcon.colcon_core.package_identification:_identify(src/AutonControlNode) by extensions ['colcon_pkg']
[0.145s] Level 1:colcon.colcon_core.package_identification:_identify(src/AutonControlNode) by extension 'colcon_pkg'
[0.145s] Level 1:colcon.colcon_core.package_identification:_identify(src/AutonControlNode) by extensions ['colcon_meta']
[0.145s] Level 1:colcon.colcon_core.package_identification:_identify(src/AutonControlNode) by extension 'colcon_meta'
[0.145s] Level 1:colcon.colcon_core.package_identification:_identify(src/AutonControlNode) by extensions ['ros']
[0.145s] Level 1:colcon.colcon_core.package_identification:_identify(src/AutonControlNode) by extension 'ros'
[0.146s] DEBUG:colcon.colcon_core.package_identification:Package 'src/AutonControlNode' with type 'ros.ament_python' and name 'AutonControlNode'
[0.146s] Level 1:colcon.colcon_core.package_discovery:discover_packages(recursive) using defaults
[0.146s] Level 1:colcon.colcon_core.package_discovery:discover_packages(ignore) discover
[0.146s] Level 1:colcon.colcon_core.package_discovery:discover_packages(ignore) using defaults
[0.146s] Level 1:colcon.colcon_core.package_discovery:discover_packages(path) discover
[0.146s] Level 1:colcon.colcon_core.package_discovery:discover_packages(path) using defaults
[0.158s] Level 1:colcon.colcon_core.package_discovery:discover_packages(prefix_path) check parameters
[0.158s] Level 1:colcon.colcon_core.package_discovery:discover_packages(prefix_path) discover
[0.159s] DEBUG:colcon.colcon_installed_package_information.package_discovery:Found 270 installed packages in /opt/ros/humble
[0.160s] Level 1:colcon.colcon_core.package_discovery:discover_packages(prefix_path) using defaults
[0.185s] Level 5:colcon.colcon_core.verb:set package 'AutonControlNode' build argument 'cmake_args' from command line to 'None'
[0.185s] Level 5:colcon.colcon_core.verb:set package 'AutonControlNode' build argument 'cmake_target' from command line to 'None'
[0.185s] Level 5:colcon.colcon_core.verb:set package 'AutonControlNode' build argument 'cmake_target_skip_unavailable' from command line to 'False'
[0.185s] Level 5:colcon.colcon_core.verb:set package 'AutonControlNode' build argument 'cmake_clean_cache' from command line to 'False'
[0.185s] Level 5:colcon.colcon_core.verb:set package 'AutonControlNode' build argument 'cmake_clean_first' from command line to 'False'
[0.185s] Level 5:colcon.colcon_core.verb:set package 'AutonControlNode' build argument 'cmake_force_configure' from command line to 'False'
[0.185s] Level 5:colcon.colcon_core.verb:set package 'AutonControlNode' build argument 'ament_cmake_args' from command line to 'None'
[0.185s] Level 5:colcon.colcon_core.verb:set package 'AutonControlNode' build argument 'catkin_cmake_args' from command line to 'None'
[0.185s] Level 5:colcon.colcon_core.verb:set package 'AutonControlNode' build argument 'catkin_skip_building_tests' from command line to 'False'
[0.185s] DEBUG:colcon.colcon_core.verb:Building package 'AutonControlNode' with the following arguments: {'ament_cmake_args': None, 'build_base': '/home/matt/Documents/GitHub/rover-auton/ros2_ws/build/AutonControlNode', 'catkin_cmake_args': None, 'catkin_skip_building_tests': False, 'cmake_args': None, 'cmake_clean_cache': False, 'cmake_clean_first': False, 'cmake_force_configure': False, 'cmake_target': None, 'cmake_target_skip_unavailable': False, 'install_base': '/home/matt/Documents/GitHub/rover-auton/ros2_ws/install/AutonControlNode', 'merge_install': False, 'path': '/home/matt/Documents/GitHub/rover-auton/ros2_ws/src/AutonControlNode', 'symlink_install': False, 'test_result_base': None}
[0.185s] INFO:colcon.colcon_core.executor:Executing jobs using 'parallel' executor
[0.186s] DEBUG:colcon.colcon_parallel_executor.executor.parallel:run_until_complete
[0.186s] INFO:colcon.colcon_ros.task.ament_python.build:Building ROS package in '/home/matt/Documents/GitHub/rover-auton/ros2_ws/src/AutonControlNode' with build type 'ament_python'
[0.186s] Level 1:colcon.colcon_core.shell:create_environment_hook('AutonControlNode', 'ament_prefix_path')
[0.187s] INFO:colcon.colcon_core.plugin_system:Skipping extension 'colcon_core.shell.bat': Not used on non-Windows systems
[0.187s] INFO:colcon.colcon_core.shell:Creating environment hook '/home/matt/Documents/GitHub/rover-auton/ros2_ws/install/AutonControlNode/share/AutonControlNode/hook/ament_prefix_path.ps1'
[0.188s] INFO:colcon.colcon_core.shell:Creating environment descriptor '/home/matt/Documents/GitHub/rover-auton/ros2_ws/install/AutonControlNode/share/AutonControlNode/hook/ament_prefix_path.dsv'
[0.188s] INFO:colcon.colcon_core.shell:Creating environment hook '/home/matt/Documents/GitHub/rover-auton/ros2_ws/install/AutonControlNode/share/AutonControlNode/hook/ament_prefix_path.sh'
[0.188s] INFO:colcon.colcon_core.shell:Skip shell extension 'powershell' for command environment: Not usable outside of PowerShell
[0.188s] DEBUG:colcon.colcon_core.shell:Skip shell extension 'dsv' for command environment
[0.318s] INFO:colcon.colcon_core.task.python.build:Building Python package in '/home/matt/Documents/GitHub/rover-auton/ros2_ws/src/AutonControlNode'
[0.318s] INFO:colcon.colcon_core.shell:Skip shell extension 'powershell' for command environment: Not usable outside of PowerShell
[0.318s] DEBUG:colcon.colcon_core.shell:Skip shell extension 'dsv' for command environment
[0.490s] DEBUG:colcon.colcon_core.event_handler.log_command:Invoking command in '/home/matt/Documents/GitHub/rover-auton/ros2_ws/src/AutonControlNode': PYTHONPATH=/home/matt/Documents/GitHub/rover-auton/ros2_ws/build/AutonControlNode/prefix_override:/usr/lib/python3/dist-packages/colcon_core/task/python/colcon_distutils_commands:/home/matt/Documents/GitHub/rover-auton/ros2_ws/install/AutonControlNode/lib/python3.10/site-packages:${PYTHONPATH} /usr/bin/python3 -W ignore:setup.py install is deprecated -W ignore:easy_install command is deprecated setup.py egg_info --egg-base ../../build/AutonControlNode build --build-base /home/matt/Documents/GitHub/rover-auton/ros2_ws/build/AutonControlNode/build install --record /home/matt/Documents/GitHub/rover-auton/ros2_ws/build/AutonControlNode/install.log --single-version-externally-managed install_data
[0.639s] DEBUG:colcon.colcon_core.event_handler.log_command:Invoked command in '/home/matt/Documents/GitHub/rover-auton/ros2_ws/src/AutonControlNode' returned '0': PYTHONPATH=/home/matt/Documents/GitHub/rover-auton/ros2_ws/build/AutonControlNode/prefix_override:/usr/lib/python3/dist-packages/colcon_core/task/python/colcon_distutils_commands:/home/matt/Documents/GitHub/rover-auton/ros2_ws/install/AutonControlNode/lib/python3.10/site-packages:${PYTHONPATH} /usr/bin/python3 -W ignore:setup.py install is deprecated -W ignore:easy_install command is deprecated setup.py egg_info --egg-base ../../build/AutonControlNode build --build-base /home/matt/Documents/GitHub/rover-auton/ros2_ws/build/AutonControlNode/build install --record /home/matt/Documents/GitHub/rover-auton/ros2_ws/build/AutonControlNode/install.log --single-version-externally-managed install_data
[0.640s] Level 1:colcon.colcon_core.environment:checking '/home/matt/Documents/GitHub/rover-auton/ros2_ws/install/AutonControlNode' for CMake module files
[0.640s] Level 1:colcon.colcon_core.environment:checking '/home/matt/Documents/GitHub/rover-auton/ros2_ws/install/AutonControlNode' for CMake config files
[0.640s] Level 1:colcon.colcon_core.environment:checking '/home/matt/Documents/GitHub/rover-auton/ros2_ws/install/AutonControlNode/lib'
[0.641s] Level 1:colcon.colcon_core.environment:checking '/home/matt/Documents/GitHub/rover-auton/ros2_ws/install/AutonControlNode/bin'
[0.641s] Level 1:colcon.colcon_core.environment:checking '/home/matt/Documents/GitHub/rover-auton/ros2_ws/install/AutonControlNode/lib/pkgconfig/AutonControlNode.pc'
[0.641s] Level 1:colcon.colcon_core.environment:checking '/home/matt/Documents/GitHub/rover-auton/ros2_ws/install/AutonControlNode/lib/python3.10/site-packages'
[0.641s] Level 1:colcon.colcon_core.shell:create_environment_hook('AutonControlNode', 'pythonpath')
[0.641s] INFO:colcon.colcon_core.shell:Creating environment hook '/home/matt/Documents/GitHub/rover-auton/ros2_ws/install/AutonControlNode/share/AutonControlNode/hook/pythonpath.ps1'
[0.641s] INFO:colcon.colcon_core.shell:Creating environment descriptor '/home/matt/Documents/GitHub/rover-auton/ros2_ws/install/AutonControlNode/share/AutonControlNode/hook/pythonpath.dsv'
[0.641s] INFO:colcon.colcon_core.shell:Creating environment hook '/home/matt/Documents/GitHub/rover-auton/ros2_ws/install/AutonControlNode/share/AutonControlNode/hook/pythonpath.sh'
[0.642s] Level 1:colcon.colcon_core.environment:checking '/home/matt/Documents/GitHub/rover-auton/ros2_ws/install/AutonControlNode/bin'
[0.642s] Level 1:colcon.colcon_core.environment:create_environment_scripts_only(AutonControlNode)
[0.642s] INFO:colcon.colcon_core.shell:Creating package script '/home/matt/Documents/GitHub/rover-auton/ros2_ws/install/AutonControlNode/share/AutonControlNode/package.ps1'
[0.643s] INFO:colcon.colcon_core.shell:Creating package descriptor '/home/matt/Documents/GitHub/rover-auton/ros2_ws/install/AutonControlNode/share/AutonControlNode/package.dsv'
[0.643s] INFO:colcon.colcon_core.shell:Creating package script '/home/matt/Documents/GitHub/rover-auton/ros2_ws/install/AutonControlNode/share/AutonControlNode/package.sh'
[0.643s] INFO:colcon.colcon_core.shell:Creating package script '/home/matt/Documents/GitHub/rover-auton/ros2_ws/install/AutonControlNode/share/AutonControlNode/package.bash'
[0.644s] INFO:colcon.colcon_core.shell:Creating package script '/home/matt/Documents/GitHub/rover-auton/ros2_ws/install/AutonControlNode/share/AutonControlNode/package.zsh'
[0.644s] Level 1:colcon.colcon_core.environment:create_file_with_runtime_dependencies(/home/matt/Documents/GitHub/rover-auton/ros2_ws/install/AutonControlNode/share/colcon-core/packages/AutonControlNode)
[0.644s] DEBUG:colcon.colcon_parallel_executor.executor.parallel:closing loop
[0.644s] DEBUG:colcon.colcon_parallel_executor.executor.parallel:loop closed
[0.644s] DEBUG:colcon.colcon_parallel_executor.executor.parallel:run_until_complete finished with '0'
[0.645s] DEBUG:colcon.colcon_core.event_reactor:joining thread
[0.647s] INFO:colcon.colcon_core.plugin_system:Skipping extension 'colcon_notification.desktop_notification.terminal_notifier': Not used on non-Darwin systems
[0.647s] INFO:colcon.colcon_core.plugin_system:Skipping extension 'colcon_notification.desktop_notification.win32': Not used on non-Windows systems
[0.647s] INFO:colcon.colcon_notification.desktop_notification:Sending desktop notification using 'notify2'
[0.653s] DEBUG:colcon.colcon_core.event_reactor:joined thread
[0.653s] INFO:colcon.colcon_core.shell:Creating prefix script '/home/matt/Documents/GitHub/rover-auton/ros2_ws/install/local_setup.ps1'
[0.654s] INFO:colcon.colcon_core.shell:Creating prefix util module '/home/matt/Documents/GitHub/rover-auton/ros2_ws/install/_local_setup_util_ps1.py'
[0.655s] INFO:colcon.colcon_core.shell:Creating prefix chain script '/home/matt/Documents/GitHub/rover-auton/ros2_ws/install/setup.ps1'
[0.655s] INFO:colcon.colcon_core.shell:Creating prefix script '/home/matt/Documents/GitHub/rover-auton/ros2_ws/install/local_setup.sh'
[0.655s] INFO:colcon.colcon_core.shell:Creating prefix util module '/home/matt/Documents/GitHub/rover-auton/ros2_ws/install/_local_setup_util_sh.py'
[0.656s] INFO:colcon.colcon_core.shell:Creating prefix chain script '/home/matt/Documents/GitHub/rover-auton/ros2_ws/install/setup.sh'
[0.656s] INFO:colcon.colcon_core.shell:Creating prefix script '/home/matt/Documents/GitHub/rover-auton/ros2_ws/install/local_setup.bash'
[0.656s] INFO:colcon.colcon_core.shell:Creating prefix chain script '/home/matt/Documents/GitHub/rover-auton/ros2_ws/install/setup.bash'
[0.657s] INFO:colcon.colcon_core.shell:Creating prefix script '/home/matt/Documents/GitHub/rover-auton/ros2_ws/install/local_setup.zsh'
[0.657s] INFO:colcon.colcon_core.shell:Creating prefix chain script '/home/matt/Documents/GitHub/rover-auton/ros2_ws/install/setup.zsh'
