[0.635s] Invoking command in '/home/henry/Rover-Unity/ros2_ws/src/py_pubsub': PYTHONPATH=/home/henry/Rover-Unity/ros2_ws/build/py_pubsub/prefix_override:/usr/lib/python3/dist-packages/colcon_core/task/python/colcon_distutils_commands:/home/henry/Rover-Unity/ros2_ws/install/py_pubsub/lib/python3.10/site-packages:${PYTHONPATH} /usr/bin/python3 -W ignore:setup.py install is deprecated -W ignore:easy_install command is deprecated setup.py egg_info --egg-base ../../build/py_pubsub build --build-base /home/henry/Rover-Unity/ros2_ws/build/py_pubsub/build install --record /home/henry/Rover-Unity/ros2_ws/build/py_pubsub/install.log --single-version-externally-managed install_data
[0.789s] running egg_info
[0.789s] writing ../../build/py_pubsub/py_pubsub.egg-info/PKG-INFO
[0.789s] writing dependency_links to ../../build/py_pubsub/py_pubsub.egg-info/dependency_links.txt
[0.789s] writing entry points to ../../build/py_pubsub/py_pubsub.egg-info/entry_points.txt
[0.790s] writing requirements to ../../build/py_pubsub/py_pubsub.egg-info/requires.txt
[0.790s] writing top-level names to ../../build/py_pubsub/py_pubsub.egg-info/top_level.txt
[0.791s] reading manifest file '../../build/py_pubsub/py_pubsub.egg-info/SOURCES.txt'
[0.792s] writing manifest file '../../build/py_pubsub/py_pubsub.egg-info/SOURCES.txt'
[0.792s] running build
[0.792s] running build_py
[0.792s] copying py_pubsub/tcp_relay.py -> /home/henry/Rover-Unity/ros2_ws/build/py_pubsub/build/lib/py_pubsub
[0.792s] running install
[0.793s] running install_lib
[0.793s] copying /home/henry/Rover-Unity/ros2_ws/build/py_pubsub/build/lib/py_pubsub/tcp_relay.py -> /home/henry/Rover-Unity/ros2_ws/install/py_pubsub/lib/python3.10/site-packages/py_pubsub
[0.794s] byte-compiling /home/henry/Rover-Unity/ros2_ws/install/py_pubsub/lib/python3.10/site-packages/py_pubsub/tcp_relay.py to tcp_relay.cpython-310.pyc
[0.795s] running install_data
[0.795s]   File "/home/henry/Rover-Unity/ros2_ws/install/py_pubsub/lib/python3.10/site-packages/py_pubsub/tcp_relay.py", line 102
[0.795s]     message+=:f"{msg};"
[0.795s]              ^
[0.795s] SyntaxError: invalid syntax
[0.795s] 
[0.795s] running install_egg_info
[0.796s] removing '/home/henry/Rover-Unity/ros2_ws/install/py_pubsub/lib/python3.10/site-packages/py_pubsub-0.0.0-py3.10.egg-info' (and everything under it)
[0.796s] Copying ../../build/py_pubsub/py_pubsub.egg-info to /home/henry/Rover-Unity/ros2_ws/install/py_pubsub/lib/python3.10/site-packages/py_pubsub-0.0.0-py3.10.egg-info
[0.797s] running install_scripts
[0.813s] Installing auton_controller script to /home/henry/Rover-Unity/ros2_ws/install/py_pubsub/lib/py_pubsub
[0.814s] Installing listener script to /home/henry/Rover-Unity/ros2_ws/install/py_pubsub/lib/py_pubsub
[0.814s] Installing simple_position script to /home/henry/Rover-Unity/ros2_ws/install/py_pubsub/lib/py_pubsub
[0.814s] Installing talker script to /home/henry/Rover-Unity/ros2_ws/install/py_pubsub/lib/py_pubsub
[0.814s] Installing tcp_relay script to /home/henry/Rover-Unity/ros2_ws/install/py_pubsub/lib/py_pubsub
[0.814s] Installing udp_relay script to /home/henry/Rover-Unity/ros2_ws/install/py_pubsub/lib/py_pubsub
[0.814s] writing list of installed files to '/home/henry/Rover-Unity/ros2_ws/build/py_pubsub/install.log'
[0.857s] Invoked command in '/home/henry/Rover-Unity/ros2_ws/src/py_pubsub' returned '0': PYTHONPATH=/home/henry/Rover-Unity/ros2_ws/build/py_pubsub/prefix_override:/usr/lib/python3/dist-packages/colcon_core/task/python/colcon_distutils_commands:/home/henry/Rover-Unity/ros2_ws/install/py_pubsub/lib/python3.10/site-packages:${PYTHONPATH} /usr/bin/python3 -W ignore:setup.py install is deprecated -W ignore:easy_install command is deprecated setup.py egg_info --egg-base ../../build/py_pubsub build --build-base /home/henry/Rover-Unity/ros2_ws/build/py_pubsub/build install --record /home/henry/Rover-Unity/ros2_ws/build/py_pubsub/install.log --single-version-externally-managed install_data
