[0.006s] Invoking command in '/home/matt/Documents/GitHub/Rover-Unity/ros2_ws/build/custom_msg': CMAKE_PREFIX_PATH=/opt/ros/humble /usr/bin/cmake --build /home/matt/Documents/GitHub/Rover-Unity/ros2_ws/build/custom_msg -- -j20 -l20
[0.020s] -- Found ament_cmake: 1.3.11 (/opt/ros/humble/share/ament_cmake/cmake)
[0.087s] -- Found geometry_msgs: 4.2.4 (/opt/ros/humble/share/geometry_msgs/cmake)
[0.100s] -- Found rosidl_generator_c: 3.1.6 (/opt/ros/humble/share/rosidl_generator_c/cmake)
[0.101s] -- Found rosidl_adapter: 3.1.6 (/opt/ros/humble/share/rosidl_adapter/cmake)
[0.104s] -- Found rosidl_generator_cpp: 3.1.6 (/opt/ros/humble/share/rosidl_generator_cpp/cmake)
[0.109s] -- Using all available rosidl_typesupport_c: rosidl_typesupport_fastrtps_c;rosidl_typesupport_introspection_c
[0.115s] -- Using all available rosidl_typesupport_cpp: rosidl_typesupport_fastrtps_cpp;rosidl_typesupport_introspection_cpp
[0.134s] -- Found rosidl_default_generators: 1.2.0 (/opt/ros/humble/share/rosidl_default_generators/cmake)
[0.291s] -- Found ament_cmake_ros: 0.10.0 (/opt/ros/humble/share/ament_cmake_ros/cmake)
[0.519s] -- Using all available rosidl_typesupport_c: rosidl_typesupport_fastrtps_c;rosidl_typesupport_introspection_c
[0.614s] -- Using all available rosidl_typesupport_cpp: rosidl_typesupport_fastrtps_cpp;rosidl_typesupport_introspection_cpp
[0.630s] -- Found python_cmake_module: 0.10.0 (/opt/ros/humble/share/python_cmake_module/cmake)
[0.643s] -- Using PYTHON_EXECUTABLE: /usr/bin/python3
[0.643s] -- Using PYTHON_INCLUDE_DIRS: /usr/include/python3.10
[0.643s] -- Using PYTHON_LIBRARIES: /usr/lib/x86_64-linux-gnu/libpython3.10.so
[0.660s] -- Found ament_lint_auto: 0.12.11 (/opt/ros/humble/share/ament_lint_auto/cmake)
[0.663s] -- Found rclcpp: 16.0.11 (/opt/ros/humble/share/rclcpp/cmake)
[0.676s] -- Found rmw_implementation_cmake: 6.1.2 (/opt/ros/humble/share/rmw_implementation_cmake/cmake)
[0.677s] -- Found rmw_fastrtps_cpp: 6.2.7 (/opt/ros/humble/share/rmw_fastrtps_cpp/cmake)
[0.731s] -- Using RMW implementation 'rmw_fastrtps_cpp' as default
[0.751s] -- Found custom_msg: 0.0.0 (/home/matt/Documents/GitHub/Rover-Unity/ros2_ws/install/custom_msg/share/custom_msg/cmake)
[0.757s] [31mCMake Error at CMakeLists.txt:40 (install):
[0.757s]   install TARGETS given target "talker" which does not exist.
[0.757s] 
[0.757s] [0m
[0.759s] -- Added test 'flake8' to check Python code syntax and style conventions
[0.759s] -- Added test 'lint_cmake' to check CMake code style
[0.760s] -- Added test 'pep257' to check Python code against some of the docstring style conventions in PEP 257
[0.760s] -- Added test 'xmllint' to check XML markup files
[0.761s] -- Configuring incomplete, errors occurred!
[0.761s] See also "/home/matt/Documents/GitHub/Rover-Unity/ros2_ws/build/custom_msg/CMakeFiles/CMakeOutput.log".
[0.764s] gmake: *** [Makefile:1179: cmake_check_build_system] Error 1
[0.766s] Invoked command in '/home/matt/Documents/GitHub/Rover-Unity/ros2_ws/build/custom_msg' returned '2': CMAKE_PREFIX_PATH=/opt/ros/humble /usr/bin/cmake --build /home/matt/Documents/GitHub/Rover-Unity/ros2_ws/build/custom_msg -- -j20 -l20
