[0.140s] Invoking command in '/home/henry/Rover-Unity/ros2_ws/build/custom_msg': CMAKE_PREFIX_PATH=/opt/ros/humble /usr/bin/cmake /home/henry/Rover-Unity/ros2_ws/src/custom_msg -DCMAKE_INSTALL_PREFIX=/home/henry/Rover-Unity/ros2_ws/install/custom_msg
[0.147s] -- Found ament_cmake: 1.3.11 (/opt/ros/humble/share/ament_cmake/cmake)
[0.222s] -- Found geometry_msgs: 4.9.0 (/opt/ros/humble/share/geometry_msgs/cmake)
[0.236s] -- Found rosidl_generator_c: 3.1.6 (/opt/ros/humble/share/rosidl_generator_c/cmake)
[0.237s] -- Found rosidl_adapter: 3.1.6 (/opt/ros/humble/share/rosidl_adapter/cmake)
[0.241s] -- Found rosidl_generator_cpp: 3.1.6 (/opt/ros/humble/share/rosidl_generator_cpp/cmake)
[0.246s] -- Using all available rosidl_typesupport_c: rosidl_typesupport_fastrtps_c;rosidl_typesupport_introspection_c
[0.252s] -- Using all available rosidl_typesupport_cpp: rosidl_typesupport_fastrtps_cpp;rosidl_typesupport_introspection_cpp
[0.272s] -- Found rosidl_default_generators: 1.2.0 (/opt/ros/humble/share/rosidl_default_generators/cmake)
[0.447s] -- Found ament_cmake_ros: 0.10.0 (/opt/ros/humble/share/ament_cmake_ros/cmake)
[0.694s] -- Using all available rosidl_typesupport_c: rosidl_typesupport_fastrtps_c;rosidl_typesupport_introspection_c
[0.791s] -- Using all available rosidl_typesupport_cpp: rosidl_typesupport_fastrtps_cpp;rosidl_typesupport_introspection_cpp
[0.806s] -- Found python_cmake_module: 0.10.0 (/opt/ros/humble/share/python_cmake_module/cmake)
[0.820s] -- Using PYTHON_EXECUTABLE: /usr/bin/python3
[0.820s] -- Using PYTHON_INCLUDE_DIRS: /usr/include/python3.10
[0.820s] -- Using PYTHON_LIBRARIES: /usr/lib/x86_64-linux-gnu/libpython3.10.so
[0.841s] -- Found ament_lint_auto: 0.12.12 (/opt/ros/humble/share/ament_lint_auto/cmake)
[0.843s] -- Found rclcpp: 16.0.12 (/opt/ros/humble/share/rclcpp/cmake)
[0.858s] -- Found rmw_implementation_cmake: 6.1.2 (/opt/ros/humble/share/rmw_implementation_cmake/cmake)
[0.859s] -- Found rmw_fastrtps_cpp: 6.2.7 (/opt/ros/humble/share/rmw_fastrtps_cpp/cmake)
[0.917s] -- Using RMW implementation 'rmw_fastrtps_cpp' as default
[0.945s] [31mCMake Error at CMakeLists.txt:38 (find_package):
[0.945s]   By not providing "Findcustom_msg.cmake" in CMAKE_MODULE_PATH this project
[0.945s]   has asked CMake to find a package configuration file provided by
[0.945s]   "custom_msg", but CMake did not find one.
[0.945s] 
[0.946s]   Could not find a package configuration file provided by "custom_msg" with
[0.946s]   any of the following names:
[0.946s] 
[0.946s]     custom_msgConfig.cmake
[0.946s]     custom_msg-config.cmake
[0.946s] 
[0.946s]   Add the installation prefix of "custom_msg" to CMAKE_PREFIX_PATH or set
[0.946s]   "custom_msg_DIR" to a directory containing one of the above files.  If
[0.946s]   "custom_msg" provides a separate development package or SDK, be sure it has
[0.946s]   been installed.
[0.946s] 
[0.946s] [0m
[0.946s] -- Configuring incomplete, errors occurred!
[0.946s] See also "/home/henry/Rover-Unity/ros2_ws/build/custom_msg/CMakeFiles/CMakeOutput.log".
[0.951s] Invoked command in '/home/henry/Rover-Unity/ros2_ws/build/custom_msg' returned '1': CMAKE_PREFIX_PATH=/opt/ros/humble /usr/bin/cmake /home/henry/Rover-Unity/ros2_ws/src/custom_msg -DCMAKE_INSTALL_PREFIX=/home/henry/Rover-Unity/ros2_ws/install/custom_msg
