[0.456s] Invoking command in '/home/henry/Rover-Unity/ros2_ws/src/py_pubsub': PYTHONPATH=/home/henry/Rover-Unity/ros2_ws/build/py_pubsub/prefix_override:/usr/lib/python3/dist-packages/colcon_core/task/python/colcon_distutils_commands:/home/henry/Rover-Unity/ros2_ws/install/py_pubsub/lib/python3.10/site-packages:${PYTHONPATH} /usr/bin/python3 -W ignore:setup.py install is deprecated -W ignore:easy_install command is deprecated setup.py egg_info --egg-base ../../build/py_pubsub build --build-base /home/henry/Rover-Unity/ros2_ws/build/py_pubsub/build install --record /home/henry/Rover-Unity/ros2_ws/build/py_pubsub/install.log --single-version-externally-managed install_data
[0.586s] running egg_info
[0.586s] writing ../../build/py_pubsub/py_pubsub.egg-info/PKG-INFO
[0.586s] writing dependency_links to ../../build/py_pubsub/py_pubsub.egg-info/dependency_links.txt
[0.587s] writing entry points to ../../build/py_pubsub/py_pubsub.egg-info/entry_points.txt
[0.587s] writing requirements to ../../build/py_pubsub/py_pubsub.egg-info/requires.txt
[0.587s] writing top-level names to ../../build/py_pubsub/py_pubsub.egg-info/top_level.txt
[0.587s] reading manifest file '../../build/py_pubsub/py_pubsub.egg-info/SOURCES.txt'
[0.588s] writing manifest file '../../build/py_pubsub/py_pubsub.egg-info/SOURCES.txt'
[0.588s] running build
[0.588s] running build_py
[0.588s] copying py_pubsub/tcp_relay.py -> /home/henry/Rover-Unity/ros2_ws/build/py_pubsub/build/lib/py_pubsub
[0.588s] running install
[0.588s] running install_lib
[0.589s] copying /home/henry/Rover-Unity/ros2_ws/build/py_pubsub/build/lib/py_pubsub/tcp_relay.py -> /home/henry/Rover-Unity/ros2_ws/install/py_pubsub/lib/python3.10/site-packages/py_pubsub
[0.589s] byte-compiling /home/henry/Rover-Unity/ros2_ws/install/py_pubsub/lib/python3.10/site-packages/py_pubsub/tcp_relay.py to tcp_relay.cpython-310.pyc
[0.591s] running install_data
[0.591s] running install_egg_info
[0.592s] removing '/home/henry/Rover-Unity/ros2_ws/install/py_pubsub/lib/python3.10/site-packages/py_pubsub-0.0.0-py3.10.egg-info' (and everything under it)
[0.592s] Copying ../../build/py_pubsub/py_pubsub.egg-info to /home/henry/Rover-Unity/ros2_ws/install/py_pubsub/lib/python3.10/site-packages/py_pubsub-0.0.0-py3.10.egg-info
[0.593s] running install_scripts
[0.606s] Installing auton_controller script to /home/henry/Rover-Unity/ros2_ws/install/py_pubsub/lib/py_pubsub
[0.606s] Installing listener script to /home/henry/Rover-Unity/ros2_ws/install/py_pubsub/lib/py_pubsub
[0.606s] Installing simple_position script to /home/henry/Rover-Unity/ros2_ws/install/py_pubsub/lib/py_pubsub
[0.606s] Installing talker script to /home/henry/Rover-Unity/ros2_ws/install/py_pubsub/lib/py_pubsub
[0.606s] Installing tcp_relay script to /home/henry/Rover-Unity/ros2_ws/install/py_pubsub/lib/py_pubsub
[0.607s] Installing udp_relay script to /home/henry/Rover-Unity/ros2_ws/install/py_pubsub/lib/py_pubsub
[0.607s] writing list of installed files to '/home/henry/Rover-Unity/ros2_ws/build/py_pubsub/install.log'
[0.626s] Invoked command in '/home/henry/Rover-Unity/ros2_ws/src/py_pubsub' returned '0': PYTHONPATH=/home/henry/Rover-Unity/ros2_ws/build/py_pubsub/prefix_override:/usr/lib/python3/dist-packages/colcon_core/task/python/colcon_distutils_commands:/home/henry/Rover-Unity/ros2_ws/install/py_pubsub/lib/python3.10/site-packages:${PYTHONPATH} /usr/bin/python3 -W ignore:setup.py install is deprecated -W ignore:easy_install command is deprecated setup.py egg_info --egg-base ../../build/py_pubsub build --build-base /home/henry/Rover-Unity/ros2_ws/build/py_pubsub/build install --record /home/henry/Rover-Unity/ros2_ws/build/py_pubsub/install.log --single-version-externally-managed install_data
